<?xml version="1.0" encoding="utf-8"?>
<TestRun id="7d64718f-60cb-46cc-8217-028cdd273e10" name="german.cajas@DESKTOP-S4GE44J 2026-07-14 15:16:44" runUser="DGAC\german.cajas" xmlns="http://microsoft.com/schemas/VisualStudio/TeamTest/2010">
  <Times creation="2026-07-14T15:16:44.0724140-05:00" queuing="2026-07-14T15:16:44.0724140-05:00" start="2026-07-14T15:16:40.9394621-05:00" finish="2026-07-14T15:16:46.9506375-05:00" />
  <TestSettings name="default" id="961a56b0-767e-4efb-9f4f-1ebdcdd87457">
    <Deployment runDeploymentRoot="german.cajas_DESKTOP-S4GE44J_2026-07-14_15_16_44" />
  </TestSettings>
  <Results>
    <UnitTestResult executionId="07e91063-a68f-4af5-85ab-99ef713b7de3" testId="84f0f9fc-fd71-c2d4-a3c2-44dce01adef7" testName="EsTransicionPermitida_TransicionesValidas_DebeRetornarTrue (Aceptacion Documental,Pendiente Asignacion RT)" computerName="DESKTOP-S4GE44J" duration="00:00:00.0000084" startTime="2026-07-14T15:16:45.4674882-05:00" endTime="2026-07-14T15:16:45.4694989-05:00" testType="13cdc9d9-ddb5-4fa4-a97d-d965ccfc6d4b" outcome="Passed" testListId="8c84fa94-04c1-424b-9868-57a2d4851a1d" relativeResultsDirectory="07e91063-a68f-4af5-85ab-99ef713b7de3" />
    <UnitTestResult executionId="a9bbbc84-44db-47c4-8129-80e59c3e4ec4" testId="e05d4a0d-05df-4d45-46db-c44a4bab4935" testName="EsTransicionPermitida_TransicionesValidas_DebeRetornarTrue (Documentacion Completa,En Inspeccion)" computerName="DESKTOP-S4GE44J" duration="00:00:00.0000118" startTime="2026-07-14T15:16:45.4674882-05:00" endTime="2026-07-14T15:16:45.4674882-05:00" testType="13cdc9d9-ddb5-4fa4-a97d-d965ccfc6d4b" outcome="Passed" testListId="8c84fa94-04c1-424b-9868-57a2d4851a1d" relativeResultsDirectory="a9bbbc84-44db-47c4-8129-80e59c3e4ec4" />
    <UnitTestResult executionId="b2bf7fe3-e704-4c95-8d55-51c9c7fb7ca8" testId="9cfe1572-4966-1db1-7fe5-aa138c51b8ec" testName="Insertar_DebeGenerarIdYGuardarCorrectamente" computerName="DESKTOP-S4GE44J" duration="00:00:00.0343693" startTime="2026-07-14T15:16:43.2057502-05:00" endTime="2026-07-14T15:16:43.2390723-05:00" testType="13cdc9d9-ddb5-4fa4-a97d-d965ccfc6d4b" outcome="Passed" testListId="8c84fa94-04c1-424b-9868-57a2d4851a1d" relativeResultsDirectory="b2bf7fe3-e704-4c95-8d55-51c9c7fb7ca8" />
    <UnitTestResult executionId="f1f3753c-3949-4b53-8b3d-a7faf1fb2d90" testId="c64cec07-b414-1552-1e37-4f434de34bdf" testName="InspectorConfirmoCierreDocumental_ConEstadoDocumentalEnRevision_DebeSerTrue" computerName="DESKTOP-S4GE44J" duration="00:00:00.0001154" startTime="2026-07-14T15:16:46.7886067-05:00" endTime="2026-07-14T15:16:46.7886067-05:00" testType="13cdc9d9-ddb5-4fa4-a97d-d965ccfc6d4b" outcome="Passed" testListId="8c84fa94-04c1-424b-9868-57a2d4851a1d" relativeResultsDirectory="f1f3753c-3949-4b53-8b3d-a7faf1fb2d90" />
    <UnitTestResult executionId="519eea09-a1e9-41e2-91fd-ac0bc63dd467" testId="0b9d30fe-6c97-a261-a6ab-eee9f37e6893" testName="DescargaAceptacionDocumentalRt_NoDebeCerrarTramiteComoFinalizado" computerName="DESKTOP-S4GE44J" duration="00:00:00.0016312" startTime="2026-07-14T15:16:45.5134820-05:00" endTime="2026-07-14T15:16:45.5134820-05:00" testType="13cdc9d9-ddb5-4fa4-a97d-d965ccfc6d4b" outcome="Passed" testListId="8c84fa94-04c1-424b-9868-57a2d4851a1d" relativeResultsDirectory="519eea09-a1e9-41e2-91fd-ac0bc63dd467" />
    <UnitTestResult executionId="c7aa71fc-daf3-4b19-ac7c-578675af0d5b" testId="e4cb36bd-f93d-c4a9-fda2-5aeada9eecd9" testName="ValidarFecha_Futura_Invalida" computerName="DESKTOP-S4GE44J" duration="00:00:00.0001721" startTime="2026-07-14T15:16:45.2992810-05:00" endTime="2026-07-14T15:16:45.2992810-05:00" testType="13cdc9d9-ddb5-4fa4-a97d-d965ccfc6d4b" outcome="Passed" testListId="8c84fa94-04c1-424b-9868-57a2d4851a1d" relativeResultsDirectory="c7aa71fc-daf3-4b19-ac7c-578675af0d5b" />
    <UnitTestResult executionId="5c344a51-5002-4fcb-ae65-bd532b1920aa" testId="6d0b85d9-49c7-d679-5b96-d17a0df938d1" testName="EsTransicionPermitida_EstadosLegacyNormalizados_DebeRetornarTrue (ENVIADO_A_JEFATURA,AOCR_Validado)" computerName="DESKTOP-S4GE44J" duration="00:00:00.0002874" startTime="2026-07-14T15:16:45.4764393-05:00" endTime="2026-07-14T15:16:45.4764393-05:00" testType="13cdc9d9-ddb5-4fa4-a97d-d965ccfc6d4b" outcome="Passed" testListId="8c84fa94-04c1-424b-9868-57a2d4851a1d" relativeResultsDirectory="5c344a51-5002-4fcb-ae65-bd532b1920aa" />
    <UnitTestResult executionId="057611fa-3299-4071-a38c-3d93a24d39d7" testId="f6ae3fd7-f021-7f52-056c-4f9d75a6ca15" testName="CoordinacionJefatura_DigitalSignatureBootstrap_ShouldRequireInstitutionalRoles" computerName="DESKTOP-S4GE44J" duration="00:00:00.0011597" startTime="2026-07-14T15:16:45.2373291-05:00" endTime="2026-07-14T15:16:45.2373291-05:00" testType="13cdc9d9-ddb5-4fa4-a97d-d965ccfc6d4b" outcome="Passed" testListId="8c84fa94-04c1-424b-9868-57a2d4851a1d" relativeResultsDirectory="057611fa-3299-4071-a38c-3d93a24d39d7" />
    <UnitTestResult executionId="38fc65bb-36f7-484b-bd10-65194f597426" testId="8d1ed261-4f87-53ea-2379-988266618ae1" testName="GateE_Rt_CambiarEstadoInspeccion_DebeDenegar" computerName="DESKTOP-S4GE44J" duration="00:00:00.0014292" startTime="2026-07-14T15:16:46.7871082-05:00" endTime="2026-07-14T15:16:46.7886067-05:00" testType="13cdc9d9-ddb5-4fa4-a97d-d965ccfc6d4b" outcome="Failed" testListId="8c84fa94-04c1-424b-9868-57a2d4851a1d" relativeResultsDirectory="38fc65bb-36f7-484b-bd10-65194f597426">
      <Output>
        <ErrorInfo>
          <Message>Excepción método de prueba AOCR.Tests.Unit.GateEAuthorizationTests.GateE_Rt_CambiarEstadoInspeccion_DebeDenegar: &#xD;
System.InvalidOperationException: Servidor AS400 no configurado.</Message>
          <StackTrace>    en CapaDatos.Infrastructure.AS400BaseDAO.BuildConnectionString(AS400Credentials creds) en C:\proyectos\AOCR\CapaDatos\Infrastructure\AS400BaseDAO.cs:línea 83&#xD;
   en CapaDatos.Infrastructure.AS400BaseDAO..ctor(ISecureConfigurationService configService, Int32 commandTimeout) en C:\proyectos\AOCR\CapaDatos\Infrastructure\AS400BaseDAO.cs:línea 47&#xD;
   en CapaDatos.DAOs.UsuarioAS400DAO..ctor(ISecureConfigurationService configService) en C:\proyectos\AOCR\CapaDatos\DAOs\UsuarioAS400DAO.cs:línea 21&#xD;
   en CapaNegocio.SolicitudAocrInfraBL..ctor() en C:\proyectos\AOCR\CapaNegocio\SolicitudAocrInfraBL.cs:línea 27&#xD;
   en CapaNegocio.Services.RevisionDocumentalService..ctor() en C:\proyectos\AOCR\CapaNegocio\Services\RevisionDocumentalService.cs:línea 65&#xD;
   en CapaNegocio.Services.AocrAuthorizationService..ctor() en C:\proyectos\AOCR\CapaNegocio\Services\AocrAuthorizationService.cs:línea 187&#xD;
   en AOCR.Tests.Unit.GateEAuthorizationTests.GateE_Rt_CambiarEstadoInspeccion_DebeDenegar() en C:\proyectos\AOCR\AOCR.Tests\Unit\GateEAuthorizationTests.cs:línea 168&#xD;
</StackTrace>
        </ErrorInfo>
      </Output>
    </UnitTestResult>
    <UnitTestResult executionId="cc97c08c-aa3f-4ed7-b72d-cfcf1fa355a8" testId="7bd7af4a-153d-2e84-a472-40985dfa24a4" testName="Matriz_TransicionesInvalidas_DebeBloquear (Generado Condiciones y Limitaciones,Firmado DCAV)" computerName="DESKTOP-S4GE44J" duration="00:00:00.0000080" startTime="2026-07-14T15:16:45.4153053-05:00" endTime="2026-07-14T15:16:45.4153053-05:00" testType="13cdc9d9-ddb5-4fa4-a97d-d965ccfc6d4b" outcome="Passed" testListId="8c84fa94-04c1-424b-9868-57a2d4851a1d" relativeResultsDirectory="cc97c08c-aa3f-4ed7-b72d-cfcf1fa355a8" />
    <UnitTestResult executionId="467d9b60-b4ad-49e9-8476-44b27a170b71" testId="95e10363-758b-b0ba-8ce9-3bf975d1ba94" testName="CierreEsBloqueadoPorNoConformidadesVigentes" computerName="DESKTOP-S4GE44J" duration="00:00:00.0002532" startTime="2026-07-14T15:16:46.7703757-05:00" endTime="2026-07-14T15:16:46.7703757-05:00" testType="13cdc9d9-ddb5-4fa4-a97d-d965ccfc6d4b" outcome="Passed" testListId="8c84fa94-04c1-424b-9868-57a2d4851a1d" relativeResultsDirectory="467d9b60-b4ad-49e9-8476-44b27a170b71" />
    <UnitTestResult executionId="f8a9c335-4ae2-44cc-a2a3-ec44c59f2b54" testId="e5a43bfc-f34b-653c-c011-ccdffb4b60be" testName="Matriz_TransicionesInvalidas_DebeBloquear (AOCR En Elaboracion,AOCR Emitido/Recibido)" computerName="DESKTOP-S4GE44J" duration="00:00:00.0000073" startTime="2026-07-14T15:16:45.4153053-05:00" endTime="2026-07-14T15:16:45.4173164-05:00" testType="13cdc9d9-ddb5-4fa4-a97d-d965ccfc6d4b" outcome="Passed" testListId="8c84fa94-04c1-424b-9868-57a2d4851a1d" relativeResultsDirectory="f8a9c335-4ae2-44cc-a2a3-ec44c59f2b54" />
    <UnitTestResult executionId="4ca9310f-99ad-473d-aab2-93699a6b7074" testId="3571b916-2103-d541-e0fd-a0f64ee224a6" testName="EsTransicionPermitida_TransicionesValidas_DebeRetornarTrue (AOCR Legalizado,AOCR Emitido/Recibido)" computerName="DESKTOP-S4GE44J" duration="00:00:00.0000102" startTime="2026-07-14T15:16:45.4736157-05:00" endTime="2026-07-14T15:16:45.4736157-05:00" testType="13cdc9d9-ddb5-4fa4-a97d-d965ccfc6d4b" outcome="Passed" testListId="8c84fa94-04c1-424b-9868-57a2d4851a1d" relativeResultsDirectory="4ca9310f-99ad-473d-aab2-93699a6b7074" />
    <UnitTestResult executionId="a0feb8c9-7343-4d4b-8e04-130056a608db" testId="4d2a2ae8-d53e-60ea-b008-7f0dcdef2e7e" testName="Matriz_NormalizacionLegacy_DebeMapearYValidar" computerName="DESKTOP-S4GE44J" duration="00:00:00.0003919" startTime="2026-07-14T15:16:45.4173164-05:00" endTime="2026-07-14T15:16:45.4173164-05:00" testType="13cdc9d9-ddb5-4fa4-a97d-d965ccfc6d4b" outcome="Passed" testListId="8c84fa94-04c1-424b-9868-57a2d4851a1d" relativeResultsDirectory="a0feb8c9-7343-4d4b-8e04-130056a608db" />
    <UnitTestResult executionId="b35c2186-acc3-4c47-b8f5-1768b94cfc0d" testId="181aab31-b3c8-b35d-da1e-50c233600bad" testName="EstadoCentralDcav_EstaDefinido" computerName="DESKTOP-S4GE44J" duration="00:00:00.0004774" startTime="2026-07-14T15:16:46.7546134-05:00" endTime="2026-07-14T15:16:46.7546134-05:00" testType="13cdc9d9-ddb5-4fa4-a97d-d965ccfc6d4b" outcome="Passed" testListId="8c84fa94-04c1-424b-9868-57a2d4851a1d" relativeResultsDirectory="b35c2186-acc3-4c47-b8f5-1768b94cfc0d" />
    <UnitTestResult executionId="1223e0d0-5d5f-4bc5-8fc5-be42be4aff87" testId="65dbc140-2912-3dcd-a042-3ad59339c800" testName="EsPendienteGestion_EnRevisionFinancieraConComprobante_DebeSerTrue" computerName="DESKTOP-S4GE44J" duration="00:00:00.0015630" startTime="2026-07-14T15:16:46.7386442-05:00" endTime="2026-07-14T15:16:46.7386442-05:00" testType="13cdc9d9-ddb5-4fa4-a97d-d965ccfc6d4b" outcome="Passed" testListId="8c84fa94-04c1-424b-9868-57a2d4851a1d" relativeResultsDirectory="1223e0d0-5d5f-4bc5-8fc5-be42be4aff87" />
    <UnitTestResult executionId="a1c977de-39f6-4e7e-ab83-a10414fcc4a1" testId="7136a843-d262-f89f-e797-cf1e576c9739" testName="ValidarOPrepararEstadoPersistencia_MapeaPagoAprobadoLegacyAAprobado" computerName="DESKTOP-S4GE44J" duration="00:00:00.0003268" startTime="2026-07-14T15:16:46.7546134-05:00" endTime="2026-07-14T15:16:46.7546134-05:00" testType="13cdc9d9-ddb5-4fa4-a97d-d965ccfc6d4b" outcome="Passed" testListId="8c84fa94-04c1-424b-9868-57a2d4851a1d" relativeResultsDirectory="a1c977de-39f6-4e7e-ab83-a10414fcc4a1" />
    <UnitTestResult executionId="0b975067-cd21-4f07-99a8-0d1633526722" testId="4a1e8703-c314-b846-8b7a-65b5c6956de2" testName="DireccionAprobar_ShouldContinueSyncingSolicitudAocrAfterFinalDecision" computerName="DESKTOP-S4GE44J" duration="00:00:00.0019585" startTime="2026-07-14T15:16:45.5222128-05:00" endTime="2026-07-14T15:16:45.5222128-05:00" testType="13cdc9d9-ddb5-4fa4-a97d-d965ccfc6d4b" outcome="Passed" testListId="8c84fa94-04c1-424b-9868-57a2d4851a1d" relativeResultsDirectory="0b975067-cd21-4f07-99a8-0d1633526722" />
    <UnitTestResult executionId="f492ebe6-87c3-46d7-b0d8-72febe701fb5" testId="84fc64fa-bc10-9d15-f934-3e4856c7d3ea" testName="Rt_ValidaPropiedadEstadoTamanoFirmaPdfYAlmacenaFueraDePublico" computerName="DESKTOP-S4GE44J" duration="00:00:00.0006476" startTime="2026-07-14T15:16:46.7719760-05:00" endTime="2026-07-14T15:16:46.7719760-05:00" testType="13cdc9d9-ddb5-4fa4-a97d-d965ccfc6d4b" outcome="Passed" testListId="8c84fa94-04c1-424b-9868-57a2d4851a1d" relativeResultsDirectory="f492ebe6-87c3-46d7-b0d8-72febe701fb5" />
    <UnitTestResult executionId="01560bde-1c64-42a6-ae66-b54eca0994a8" testId="5a8bbc77-3f09-0b0d-229a-b9c6288689de" testName="RequirePermission_ShouldResolveRolesFromSessionAndUnifiedRoleGrouping" computerName="DESKTOP-S4GE44J" duration="00:00:00.0005763" startTime="2026-07-14T15:16:45.5222128-05:00" endTime="2026-07-14T15:16:45.5222128-05:00" testType="13cdc9d9-ddb5-4fa4-a97d-d965ccfc6d4b" outcome="Passed" testListId="8c84fa94-04c1-424b-9868-57a2d4851a1d" relativeResultsDirectory="01560bde-1c64-42a6-ae66-b54eca0994a8" />
    <UnitTestResult executionId="9ff834b6-98a8-48c5-9b2b-e3baa69cd060" testId="cf36397f-4a47-f911-2e24-b08aab8628b5" testName="EstadoPermiteAsignacionInicial_NoDebeIncluirEstadosCerrados (ANULADA)" computerName="DESKTOP-S4GE44J" duration="00:00:00.0000171" startTime="2026-07-14T15:16:45.4566669-05:00" endTime="2026-07-14T15:16:45.4566669-05:00" testType="13cdc9d9-ddb5-4fa4-a97d-d965ccfc6d4b" outcome="Passed" testListId="8c84fa94-04c1-424b-9868-57a2d4851a1d" relativeResultsDirectory="9ff834b6-98a8-48c5-9b2b-e3baa69cd060" />
    <UnitTestResult executionId="97b9a68d-3bac-4fb3-b4b8-d7b0f97cfcd9" testId="088ee622-f26e-ffb7-9bc5-a88d7496faae" testName="ValidarOPrepararEstadoPersistencia_RechazaEstadoAs400" computerName="DESKTOP-S4GE44J" duration="00:00:00.0010873" startTime="2026-07-14T15:16:46.7546134-05:00" endTime="2026-07-14T15:16:46.7546134-05:00" testType="13cdc9d9-ddb5-4fa4-a97d-d965ccfc6d4b" outcome="Passed" testListId="8c84fa94-04c1-424b-9868-57a2d4851a1d" relativeResultsDirectory="97b9a68d-3bac-4fb3-b4b8-d7b0f97cfcd9" />
    <UnitTestResult executionId="dd731d81-b70c-422b-883c-d5379466c1a8" testId="85ab1dac-d7cf-9cf5-c392-49272ac40b1a" testName="ObtenerOrden_IdInexistente_RetornaNull" computerName="DESKTOP-S4GE44J" duration="00:00:00.0008992" startTime="2026-07-14T15:16:45.2992810-05:00" endTime="2026-07-14T15:16:45.2992810-05:00" testType="13cdc9d9-ddb5-4fa4-a97d-d965ccfc6d4b" outcome="Passed" testListId="8c84fa94-04c1-424b-9868-57a2d4851a1d" relativeResultsDirectory="dd731d81-b70c-422b-883c-d5379466c1a8" />
    <UnitTestResult executionId="ea733a5f-8fa7-4f77-b2c0-afe3138aa651" testId="f20c9cd6-ae7c-8975-b1de-b942a6946d8a" testName="GeneracionAocrService_ShouldNotDependOnFinancialApprovalToEnableInstitutionalGeneration" computerName="DESKTOP-S4GE44J" duration="00:00:00.0005409" startTime="2026-07-14T15:16:45.2556119-05:00" endTime="2026-07-14T15:16:45.2556119-05:00" testType="13cdc9d9-ddb5-4fa4-a97d-d965ccfc6d4b" outcome="Passed" testListId="8c84fa94-04c1-424b-9868-57a2d4851a1d" relativeResultsDirectory="ea733a5f-8fa7-4f77-b2c0-afe3138aa651" />
    <UnitTestResult executionId="bc0ae2af-8b45-4c4d-96d4-6739ba1949f2" testId="e5f7d8c9-f987-cea3-df95-8763e12b3ef2" testName="RequiereRecaudacionFinalizadaParaAsignacion_EnRevisionCoordinador_DebeSerFalse" computerName="DESKTOP-S4GE44J" duration="00:00:00.0027192" startTime="2026-07-14T15:16:45.4327386-05:00" endTime="2026-07-14T15:16:45.4347469-05:00" testType="13cdc9d9-ddb5-4fa4-a97d-d965ccfc6d4b" outcome="Passed" testListId="8c84fa94-04c1-424b-9868-57a2d4851a1d" relativeResultsDirectory="bc0ae2af-8b45-4c4d-96d4-6739ba1949f2" />
    <UnitTestResult executionId="03783dd0-0794-43d0-a8bd-2c92ba6b0bbd" testId="e3935b22-dbc5-7bf4-99d7-65154507c1d8" testName="Adm1_Direccion_CargarDocumentosComoRt_DebeDenegar" computerName="DESKTOP-S4GE44J" duration="00:00:00.0008445" startTime="2026-07-14T15:16:46.7719760-05:00" endTime="2026-07-14T15:16:46.7719760-05:00" testType="13cdc9d9-ddb5-4fa4-a97d-d965ccfc6d4b" outcome="Failed" testListId="8c84fa94-04c1-424b-9868-57a2d4851a1d" relativeResultsDirectory="03783dd0-0794-43d0-a8bd-2c92ba6b0bbd">
      <Output>
        <ErrorInfo>
          <Message>Excepción método de prueba AOCR.Tests.Unit.GateEAuthorizationTests.Adm1_Direccion_CargarDocumentosComoRt_DebeDenegar: &#xD;
System.InvalidOperationException: Servidor AS400 no configurado.</Message>
          <StackTrace>    en CapaDatos.Infrastructure.AS400BaseDAO.BuildConnectionString(AS400Credentials creds) en C:\proyectos\AOCR\CapaDatos\Infrastructure\AS400BaseDAO.cs:línea 83&#xD;
   en CapaDatos.Infrastructure.AS400BaseDAO..ctor(ISecureConfigurationService configService, Int32 commandTimeout) en C:\proyectos\AOCR\CapaDatos\Infrastructure\AS400BaseDAO.cs:línea 47&#xD;
   en CapaDatos.DAOs.UsuarioAS400DAO..ctor(ISecureConfigurationService configService) en C:\proyectos\AOCR\CapaDatos\DAOs\UsuarioAS400DAO.cs:línea 21&#xD;
   en CapaNegocio.SolicitudAocrInfraBL..ctor() en C:\proyectos\AOCR\CapaNegocio\SolicitudAocrInfraBL.cs:línea 27&#xD;
   en CapaNegocio.Services.RevisionDocumentalService..ctor() en C:\proyectos\AOCR\CapaNegocio\Services\RevisionDocumentalService.cs:línea 65&#xD;
   en CapaNegocio.Services.AocrAuthorizationService..ctor() en C:\proyectos\AOCR\CapaNegocio\Services\AocrAuthorizationService.cs:línea 187&#xD;
   en AOCR.Tests.Unit.GateEAuthorizationTests.Adm1_Direccion_CargarDocumentosComoRt_DebeDenegar() en C:\proyectos\AOCR\AOCR.Tests\Unit\GateEAuthorizationTests.cs:línea 113&#xD;
</StackTrace>
        </ErrorInfo>
      </Output>
    </UnitTestResult>
    <UnitTestResult executionId="80f63b3b-bb1f-4181-bf7b-8be949b421bf" testId="2bb8e568-0ad5-039f-021c-fa5b556cba09" testName="DescargarCondiciones_NoFinalizaComoEfectoSecundario" computerName="DESKTOP-S4GE44J" duration="00:00:00.0020670" startTime="2026-07-14T15:16:46.7703757-05:00" endTime="2026-07-14T15:16:46.7719760-05:00" testType="13cdc9d9-ddb5-4fa4-a97d-d965ccfc6d4b" outcome="Passed" testListId="8c84fa94-04c1-424b-9868-57a2d4851a1d" relativeResultsDirectory="80f63b3b-bb1f-4181-bf7b-8be949b421bf" />
    <UnitTestResult executionId="5d4b2f9e-41e0-42ff-9e81-b01dbbb757a5" testId="cf5fb368-8128-7466-4d2e-d53ee9acb6cc" testName="EstadoDocumentoInstitucional_NormalizaLegacyAInstitucional" computerName="DESKTOP-S4GE44J" duration="00:00:00.0007095" startTime="2026-07-14T15:16:45.7887332-05:00" endTime="2026-07-14T15:16:45.7898289-05:00" testType="13cdc9d9-ddb5-4fa4-a97d-d965ccfc6d4b" outcome="Failed" testListId="8c84fa94-04c1-424b-9868-57a2d4851a1d" relativeResultsDirectory="5d4b2f9e-41e0-42ff-9e81-b01dbbb757a5">
      <Output>
        <ErrorInfo>
          <Message>No se puede crear una instancia de la clase AOCR.Tests.Unit.DocumentoSubsanacionTests. Error: System.InvalidOperationException: Servidor AS400 no configurado..</Message>
          <StackTrace>    en CapaDatos.Infrastructure.AS400BaseDAO.BuildConnectionString(AS400Credentials creds) en C:\proyectos\AOCR\CapaDatos\Infrastructure\AS400BaseDAO.cs:línea 83&#xD;
   en CapaDatos.Infrastructure.AS400BaseDAO..ctor(ISecureConfigurationService configService, Int32 commandTimeout) en C:\proyectos\AOCR\CapaDatos\Infrastructure\AS400BaseDAO.cs:línea 47&#xD;
   en CapaDatos.DAOs.UsuarioAS400DAO..ctor(ISecureConfigurationService configService) en C:\proyectos\AOCR\CapaDatos\DAOs\UsuarioAS400DAO.cs:línea 21&#xD;
   en CapaNegocio.SolicitudAocrInfraBL..ctor() en C:\proyectos\AOCR\CapaNegocio\SolicitudAocrInfraBL.cs:línea 27&#xD;
   en CapaNegocio.Services.RevisionDocumentalService..ctor() en C:\proyectos\AOCR\CapaNegocio\Services\RevisionDocumentalService.cs:línea 65&#xD;
   en CapaNegocio.Services.DocumentoSubsanacionService..ctor() en C:\proyectos\AOCR\CapaNegocio\Services\DocumentoSubsanacionService.cs:línea 32&#xD;
   en AOCR.Tests.Unit.DocumentoSubsanacionTests..ctor() en C:\proyectos\AOCR\AOCR.Tests\Unit\DocumentoSubsanacionTests.cs:línea 15&#xD;
</StackTrace>
        </ErrorInfo>
      </Output>
    </UnitTestResult>
    <UnitTestResult executionId="5b04f3b5-8316-4671-bdbf-40bd4386940a" testId="87153650-0b4b-e7dd-edb3-d7d29f8f1e7e" testName="EncolarCorreo_SinDestinatario_Falla" computerName="DESKTOP-S4GE44J" duration="00:00:00.0000726" startTime="2026-07-14T15:16:45.2992810-05:00" endTime="2026-07-14T15:16:45.2992810-05:00" testType="13cdc9d9-ddb5-4fa4-a97d-d965ccfc6d4b" outcome="Passed" testListId="8c84fa94-04c1-424b-9868-57a2d4851a1d" relativeResultsDirectory="5b04f3b5-8316-4671-bdbf-40bd4386940a" />
    <UnitTestResult executionId="1d70f656-1fb4-407e-95b9-010a1aada152" testId="c7f9e9b9-796d-b22e-751d-cf94b8d57496" testName="ResolverEstadoOrdenPostAprobacion_RetornaCompletadaPermitidaEnBd" computerName="DESKTOP-S4GE44J" duration="00:00:00.0004846" startTime="2026-07-14T15:16:46.7546134-05:00" endTime="2026-07-14T15:16:46.7546134-05:00" testType="13cdc9d9-ddb5-4fa4-a97d-d965ccfc6d4b" outcome="Passed" testListId="8c84fa94-04c1-424b-9868-57a2d4851a1d" relativeResultsDirectory="1d70f656-1fb4-407e-95b9-010a1aada152" />
    <UnitTestResult executionId="93f52688-57ea-4bee-bde0-83d9ef374ebf" testId="da94344e-fd89-4282-f44f-5921f106b84a" testName="Matriz_TransicionesInvalidas_DebeBloquear (Enviado DCAV,Finalizado)" computerName="DESKTOP-S4GE44J" duration="00:00:00.0000068" startTime="2026-07-14T15:16:45.4153053-05:00" endTime="2026-07-14T15:16:45.4153053-05:00" testType="13cdc9d9-ddb5-4fa4-a97d-d965ccfc6d4b" outcome="Passed" testListId="8c84fa94-04c1-424b-9868-57a2d4851a1d" relativeResultsDirectory="93f52688-57ea-4bee-bde0-83d9ef374ebf" />
    <UnitTestResult executionId="30a5b9dc-1822-48cf-b83e-c93168aac213" testId="10fe6006-2ece-b512-4c69-1105b1f66714" testName="Gate1_EsquemaReal_TieneRelacionesRestriccionesEIndices" computerName="DESKTOP-S4GE44J" duration="00:00:00.0217618" startTime="2026-07-14T15:16:43.4777865-05:00" endTime="2026-07-14T15:16:43.5067659-05:00" testType="13cdc9d9-ddb5-4fa4-a97d-d965ccfc6d4b" outcome="Passed" testListId="8c84fa94-04c1-424b-9868-57a2d4851a1d" relativeResultsDirectory="30a5b9dc-1822-48cf-b83e-c93168aac213" />
    <UnitTestResult executionId="669d9a86-de89-47c0-90aa-235b7ef96a62" testId="385feb60-b8b9-f9f9-7d31-6dd659d709fb" testName="Matriz_NormalizacionEstadosModificacion_DebeMapearEstadosCanonicos (DOCUMENTACION_ACEPTADA,Aceptacion Documental)" computerName="DESKTOP-S4GE44J" duration="00:00:00.0002903" startTime="2026-07-14T15:16:45.4173164-05:00" endTime="2026-07-14T15:16:45.4173164-05:00" testType="13cdc9d9-ddb5-4fa4-a97d-d965ccfc6d4b" outcome="Passed" testListId="8c84fa94-04c1-424b-9868-57a2d4851a1d" relativeResultsDirectory="669d9a86-de89-47c0-90aa-235b7ef96a62" />
    <UnitTestResult executionId="7ba361b4-e1ef-4a87-9d88-37a2ffaf23cd" testId="8af81e3a-46b1-0da7-974d-85b231bc01b4" testName="DataAccessActiveDaos_ShouldNotDependOnSimplifiedRoleConstants" computerName="DESKTOP-S4GE44J" duration="00:00:00.0112098" startTime="2026-07-14T15:16:45.7212600-05:00" endTime="2026-07-14T15:16:45.7241669-05:00" testType="13cdc9d9-ddb5-4fa4-a97d-d965ccfc6d4b" outcome="Passed" testListId="8c84fa94-04c1-424b-9868-57a2d4851a1d" relativeResultsDirectory="7ba361b4-e1ef-4a87-9d88-37a2ffaf23cd" />
    <UnitTestResult executionId="b991a776-df7d-46bb-b658-05410a4dad90" testId="e6915860-180f-8642-ba45-4951c8f63065" testName="PrepararRequiereInspeccion_ConNuevoAeropuerto_DebeExigirCierreInstitucional" computerName="DESKTOP-S4GE44J" duration="00:00:00.0004286" startTime="2026-07-14T15:16:46.7386442-05:00" endTime="2026-07-14T15:16:46.7386442-05:00" testType="13cdc9d9-ddb5-4fa4-a97d-d965ccfc6d4b" outcome="Passed" testListId="8c84fa94-04c1-424b-9868-57a2d4851a1d" relativeResultsDirectory="b991a776-df7d-46bb-b658-05410a4dad90" />
    <UnitTestResult executionId="11634a06-fb64-4323-9e40-4176c71b96b6" testId="7e3c4e98-371f-a389-e924-7ab3e3301f6a" testName="ResolverEstadoPagoPostAprobacion_RetornaAprobadoPermitidoEnBd" computerName="DESKTOP-S4GE44J" duration="00:00:00.0009435" startTime="2026-07-14T15:16:46.7386442-05:00" endTime="2026-07-14T15:16:46.7546134-05:00" testType="13cdc9d9-ddb5-4fa4-a97d-d965ccfc6d4b" outcome="Passed" testListId="8c84fa94-04c1-424b-9868-57a2d4851a1d" relativeResultsDirectory="11634a06-fb64-4323-9e40-4176c71b96b6" />
    <UnitTestResult executionId="b4d675b9-ba95-4e98-ab47-834890a9431e" testId="bcef1e30-46be-0c70-d1b0-74ad01b425af" testName="BusinessNotificationServices_ShouldNotDependOnSimplifiedRoleConstants" computerName="DESKTOP-S4GE44J" duration="00:00:00.0083474" startTime="2026-07-14T15:16:45.7054795-05:00" endTime="2026-07-14T15:16:45.7212600-05:00" testType="13cdc9d9-ddb5-4fa4-a97d-d965ccfc6d4b" outcome="Passed" testListId="8c84fa94-04c1-424b-9868-57a2d4851a1d" relativeResultsDirectory="b4d675b9-ba95-4e98-ab47-834890a9431e" />
    <UnitTestResult executionId="a6e8adcf-227b-4737-bdec-3c7020fd4bf1" testId="6d947434-8a75-d738-5dc4-3c165cc62a95" testName="RevisionDocumental_ShouldKeepCurrentStateRoutingContracts" computerName="DESKTOP-S4GE44J" duration="00:00:00.0030871" startTime="2026-07-14T15:16:45.4764393-05:00" endTime="2026-07-14T15:16:45.4764393-05:00" testType="13cdc9d9-ddb5-4fa4-a97d-d965ccfc6d4b" outcome="Passed" testListId="8c84fa94-04c1-424b-9868-57a2d4851a1d" relativeResultsDirectory="a6e8adcf-227b-4737-bdec-3c7020fd4bf1" />
    <UnitTestResult executionId="b25e8f6e-f34a-4849-bce5-e49ec934bafc" testId="b2a20e12-fde6-ec3c-bd36-a6896401b109" testName="DebeMostrarAccionInspeccion_SinConfirmacionInspector_DebeSerFalse" computerName="DESKTOP-S4GE44J" duration="00:00:00.0005202" startTime="2026-07-14T15:16:46.7886067-05:00" endTime="2026-07-14T15:16:46.7886067-05:00" testType="13cdc9d9-ddb5-4fa4-a97d-d965ccfc6d4b" outcome="Passed" testListId="8c84fa94-04c1-424b-9868-57a2d4851a1d" relativeResultsDirectory="b25e8f6e-f34a-4849-bce5-e49ec934bafc" />
    <UnitTestResult executionId="90de88a2-3939-4ecd-8146-36ca90676f30" testId="b67aba5e-05cd-41ef-0b21-a00204b45ba3" testName="SolicitudEstadoTransition_ShouldPreserveInternalNotificationsAndSpecificWorkflowDispatch" computerName="DESKTOP-S4GE44J" duration="00:00:00.0003437" startTime="2026-07-14T15:16:45.4764393-05:00" endTime="2026-07-14T15:16:45.4764393-05:00" testType="13cdc9d9-ddb5-4fa4-a97d-d965ccfc6d4b" outcome="Passed" testListId="8c84fa94-04c1-424b-9868-57a2d4851a1d" relativeResultsDirectory="90de88a2-3939-4ecd-8146-36ca90676f30" />
    <UnitTestResult executionId="ffa3d743-202d-4945-8ec5-b7f4d25a2287" testId="1a0e3478-9b2b-317e-4399-027fd0c6c323" testName="Gate2_EsquemaReal_TieneVinculoVersionadoNc" computerName="DESKTOP-S4GE44J" duration="00:00:00.2217264" startTime="2026-07-14T15:16:43.7402138-05:00" endTime="2026-07-14T15:16:43.9715014-05:00" testType="13cdc9d9-ddb5-4fa4-a97d-d965ccfc6d4b" outcome="Passed" testListId="8c84fa94-04c1-424b-9868-57a2d4851a1d" relativeResultsDirectory="ffa3d743-202d-4945-8ec5-b7f4d25a2287" />
    <UnitTestResult executionId="0438c1db-b349-41a2-a156-0070557a0f66" testId="54d21633-0b84-b30d-2f09-4f2661680474" testName="EsEstadoEditable_DebePermitirSoloEstadosReprocesables (EN_REVISION_COORDINADOR,False)" computerName="DESKTOP-S4GE44J" duration="00:00:00.0000034" startTime="2026-07-14T15:16:46.8053364-05:00" endTime="2026-07-14T15:16:46.8053364-05:00" testType="13cdc9d9-ddb5-4fa4-a97d-d965ccfc6d4b" outcome="Passed" testListId="8c84fa94-04c1-424b-9868-57a2d4851a1d" relativeResultsDirectory="0438c1db-b349-41a2-a156-0070557a0f66" />
    <UnitTestResult executionId="b71993db-e274-4d38-b941-7171e2e7c3a6" testId="6f81574e-136a-66d4-6a01-38ca2c6dd3bc" testName="Matriz_TransicionesValidas_DebePermitir (Pendiente Asignacion RT,En Inspeccion)" computerName="DESKTOP-S4GE44J" duration="00:00:00.0000050" startTime="2026-07-14T15:16:45.3993576-05:00" endTime="2026-07-14T15:16:45.3993576-05:00" testType="13cdc9d9-ddb5-4fa4-a97d-d965ccfc6d4b" outcome="Passed" testListId="8c84fa94-04c1-424b-9868-57a2d4851a1d" relativeResultsDirectory="b71993db-e274-4d38-b941-7171e2e7c3a6" />
    <UnitTestResult executionId="ddd4e8a8-0f7c-41bf-8015-445ba2b30838" testId="2686d838-491d-508e-8cbd-c7ea00afc91c" testName="DirectorDcav_PuedeEntrarYFirmarCondiciones" computerName="DESKTOP-S4GE44J" duration="00:00:00.0015378" startTime="2026-07-14T15:16:46.7546134-05:00" endTime="2026-07-14T15:16:46.7546134-05:00" testType="13cdc9d9-ddb5-4fa4-a97d-d965ccfc6d4b" outcome="Passed" testListId="8c84fa94-04c1-424b-9868-57a2d4851a1d" relativeResultsDirectory="ddd4e8a8-0f7c-41bf-8015-445ba2b30838" />
    <UnitTestResult executionId="95bd4551-0188-4bc7-a0ad-6711e35e72ec" testId="22091be3-fe0d-a25d-cc24-75fe2ef34e51" testName="Matriz_NormalizacionEstadosModificacion_DebeMapearEstadosCanonicos (DEVUELTO,Observada)" computerName="DESKTOP-S4GE44J" duration="00:00:00.0000056" startTime="2026-07-14T15:16:45.4213392-05:00" endTime="2026-07-14T15:16:45.4213392-05:00" testType="13cdc9d9-ddb5-4fa4-a97d-d965ccfc6d4b" outcome="Passed" testListId="8c84fa94-04c1-424b-9868-57a2d4851a1d" relativeResultsDirectory="95bd4551-0188-4bc7-a0ad-6711e35e72ec" />
    <UnitTestResult executionId="7f39daad-18e2-4d0b-9ee1-a378ccd7ac8e" testId="0112ae7f-5237-af31-5019-6888b8386a0e" testName="EsTransicionPermitida_TransicionesValidas_DebeRetornarTrue (Aceptacion Documental,Generado Condiciones y Limitaciones)" computerName="DESKTOP-S4GE44J" duration="00:00:00.0000064" startTime="2026-07-14T15:16:45.4694989-05:00" endTime="2026-07-14T15:16:45.4694989-05:00" testType="13cdc9d9-ddb5-4fa4-a97d-d965ccfc6d4b" outcome="Passed" testListId="8c84fa94-04c1-424b-9868-57a2d4851a1d" relativeResultsDirectory="7f39daad-18e2-4d0b-9ee1-a378ccd7ac8e" />
    <UnitTestResult executionId="19be7c13-e5a6-4965-88ad-c5514d655d91" testId="cbf44de5-6f2c-bdb9-0420-a0c7ade8dc92" testName="SolicitudAocr_GenerarAocr_ShouldUseAocrAuthorizeContract" computerName="DESKTOP-S4GE44J" duration="00:00:00.0026256" startTime="2026-07-14T15:16:45.2373291-05:00" endTime="2026-07-14T15:16:45.2533007-05:00" testType="13cdc9d9-ddb5-4fa4-a97d-d965ccfc6d4b" outcome="Passed" testListId="8c84fa94-04c1-424b-9868-57a2d4851a1d" relativeResultsDirectory="19be7c13-e5a6-4965-88ad-c5514d655d91" />
    <UnitTestResult executionId="030531c5-cf73-4692-bc03-7e683408e58b" testId="8f977c7e-1337-aa91-201c-87e343bd99c1" testName="EsTransicionPermitida_TransicionesValidas_DebeRetornarTrue (Requiere Inspeccion,Pendiente Asignacion RT)" computerName="DESKTOP-S4GE44J" duration="00:00:00.0000058" startTime="2026-07-14T15:16:45.4694989-05:00" endTime="2026-07-14T15:16:45.4694989-05:00" testType="13cdc9d9-ddb5-4fa4-a97d-d965ccfc6d4b" outcome="Passed" testListId="8c84fa94-04c1-424b-9868-57a2d4851a1d" relativeResultsDirectory="030531c5-cf73-4692-bc03-7e683408e58b" />
    <UnitTestResult executionId="7f4d1f20-4ff9-4580-ada9-ca8234478d4b" testId="32ae0596-aeb5-5e00-609f-35f87a96eef1" testName="Gate4_Destino_DiferenciaEmisionRenovacionYModificacion" computerName="DESKTOP-S4GE44J" duration="00:00:00.0024295" startTime="2026-07-14T15:16:44.9212719-05:00" endTime="2026-07-14T15:16:44.9212719-05:00" testType="13cdc9d9-ddb5-4fa4-a97d-d965ccfc6d4b" outcome="Passed" testListId="8c84fa94-04c1-424b-9868-57a2d4851a1d" relativeResultsDirectory="7f4d1f20-4ff9-4580-ada9-ca8234478d4b" />
    <UnitTestResult executionId="5e3e8434-5a3b-45af-a2ff-534ea23e3e60" testId="fd3121a5-0467-9c14-1917-e0e774685500" testName="EsTransicionPermitida_TransicionesValidas_DebeRetornarTrue (AOCR En Revision,AOCR Validado)" computerName="DESKTOP-S4GE44J" duration="00:00:00.0000120" startTime="2026-07-14T15:16:45.4726139-05:00" endTime="2026-07-14T15:16:45.4736157-05:00" testType="13cdc9d9-ddb5-4fa4-a97d-d965ccfc6d4b" outcome="Passed" testListId="8c84fa94-04c1-424b-9868-57a2d4851a1d" relativeResultsDirectory="5e3e8434-5a3b-45af-a2ff-534ea23e3e60" />
    <UnitTestResult executionId="d55d5750-8171-47d9-b171-7b7ad8129d31" testId="b02747ac-7883-b513-da97-7990880c6d26" testName="GateE_LegacyEstadoService_DebeMapearCatalogoHistorico" computerName="DESKTOP-S4GE44J" duration="00:00:00.0008732" startTime="2026-07-14T15:16:46.7886067-05:00" endTime="2026-07-14T15:16:46.7886067-05:00" testType="13cdc9d9-ddb5-4fa4-a97d-d965ccfc6d4b" outcome="Passed" testListId="8c84fa94-04c1-424b-9868-57a2d4851a1d" relativeResultsDirectory="d55d5750-8171-47d9-b171-7b7ad8129d31" />
    <UnitTestResult executionId="85dcd831-70e9-4121-95a2-b1076213cf54" testId="731eccc2-913e-ff92-7e13-3a67fd82137e" testName="MvcAuthorizationSurface_ShouldNotDependOnSimplifiedLegacyRoleOrStateConstants" computerName="DESKTOP-S4GE44J" duration="00:00:00.1840371" startTime="2026-07-14T15:16:45.5222128-05:00" endTime="2026-07-14T15:16:45.7054795-05:00" testType="13cdc9d9-ddb5-4fa4-a97d-d965ccfc6d4b" outcome="Passed" testListId="8c84fa94-04c1-424b-9868-57a2d4851a1d" relativeResultsDirectory="85dcd831-70e9-4121-95a2-b1076213cf54" />
    <UnitTestResult executionId="55155dc1-8b34-4958-abfe-b48da6afc840" testId="d1322d66-edee-525c-7676-c39539dcc262" testName="EsTransicionPermitida_TransicionesValidas_DebeRetornarTrue (Generado Condiciones y Limitaciones,En Revision Coordinador Final)" computerName="DESKTOP-S4GE44J" duration="00:00:00.0000116" startTime="2026-07-14T15:16:45.4694989-05:00" endTime="2026-07-14T15:16:45.4705117-05:00" testType="13cdc9d9-ddb5-4fa4-a97d-d965ccfc6d4b" outcome="Passed" testListId="8c84fa94-04c1-424b-9868-57a2d4851a1d" relativeResultsDirectory="55155dc1-8b34-4958-abfe-b48da6afc840" />
    <UnitTestResult executionId="9df31da2-552b-4f7a-bdf1-756d4bc8d85a" testId="061be749-4608-9c9e-beec-eb09973ea57b" testName="CrearOrden_SinContribuyente_EsCero" computerName="DESKTOP-S4GE44J" duration="00:00:00.0008263" startTime="2026-07-14T15:16:45.2917083-05:00" endTime="2026-07-14T15:16:45.2917083-05:00" testType="13cdc9d9-ddb5-4fa4-a97d-d965ccfc6d4b" outcome="Passed" testListId="8c84fa94-04c1-424b-9868-57a2d4851a1d" relativeResultsDirectory="9df31da2-552b-4f7a-bdf1-756d4bc8d85a" />
    <UnitTestResult executionId="b214c44c-ef01-48a6-8081-221b181a54b1" testId="6bb7e307-c536-1cf4-0a30-013a86372c56" testName="LegacyAocrResync_ShouldReportOnlyCandidatesReadyForResync" computerName="DESKTOP-S4GE44J" duration="00:00:00.0003696" startTime="2026-07-14T15:16:45.2556119-05:00" endTime="2026-07-14T15:16:45.2556119-05:00" testType="13cdc9d9-ddb5-4fa4-a97d-d965ccfc6d4b" outcome="Passed" testListId="8c84fa94-04c1-424b-9868-57a2d4851a1d" relativeResultsDirectory="b214c44c-ef01-48a6-8081-221b181a54b1" />
    <UnitTestResult executionId="87b82f0e-0dda-4eab-971d-e8401a3e90bf" testId="db213c60-6b7e-4c72-9edf-fe315232de98" testName="Adm1_Inspector_GenerarAocrFinal_DebeDenegar" computerName="DESKTOP-S4GE44J" duration="00:00:00.0008611" startTime="2026-07-14T15:16:46.7719760-05:00" endTime="2026-07-14T15:16:46.7719760-05:00" testType="13cdc9d9-ddb5-4fa4-a97d-d965ccfc6d4b" outcome="Failed" testListId="8c84fa94-04c1-424b-9868-57a2d4851a1d" relativeResultsDirectory="87b82f0e-0dda-4eab-971d-e8401a3e90bf">
      <Output>
        <ErrorInfo>
          <Message>Excepción método de prueba AOCR.Tests.Unit.GateEAuthorizationTests.Adm1_Inspector_GenerarAocrFinal_DebeDenegar: &#xD;
System.InvalidOperationException: Servidor AS400 no configurado.</Message>
          <StackTrace>    en CapaDatos.Infrastructure.AS400BaseDAO.BuildConnectionString(AS400Credentials creds) en C:\proyectos\AOCR\CapaDatos\Infrastructure\AS400BaseDAO.cs:línea 83&#xD;
   en CapaDatos.Infrastructure.AS400BaseDAO..ctor(ISecureConfigurationService configService, Int32 commandTimeout) en C:\proyectos\AOCR\CapaDatos\Infrastructure\AS400BaseDAO.cs:línea 47&#xD;
   en CapaDatos.DAOs.UsuarioAS400DAO..ctor(ISecureConfigurationService configService) en C:\proyectos\AOCR\CapaDatos\DAOs\UsuarioAS400DAO.cs:línea 21&#xD;
   en CapaNegocio.SolicitudAocrInfraBL..ctor() en C:\proyectos\AOCR\CapaNegocio\SolicitudAocrInfraBL.cs:línea 27&#xD;
   en CapaNegocio.Services.RevisionDocumentalService..ctor() en C:\proyectos\AOCR\CapaNegocio\Services\RevisionDocumentalService.cs:línea 65&#xD;
   en CapaNegocio.Services.AocrAuthorizationService..ctor() en C:\proyectos\AOCR\CapaNegocio\Services\AocrAuthorizationService.cs:línea 187&#xD;
   en AOCR.Tests.Unit.GateEAuthorizationTests.Adm1_Inspector_GenerarAocrFinal_DebeDenegar() en C:\proyectos\AOCR\AOCR.Tests\Unit\GateEAuthorizationTests.cs:línea 89&#xD;
</StackTrace>
        </ErrorInfo>
      </Output>
    </UnitTestResult>
    <UnitTestResult executionId="76fea50c-9c69-4a65-b73e-86d42968d16a" testId="94a35ceb-9903-64b6-6792-02cff1fcd585" testName="DescargaFinalRt_NoDebeCambiarEstadoDelExpediente" computerName="DESKTOP-S4GE44J" duration="00:00:00.0024569" startTime="2026-07-14T15:16:45.5155534-05:00" endTime="2026-07-14T15:16:45.5155534-05:00" testType="13cdc9d9-ddb5-4fa4-a97d-d965ccfc6d4b" outcome="Passed" testListId="8c84fa94-04c1-424b-9868-57a2d4851a1d" relativeResultsDirectory="76fea50c-9c69-4a65-b73e-86d42968d16a" />
    <UnitTestResult executionId="135410ea-c2de-45a5-8bb3-981289d317eb" testId="d4119b48-80ae-83ca-af0e-a71a9388213e" testName="GateE_MatrizDebeIncluirDescargasYAccionesPostCriticas" computerName="DESKTOP-S4GE44J" duration="00:00:00.0015957" startTime="2026-07-14T15:16:46.7719760-05:00" endTime="2026-07-14T15:16:46.7871082-05:00" testType="13cdc9d9-ddb5-4fa4-a97d-d965ccfc6d4b" outcome="Failed" testListId="8c84fa94-04c1-424b-9868-57a2d4851a1d" relativeResultsDirectory="135410ea-c2de-45a5-8bb3-981289d317eb">
      <Output>
        <ErrorInfo>
          <Message>Excepción método de prueba AOCR.Tests.Unit.GateEAuthorizationTests.GateE_MatrizDebeIncluirDescargasYAccionesPostCriticas: &#xD;
System.InvalidOperationException: Servidor AS400 no configurado.</Message>
          <StackTrace>    en CapaDatos.Infrastructure.AS400BaseDAO.BuildConnectionString(AS400Credentials creds) en C:\proyectos\AOCR\CapaDatos\Infrastructure\AS400BaseDAO.cs:línea 83&#xD;
   en CapaDatos.Infrastructure.AS400BaseDAO..ctor(ISecureConfigurationService configService, Int32 commandTimeout) en C:\proyectos\AOCR\CapaDatos\Infrastructure\AS400BaseDAO.cs:línea 47&#xD;
   en CapaDatos.DAOs.UsuarioAS400DAO..ctor(ISecureConfigurationService configService) en C:\proyectos\AOCR\CapaDatos\DAOs\UsuarioAS400DAO.cs:línea 21&#xD;
   en CapaNegocio.SolicitudAocrInfraBL..ctor() en C:\proyectos\AOCR\CapaNegocio\SolicitudAocrInfraBL.cs:línea 27&#xD;
   en CapaNegocio.Services.RevisionDocumentalService..ctor() en C:\proyectos\AOCR\CapaNegocio\Services\RevisionDocumentalService.cs:línea 65&#xD;
   en CapaNegocio.Services.AocrAuthorizationService..ctor() en C:\proyectos\AOCR\CapaNegocio\Services\AocrAuthorizationService.cs:línea 187&#xD;
   en AOCR.Tests.Unit.GateEAuthorizationTests.GateE_MatrizDebeIncluirDescargasYAccionesPostCriticas() en C:\proyectos\AOCR\AOCR.Tests\Unit\GateEAuthorizationTests.cs:línea 138&#xD;
</StackTrace>
        </ErrorInfo>
      </Output>
    </UnitTestResult>
    <UnitTestResult executionId="2dd85514-25eb-4265-87e0-44cb082d400f" testId="0ae678ea-3708-648b-6745-29621793d248" testName="BuildAocrEventKey_InspectorAsignado_DebeGenerarClaveUnica" computerName="DESKTOP-S4GE44J" duration="00:00:00.0011575" startTime="2026-07-14T15:16:46.7546134-05:00" endTime="2026-07-14T15:16:46.7546134-05:00" testType="13cdc9d9-ddb5-4fa4-a97d-d965ccfc6d4b" outcome="Passed" testListId="8c84fa94-04c1-424b-9868-57a2d4851a1d" relativeResultsDirectory="2dd85514-25eb-4265-87e0-44cb082d400f" />
    <UnitTestResult executionId="cb98f55e-4528-4d51-a61e-dd93bfdd2542" testId="a5a8e053-7e65-81c9-e42d-6ec7942df7ea" testName="EsTransicionPermitida_AceptacionDocumental_A_PendienteAsignacionRt_DebePermitir" computerName="DESKTOP-S4GE44J" duration="00:00:00.0001309" startTime="2026-07-14T15:16:45.4410416-05:00" endTime="2026-07-14T15:16:45.4410416-05:00" testType="13cdc9d9-ddb5-4fa4-a97d-d965ccfc6d4b" outcome="Passed" testListId="8c84fa94-04c1-424b-9868-57a2d4851a1d" relativeResultsDirectory="cb98f55e-4528-4d51-a61e-dd93bfdd2542" />
    <UnitTestResult executionId="5df4e9ab-918e-488b-97af-2ce5205e5810" testId="7a15ec3f-551f-205c-000c-e0c3860d58fa" testName="Matriz_TransicionesValidas_DebePermitir (Observada,Subsanada)" computerName="DESKTOP-S4GE44J" duration="00:00:00.0000042" startTime="2026-07-14T15:16:45.3993576-05:00" endTime="2026-07-14T15:16:45.3993576-05:00" testType="13cdc9d9-ddb5-4fa4-a97d-d965ccfc6d4b" outcome="Passed" testListId="8c84fa94-04c1-424b-9868-57a2d4851a1d" relativeResultsDirectory="5df4e9ab-918e-488b-97af-2ce5205e5810" />
    <UnitTestResult executionId="64f33371-b940-42c3-9eaf-b9590d9d3241" testId="293c6bc5-5831-9579-8906-e2e5ef73ab40" testName="PuedeCoordinadorAsignarInspector_EnRevisionSinPago_DebePermitir" computerName="DESKTOP-S4GE44J" duration="00:00:00.0012472" startTime="2026-07-14T15:16:45.4347469-05:00" endTime="2026-07-14T15:16:45.4367535-05:00" testType="13cdc9d9-ddb5-4fa4-a97d-d965ccfc6d4b" outcome="Passed" testListId="8c84fa94-04c1-424b-9868-57a2d4851a1d" relativeResultsDirectory="64f33371-b940-42c3-9eaf-b9590d9d3241" />
    <UnitTestResult executionId="1390e6bf-fd97-43bf-8fc4-f1564fedcf96" testId="5bb6a88d-92cf-ad24-4246-eb79316e0c63" testName="Matriz_TransicionesInvalidas_DebeBloquear (AOCR En Revision,AOCR Emitido/Recibido)" computerName="DESKTOP-S4GE44J" duration="00:00:00.0000065" startTime="2026-07-14T15:16:45.4173164-05:00" endTime="2026-07-14T15:16:45.4173164-05:00" testType="13cdc9d9-ddb5-4fa4-a97d-d965ccfc6d4b" outcome="Passed" testListId="8c84fa94-04c1-424b-9868-57a2d4851a1d" relativeResultsDirectory="1390e6bf-fd97-43bf-8fc4-f1564fedcf96" />
    <UnitTestResult executionId="0f6c957e-a013-4d50-8262-1bc0923102ca" testId="2d5050f2-f5fa-f81f-d582-b3bd98015863" testName="EsTransicionPermitida_TransicionesInvalidas_DebeRetornarFalse (Generado Condiciones y Limitaciones,Firmado DCAV)" computerName="DESKTOP-S4GE44J" duration="00:00:00.0000108" startTime="2026-07-14T15:16:45.4760313-05:00" endTime="2026-07-14T15:16:45.4760313-05:00" testType="13cdc9d9-ddb5-4fa4-a97d-d965ccfc6d4b" outcome="Passed" testListId="8c84fa94-04c1-424b-9868-57a2d4851a1d" relativeResultsDirectory="0f6c957e-a013-4d50-8262-1bc0923102ca" />
    <UnitTestResult executionId="e407ea5c-f537-425f-9698-6089cde0151d" testId="d8246ea7-a442-c3e1-c3db-586a600310ec" testName="PuedeAccederRevisionDocumental_InspectorAsignadoEnInspeccion_DebePermitir" computerName="DESKTOP-S4GE44J" duration="00:00:00.0054190" startTime="2026-07-14T15:16:46.7886067-05:00" endTime="2026-07-14T15:16:46.7886067-05:00" testType="13cdc9d9-ddb5-4fa4-a97d-d965ccfc6d4b" outcome="Passed" testListId="8c84fa94-04c1-424b-9868-57a2d4851a1d" relativeResultsDirectory="e407ea5c-f537-425f-9698-6089cde0151d" />
    <UnitTestResult executionId="e4236707-8211-4214-87a6-744a928be3d3" testId="e5ac76ff-794c-b507-f467-d88426b5481d" testName="EsTransicionPermitida_FlujoModificacionConInspeccion_DebeDerivarCorrectamente" computerName="DESKTOP-S4GE44J" duration="00:00:00.0005259" startTime="2026-07-14T15:16:45.4764393-05:00" endTime="2026-07-14T15:16:45.4764393-05:00" testType="13cdc9d9-ddb5-4fa4-a97d-d965ccfc6d4b" outcome="Passed" testListId="8c84fa94-04c1-424b-9868-57a2d4851a1d" relativeResultsDirectory="e4236707-8211-4214-87a6-744a928be3d3" />
    <UnitTestResult executionId="2a8627a2-c7ee-45f9-9faf-2d784ffe0f6a" testId="0d8a704e-e749-7823-19e1-1b4b66e448bb" testName="ModificacionConNuevoAeropuerto_ConservaModulo8" computerName="DESKTOP-S4GE44J" duration="00:00:00.0002968" startTime="2026-07-14T15:16:46.8053364-05:00" endTime="2026-07-14T15:16:46.8053364-05:00" testType="13cdc9d9-ddb5-4fa4-a97d-d965ccfc6d4b" outcome="Passed" testListId="8c84fa94-04c1-424b-9868-57a2d4851a1d" relativeResultsDirectory="2a8627a2-c7ee-45f9-9faf-2d784ffe0f6a" />
    <UnitTestResult executionId="efe8ffcb-0d1b-4243-926d-ee94d1d175d7" testId="bec301a9-3f89-743f-3e03-3a3c24a4683a" testName="ActualizarEstado_OrdenExistente_Exitoso" computerName="DESKTOP-S4GE44J" duration="00:00:00.0020533" startTime="2026-07-14T15:16:45.2917083-05:00" endTime="2026-07-14T15:16:45.2992810-05:00" testType="13cdc9d9-ddb5-4fa4-a97d-d965ccfc6d4b" outcome="Passed" testListId="8c84fa94-04c1-424b-9868-57a2d4851a1d" relativeResultsDirectory="efe8ffcb-0d1b-4243-926d-ee94d1d175d7" />
    <UnitTestResult executionId="23e7cc56-e48b-48a0-9192-488728093879" testId="50fe9978-7dd2-46d0-0f0b-a42e671df466" testName="DebeMostrarAccionInspeccion_ConConfirmacionInspector_DebeSerTrue" computerName="DESKTOP-S4GE44J" duration="00:00:00.0002338" startTime="2026-07-14T15:16:46.7886067-05:00" endTime="2026-07-14T15:16:46.7886067-05:00" testType="13cdc9d9-ddb5-4fa4-a97d-d965ccfc6d4b" outcome="Passed" testListId="8c84fa94-04c1-424b-9868-57a2d4851a1d" relativeResultsDirectory="23e7cc56-e48b-48a0-9192-488728093879" />
    <UnitTestResult executionId="03afe6d2-166f-4c70-ac24-3476a65d50b1" testId="931616ce-b494-8596-41ef-25a325d1a42a" testName="GenerarPdf_OrdenNula_LanzaExcepcion" computerName="DESKTOP-S4GE44J" duration="00:00:00.0000748" startTime="2026-07-14T15:16:46.7236780-05:00" endTime="2026-07-14T15:16:46.7236780-05:00" testType="13cdc9d9-ddb5-4fa4-a97d-d965ccfc6d4b" outcome="Passed" testListId="8c84fa94-04c1-424b-9868-57a2d4851a1d" relativeResultsDirectory="03afe6d2-166f-4c70-ac24-3476a65d50b1" />
    <UnitTestResult executionId="4236df7c-3e43-4db9-becf-51f8e68a582c" testId="b6883af7-9090-7328-8414-20ed9d6aa3cb" testName="EsTransicionPermitida_TransicionesValidas_DebeRetornarTrue (Enviado DCAV,Firmado DCAV)" computerName="DESKTOP-S4GE44J" duration="00:00:00.0000060" startTime="2026-07-14T15:16:45.4705117-05:00" endTime="2026-07-14T15:16:45.4705117-05:00" testType="13cdc9d9-ddb5-4fa4-a97d-d965ccfc6d4b" outcome="Passed" testListId="8c84fa94-04c1-424b-9868-57a2d4851a1d" relativeResultsDirectory="4236df7c-3e43-4db9-becf-51f8e68a582c" />
    <UnitTestResult executionId="901667ab-3107-4266-b638-7129ef906034" testId="a0ce3447-b4d9-3cef-b3cd-2eaeb10c4a59" testName="ObtenerMensajeCompaniaInconsistente_DebeSerInstitucional" computerName="DESKTOP-S4GE44J" duration="00:00:00.0001970" startTime="2026-07-14T15:16:46.7236780-05:00" endTime="2026-07-14T15:16:46.7236780-05:00" testType="13cdc9d9-ddb5-4fa4-a97d-d965ccfc6d4b" outcome="Passed" testListId="8c84fa94-04c1-424b-9868-57a2d4851a1d" relativeResultsDirectory="901667ab-3107-4266-b638-7129ef906034" />
    <UnitTestResult executionId="33469233-8cc3-4e41-9dfe-83648fcbf8bb" testId="6911d466-9109-5211-23bf-2336985abefc" testName="InspeccionWorkflow_ShouldMaterializeNcWhenTechnicalReportIsInsatisfactory" computerName="DESKTOP-S4GE44J" duration="00:00:00.0004552" startTime="2026-07-14T15:16:45.2556119-05:00" endTime="2026-07-14T15:16:45.2556119-05:00" testType="13cdc9d9-ddb5-4fa4-a97d-d965ccfc6d4b" outcome="Passed" testListId="8c84fa94-04c1-424b-9868-57a2d4851a1d" relativeResultsDirectory="33469233-8cc3-4e41-9dfe-83648fcbf8bb" />
    <UnitTestResult executionId="bd83ddfb-dc41-4ff0-9a4f-cbfb49055bd7" testId="8b8f40c0-0f9f-4a7f-709b-5f419eda5cf3" testName="EsTransicionPermitida_TransicionesInvalidas_DebeRetornarFalse (Pendiente,AOCR Legalizado)" computerName="DESKTOP-S4GE44J" duration="00:00:00.0005652" startTime="2026-07-14T15:16:45.4736157-05:00" endTime="2026-07-14T15:16:45.4746182-05:00" testType="13cdc9d9-ddb5-4fa4-a97d-d965ccfc6d4b" outcome="Passed" testListId="8c84fa94-04c1-424b-9868-57a2d4851a1d" relativeResultsDirectory="bd83ddfb-dc41-4ff0-9a4f-cbfb49055bd7" />
    <UnitTestResult executionId="ed0fa596-b55a-4559-b8ee-0cdd096cca71" testId="69700fc5-270d-c155-3751-1e753c461d20" testName="Matriz_TransicionesValidas_DebePermitir (Requiere Inspeccion,Pendiente Asignacion RT)" computerName="DESKTOP-S4GE44J" duration="00:00:00.0000050" startTime="2026-07-14T15:16:45.3993576-05:00" endTime="2026-07-14T15:16:45.3993576-05:00" testType="13cdc9d9-ddb5-4fa4-a97d-d965ccfc6d4b" outcome="Passed" testListId="8c84fa94-04c1-424b-9868-57a2d4851a1d" relativeResultsDirectory="ed0fa596-b55a-4559-b8ee-0cdd096cca71" />
    <UnitTestResult executionId="44d0fc9a-c770-44cb-a863-86e51353dbbc" testId="521bf928-b94f-ecda-1cdb-03b4fe827139" testName="Matriz_TransicionesValidas_DebePermitir (Subsanada,En Inspeccion)" computerName="DESKTOP-S4GE44J" duration="00:00:00.0000070" startTime="2026-07-14T15:16:45.3993576-05:00" endTime="2026-07-14T15:16:45.3993576-05:00" testType="13cdc9d9-ddb5-4fa4-a97d-d965ccfc6d4b" outcome="Passed" testListId="8c84fa94-04c1-424b-9868-57a2d4851a1d" relativeResultsDirectory="44d0fc9a-c770-44cb-a863-86e51353dbbc" />
    <UnitTestResult executionId="c0d7b588-02a4-4eec-a48b-7927989e9729" testId="d110e248-64bf-9849-5ae4-c5d004b0d3eb" testName="Gate3_Dao_RechazoSinComentarioEsBloqueadoAntesDePersistir" computerName="DESKTOP-S4GE44J" duration="00:00:00.0026362" startTime="2026-07-14T15:16:44.2430854-05:00" endTime="2026-07-14T15:16:44.2430854-05:00" testType="13cdc9d9-ddb5-4fa4-a97d-d965ccfc6d4b" outcome="Passed" testListId="8c84fa94-04c1-424b-9868-57a2d4851a1d" relativeResultsDirectory="c0d7b588-02a4-4eec-a48b-7927989e9729" />
    <UnitTestResult executionId="ef481cd4-e98b-4bad-b25a-676bc77151cd" testId="a406928d-0ba6-860f-1ef9-d0724ed0dbbd" testName="EsEstadoEditable_DebePermitirSoloEstadosReprocesables (FINALIZADO,False)" computerName="DESKTOP-S4GE44J" duration="00:00:00.0000041" startTime="2026-07-14T15:16:46.8053364-05:00" endTime="2026-07-14T15:16:46.8053364-05:00" testType="13cdc9d9-ddb5-4fa4-a97d-d965ccfc6d4b" outcome="Passed" testListId="8c84fa94-04c1-424b-9868-57a2d4851a1d" relativeResultsDirectory="ef481cd4-e98b-4bad-b25a-676bc77151cd" />
    <UnitTestResult executionId="254cf03b-39d2-42f6-935e-753aab04dee7" testId="d6c59b33-2d15-52dd-c769-ba46c76dcaa7" testName="InspeccionWorkflow_ShouldDeriveInspectionResultFromSignedTechnicalReport" computerName="DESKTOP-S4GE44J" duration="00:00:00.0003377" startTime="2026-07-14T15:16:45.2556119-05:00" endTime="2026-07-14T15:16:45.2556119-05:00" testType="13cdc9d9-ddb5-4fa4-a97d-d965ccfc6d4b" outcome="Passed" testListId="8c84fa94-04c1-424b-9868-57a2d4851a1d" relativeResultsDirectory="254cf03b-39d2-42f6-935e-753aab04dee7" />
    <UnitTestResult executionId="1f1b4fd1-57e2-47d9-9285-b4ca26480a07" testId="91ad5985-3cdb-39f0-4b07-0734a677a136" testName="ValidarCargaSubsanacionRt_DocumentoAceptado_RetornaErrorInstitucional" computerName="DESKTOP-S4GE44J" duration="00:00:00.0006076" startTime="2026-07-14T15:16:45.7724138-05:00" endTime="2026-07-14T15:16:45.7887332-05:00" testType="13cdc9d9-ddb5-4fa4-a97d-d965ccfc6d4b" outcome="Failed" testListId="8c84fa94-04c1-424b-9868-57a2d4851a1d" relativeResultsDirectory="1f1b4fd1-57e2-47d9-9285-b4ca26480a07">
      <Output>
        <ErrorInfo>
          <Message>No se puede crear una instancia de la clase AOCR.Tests.Unit.DocumentoSubsanacionTests. Error: System.InvalidOperationException: Servidor AS400 no configurado..</Message>
          <StackTrace>    en CapaDatos.Infrastructure.AS400BaseDAO.BuildConnectionString(AS400Credentials creds) en C:\proyectos\AOCR\CapaDatos\Infrastructure\AS400BaseDAO.cs:línea 83&#xD;
   en CapaDatos.Infrastructure.AS400BaseDAO..ctor(ISecureConfigurationService configService, Int32 commandTimeout) en C:\proyectos\AOCR\CapaDatos\Infrastructure\AS400BaseDAO.cs:línea 47&#xD;
   en CapaDatos.DAOs.UsuarioAS400DAO..ctor(ISecureConfigurationService configService) en C:\proyectos\AOCR\CapaDatos\DAOs\UsuarioAS400DAO.cs:línea 21&#xD;
   en CapaNegocio.SolicitudAocrInfraBL..ctor() en C:\proyectos\AOCR\CapaNegocio\SolicitudAocrInfraBL.cs:línea 27&#xD;
   en CapaNegocio.Services.RevisionDocumentalService..ctor() en C:\proyectos\AOCR\CapaNegocio\Services\RevisionDocumentalService.cs:línea 65&#xD;
   en CapaNegocio.Services.DocumentoSubsanacionService..ctor() en C:\proyectos\AOCR\CapaNegocio\Services\DocumentoSubsanacionService.cs:línea 32&#xD;
   en AOCR.Tests.Unit.DocumentoSubsanacionTests..ctor() en C:\proyectos\AOCR\AOCR.Tests\Unit\DocumentoSubsanacionTests.cs:línea 15&#xD;
</StackTrace>
        </ErrorInfo>
      </Output>
    </UnitTestResult>
    <UnitTestResult executionId="9f13e818-6ecb-4ae2-bd39-e3407b097b80" testId="cb7df039-3bc8-4f14-5f11-3ac7dde2356c" testName="EstadoPermiteAsignacionInicial_DebeIncluirEstadosDeCoordinacion (PENDIENTE_ASIGNACION)" computerName="DESKTOP-S4GE44J" duration="00:00:00.0000069" startTime="2026-07-14T15:16:45.4566669-05:00" endTime="2026-07-14T15:16:45.4566669-05:00" testType="13cdc9d9-ddb5-4fa4-a97d-d965ccfc6d4b" outcome="Passed" testListId="8c84fa94-04c1-424b-9868-57a2d4851a1d" relativeResultsDirectory="9f13e818-6ecb-4ae2-bd39-e3407b097b80" />
    <UnitTestResult executionId="454bfa53-dbb8-4256-ae93-29fb0b614333" testId="66c450c4-9f05-8a0f-b238-5622a579f8f3" testName="OrdenPerteneceACompania_PorCompaniaCodigoPersistido" computerName="DESKTOP-S4GE44J" duration="00:00:00.9396314" startTime="2026-07-14T15:16:45.7938450-05:00" endTime="2026-07-14T15:16:46.7236780-05:00" testType="13cdc9d9-ddb5-4fa4-a97d-d965ccfc6d4b" outcome="Passed" testListId="8c84fa94-04c1-424b-9868-57a2d4851a1d" relativeResultsDirectory="454bfa53-dbb8-4256-ae93-29fb0b614333" />
    <UnitTestResult executionId="f422c586-36c7-49a2-a52f-cd68b95d4f57" testId="f2386ff0-61ff-2728-e4b8-aea5e8ee09ed" testName="UsuarioPuedeTransicionarEstadoAocr_Subsanada_ConRolExternoPermitido_DebeRetornarTrue (RT)" computerName="DESKTOP-S4GE44J" duration="00:00:00.0000058" startTime="2026-07-14T15:16:45.3889894-05:00" endTime="2026-07-14T15:16:45.3889894-05:00" testType="13cdc9d9-ddb5-4fa4-a97d-d965ccfc6d4b" outcome="Passed" testListId="8c84fa94-04c1-424b-9868-57a2d4851a1d" relativeResultsDirectory="f422c586-36c7-49a2-a52f-cd68b95d4f57" />
    <UnitTestResult executionId="3fac2b49-9bc0-45cc-a838-98c995e1ca73" testId="9365aadb-57ca-b106-b576-a40117b99b53" testName="Matriz_NormalizacionEstadosModificacion_DebeMapearEstadosCanonicos (FIRMADO_DCAV,Firmado DCAV)" computerName="DESKTOP-S4GE44J" duration="00:00:00.0000059" startTime="2026-07-14T15:16:45.4193304-05:00" endTime="2026-07-14T15:16:45.4193304-05:00" testType="13cdc9d9-ddb5-4fa4-a97d-d965ccfc6d4b" outcome="Passed" testListId="8c84fa94-04c1-424b-9868-57a2d4851a1d" relativeResultsDirectory="3fac2b49-9bc0-45cc-a838-98c995e1ca73" />
    <UnitTestResult executionId="a0f76eb3-d977-42e5-828e-050c7e538377" testId="6ac28198-8c93-5c6c-55de-050e7fbeece1" testName="EstadoPermiteAsignacionInicial_DebeIncluirEstadosDeCoordinacion (En Revision)" computerName="DESKTOP-S4GE44J" duration="00:00:00.0000049" startTime="2026-07-14T15:16:45.4566669-05:00" endTime="2026-07-14T15:16:45.4566669-05:00" testType="13cdc9d9-ddb5-4fa4-a97d-d965ccfc6d4b" outcome="Passed" testListId="8c84fa94-04c1-424b-9868-57a2d4851a1d" relativeResultsDirectory="a0f76eb3-d977-42e5-828e-050c7e538377" />
    <UnitTestResult executionId="a9c186ee-26d3-419d-b006-439b4a46725a" testId="9737a8b6-68ff-463e-c19e-8c8259252f3b" testName="PrepararCierreFaseDocumentalNuevoAeropuerto_SinAeropuerto_DebeBloquear" computerName="DESKTOP-S4GE44J" duration="00:00:00.0002165" startTime="2026-07-14T15:16:46.7386442-05:00" endTime="2026-07-14T15:16:46.7386442-05:00" testType="13cdc9d9-ddb5-4fa4-a97d-d965ccfc6d4b" outcome="Passed" testListId="8c84fa94-04c1-424b-9868-57a2d4851a1d" relativeResultsDirectory="a9c186ee-26d3-419d-b006-439b4a46725a" />
    <UnitTestResult executionId="cbb16634-6e35-43a1-80bf-2c3e4aef645b" testId="6c70f828-f258-d710-2387-895979ed6457" testName="SolicitudPerteneceACompania_PorCompaniasSeleccionadas" computerName="DESKTOP-S4GE44J" duration="00:00:00.0018342" startTime="2026-07-14T15:16:45.7898289-05:00" endTime="2026-07-14T15:16:45.7928279-05:00" testType="13cdc9d9-ddb5-4fa4-a97d-d965ccfc6d4b" outcome="Passed" testListId="8c84fa94-04c1-424b-9868-57a2d4851a1d" relativeResultsDirectory="cbb16634-6e35-43a1-80bf-2c3e4aef645b" />
    <UnitTestResult executionId="7b579d65-4f04-4a71-9e94-979fa00aeed3" testId="084b2f8b-72e1-b973-5a12-41e9ee505641" testName="EsTransicionPermitida_EstadosLegacyNormalizados_DebeRetornarTrue (APROBADO_POR_DIRECCION,LEGALIZADO)" computerName="DESKTOP-S4GE44J" duration="00:00:00.0000061" startTime="2026-07-14T15:16:45.4764393-05:00" endTime="2026-07-14T15:16:45.4764393-05:00" testType="13cdc9d9-ddb5-4fa4-a97d-d965ccfc6d4b" outcome="Passed" testListId="8c84fa94-04c1-424b-9868-57a2d4851a1d" relativeResultsDirectory="7b579d65-4f04-4a71-9e94-979fa00aeed3" />
    <UnitTestResult executionId="f524b6ea-a256-44c9-8967-e3d530e8df6a" testId="cbd1b235-38a2-98c6-98bb-833d77404c80" testName="BandejaDcav_UsaEstadoCentral_NoConsultaLegacy" computerName="DESKTOP-S4GE44J" duration="00:00:00.0005276" startTime="2026-07-14T15:16:46.7546134-05:00" endTime="2026-07-14T15:16:46.7546134-05:00" testType="13cdc9d9-ddb5-4fa4-a97d-d965ccfc6d4b" outcome="Passed" testListId="8c84fa94-04c1-424b-9868-57a2d4851a1d" relativeResultsDirectory="f524b6ea-a256-44c9-8967-e3d530e8df6a" />
    <UnitTestResult executionId="c13a8765-bece-413b-8b10-2da80f517085" testId="d9795779-ad79-7230-f5cb-8bf7b3ce885b" testName="Modificacion_UsaModulo8YProhibeAocrNuevo" computerName="DESKTOP-S4GE44J" duration="00:00:00.0010082" startTime="2026-07-14T15:16:46.8053364-05:00" endTime="2026-07-14T15:16:46.8053364-05:00" testType="13cdc9d9-ddb5-4fa4-a97d-d965ccfc6d4b" outcome="Passed" testListId="8c84fa94-04c1-424b-9868-57a2d4851a1d" relativeResultsDirectory="c13a8765-bece-413b-8b10-2da80f517085" />
    <UnitTestResult executionId="62a7b97e-71aa-4af5-ad95-0633547deb7e" testId="587e804c-e882-4cc3-4252-8f49c557c9c6" testName="AocrAuthorizationService_ShouldExposeSolicitudAocrGenerateForDirectionOnly" computerName="DESKTOP-S4GE44J" duration="00:00:00.0011213" startTime="2026-07-14T15:16:45.2533007-05:00" endTime="2026-07-14T15:16:45.2556119-05:00" testType="13cdc9d9-ddb5-4fa4-a97d-d965ccfc6d4b" outcome="Passed" testListId="8c84fa94-04c1-424b-9868-57a2d4851a1d" relativeResultsDirectory="62a7b97e-71aa-4af5-ad95-0633547deb7e" />
    <UnitTestResult executionId="21174ffb-2921-4cb9-9f84-c61503aac359" testId="66bc2a24-e652-0858-0131-e566903cc569" testName="Gate5_EsquemaReal_ConservaAntecedentesYCiclos" computerName="DESKTOP-S4GE44J" duration="00:00:00.0133586" startTime="2026-07-14T15:16:44.9212719-05:00" endTime="2026-07-14T15:16:44.9369373-05:00" testType="13cdc9d9-ddb5-4fa4-a97d-d965ccfc6d4b" outcome="Passed" testListId="8c84fa94-04c1-424b-9868-57a2d4851a1d" relativeResultsDirectory="21174ffb-2921-4cb9-9f84-c61503aac359" />
    <UnitTestResult executionId="07bf36f9-d753-4559-bdc8-a1635dd4ce8c" testId="a0d8548d-c447-a5f1-8f7f-c0f1cc016639" testName="ValidarArchivo_ExtensionExe_Invalido" computerName="DESKTOP-S4GE44J" duration="00:00:00.0003263" startTime="2026-07-14T15:16:45.2992810-05:00" endTime="2026-07-14T15:16:45.2992810-05:00" testType="13cdc9d9-ddb5-4fa4-a97d-d965ccfc6d4b" outcome="Passed" testListId="8c84fa94-04c1-424b-9868-57a2d4851a1d" relativeResultsDirectory="07bf36f9-d753-4559-bdc8-a1635dd4ce8c" />
    <UnitTestResult executionId="8c4073e1-863a-410d-8170-7d0c856eed40" testId="13e2041c-bd70-968f-9e79-5771d070c913" testName="Gate4_EsquemaReal_TieneRelacionesOrigenEIdempotencia" computerName="DESKTOP-S4GE44J" duration="00:00:00.4324672" startTime="2026-07-14T15:16:44.2651522-05:00" endTime="2026-07-14T15:16:44.6989875-05:00" testType="13cdc9d9-ddb5-4fa4-a97d-d965ccfc6d4b" outcome="Passed" testListId="8c84fa94-04c1-424b-9868-57a2d4851a1d" relativeResultsDirectory="8c4073e1-863a-410d-8170-7d0c856eed40" />
    <UnitTestResult executionId="94dcd255-571f-4eca-82b0-00af8e7d05cb" testId="da0916d8-7e77-907c-597c-cb6b3a6ecfd9" testName="EsTransicionPermitida_FirmadoCoordinador_A_Finalizado_DebeBloquear" computerName="DESKTOP-S4GE44J" duration="00:00:00.0001671" startTime="2026-07-14T15:16:45.4410416-05:00" endTime="2026-07-14T15:16:45.4410416-05:00" testType="13cdc9d9-ddb5-4fa4-a97d-d965ccfc6d4b" outcome="Passed" testListId="8c84fa94-04c1-424b-9868-57a2d4851a1d" relativeResultsDirectory="94dcd255-571f-4eca-82b0-00af8e7d05cb" />
    <UnitTestResult executionId="e1ab8c80-03f3-447b-b589-c8e5b81ed5b1" testId="6929b532-3455-7dbe-aaee-0ae04ed24374" testName="AprobacionDcav_HabilitaModulosSieteYOcho" computerName="DESKTOP-S4GE44J" duration="00:00:00.0035976" startTime="2026-07-14T15:16:46.7546134-05:00" endTime="2026-07-14T15:16:46.7546134-05:00" testType="13cdc9d9-ddb5-4fa4-a97d-d965ccfc6d4b" outcome="Passed" testListId="8c84fa94-04c1-424b-9868-57a2d4851a1d" relativeResultsDirectory="e1ab8c80-03f3-447b-b589-c8e5b81ed5b1" />
    <UnitTestResult executionId="225a5bef-d082-498e-8949-8c8d1ed2b0d3" testId="d82655b2-40df-3a77-4406-62f9c05f4586" testName="SolicitudEstadoTransition_EstadoFinalIdempotente_DebePermitir" computerName="DESKTOP-S4GE44J" duration="00:00:00.0003208" startTime="2026-07-14T15:16:45.4764393-05:00" endTime="2026-07-14T15:16:45.4764393-05:00" testType="13cdc9d9-ddb5-4fa4-a97d-d965ccfc6d4b" outcome="Passed" testListId="8c84fa94-04c1-424b-9868-57a2d4851a1d" relativeResultsDirectory="225a5bef-d082-498e-8949-8c8d1ed2b0d3" />
    <UnitTestResult executionId="1a429c45-7033-4ebb-8878-8808df59bc18" testId="0d903a96-0700-e6cd-6f30-5c46f3ea7ed4" testName="EsTransicionPermitida_TransicionesValidas_DebeRetornarTrue (Subsanada,En Inspeccion)" computerName="DESKTOP-S4GE44J" duration="00:00:00.0000083" startTime="2026-07-14T15:16:45.4674882-05:00" endTime="2026-07-14T15:16:45.4674882-05:00" testType="13cdc9d9-ddb5-4fa4-a97d-d965ccfc6d4b" outcome="Passed" testListId="8c84fa94-04c1-424b-9868-57a2d4851a1d" relativeResultsDirectory="1a429c45-7033-4ebb-8878-8808df59bc18" />
    <UnitTestResult executionId="9b0c8dd9-34dc-4bda-98b5-357578e60fc5" testId="9b1515cc-132f-d239-a6e7-32a708caf004" testName="Gate1_VinculoNuevaEvaluacion_EsTransaccionalEIdempotente" computerName="DESKTOP-S4GE44J" duration="00:00:00.2359241" startTime="2026-07-14T15:16:43.5067659-05:00" endTime="2026-07-14T15:16:43.7402138-05:00" testType="13cdc9d9-ddb5-4fa4-a97d-d965ccfc6d4b" outcome="Passed" testListId="8c84fa94-04c1-424b-9868-57a2d4851a1d" relativeResultsDirectory="9b0c8dd9-34dc-4bda-98b5-357578e60fc5" />
    <UnitTestResult executionId="e1bac39c-15ec-43aa-bfb2-0018167822b9" testId="8621eede-c3e5-5e1d-65c1-f772369c5c9d" testName="NombreArchivo_CaracteresPeligrosos_Removidos" computerName="DESKTOP-S4GE44J" duration="00:00:00.0002008" startTime="2026-07-14T15:16:46.8053364-05:00" endTime="2026-07-14T15:16:46.8053364-05:00" testType="13cdc9d9-ddb5-4fa4-a97d-d965ccfc6d4b" outcome="Passed" testListId="8c84fa94-04c1-424b-9868-57a2d4851a1d" relativeResultsDirectory="e1bac39c-15ec-43aa-bfb2-0018167822b9" />
    <UnitTestResult executionId="82ce8164-36dd-45ac-a700-baad1f93c725" testId="5cb7ef23-e06f-416a-4f57-bf0f77faa0eb" testName="ResolverEstadoDestinoFirmaAceptacionDocumental_DebeDerivarSegunTipo (2,Pendiente Asignacion RT)" computerName="DESKTOP-S4GE44J" duration="00:00:00.0000040" startTime="2026-07-14T15:16:46.8022221-05:00" endTime="2026-07-14T15:16:46.8022221-05:00" testType="13cdc9d9-ddb5-4fa4-a97d-d965ccfc6d4b" outcome="Passed" testListId="8c84fa94-04c1-424b-9868-57a2d4851a1d" relativeResultsDirectory="82ce8164-36dd-45ac-a700-baad1f93c725" />
    <UnitTestResult executionId="c38d9aef-d040-4f3e-a96c-bc32e7ed3abd" testId="439f1f33-43b1-c5a2-ee03-b3875ae3cef0" testName="BuildAocrEventKey_MismaClave_DebeSerDeterministica" computerName="DESKTOP-S4GE44J" duration="00:00:00.0001837" startTime="2026-07-14T15:16:46.7546134-05:00" endTime="2026-07-14T15:16:46.7546134-05:00" testType="13cdc9d9-ddb5-4fa4-a97d-d965ccfc6d4b" outcome="Passed" testListId="8c84fa94-04c1-424b-9868-57a2d4851a1d" relativeResultsDirectory="c38d9aef-d040-4f3e-a96c-bc32e7ed3abd" />
    <UnitTestResult executionId="083d1cd4-852a-4c8e-adac-5ad5cc10c2ad" testId="3d79defa-a671-e33d-ed54-ae10cb870930" testName="UsuarioPuedeTransicionarEstadoAocr_Subsanada_SinRolExternoPermitido_DebeRetornarFalse" computerName="DESKTOP-S4GE44J" duration="00:00:00.0001964" startTime="2026-07-14T15:16:45.3889894-05:00" endTime="2026-07-14T15:16:45.3889894-05:00" testType="13cdc9d9-ddb5-4fa4-a97d-d965ccfc6d4b" outcome="Passed" testListId="8c84fa94-04c1-424b-9868-57a2d4851a1d" relativeResultsDirectory="083d1cd4-852a-4c8e-adac-5ad5cc10c2ad" />
    <UnitTestResult executionId="72804a30-6926-4fe7-9131-7de0f20afc93" testId="ac68a58b-7196-0db2-1759-f160803807f2" testName="DashboardInspeccion_ShouldHonorHashShortcutForNcPane" computerName="DESKTOP-S4GE44J" duration="00:00:00.0026431" startTime="2026-07-14T15:16:45.2732434-05:00" endTime="2026-07-14T15:16:45.2903374-05:00" testType="13cdc9d9-ddb5-4fa4-a97d-d965ccfc6d4b" outcome="Passed" testListId="8c84fa94-04c1-424b-9868-57a2d4851a1d" relativeResultsDirectory="72804a30-6926-4fe7-9131-7de0f20afc93" />
    <UnitTestResult executionId="09be3dc5-7642-4db2-acf9-fa87c0cfe969" testId="85eb5aa7-46ad-6d7f-bbd7-a2f95ff465ea" testName="EsEstadoEditable_DebePermitirSoloEstadosReprocesables (BORRADOR,True)" computerName="DESKTOP-S4GE44J" duration="00:00:00.0009038" startTime="2026-07-14T15:16:46.8042826-05:00" endTime="2026-07-14T15:16:46.8053364-05:00" testType="13cdc9d9-ddb5-4fa4-a97d-d965ccfc6d4b" outcome="Passed" testListId="8c84fa94-04c1-424b-9868-57a2d4851a1d" relativeResultsDirectory="09be3dc5-7642-4db2-acf9-fa87c0cfe969" />
    <UnitTestResult executionId="9f897b3e-b25f-488b-bf65-2f9ea92aa36e" testId="3beff1be-0d44-c297-5c66-45e25c6880e6" testName="ClasificarDocumentosParaRt_SeparatesDevueltosAndBloqueados" computerName="DESKTOP-S4GE44J" duration="00:00:00.0004632" startTime="2026-07-14T15:16:45.7724138-05:00" endTime="2026-07-14T15:16:45.7724138-05:00" testType="13cdc9d9-ddb5-4fa4-a97d-d965ccfc6d4b" outcome="Failed" testListId="8c84fa94-04c1-424b-9868-57a2d4851a1d" relativeResultsDirectory="9f897b3e-b25f-488b-bf65-2f9ea92aa36e">
      <Output>
        <ErrorInfo>
          <Message>No se puede crear una instancia de la clase AOCR.Tests.Unit.DocumentoSubsanacionTests. Error: System.InvalidOperationException: Servidor AS400 no configurado..</Message>
          <StackTrace>    en CapaDatos.Infrastructure.AS400BaseDAO.BuildConnectionString(AS400Credentials creds) en C:\proyectos\AOCR\CapaDatos\Infrastructure\AS400BaseDAO.cs:línea 83&#xD;
   en CapaDatos.Infrastructure.AS400BaseDAO..ctor(ISecureConfigurationService configService, Int32 commandTimeout) en C:\proyectos\AOCR\CapaDatos\Infrastructure\AS400BaseDAO.cs:línea 47&#xD;
   en CapaDatos.DAOs.UsuarioAS400DAO..ctor(ISecureConfigurationService configService) en C:\proyectos\AOCR\CapaDatos\DAOs\UsuarioAS400DAO.cs:línea 21&#xD;
   en CapaNegocio.SolicitudAocrInfraBL..ctor() en C:\proyectos\AOCR\CapaNegocio\SolicitudAocrInfraBL.cs:línea 27&#xD;
   en CapaNegocio.Services.RevisionDocumentalService..ctor() en C:\proyectos\AOCR\CapaNegocio\Services\RevisionDocumentalService.cs:línea 65&#xD;
   en CapaNegocio.Services.DocumentoSubsanacionService..ctor() en C:\proyectos\AOCR\CapaNegocio\Services\DocumentoSubsanacionService.cs:línea 32&#xD;
   en AOCR.Tests.Unit.DocumentoSubsanacionTests..ctor() en C:\proyectos\AOCR\AOCR.Tests\Unit\DocumentoSubsanacionTests.cs:línea 15&#xD;
</StackTrace>
        </ErrorInfo>
      </Output>
    </UnitTestResult>
    <UnitTestResult executionId="418c5efb-42fb-4cd9-9bd2-84e53a568954" testId="06a17b38-eadc-1eab-5988-48d04a47946f" testName="NormalizarFiltro_PendientesAlias_DebeUnificar" computerName="DESKTOP-S4GE44J" duration="00:00:00.0000852" startTime="2026-07-14T15:16:46.7386442-05:00" endTime="2026-07-14T15:16:46.7386442-05:00" testType="13cdc9d9-ddb5-4fa4-a97d-d965ccfc6d4b" outcome="Passed" testListId="8c84fa94-04c1-424b-9868-57a2d4851a1d" relativeResultsDirectory="418c5efb-42fb-4cd9-9bd2-84e53a568954" />
    <UnitTestResult executionId="b5dc54b8-3c2d-44bb-8aa1-2f10bacd676e" testId="65669073-f6cb-b796-f369-61f20dec513b" testName="Matriz_TransicionesValidas_DebePermitir (AOCR En Revision,AOCR Validado)" computerName="DESKTOP-S4GE44J" duration="00:00:00.0000069" startTime="2026-07-14T15:16:45.3993576-05:00" endTime="2026-07-14T15:16:45.3993576-05:00" testType="13cdc9d9-ddb5-4fa4-a97d-d965ccfc6d4b" outcome="Passed" testListId="8c84fa94-04c1-424b-9868-57a2d4851a1d" relativeResultsDirectory="b5dc54b8-3c2d-44bb-8aa1-2f10bacd676e" />
    <UnitTestResult executionId="fbfc3916-2968-41a2-b3ad-6e5ba8040b1a" testId="b2764189-3653-005f-53bb-8993f83d050d" testName="Matriz_TransicionesValidas_DebePermitir (Solicitud Creada,Documentacion Pendiente)" computerName="DESKTOP-S4GE44J" duration="00:00:00.0005557" startTime="2026-07-14T15:16:45.3889894-05:00" endTime="2026-07-14T15:16:45.3993576-05:00" testType="13cdc9d9-ddb5-4fa4-a97d-d965ccfc6d4b" outcome="Passed" testListId="8c84fa94-04c1-424b-9868-57a2d4851a1d" relativeResultsDirectory="fbfc3916-2968-41a2-b3ad-6e5ba8040b1a" />
    <UnitTestResult executionId="b7de19bf-a0eb-4ca7-a092-a3db68556a4f" testId="7251ae37-4fae-b771-e07c-7ec420fc2986" testName="Matriz_TransicionesValidas_DebePermitir (Pendiente,En Revision)" computerName="DESKTOP-S4GE44J" duration="00:00:00.0000100" startTime="2026-07-14T15:16:45.3993576-05:00" endTime="2026-07-14T15:16:45.3993576-05:00" testType="13cdc9d9-ddb5-4fa4-a97d-d965ccfc6d4b" outcome="Passed" testListId="8c84fa94-04c1-424b-9868-57a2d4851a1d" relativeResultsDirectory="b7de19bf-a0eb-4ca7-a092-a3db68556a4f" />
    <UnitTestResult executionId="ab73c966-fa7d-471b-939f-6c258fa972a2" testId="2bfa21cf-04cd-b5e2-b012-55c4bde1e118" testName="EstadoPermiteAsignacionInicial_NoDebeIncluirEstadosCerrados (EN_INSPECCION)" computerName="DESKTOP-S4GE44J" duration="00:00:00.0000072" startTime="2026-07-14T15:16:45.4566669-05:00" endTime="2026-07-14T15:16:45.4566669-05:00" testType="13cdc9d9-ddb5-4fa4-a97d-d965ccfc6d4b" outcome="Passed" testListId="8c84fa94-04c1-424b-9868-57a2d4851a1d" relativeResultsDirectory="ab73c966-fa7d-471b-939f-6c258fa972a2" />
    <UnitTestResult executionId="ef0c5266-f96e-423e-b919-029921e8f4cf" testId="b54fcd9f-a548-9a0d-bdc9-033b7fd62307" testName="Matriz_TransicionesValidas_DebePermitir (Requiere Inspeccion,En Inspeccion)" computerName="DESKTOP-S4GE44J" duration="00:00:00.0000097" startTime="2026-07-14T15:16:45.3993576-05:00" endTime="2026-07-14T15:16:45.3993576-05:00" testType="13cdc9d9-ddb5-4fa4-a97d-d965ccfc6d4b" outcome="Passed" testListId="8c84fa94-04c1-424b-9868-57a2d4851a1d" relativeResultsDirectory="ef0c5266-f96e-423e-b919-029921e8f4cf" />
    <UnitTestResult executionId="1dfc668f-9b52-46dd-aa2c-c18f5cbced20" testId="fd4fbe43-116d-ad34-ad2e-9ad3bc17d610" testName="Matriz_FlujoModificacionConInspeccion_DebeDerivarAlModuloInspeccion" computerName="DESKTOP-S4GE44J" duration="00:00:00.0005851" startTime="2026-07-14T15:16:45.4243067-05:00" endTime="2026-07-14T15:16:45.4263153-05:00" testType="13cdc9d9-ddb5-4fa4-a97d-d965ccfc6d4b" outcome="Passed" testListId="8c84fa94-04c1-424b-9868-57a2d4851a1d" relativeResultsDirectory="1dfc668f-9b52-46dd-aa2c-c18f5cbced20" />
    <UnitTestResult executionId="adc96971-cd1b-46c3-bd51-64c5441b4cf2" testId="d925989e-ccfb-699e-945b-1068d4a9d076" testName="Matriz_TransicionesInvalidas_DebeBloquear (Documentacion Pendiente,AOCR En Revision)" computerName="DESKTOP-S4GE44J" duration="00:00:00.0000085" startTime="2026-07-14T15:16:45.4132788-05:00" endTime="2026-07-14T15:16:45.4153053-05:00" testType="13cdc9d9-ddb5-4fa4-a97d-d965ccfc6d4b" outcome="Passed" testListId="8c84fa94-04c1-424b-9868-57a2d4851a1d" relativeResultsDirectory="adc96971-cd1b-46c3-bd51-64c5441b4cf2" />
    <UnitTestResult executionId="3e6e5112-f24a-4330-88b5-ba247a7349f5" testId="ab22b181-3429-e86e-6465-1f121b42345b" testName="SolicitudAocrCorreo_ShouldUseStrongEventKeyOnlyForObservedEvent" computerName="DESKTOP-S4GE44J" duration="00:00:00.0006391" startTime="2026-07-14T15:16:45.4764393-05:00" endTime="2026-07-14T15:16:45.4764393-05:00" testType="13cdc9d9-ddb5-4fa4-a97d-d965ccfc6d4b" outcome="Passed" testListId="8c84fa94-04c1-424b-9868-57a2d4851a1d" relativeResultsDirectory="3e6e5112-f24a-4330-88b5-ba247a7349f5" />
    <UnitTestResult executionId="6d7eb88e-243d-4c97-a875-46d0396613bf" testId="f7a3d90e-65d4-6a2c-8951-5666bfc5eae4" testName="NormalizarEstado_DebeResolverAliasYMayusculas (en_revision_coordinador,EN_REVISION_COORDINADOR)" computerName="DESKTOP-S4GE44J" duration="00:00:00.0000044" startTime="2026-07-14T15:16:46.8042826-05:00" endTime="2026-07-14T15:16:46.8042826-05:00" testType="13cdc9d9-ddb5-4fa4-a97d-d965ccfc6d4b" outcome="Passed" testListId="8c84fa94-04c1-424b-9868-57a2d4851a1d" relativeResultsDirectory="6d7eb88e-243d-4c97-a875-46d0396613bf" />
    <UnitTestResult executionId="e147ef89-3ce2-489f-8be7-3c6a4a027a79" testId="6a764846-cce6-3a3c-cd99-0e21086a6d1e" testName="MigracionIncluyeRollback" computerName="DESKTOP-S4GE44J" duration="00:00:00.0002251" startTime="2026-07-14T15:16:46.7546134-05:00" endTime="2026-07-14T15:16:46.7546134-05:00" testType="13cdc9d9-ddb5-4fa4-a97d-d965ccfc6d4b" outcome="Passed" testListId="8c84fa94-04c1-424b-9868-57a2d4851a1d" relativeResultsDirectory="e147ef89-3ce2-489f-8be7-3c6a4a027a79" />
    <UnitTestResult executionId="24603d37-c424-4dcf-81a2-9e58871c1ac4" testId="005a415a-73ac-b18c-dba5-0331cef7b8c9" testName="EsTransicionPermitida_TransicionesInvalidas_DebeRetornarFalse (Enviado DCAV,Finalizado)" computerName="DESKTOP-S4GE44J" duration="00:00:00.0000101" startTime="2026-07-14T15:16:45.4760313-05:00" endTime="2026-07-14T15:16:45.4764393-05:00" testType="13cdc9d9-ddb5-4fa4-a97d-d965ccfc6d4b" outcome="Passed" testListId="8c84fa94-04c1-424b-9868-57a2d4851a1d" relativeResultsDirectory="24603d37-c424-4dcf-81a2-9e58871c1ac4" />
    <UnitTestResult executionId="c0dc183e-08b3-4e34-b90a-64e5640a7527" testId="1ac50a39-1c83-9157-d1bb-3b00d3520252" testName="CierreExigeDosFirmasHashTamanoFirmanteYArchivo" computerName="DESKTOP-S4GE44J" duration="00:00:00.0006367" startTime="2026-07-14T15:16:46.7546134-05:00" endTime="2026-07-14T15:16:46.7703757-05:00" testType="13cdc9d9-ddb5-4fa4-a97d-d965ccfc6d4b" outcome="Passed" testListId="8c84fa94-04c1-424b-9868-57a2d4851a1d" relativeResultsDirectory="c0dc183e-08b3-4e34-b90a-64e5640a7527" />
    <UnitTestResult executionId="1ffb3059-bf5d-4b89-a8ce-088797269a04" testId="e9ef9185-b157-384b-98ea-ca073bd9d557" testName="TransicionesNc_SonOptimistasYDevolucionCreaVersionSiguiente" computerName="DESKTOP-S4GE44J" duration="00:00:00.0005089" startTime="2026-07-14T15:16:46.7719760-05:00" endTime="2026-07-14T15:16:46.7719760-05:00" testType="13cdc9d9-ddb5-4fa4-a97d-d965ccfc6d4b" outcome="Passed" testListId="8c84fa94-04c1-424b-9868-57a2d4851a1d" relativeResultsDirectory="1ffb3059-bf5d-4b89-a8ce-088797269a04" />
    <UnitTestResult executionId="f7270eb6-8206-452f-8902-ff0d1305eb25" testId="63996215-e8c7-30cd-4934-179c2e4c4996" testName="EstadoPermiteAsignacionInicial_DebeIncluirEstadosDeCoordinacion (PENDIENTE_ASIGNACION_TECNICA)" computerName="DESKTOP-S4GE44J" duration="00:00:00.0000062" startTime="2026-07-14T15:16:45.4566669-05:00" endTime="2026-07-14T15:16:45.4566669-05:00" testType="13cdc9d9-ddb5-4fa4-a97d-d965ccfc6d4b" outcome="Passed" testListId="8c84fa94-04c1-424b-9868-57a2d4851a1d" relativeResultsDirectory="f7270eb6-8206-452f-8902-ff0d1305eb25" />
    <UnitTestResult executionId="224f4cf8-0f19-4db7-bc2e-3dcb69ab8abe" testId="5594b01b-2826-02e9-f688-f323455d2a53" testName="AocrFlujoService_EnInspeccion_A_Observada_DebePermitir" computerName="DESKTOP-S4GE44J" duration="00:00:00.0001678" startTime="2026-07-14T15:16:46.7546134-05:00" endTime="2026-07-14T15:16:46.7546134-05:00" testType="13cdc9d9-ddb5-4fa4-a97d-d965ccfc6d4b" outcome="Passed" testListId="8c84fa94-04c1-424b-9868-57a2d4851a1d" relativeResultsDirectory="224f4cf8-0f19-4db7-bc2e-3dcb69ab8abe" />
    <UnitTestResult executionId="7e336b13-3ad2-4ede-8322-c7116b308d14" testId="7306f0c5-f00c-42ca-1d4f-dfd8aa1a1d84" testName="AocrFinalWorkflowDecision_ShouldBeCentralizedInBusinessService" computerName="DESKTOP-S4GE44J" duration="00:00:00.0147704" startTime="2026-07-14T15:16:45.7680402-05:00" endTime="2026-07-14T15:16:45.7724138-05:00" testType="13cdc9d9-ddb5-4fa4-a97d-d965ccfc6d4b" outcome="Passed" testListId="8c84fa94-04c1-424b-9868-57a2d4851a1d" relativeResultsDirectory="7e336b13-3ad2-4ede-8322-c7116b308d14" />
    <UnitTestResult executionId="7fc698c1-07cb-4880-bde1-a995fd9b754c" testId="cb5852ac-9202-d124-e368-9efc31b077be" testName="Gate3_EsquemaReal_TieneDecisionAuditoriaYRestricciones" computerName="DESKTOP-S4GE44J" duration="00:00:00.0084582" startTime="2026-07-14T15:16:44.2390051-05:00" endTime="2026-07-14T15:16:44.2430854-05:00" testType="13cdc9d9-ddb5-4fa4-a97d-d965ccfc6d4b" outcome="Passed" testListId="8c84fa94-04c1-424b-9868-57a2d4851a1d" relativeResultsDirectory="7fc698c1-07cb-4880-bde1-a995fd9b754c" />
    <UnitTestResult executionId="2f719ff7-d0e7-422c-af7c-ec694e40f063" testId="160b4db9-2358-2dc2-f845-0c28e83988b3" testName="SolicitudEstadoTransition_ShouldKeepSafeGenericCorreoSuppressionScopeRestricted" computerName="DESKTOP-S4GE44J" duration="00:00:00.0006577" startTime="2026-07-14T15:16:45.4764393-05:00" endTime="2026-07-14T15:16:45.4764393-05:00" testType="13cdc9d9-ddb5-4fa4-a97d-d965ccfc6d4b" outcome="Passed" testListId="8c84fa94-04c1-424b-9868-57a2d4851a1d" relativeResultsDirectory="2f719ff7-d0e7-422c-af7c-ec694e40f063" />
    <UnitTestResult executionId="bcfce499-187d-4377-af28-a1a3f449588b" testId="e47674b4-3125-881c-8b67-bcc4e26d823f" testName="EsTransicionPermitida_TransicionesInvalidas_DebeRetornarFalse (AOCR Validado,En Inspeccion)" computerName="DESKTOP-S4GE44J" duration="00:00:00.0000130" startTime="2026-07-14T15:16:45.4764393-05:00" endTime="2026-07-14T15:16:45.4764393-05:00" testType="13cdc9d9-ddb5-4fa4-a97d-d965ccfc6d4b" outcome="Passed" testListId="8c84fa94-04c1-424b-9868-57a2d4851a1d" relativeResultsDirectory="bcfce499-187d-4377-af28-a1a3f449588b" />
    <UnitTestResult executionId="1bd137b7-1c35-4176-bbd1-0f74d7e1a00a" testId="e7969bba-7a35-c275-bcef-fc8723027760" testName="Adm1_Rt_FirmarLv_DebeDenegar" computerName="DESKTOP-S4GE44J" duration="00:00:00.0008741" startTime="2026-07-14T15:16:46.7719760-05:00" endTime="2026-07-14T15:16:46.7719760-05:00" testType="13cdc9d9-ddb5-4fa4-a97d-d965ccfc6d4b" outcome="Failed" testListId="8c84fa94-04c1-424b-9868-57a2d4851a1d" relativeResultsDirectory="1bd137b7-1c35-4176-bbd1-0f74d7e1a00a">
      <Output>
        <ErrorInfo>
          <Message>Excepción método de prueba AOCR.Tests.Unit.GateEAuthorizationTests.Adm1_Rt_FirmarLv_DebeDenegar: &#xD;
System.InvalidOperationException: Servidor AS400 no configurado.</Message>
          <StackTrace>    en CapaDatos.Infrastructure.AS400BaseDAO.BuildConnectionString(AS400Credentials creds) en C:\proyectos\AOCR\CapaDatos\Infrastructure\AS400BaseDAO.cs:línea 83&#xD;
   en CapaDatos.Infrastructure.AS400BaseDAO..ctor(ISecureConfigurationService configService, Int32 commandTimeout) en C:\proyectos\AOCR\CapaDatos\Infrastructure\AS400BaseDAO.cs:línea 47&#xD;
   en CapaDatos.DAOs.UsuarioAS400DAO..ctor(ISecureConfigurationService configService) en C:\proyectos\AOCR\CapaDatos\DAOs\UsuarioAS400DAO.cs:línea 21&#xD;
   en CapaNegocio.SolicitudAocrInfraBL..ctor() en C:\proyectos\AOCR\CapaNegocio\SolicitudAocrInfraBL.cs:línea 27&#xD;
   en CapaNegocio.Services.RevisionDocumentalService..ctor() en C:\proyectos\AOCR\CapaNegocio\Services\RevisionDocumentalService.cs:línea 65&#xD;
   en CapaNegocio.Services.AocrAuthorizationService..ctor() en C:\proyectos\AOCR\CapaNegocio\Services\AocrAuthorizationService.cs:línea 187&#xD;
   en AOCR.Tests.Unit.GateEAuthorizationTests.Adm1_Rt_FirmarLv_DebeDenegar() en C:\proyectos\AOCR\AOCR.Tests\Unit\GateEAuthorizationTests.cs:línea 77&#xD;
</StackTrace>
        </ErrorInfo>
      </Output>
    </UnitTestResult>
    <UnitTestResult executionId="ddb23b0f-2888-4f63-a93f-45f75b035b92" testId="e9346ba9-2311-99ef-3893-97b13073bebd" testName="InstitutionalEndpoints_ShouldKeepCurrentAuthorizationContracts" computerName="DESKTOP-S4GE44J" duration="00:00:00.0066663" startTime="2026-07-14T15:16:45.5155534-05:00" endTime="2026-07-14T15:16:45.5222128-05:00" testType="13cdc9d9-ddb5-4fa4-a97d-d965ccfc6d4b" outcome="Failed" testListId="8c84fa94-04c1-424b-9868-57a2d4851a1d" relativeResultsDirectory="ddb23b0f-2888-4f63-a93f-45f75b035b92">
      <Output>
        <ErrorInfo>
          <Message>Error de StringAssert.Contains. La cadena '[HttpPost]&#xD;
        [Authorize(Roles = RolesRevisionDocumentalOperativa)]&#xD;
        [ValidateAntiForgeryToken]&#xD;
        [AocrAuthorize(Modulo = "RevisionDocumental", Accion = "Revisar", CodigoSolicitudParameter = "id")]&#xD;
        public ActionResult FinalizarRevisionDocumental(' no contiene la cadena '[Authorize(Roles = "Inspector,Coordinador,CoordinadorInspecciones,Coordinacion,Administrador")]'. Roles inesperados en la acción FinalizarRevisionDocumental..</Message>
[...]
    <TestEntry testId="7e9cd71d-4b78-210d-66a7-54923bddb0a7" executionId="8a46adbf-a186-4ee8-8334-8b2d739fbdfc" testListId="8c84fa94-04c1-424b-9868-57a2d4851a1d" />
    <TestEntry testId="c64b76ae-5157-b803-a84f-d08dee60777f" executionId="989c402b-eccd-4f1d-8146-e2caad96e08a" testListId="8c84fa94-04c1-424b-9868-57a2d4851a1d" />
    <TestEntry testId="9a6c94b9-b7e6-cbe6-d365-2c3bc595b95c" executionId="981d1a71-8611-432b-bac2-6b668ee2ba3e" testListId="8c84fa94-04c1-424b-9868-57a2d4851a1d" />
    <TestEntry testId="878a4278-a0f6-94f8-ea23-1ec30b48b949" executionId="cea8bdd6-c280-4436-b384-13fe96501cb1" testListId="8c84fa94-04c1-424b-9868-57a2d4851a1d" />
    <TestEntry testId="a854b757-039c-411e-198e-38bb13e993f3" executionId="aabb5504-c560-4c96-83dd-80588946a0e7" testListId="8c84fa94-04c1-424b-9868-57a2d4851a1d" />
    <TestEntry testId="fedf9027-d64c-3e6a-820d-7867b4da4bbb" executionId="3c8bbcfc-90d7-43e7-8d3b-c7757317e4ec" testListId="8c84fa94-04c1-424b-9868-57a2d4851a1d" />
    <TestEntry testId="4fdb2e68-10e8-9dc8-9e50-b7b28fb44ef8" executionId="11690f90-8ba7-4e39-90b9-6712b0045e5e" testListId="8c84fa94-04c1-424b-9868-57a2d4851a1d" />
    <TestEntry testId="6bcc747c-5f0a-d155-3bb0-a13a08cdc65c" executionId="7be445bc-a0d8-4b5d-8107-b7c7e9d43cdf" testListId="8c84fa94-04c1-424b-9868-57a2d4851a1d" />
    <TestEntry testId="bcc8563c-8690-c44b-072d-8931bc479479" executionId="4d36806b-1ba8-4c62-aeae-82641ffbfc3d" testListId="8c84fa94-04c1-424b-9868-57a2d4851a1d" />
    <TestEntry testId="d75eaeb0-be87-eb8e-44cf-c18f13b8b7c8" executionId="11eb75f6-104e-4414-92f1-ab6ac473d00e" testListId="8c84fa94-04c1-424b-9868-57a2d4851a1d" />
    <TestEntry testId="f465e65c-778d-2bd1-2fb5-2d4c541f0ea3" executionId="c2385293-d0a2-42e0-925d-8a8aa8bca3ca" testListId="8c84fa94-04c1-424b-9868-57a2d4851a1d" />
    <TestEntry testId="e002909e-1f7c-6d09-cce7-2a891c73709b" executionId="8c9956af-c79f-450f-93cf-7dfba36e586e" testListId="8c84fa94-04c1-424b-9868-57a2d4851a1d" />
    <TestEntry testId="7ba9af93-e836-cee5-2d32-1f38b166c3bf" executionId="ed321fe0-9845-4c0f-858c-b153160e630d" testListId="8c84fa94-04c1-424b-9868-57a2d4851a1d" />
    <TestEntry testId="9e6870da-e22c-1c37-77d9-d922609d0876" executionId="c4889936-f377-4c38-8d7c-57eb99a42aec" testListId="8c84fa94-04c1-424b-9868-57a2d4851a1d" />
    <TestEntry testId="b6ca33b7-1dbe-d66e-3d99-9c54aeeed819" executionId="ff4ac197-3b3d-4ede-bcf9-17c9174278c2" testListId="8c84fa94-04c1-424b-9868-57a2d4851a1d" />
    <TestEntry testId="9a257d47-c25c-4046-6ece-592514569a27" executionId="491f9c5b-af04-41ca-9c68-321c1030050b" testListId="8c84fa94-04c1-424b-9868-57a2d4851a1d" />
    <TestEntry testId="027107e3-0458-4fc8-c12d-98d83839f2b8" executionId="94637578-a7fc-4551-9c2f-b05d8804dc93" testListId="8c84fa94-04c1-424b-9868-57a2d4851a1d" />
    <TestEntry testId="eead4f03-3e23-f0ad-7ce8-6f900563d9a2" executionId="2ee397ed-7190-4d2a-bfe8-c604e6d30a19" testListId="8c84fa94-04c1-424b-9868-57a2d4851a1d" />
    <TestEntry testId="8f5bd323-715e-c586-346f-740b3ccf7a4f" executionId="94760376-48b6-45a3-8289-903fa36bf388" testListId="8c84fa94-04c1-424b-9868-57a2d4851a1d" />
    <TestEntry testId="9913ac18-835d-ef2a-fd5b-77b5f63bdfb7" executionId="71fa2d19-bf7f-49ec-a8a9-32f756e4f947" testListId="8c84fa94-04c1-424b-9868-57a2d4851a1d" />
    <TestEntry testId="61fcb730-667d-43e9-6e65-2202a645cd97" executionId="a2df42b0-0d5d-4ebd-ac4a-1466ef43a283" testListId="8c84fa94-04c1-424b-9868-57a2d4851a1d" />
    <TestEntry testId="73f1f219-dae3-bac7-46f1-bcc26b5f130e" executionId="84b69a86-f46a-4d4b-9c64-33ae17c20d8b" testListId="8c84fa94-04c1-424b-9868-57a2d4851a1d" />
    <TestEntry testId="d441c96c-c1d8-7866-3ac6-95161ad310cd" executionId="b6aa6cb1-c03f-46ba-87c5-9bdc1b3d4e3e" testListId="8c84fa94-04c1-424b-9868-57a2d4851a1d" />
    <TestEntry testId="d4753ea5-7a73-da42-2b09-1b2e24fe28d3" executionId="17cf585e-2d02-43b5-8c94-36ad34d1d26d" testListId="8c84fa94-04c1-424b-9868-57a2d4851a1d" />
    <TestEntry testId="1116b586-7592-e513-66d4-64a2f24a7977" executionId="066356cf-ed4c-4170-a7d6-0d3b81b42530" testListId="8c84fa94-04c1-424b-9868-57a2d4851a1d" />
    <TestEntry testId="01997a9f-3a23-e5e9-deb9-864e87379393" executionId="11cc05e4-88d3-4ad2-aa1e-c450082bc71b" testListId="8c84fa94-04c1-424b-9868-57a2d4851a1d" />
    <TestEntry testId="f8598af7-50e5-3d5f-7542-ca8e63300ec5" executionId="e7f6bf2d-b502-4cce-b8ab-c1a4c524441d" testListId="8c84fa94-04c1-424b-9868-57a2d4851a1d" />
    <TestEntry testId="1c9c850f-e9cc-6746-d57b-f8101af5b0ba" executionId="b08d1eee-b68c-4c44-b0ad-9489a891d26f" testListId="8c84fa94-04c1-424b-9868-57a2d4851a1d" />
    <TestEntry testId="011f4e7d-42a6-7237-eb5c-a4f4604928ef" executionId="68048d90-03be-4576-a351-14c2c86604f1" testListId="8c84fa94-04c1-424b-9868-57a2d4851a1d" />
    <TestEntry testId="93df6aea-2888-6251-9b9e-cdf919274da3" executionId="6a9e1671-7699-4e08-8866-658681e95795" testListId="8c84fa94-04c1-424b-9868-57a2d4851a1d" />
    <TestEntry testId="20f3da0e-98a4-30ca-f142-4066265705ff" executionId="49eec399-d0bc-4f7a-8ea0-9c2ef372deaa" testListId="8c84fa94-04c1-424b-9868-57a2d4851a1d" />
    <TestEntry testId="8b2f8c39-66aa-9a67-5b44-b3416762c893" executionId="e8720249-ddd1-4e27-85f1-1a0027190c63" testListId="8c84fa94-04c1-424b-9868-57a2d4851a1d" />
    <TestEntry testId="ac3f7675-4029-0865-00a0-3f2e8bcbbf75" executionId="6342e723-360b-43b0-b03c-e2135fb30e26" testListId="8c84fa94-04c1-424b-9868-57a2d4851a1d" />
    <TestEntry testId="62aa0ace-7d33-cd3b-9ba0-29c677861cce" executionId="d53c2be2-ac18-4777-b2c0-b2a8083c3cd1" testListId="8c84fa94-04c1-424b-9868-57a2d4851a1d" />
    <TestEntry testId="0f8d89cc-3c25-0b90-bf6b-463ae237c8d9" executionId="336f5e0e-9dd1-4b71-ab51-f600f093bf4e" testListId="8c84fa94-04c1-424b-9868-57a2d4851a1d" />
    <TestEntry testId="28840b4e-8276-ff27-092e-a5f4e881148e" executionId="6c1fb71b-7226-4676-89cb-d9c7df88ee5c" testListId="8c84fa94-04c1-424b-9868-57a2d4851a1d" />
    <TestEntry testId="635f5c69-2052-56ac-66a5-5151569efbb8" executionId="c704f73e-9a05-40b1-b224-625073f762b7" testListId="8c84fa94-04c1-424b-9868-57a2d4851a1d" />
    <TestEntry testId="23ac7071-5378-9a6c-2824-2eb10bdf9a73" executionId="c510f297-87ad-4340-a719-b6a8ed82f580" testListId="8c84fa94-04c1-424b-9868-57a2d4851a1d" />
    <TestEntry testId="eeea4412-a75f-0fe2-f912-a1030e76415d" executionId="54b5b5e7-ba18-48e6-8615-86fadec4f35c" testListId="8c84fa94-04c1-424b-9868-57a2d4851a1d" />
    <TestEntry testId="6dd5ea09-15a3-2fbb-381c-3876a2b54b68" executionId="9a85a8f0-f00f-4e00-bfcc-7a04972dcd96" testListId="8c84fa94-04c1-424b-9868-57a2d4851a1d" />
    <TestEntry testId="ed12fcfd-51a2-cf79-3a3d-c1b6b44acf1c" executionId="92bc5add-a095-4096-a440-e260951b3c10" testListId="8c84fa94-04c1-424b-9868-57a2d4851a1d" />
    <TestEntry testId="ca483bd5-bcfe-7ffc-02d3-ea3604365680" executionId="05b92dff-a981-4681-bee0-04f6e650ce79" testListId="8c84fa94-04c1-424b-9868-57a2d4851a1d" />
    <TestEntry testId="9b9cb5b2-4343-6dde-c6ce-7af34d07069e" executionId="5f4688c5-c35d-4e45-8af4-cd5b2754b649" testListId="8c84fa94-04c1-424b-9868-57a2d4851a1d" />
    <TestEntry testId="a882b038-5977-8018-e193-35907df902ed" executionId="cc67dcda-a751-468a-8798-5e46db623d73" testListId="8c84fa94-04c1-424b-9868-57a2d4851a1d" />
    <TestEntry testId="475781ea-6ca7-1a3f-40c9-8dc760c867d2" executionId="c110ae9e-9df3-43ef-b749-0e5a269c323c" testListId="8c84fa94-04c1-424b-9868-57a2d4851a1d" />
    <TestEntry testId="f7309aa3-8ecf-4715-a3b8-a4bac3c0336f" executionId="2e46b0a6-ab9b-4438-a57d-36965e49eca2" testListId="8c84fa94-04c1-424b-9868-57a2d4851a1d" />
    <TestEntry testId="e897486a-d4ac-bee6-6a33-45b8206e68ab" executionId="1383c115-ba87-4633-a124-326d5c542e73" testListId="8c84fa94-04c1-424b-9868-57a2d4851a1d" />
    <TestEntry testId="5d4bfedd-0225-eef3-2127-50d8f8dff382" executionId="fb5b3681-7c70-4e92-80ea-ab20d05432eb" testListId="8c84fa94-04c1-424b-9868-57a2d4851a1d" />
    <TestEntry testId="6696147d-a247-3b09-95ce-3c19468426b2" executionId="07420410-98ea-4ef5-9044-315243b089ae" testListId="8c84fa94-04c1-424b-9868-57a2d4851a1d" />
    <TestEntry testId="b3305c2e-69e3-cf77-e830-c9d5565f812e" executionId="b1b1b875-8b3a-4fd9-86ac-381568cef0ab" testListId="8c84fa94-04c1-424b-9868-57a2d4851a1d" />
    <TestEntry testId="47c86c66-a6b3-d887-434a-85f481be13c7" executionId="30a0edb5-c683-42fb-9b3c-afa1d8552146" testListId="8c84fa94-04c1-424b-9868-57a2d4851a1d" />
    <TestEntry testId="0bcbf19e-7770-1551-9f13-2c5cb5228d14" executionId="d654b742-d4d8-499c-8a03-a3066b8af009" testListId="8c84fa94-04c1-424b-9868-57a2d4851a1d" />
    <TestEntry testId="b8c8de79-fde6-f9d9-7067-4c79377ae917" executionId="ad89648d-58a3-46cd-abd7-cc01a93f5819" testListId="8c84fa94-04c1-424b-9868-57a2d4851a1d" />
    <TestEntry testId="e341a365-1923-9471-dddd-87734be821e4" executionId="c1765099-dd49-4014-8501-08fc9801ef8c" testListId="8c84fa94-04c1-424b-9868-57a2d4851a1d" />
    <TestEntry testId="f4db67e1-4556-8e73-1ed7-178372bc52c5" executionId="75241f17-ac12-4fdd-bfa7-adee9fd579ed" testListId="8c84fa94-04c1-424b-9868-57a2d4851a1d" />
    <TestEntry testId="4811038c-b678-740c-0cfd-9912953b9b9f" executionId="14959edd-b5e8-447d-aa26-cf30d4b258f3" testListId="8c84fa94-04c1-424b-9868-57a2d4851a1d" />
    <TestEntry testId="2f8555ff-f6ff-125d-91d6-461c98dd5dfc" executionId="f228aedb-3803-4cde-87cc-aeb4592ff0d1" testListId="8c84fa94-04c1-424b-9868-57a2d4851a1d" />
    <TestEntry testId="8524fd19-a0a7-cd7c-e3ef-a83e05ec6059" executionId="a2610761-8e06-49c9-86b7-4a46efcc7e9b" testListId="8c84fa94-04c1-424b-9868-57a2d4851a1d" />
    <TestEntry testId="0569d7e2-4c17-3311-940b-773e49dd4c8e" executionId="3c33e6f6-8ecc-4475-9738-9057600a2757" testListId="8c84fa94-04c1-424b-9868-57a2d4851a1d" />
    <TestEntry testId="654a943d-e995-bd25-708f-0967f0002eba" executionId="08cff167-3659-4b66-b38d-69f392a6a65b" testListId="8c84fa94-04c1-424b-9868-57a2d4851a1d" />
    <TestEntry testId="35fc8718-fd18-ca2c-4063-434c82ef342c" executionId="8e359f5f-2448-4b9c-94a7-81ae6919ecef" testListId="8c84fa94-04c1-424b-9868-57a2d4851a1d" />
    <TestEntry testId="1a5ff273-79d6-735d-0283-2a12104068ad" executionId="4125eadb-4feb-4f5e-87be-d1eb8aff0a64" testListId="8c84fa94-04c1-424b-9868-57a2d4851a1d" />
    <TestEntry testId="d6c0b618-472e-692d-31d8-c19939ab634b" executionId="9ae18b06-10d6-43f7-bde1-2f3d7826c765" testListId="8c84fa94-04c1-424b-9868-57a2d4851a1d" />
    <TestEntry testId="0ed219f3-0d17-c3e0-bef0-a18d870abac4" executionId="0f531854-4da2-44e9-915a-edb5c61494c3" testListId="8c84fa94-04c1-424b-9868-57a2d4851a1d" />
    <TestEntry testId="e87e0e74-55e2-8bcf-86ed-551bd3c87430" executionId="e4ba0f20-a984-4a14-9414-70fb51bb5aa6" testListId="8c84fa94-04c1-424b-9868-57a2d4851a1d" />
    <TestEntry testId="3d058df1-d70c-be0b-f690-2dc4115ce34f" executionId="47d00966-c207-4565-9cbb-cce112d54296" testListId="8c84fa94-04c1-424b-9868-57a2d4851a1d" />
    <TestEntry testId="98e11d85-aaa7-ef6e-827d-847045b0992c" executionId="54fa1549-8df9-4c2f-b2db-6d1cd3e4f5d9" testListId="8c84fa94-04c1-424b-9868-57a2d4851a1d" />
    <TestEntry testId="a7db5e90-ba70-eb9f-924f-0c598e8e2950" executionId="b77da4de-c825-4104-a9c5-6ec720f25d4b" testListId="8c84fa94-04c1-424b-9868-57a2d4851a1d" />
    <TestEntry testId="b5c1ca36-54da-6416-b18a-45f43038b32c" executionId="f0b358f4-1cb8-443c-8a59-eca14e3cbbc5" testListId="8c84fa94-04c1-424b-9868-57a2d4851a1d" />
    <TestEntry testId="ffd992bd-b1ad-a0aa-9e23-eadded6dad21" executionId="ec87d9f7-fe56-4201-b864-d2bbf6f7bcbd" testListId="8c84fa94-04c1-424b-9868-57a2d4851a1d" />
    <TestEntry testId="c076bfee-9875-1277-f49c-6ae234bf6e06" executionId="ec34ceeb-79d8-42d9-a71d-1df0b8ef6288" testListId="8c84fa94-04c1-424b-9868-57a2d4851a1d" />
    <TestEntry testId="4d2154a7-4ef7-6c5e-d1cf-2c640c48242e" executionId="e2e39b83-2598-41f0-a487-debfb336e331" testListId="8c84fa94-04c1-424b-9868-57a2d4851a1d" />
    <TestEntry testId="dedf6be9-c657-a7af-d68b-36ed2908461d" executionId="d001346b-9d43-4823-8b89-4d6a6aaf4c30" testListId="8c84fa94-04c1-424b-9868-57a2d4851a1d" />
    <TestEntry testId="39eb4b34-0f53-b4f1-6cdb-764fb67667f8" executionId="8460dae7-2d51-44ed-8371-f723aae68db4" testListId="8c84fa94-04c1-424b-9868-57a2d4851a1d" />
    <TestEntry testId="b77c97ce-3c44-83e7-e4da-ff67ac4f2eee" executionId="c5c0d3df-59b5-48cb-bca8-48a59196a471" testListId="8c84fa94-04c1-424b-9868-57a2d4851a1d" />
    <TestEntry testId="9df2adbe-78be-e7d3-44c3-c74c994a3ae5" executionId="e4abe04e-a6d4-4cd6-9151-7c8a08fe25b3" testListId="8c84fa94-04c1-424b-9868-57a2d4851a1d" />
    <TestEntry testId="560f63a7-7337-a536-4f61-6f104f1b6dc1" executionId="12daaa60-b6fd-4baa-a666-0192b614062d" testListId="8c84fa94-04c1-424b-9868-57a2d4851a1d" />
    <TestEntry testId="4239db07-f4af-9762-5d58-0070fb510b67" executionId="07a44ed9-e836-46b1-91e0-d88a81c90401" testListId="8c84fa94-04c1-424b-9868-57a2d4851a1d" />
    <TestEntry testId="fb712e4c-a09a-a4b4-e631-d7f7301c144b" executionId="35cb5a1a-2ba7-489a-80f6-8fcc6cf901ee" testListId="8c84fa94-04c1-424b-9868-57a2d4851a1d" />
    <TestEntry testId="9c9d4ecf-2a37-e66e-fd1b-b36938ad5f74" executionId="f31cd9d7-3f2b-46d6-b60a-9b8b6a73299e" testListId="8c84fa94-04c1-424b-9868-57a2d4851a1d" />
    <TestEntry testId="6610b768-d115-7a2d-859e-2a476dac1781" executionId="1c3310ed-bc50-4bc3-8619-251b3f05b546" testListId="8c84fa94-04c1-424b-9868-57a2d4851a1d" />
    <TestEntry testId="2aa33a25-d1c6-ebf7-cade-0e5779faae0f" executionId="796a65b5-007f-4a87-a6b3-d6f2328cb5dd" testListId="8c84fa94-04c1-424b-9868-57a2d4851a1d" />
    <TestEntry testId="96f12811-b21d-62fa-320d-64e8143851e3" executionId="b0745009-acb6-4c9a-afe4-3065037912c6" testListId="8c84fa94-04c1-424b-9868-57a2d4851a1d" />
    <TestEntry testId="9e6da589-d1d4-2673-576f-395e7a104363" executionId="fd5a5654-6da6-49f0-8914-87bbc1183026" testListId="8c84fa94-04c1-424b-9868-57a2d4851a1d" />
    <TestEntry testId="cd2dd3fa-76dd-4981-a00d-2e8380a11a63" executionId="755d33b3-dd59-464f-b7f7-890c4cc72fd4" testListId="8c84fa94-04c1-424b-9868-57a2d4851a1d" />
    <TestEntry testId="d9058aca-6546-7044-e425-aff39ef3961d" executionId="2ba5dcc6-799a-4ea5-81c7-ff63c2f3e91a" testListId="8c84fa94-04c1-424b-9868-57a2d4851a1d" />
    <TestEntry testId="fd4587a8-9b3f-b06b-8694-678e8f368659" executionId="ed159e48-0172-404b-a655-4b93aa0ff8c0" testListId="8c84fa94-04c1-424b-9868-57a2d4851a1d" />
    <TestEntry testId="1dec9932-950a-a77c-7162-48166e093855" executionId="a463c96f-52aa-41c2-849a-a87700bf6f7a" testListId="8c84fa94-04c1-424b-9868-57a2d4851a1d" />
    <TestEntry testId="5c545f63-516c-6264-c3ca-fd7eb20ad0f0" executionId="b0c5782e-5ab4-4d4b-a9a0-7f10ecc6c38f" testListId="8c84fa94-04c1-424b-9868-57a2d4851a1d" />
    <TestEntry testId="eaf3fc54-d5b8-45e4-050f-781d005fddef" executionId="612574db-864a-49e5-81a6-86cd984d5291" testListId="8c84fa94-04c1-424b-9868-57a2d4851a1d" />
    <TestEntry testId="34ec84ec-acd9-0c3b-f504-bbd7e2de34e1" executionId="619b3bf2-f8ca-4d8c-82fb-8eb5b0fafe67" testListId="8c84fa94-04c1-424b-9868-57a2d4851a1d" />
    <TestEntry testId="1a84418d-a432-3caa-ea34-ac719b447791" executionId="b0fb4fe0-43f7-4f2a-a02c-d468c0c6f809" testListId="8c84fa94-04c1-424b-9868-57a2d4851a1d" />
    <TestEntry testId="98af0476-00fc-2b2e-5e94-efb32518d639" executionId="209b09c4-49d3-430e-9cf4-81c870562a6c" testListId="8c84fa94-04c1-424b-9868-57a2d4851a1d" />
    <TestEntry testId="a8289370-5271-67f0-5e65-4230fac8dd18" executionId="88e0e886-7ead-4410-a057-b7aad3a85793" testListId="8c84fa94-04c1-424b-9868-57a2d4851a1d" />
    <TestEntry testId="11d557d1-7edc-cfe1-4cae-1b1e55518806" executionId="1c26c41d-1da2-4fb1-a5da-3560a4c16477" testListId="8c84fa94-04c1-424b-9868-57a2d4851a1d" />
    <TestEntry testId="05186b2f-9c63-b743-696b-43e1af6243d3" executionId="b3553436-4a2b-4ea7-a68a-0580059a551d" testListId="8c84fa94-04c1-424b-9868-57a2d4851a1d" />
    <TestEntry testId="55f3a4f2-6020-440a-ef9f-f35d7b91779a" executionId="0c1764e1-91fd-49d6-80d1-ef42ae39de9f" testListId="8c84fa94-04c1-424b-9868-57a2d4851a1d" />
    <TestEntry testId="c18a8c4b-dcfa-93d9-3cbc-c5fa0fdb4b09" executionId="1459db72-b2a6-458f-97c9-ce7cbc9fc6cd" testListId="8c84fa94-04c1-424b-9868-57a2d4851a1d" />
    <TestEntry testId="dcd71ad7-14aa-7e6f-52ce-11ded93c00b5" executionId="d9e7b4e9-b48a-4762-8e5f-71ecb8be2838" testListId="8c84fa94-04c1-424b-9868-57a2d4851a1d" />
    <TestEntry testId="adc16812-ca09-1332-8065-58d159fea0ad" executionId="9dddd1fc-032c-41a3-8abc-a15668dea82a" testListId="8c84fa94-04c1-424b-9868-57a2d4851a1d" />
    <TestEntry testId="c50e381a-7385-4723-4127-a39c19c75215" executionId="79688535-e106-4c2d-8de5-8c161a0212e5" testListId="8c84fa94-04c1-424b-9868-57a2d4851a1d" />
    <TestEntry testId="251fd80f-24ba-01f0-4255-b9905045cb2b" executionId="3dfdff7d-236c-4f28-9293-d8de354acc59" testListId="8c84fa94-04c1-424b-9868-57a2d4851a1d" />
    <TestEntry testId="8bd54b3b-52ea-b441-3df4-26f5f61ddae6" executionId="f65b3a35-ccfe-4e4f-ad77-6f2fbbf2fe7e" testListId="8c84fa94-04c1-424b-9868-57a2d4851a1d" />
    <TestEntry testId="e21046f1-55d0-dd66-39e2-59a6463ea634" executionId="5f5dd491-d421-454d-bc34-4413a1d9512a" testListId="8c84fa94-04c1-424b-9868-57a2d4851a1d" />
    <TestEntry testId="e7c2c311-456b-9100-d2b8-2c29a30333e5" executionId="8b90cc51-aa43-40ca-9ba8-e9de1745e658" testListId="8c84fa94-04c1-424b-9868-57a2d4851a1d" />
    <TestEntry testId="2ba5c6ae-4a8f-bbaf-331f-7160cf206c2c" executionId="1680676b-d59b-47a2-ab3a-cd8e55cba6e1" testListId="8c84fa94-04c1-424b-9868-57a2d4851a1d" />
    <TestEntry testId="c1158305-8c26-6b9b-8684-003ac57f6239" executionId="21605ae7-5d1c-4e39-92cb-827cb179c9b8" testListId="8c84fa94-04c1-424b-9868-57a2d4851a1d" />
    <TestEntry testId="a973036a-5535-0c58-dda4-5c8b35c02b11" executionId="f5e27890-ec58-42c2-85bc-94613d2ef9a0" testListId="8c84fa94-04c1-424b-9868-57a2d4851a1d" />
    <TestEntry testId="ef350f34-e699-8f0d-3b46-6a236ba77c83" executionId="0463d825-2c04-469a-9fcd-add0a1be3623" testListId="8c84fa94-04c1-424b-9868-57a2d4851a1d" />
    <TestEntry testId="27baf676-6726-4025-e040-8834fe41c6b4" executionId="26b80674-348d-423f-8d11-62e996d326b8" testListId="8c84fa94-04c1-424b-9868-57a2d4851a1d" />
    <TestEntry testId="f4f8bf47-2a59-da25-0b68-ae7f4f9e4f53" executionId="db599c6d-ed99-47d8-9c41-3d2611c50ce9" testListId="8c84fa94-04c1-424b-9868-57a2d4851a1d" />
    <TestEntry testId="69d8262a-3a31-f1a6-5913-532b23e042be" executionId="37068cef-3418-4020-b55a-d8ef053f8405" testListId="8c84fa94-04c1-424b-9868-57a2d4851a1d" />
    <TestEntry testId="e0199b15-fa31-f0be-64b9-0a763b398054" executionId="9d23445b-4fd8-47ff-b5e2-8f1b0e2dc7cc" testListId="8c84fa94-04c1-424b-9868-57a2d4851a1d" />
    <TestEntry testId="6f1a876c-db6f-75ee-aca7-46e65cb9a40a" executionId="0dbbdd3b-01a9-49d5-8905-d71abbdf13b1" testListId="8c84fa94-04c1-424b-9868-57a2d4851a1d" />
    <TestEntry testId="8ade99e1-9c67-55a8-03c4-111bbf42bf53" executionId="7f8325c1-b2e0-4d36-8133-3d37fee9c673" testListId="8c84fa94-04c1-424b-9868-57a2d4851a1d" />
    <TestEntry testId="763ac668-1b3d-f864-03c2-5d2b80a6b1e0" executionId="899ac887-7a3c-4947-82da-710b30f9341a" testListId="8c84fa94-04c1-424b-9868-57a2d4851a1d" />
  </TestEntries>
  <TestLists>
    <TestList name="Resultados sin formato de lista" id="8c84fa94-04c1-424b-9868-57a2d4851a1d" />
    <TestList name="Todos los resultados cargados" id="19431567-8539-422a-85d7-44ee4e166bda" />
  </TestLists>
  <ResultSummary outcome="Failed">
    <Counters total="281" executed="280" passed="261" failed="19" error="0" timeout="0" aborted="0" inconclusive="0" passedButRunAborted="0" notRunnable="0" notExecuted="0" disconnected="0" warning="0" completed="0" inProgress="0" pending="0" />
    <Output>
      <StdOut>Se ha omitido la prueba 'FlujoCompleto_CrearOrdenHastaPago_Exitoso' en la serie de pruebas.&#xD;
</StdOut>
    </Output>
  </ResultSummary>
</TestRun>