<?xml version="1.0" encoding="utf-8"?>
<TestRun id="3ce899f0-1b76-4fb0-a447-34fcf7619dc8" name="german.cajas@DESKTOP-S4GE44J 2026-07-14 14:01:00" runUser="DGAC\german.cajas" xmlns="http://microsoft.com/schemas/VisualStudio/TeamTest/2010">
  <Times creation="2026-07-14T14:01:00.2457399-05:00" queuing="2026-07-14T14:01:00.2457399-05:00" start="2026-07-14T14:00:57.3986383-05:00" finish="2026-07-14T14:01:00.2765611-05:00" />
  <TestSettings name="default" id="c3d9ddcf-eadf-451d-ae93-9bdd37a6b1a7">
    <Deployment runDeploymentRoot="german.cajas_DESKTOP-S4GE44J_2026-07-14_14_01_00" />
  </TestSettings>
  <Results>
    <UnitTestResult executionId="27979c35-7ad6-459a-97e9-bb75aac64b8b" testId="10fe6006-2ece-b512-4c69-1105b1f66714" testName="Gate1_EsquemaReal_TieneRelacionesRestriccionesEIndices" computerName="DESKTOP-S4GE44J" duration="00:00:01.5736151" startTime="2026-07-14T14:00:58.1514926-05:00" endTime="2026-07-14T14:01:00.0370993-05:00" testType="13cdc9d9-ddb5-4fa4-a97d-d965ccfc6d4b" outcome="Passed" testListId="8c84fa94-04c1-424b-9868-57a2d4851a1d" relativeResultsDirectory="27979c35-7ad6-459a-97e9-bb75aac64b8b" />
    <UnitTestResult executionId="f2a424e6-1404-4216-8fff-4f2565cce1f7" testId="9b1515cc-132f-d239-a6e7-32a708caf004" testName="Gate1_VinculoNuevaEvaluacion_EsTransaccionalEIdempotente" computerName="DESKTOP-S4GE44J" duration="00:00:00.0385992" startTime="2026-07-14T14:01:00.0434520-05:00" endTime="2026-07-14T14:01:00.0888702-05:00" testType="13cdc9d9-ddb5-4fa4-a97d-d965ccfc6d4b" outcome="Passed" testListId="8c84fa94-04c1-424b-9868-57a2d4851a1d" relativeResultsDirectory="f2a424e6-1404-4216-8fff-4f2565cce1f7" />
    <UnitTestResult executionId="10070002-7b88-4e76-a4e7-2dd02185516d" testId="e848da9d-3550-5144-919b-ed267fea28ae" testName="Gate1_RestriccionTipoRuta_RechazaValorInvalidoSinPersistir" computerName="DESKTOP-S4GE44J" duration="00:00:00.0096964" startTime="2026-07-14T14:01:00.0888702-05:00" endTime="2026-07-14T14:01:00.0960978-05:00" testType="13cdc9d9-ddb5-4fa4-a97d-d965ccfc6d4b" outcome="Passed" testListId="8c84fa94-04c1-424b-9868-57a2d4851a1d" relativeResultsDirectory="10070002-7b88-4e76-a4e7-2dd02185516d" />
  </Results>
  <TestDefinitions>
    <UnitTest name="Gate1_RestriccionTipoRuta_RechazaValorInvalidoSinPersistir" storage="c:\proyectos\aocr\aocr.tests\bin\debug\aocr.tests.dll" id="e848da9d-3550-5144-919b-ed267fea28ae">
      <TestCategory>
        <TestCategoryItem TestCategory="Integration" />
      </TestCategory>
      <Execution id="10070002-7b88-4e76-a4e7-2dd02185516d" />
      <TestMethod codeBase="C:\proyectos\AOCR\AOCR.Tests\bin\Debug\AOCR.Tests.dll" adapterTypeName="executor://mstestadapter/v2" className="AOCR.Tests.Integration.Gate1NoConformidadRelacionesIntegrationTests" name="Gate1_RestriccionTipoRuta_RechazaValorInvalidoSinPersistir" />
    </UnitTest>
    <UnitTest name="Gate1_EsquemaReal_TieneRelacionesRestriccionesEIndices" storage="c:\proyectos\aocr\aocr.tests\bin\debug\aocr.tests.dll" id="10fe6006-2ece-b512-4c69-1105b1f66714">
      <TestCategory>
        <TestCategoryItem TestCategory="Integration" />
      </TestCategory>
      <Execution id="27979c35-7ad6-459a-97e9-bb75aac64b8b" />
      <TestMethod codeBase="C:\proyectos\AOCR\AOCR.Tests\bin\Debug\AOCR.Tests.dll" adapterTypeName="executor://mstestadapter/v2" className="AOCR.Tests.Integration.Gate1NoConformidadRelacionesIntegrationTests" name="Gate1_EsquemaReal_TieneRelacionesRestriccionesEIndices" />
    </UnitTest>
    <UnitTest name="Gate1_VinculoNuevaEvaluacion_EsTransaccionalEIdempotente" storage="c:\proyectos\aocr\aocr.tests\bin\debug\aocr.tests.dll" id="9b1515cc-132f-d239-a6e7-32a708caf004">
      <TestCategory>
        <TestCategoryItem TestCategory="Integration" />
      </TestCategory>
      <Execution id="f2a424e6-1404-4216-8fff-4f2565cce1f7" />
      <TestMethod codeBase="C:\proyectos\AOCR\AOCR.Tests\bin\Debug\AOCR.Tests.dll" adapterTypeName="executor://mstestadapter/v2" className="AOCR.Tests.Integration.Gate1NoConformidadRelacionesIntegrationTests" name="Gate1_VinculoNuevaEvaluacion_EsTransaccionalEIdempotente" />
    </UnitTest>
  </TestDefinitions>
  <TestEntries>
    <TestEntry testId="10fe6006-2ece-b512-4c69-1105b1f66714" executionId="27979c35-7ad6-459a-97e9-bb75aac64b8b" testListId="8c84fa94-04c1-424b-9868-57a2d4851a1d" />
    <TestEntry testId="9b1515cc-132f-d239-a6e7-32a708caf004" executionId="f2a424e6-1404-4216-8fff-4f2565cce1f7" testListId="8c84fa94-04c1-424b-9868-57a2d4851a1d" />
    <TestEntry testId="e848da9d-3550-5144-919b-ed267fea28ae" executionId="10070002-7b88-4e76-a4e7-2dd02185516d" testListId="8c84fa94-04c1-424b-9868-57a2d4851a1d" />
  </TestEntries>
  <TestLists>
    <TestList name="Resultados sin formato de lista" id="8c84fa94-04c1-424b-9868-57a2d4851a1d" />
    <TestList name="Todos los resultados cargados" id="19431567-8539-422a-85d7-44ee4e166bda" />
  </TestLists>
  <ResultSummary outcome="Completed">
    <Counters total="3" executed="3" passed="3" failed="0" error="0" timeout="0" aborted="0" inconclusive="0" passedButRunAborted="0" notRunnable="0" notExecuted="0" disconnected="0" warning="0" completed="0" inProgress="0" pending="0" />
  </ResultSummary>
</TestRun>