<?xml version="1.0" encoding="utf-8"?>
<TestRun id="f86f35e4-268f-41be-b564-8e859aa1fe36" name="german.cajas@DESKTOP-S4GE44J 2026-07-14 14:26:10" runUser="DGAC\german.cajas" xmlns="http://microsoft.com/schemas/VisualStudio/TeamTest/2010">
  <Times creation="2026-07-14T14:26:10.0937001-05:00" queuing="2026-07-14T14:26:10.0937001-05:00" start="2026-07-14T14:26:08.4742501-05:00" finish="2026-07-14T14:26:13.1142491-05:00" />
  <TestSettings name="default" id="cc95b33b-5e7b-4b93-b653-7dadcb8ef8f5">
    <Deployment runDeploymentRoot="german.cajas_DESKTOP-S4GE44J_2026-07-14_14_26_10" />
  </TestSettings>
  <Results>
    <UnitTestResult executionId="5286c2e5-8a30-42ad-b631-f2bbab3cd0c5" testId="b2a20e12-fde6-ec3c-bd36-a6896401b109" testName="DebeMostrarAccionInspeccion_SinConfirmacionInspector_DebeSerFalse" computerName="DESKTOP-S4GE44J" duration="00:00:00.0004392" startTime="2026-07-14T14:26:12.9800384-05:00" endTime="2026-07-14T14:26:12.9800384-05:00" testType="13cdc9d9-ddb5-4fa4-a97d-d965ccfc6d4b" outcome="Passed" testListId="8c84fa94-04c1-424b-9868-57a2d4851a1d" relativeResultsDirectory="5286c2e5-8a30-42ad-b631-f2bbab3cd0c5" />
    <UnitTestResult executionId="b771785a-c3d6-4fa6-abe3-800d616d6a54" testId="d4753ea5-7a73-da42-2b09-1b2e24fe28d3" testName="Matriz_TransicionesValidas_DebePermitir (Documentacion Pendiente,Observada)" computerName="DESKTOP-S4GE44J" duration="00:00:00.0000050" startTime="2026-07-14T14:26:11.5478427-05:00" endTime="2026-07-14T14:26:11.5478427-05:00" testType="13cdc9d9-ddb5-4fa4-a97d-d965ccfc6d4b" outcome="Passed" testListId="8c84fa94-04c1-424b-9868-57a2d4851a1d" relativeResultsDirectory="b771785a-c3d6-4fa6-abe3-800d616d6a54" />
    <UnitTestResult executionId="c0e22bbc-68fe-4214-9d17-f2a8ddc43b32" testId="d8246ea7-a442-c3e1-c3db-586a600310ec" testName="PuedeAccederRevisionDocumental_InspectorAsignadoEnInspeccion_DebePermitir" computerName="DESKTOP-S4GE44J" duration="00:00:00.0032351" startTime="2026-07-14T14:26:12.9810402-05:00" endTime="2026-07-14T14:26:12.9840386-05:00" testType="13cdc9d9-ddb5-4fa4-a97d-d965ccfc6d4b" outcome="Passed" testListId="8c84fa94-04c1-424b-9868-57a2d4851a1d" relativeResultsDirectory="c0e22bbc-68fe-4214-9d17-f2a8ddc43b32" />
    <UnitTestResult executionId="4264ad7f-c749-4c2d-9716-1c5f9247a854" testId="6bcc747c-5f0a-d155-3bb0-a13a08cdc65c" testName="Gate3_CheckReal_ExigeComentarioParaRechazo" computerName="DESKTOP-S4GE44J" duration="00:00:00.0043669" startTime="2026-07-14T14:26:11.4077175-05:00" endTime="2026-07-14T14:26:11.4127999-05:00" testType="13cdc9d9-ddb5-4fa4-a97d-d965ccfc6d4b" outcome="Passed" testListId="8c84fa94-04c1-424b-9868-57a2d4851a1d" relativeResultsDirectory="4264ad7f-c749-4c2d-9716-1c5f9247a854" />
    <UnitTestResult executionId="68503d82-51de-4d3f-82fc-d7cd2fadc34d" testId="e341a365-1923-9471-dddd-87734be821e4" testName="InspeccionWorkflow_ShouldRequireFormalNcApprovalBeforeRoutingRtOrNewInspection" computerName="DESKTOP-S4GE44J" duration="00:00:00.0003810" startTime="2026-07-14T14:26:11.5184257-05:00" endTime="2026-07-14T14:26:11.5184257-05:00" testType="13cdc9d9-ddb5-4fa4-a97d-d965ccfc6d4b" outcome="Passed" testListId="8c84fa94-04c1-424b-9868-57a2d4851a1d" relativeResultsDirectory="68503d82-51de-4d3f-82fc-d7cd2fadc34d" />
    <UnitTestResult executionId="b80dad98-f143-49fd-ab6f-299e66e02252" testId="4a1e8703-c314-b846-8b7a-65b5c6956de2" testName="DireccionAprobar_ShouldContinueSyncingSolicitudAocrAfterFinalDecision" computerName="DESKTOP-S4GE44J" duration="00:00:00.0022245" startTime="2026-07-14T14:26:11.6137065-05:00" endTime="2026-07-14T14:26:11.6157096-05:00" testType="13cdc9d9-ddb5-4fa4-a97d-d965ccfc6d4b" outcome="Passed" testListId="8c84fa94-04c1-424b-9868-57a2d4851a1d" relativeResultsDirectory="b80dad98-f143-49fd-ab6f-299e66e02252" />
    <UnitTestResult executionId="c4f6cad8-4477-43b7-8f1f-25b0e4d497ea" testId="251fd80f-24ba-01f0-4255-b9905045cb2b" testName="Matriz_TransicionesValidas_DebePermitir (En Revision Coordinador Final,Enviado DCAV)" computerName="DESKTOP-S4GE44J" duration="00:00:00.0000044" startTime="2026-07-14T14:26:11.5478427-05:00" endTime="2026-07-14T14:26:11.5478427-05:00" testType="13cdc9d9-ddb5-4fa4-a97d-d965ccfc6d4b" outcome="Passed" testListId="8c84fa94-04c1-424b-9868-57a2d4851a1d" relativeResultsDirectory="c4f6cad8-4477-43b7-8f1f-25b0e4d497ea" />
    <UnitTestResult executionId="729c0934-7f06-4558-bf54-6ecbb80f22b2" testId="6f81574e-136a-66d4-6a01-38ca2c6dd3bc" testName="Matriz_TransicionesValidas_DebePermitir (Pendiente Asignacion RT,En Inspeccion)" computerName="DESKTOP-S4GE44J" duration="00:00:00.0000046" startTime="2026-07-14T14:26:11.5478427-05:00" endTime="2026-07-14T14:26:11.5478427-05:00" testType="13cdc9d9-ddb5-4fa4-a97d-d965ccfc6d4b" outcome="Passed" testListId="8c84fa94-04c1-424b-9868-57a2d4851a1d" relativeResultsDirectory="729c0934-7f06-4558-bf54-6ecbb80f22b2" />
    <UnitTestResult executionId="8c61856d-1791-43f2-abd3-32a876a5e7a0" testId="385feb60-b8b9-f9f9-7d31-6dd659d709fb" testName="Matriz_NormalizacionEstadosModificacion_DebeMapearEstadosCanonicos (DOCUMENTACION_ACEPTADA,Aceptacion Documental)" computerName="DESKTOP-S4GE44J" duration="00:00:00.0002079" startTime="2026-07-14T14:26:11.5478427-05:00" endTime="2026-07-14T14:26:11.5478427-05:00" testType="13cdc9d9-ddb5-4fa4-a97d-d965ccfc6d4b" outcome="Passed" testListId="8c84fa94-04c1-424b-9868-57a2d4851a1d" relativeResultsDirectory="8c61856d-1791-43f2-abd3-32a876a5e7a0" />
    <UnitTestResult executionId="b93febb9-e421-47ca-9e0a-821ab6ba5e60" testId="6929b532-3455-7dbe-aaee-0ae04ed24374" testName="AprobacionDcav_HabilitaModulosSieteYOcho" computerName="DESKTOP-S4GE44J" duration="00:00:00.0025719" startTime="2026-07-14T14:26:12.9583244-05:00" endTime="2026-07-14T14:26:12.9618438-05:00" testType="13cdc9d9-ddb5-4fa4-a97d-d965ccfc6d4b" outcome="Passed" testListId="8c84fa94-04c1-424b-9868-57a2d4851a1d" relativeResultsDirectory="b93febb9-e421-47ca-9e0a-821ab6ba5e60" />
    <UnitTestResult executionId="55e87285-118b-4e7c-8621-06eedaa06963" testId="6ac28198-8c93-5c6c-55de-050e7fbeece1" testName="EstadoPermiteAsignacionInicial_DebeIncluirEstadosDeCoordinacion (En Revision)" computerName="DESKTOP-S4GE44J" duration="00:00:00.0000051" startTime="2026-07-14T14:26:11.5801505-05:00" endTime="2026-07-14T14:26:11.5801505-05:00" testType="13cdc9d9-ddb5-4fa4-a97d-d965ccfc6d4b" outcome="Passed" testListId="8c84fa94-04c1-424b-9868-57a2d4851a1d" relativeResultsDirectory="55e87285-118b-4e7c-8621-06eedaa06963" />
    <UnitTestResult executionId="1ea1bf39-c498-456b-ba4e-a8ac78f6efdc" testId="8f977c7e-1337-aa91-201c-87e343bd99c1" testName="EsTransicionPermitida_TransicionesValidas_DebeRetornarTrue (Requiere Inspeccion,Pendiente Asignacion RT)" computerName="DESKTOP-S4GE44J" duration="00:00:00.0000052" startTime="2026-07-14T14:26:11.5843829-05:00" endTime="2026-07-14T14:26:11.5843829-05:00" testType="13cdc9d9-ddb5-4fa4-a97d-d965ccfc6d4b" outcome="Passed" testListId="8c84fa94-04c1-424b-9868-57a2d4851a1d" relativeResultsDirectory="1ea1bf39-c498-456b-ba4e-a8ac78f6efdc" />
    <UnitTestResult executionId="fd95cfa2-fd46-4cdf-a581-b516ab21f383" testId="d6c59b33-2d15-52dd-c769-ba46c76dcaa7" testName="InspeccionWorkflow_ShouldDeriveInspectionResultFromSignedTechnicalReport" computerName="DESKTOP-S4GE44J" duration="00:00:00.0002989" startTime="2026-07-14T14:26:11.4978228-05:00" endTime="2026-07-14T14:26:11.4978228-05:00" testType="13cdc9d9-ddb5-4fa4-a97d-d965ccfc6d4b" outcome="Passed" testListId="8c84fa94-04c1-424b-9868-57a2d4851a1d" relativeResultsDirectory="fd95cfa2-fd46-4cdf-a581-b516ab21f383" />
    <UnitTestResult executionId="bbb7d14c-3012-4c62-b0f3-ccf0d97e7c80" testId="b3305c2e-69e3-cf77-e830-c9d5565f812e" testName="UsuarioPuedeTransicionarEstadoAocr_Subsanada_ConRolExternoPermitido_DebeRetornarTrue (Solicitante)" computerName="DESKTOP-S4GE44J" duration="00:00:00.0061688" startTime="2026-07-14T14:26:11.5311528-05:00" endTime="2026-07-14T14:26:11.5478427-05:00" testType="13cdc9d9-ddb5-4fa4-a97d-d965ccfc6d4b" outcome="Passed" testListId="8c84fa94-04c1-424b-9868-57a2d4851a1d" relativeResultsDirectory="bbb7d14c-3012-4c62-b0f3-ccf0d97e7c80" />
    <UnitTestResult executionId="3e3e6a7e-5e5f-4b5e-8cd1-934db03feaa6" testId="84f0f9fc-fd71-c2d4-a3c2-44dce01adef7" testName="EsTransicionPermitida_TransicionesValidas_DebeRetornarTrue (Aceptacion Documental,Pendiente Asignacion RT)" computerName="DESKTOP-S4GE44J" duration="00:00:00.0000058" startTime="2026-07-14T14:26:11.5843829-05:00" endTime="2026-07-14T14:26:11.5843829-05:00" testType="13cdc9d9-ddb5-4fa4-a97d-d965ccfc6d4b" outcome="Passed" testListId="8c84fa94-04c1-424b-9868-57a2d4851a1d" relativeResultsDirectory="3e3e6a7e-5e5f-4b5e-8cd1-934db03feaa6" />
    <UnitTestResult executionId="ab268f6c-474e-4ad2-bc3e-ed5b45b3be76" testId="5bb6a88d-92cf-ad24-4246-eb79316e0c63" testName="Matriz_TransicionesInvalidas_DebeBloquear (AOCR En Revision,AOCR Emitido/Recibido)" computerName="DESKTOP-S4GE44J" duration="00:00:00.0000048" startTime="2026-07-14T14:26:11.5478427-05:00" endTime="2026-07-14T14:26:11.5478427-05:00" testType="13cdc9d9-ddb5-4fa4-a97d-d965ccfc6d4b" outcome="Passed" testListId="8c84fa94-04c1-424b-9868-57a2d4851a1d" relativeResultsDirectory="ab268f6c-474e-4ad2-bc3e-ed5b45b3be76" />
    <UnitTestResult executionId="d5477106-d212-4f71-91ff-45906631c31e" testId="f7309aa3-8ecf-4715-a3b8-a4bac3c0336f" testName="PuedeRtSubsanarDocumento_SoloDevueltoPorInspector_RetornaTrue" computerName="DESKTOP-S4GE44J" duration="00:00:00.0024192" startTime="2026-07-14T14:26:11.8324910-05:00" endTime="2026-07-14T14:26:11.8344874-05:00" testType="13cdc9d9-ddb5-4fa4-a97d-d965ccfc6d4b" outcome="Failed" testListId="8c84fa94-04c1-424b-9868-57a2d4851a1d" relativeResultsDirectory="d5477106-d212-4f71-91ff-45906631c31e">
      <Output>
        <ErrorInfo>
          <Message>No se puede crear una instancia de la clase AOCR.Tests.Unit.DocumentoSubsanacionTests. Error: System.InvalidOperationException: Servidor AS400 no configurado..</Message>
          <StackTrace>    en CapaDatos.Infrastructure.AS400BaseDAO.BuildConnectionString(AS400Credentials creds) en C:\proyectos\AOCR\CapaDatos\Infrastructure\AS400BaseDAO.cs:línea 76&#xD;
   en CapaDatos.Infrastructure.AS400BaseDAO..ctor(ISecureConfigurationService configService, Int32 commandTimeout) en C:\proyectos\AOCR\CapaDatos\Infrastructure\AS400BaseDAO.cs:línea 47&#xD;
   en CapaDatos.DAOs.UsuarioAS400DAO..ctor(ISecureConfigurationService configService) en C:\proyectos\AOCR\CapaDatos\DAOs\UsuarioAS400DAO.cs:línea 19&#xD;
   en CapaNegocio.SolicitudAocrInfraBL..ctor() en C:\proyectos\AOCR\CapaNegocio\SolicitudAocrInfraBL.cs:línea 27&#xD;
   en CapaNegocio.Services.RevisionDocumentalService..ctor() en C:\proyectos\AOCR\CapaNegocio\Services\RevisionDocumentalService.cs:línea 65&#xD;
   en CapaNegocio.Services.DocumentoSubsanacionService..ctor() en C:\proyectos\AOCR\CapaNegocio\Services\DocumentoSubsanacionService.cs:línea 32&#xD;
   en AOCR.Tests.Unit.DocumentoSubsanacionTests..ctor() en C:\proyectos\AOCR\AOCR.Tests\Unit\DocumentoSubsanacionTests.cs:línea 15&#xD;
</StackTrace>
        </ErrorInfo>
      </Output>
    </UnitTestResult>
    <UnitTestResult executionId="2c28a28c-868a-49bf-bea0-a508d3ee9751" testId="05186b2f-9c63-b743-696b-43e1af6243d3" testName="SubsanacionRt_ShouldRemainVersionedAndReturnSolicitudToSubsanada" computerName="DESKTOP-S4GE44J" duration="00:00:00.0055954" startTime="2026-07-14T14:26:11.5995385-05:00" endTime="2026-07-14T14:26:11.6057297-05:00" testType="13cdc9d9-ddb5-4fa4-a97d-d965ccfc6d4b" outcome="Failed" testListId="8c84fa94-04c1-424b-9868-57a2d4851a1d" relativeResultsDirectory="2c28a28c-868a-49bf-bea0-a508d3ee9751">
      <Output>
        <ErrorInfo>
          <Message>Error de StringAssert.Contains. La cadena 'using System;&#xD;
using System.IO;&#xD;
using System.Linq;&#xD;
using System.Text;&#xD;
using System.Text.RegularExpressions;&#xD;
using System.Transactions;&#xD;
using System.Web;&#xD;
using System.Web.Mvc;&#xD;
using System.Web.Routing;&#xD;
using System.Collections.Generic;&#xD;
using CapaDatos;&#xD;
using CapaDatos.DAOs;&#xD;
using CapaDatos.Entidades;&#xD;
using CapaModelo;&#xD;
using CapaDatos.Constants;&#xD;
using CapaPresentacion.Filters;&#xD;
using CapaPresentacion.Infrastructure;&#xD;
using CapaPresentacion.Models;&#xD;
using CapaPresentacion.Helpers;&#xD;
using CapaNegocio;&#xD;
using CapaNegocio.Integraciones.As400Sync;&#xD;
using CapaNegocio.Helpers;&#xD;
using CapaUtilidades;&#xD;
using CapaDatos.Services;&#xD;
using CapaNegocio.Services;&#xD;
using CapaModelo.Common;&#xD;
using CapaPresentacion.Models.ViewModels;&#xD;
using Newtonsoft.Json;&#xD;
using Npgsql;&#xD;
using Rotativa;&#xD;
&#xD;
namespace CapaPresentacion.Controllers&#xD;
{&#xD;
    [Authorize]&#xD;
    public class SolicitudAOCRController : Controller&#xD;
    {&#xD;
        private readonly SolicitudBL _solicitudBL = new SolicitudBL();&#xD;
        private readonly SolicitudAocrInfraBL _solicitudAocrInfraBL = new SolicitudAocrInfraBL();&#xD;
        private readonly SolicitudEstadoTransitionBL _solicitudEstadoTransitionBL = new SolicitudEstadoTransitionBL();&#xD;
        private readonly SolicitudAOCRDAO _solicitudDAO = new SolicitudAOCRDAO();&#xD;
        private readonly DocumentoDAO _documentoDAO = new DocumentoDAO();&#xD;
        private readonly AocrFirmaDocumentoDAO _aocrFirmaDocumentoDao = new AocrFirmaDocumentoDAO();&#xD;
        private readonly SolicitudAocrCorreoService _solicitudAocrCorreoService = new SolicitudAocrCorreoService();&#xD;
        private readonly SolicitudAocrService _solicitudAocrService = new SolicitudAocrService();&#xD;
        private readonly GeneracionAOCRService _generacionAocrService = new GeneracionAOCRService();&#xD;
        private readonly AocrBandejaDAO _aocrBandejaDao = new AocrBandejaDAO();&#xD;
        private readonly RevisionDocumentalService _revisionDocumentalService = new RevisionDocumentalService();&#xD;
        private readonly DocumentoSubsanacionService _documentoSubsanacionService = new DocumentoSubsanacionService();&#xD;
        private readonly AocrFinalWorkflowService _aocrFinalWorkflowService = new AocrFinalWorkflowService();&#xD;
        private readonly AocrModificationWorkflowService _aocrModificationWorkflowService = new AocrModificationWorkflowService();&#xD;
        private readonly IAocrAuthorizationService _aocrAuthorizationService = new AocrAuthorizationService();&#xD;
        private static readonly IAocrEstadoService AocrEstadoService = new AocrEstadoService();&#xD;
        private readonly InspectorIdentityService _inspectorIdentityService = new InspectorIdentityService();&#xD;
        private readonly CapaDatos.Services.ILoggingService _logger = CapaDatos.Services.LoggingServiceFactory.Create();&#xD;
&#xD;
        private readonly AeronaveSolicitudDAO _aeronaveSolDAO = new AeronaveSolicitudDAO();&#xD;
        private readonly PagoDAO _pagoDAO = new PagoDAO();&#xD;
        private readonly OrdenRecaudacionDAO _ordenRecaudacionDAO = new OrdenRecaudacionDAO();&#xD;
        private readonly InspeccionInformeDAO _inspeccionInformeDAO = new InspeccionInformeDAO();&#xD;
        private readonly HallazgoDAO _hallazgoDAO = new HallazgoDAO();&#xD;
        private readonly UsuarioInternoRTDAO _usuarioInternoRtDAO = new UsuarioInternoRTDAO();&#xD;
        private readonly AocrCompaniaContextService _companiaContextService = new AocrCompaniaContextService();&#xD;
        private readonly AocrProcesoActivoService _procesoActivoService = new AocrProcesoActivoService();&#xD;
&#xD;
        private static readonly HashSet&lt;string&gt; ExtensionesPermitidasDocumentos = new HashSet&lt;string&gt;(StringComparer.OrdinalIgnoreCase)&#xD;
        {&#xD;
            ".pdf", ".jpg", ".jpeg", ".png", ".doc", ".docx", ".xls", ".xlsx"&#xD;
        };&#xD;
&#xD;
        private static readonly IDictionary&lt;string, string&gt; DocumentoObligatorioEtiquetas = new Dictionary&lt;string, string&gt;(StringComparer.OrdinalIgnoreCase)&#xD;
        {&#xD;
            { "FACTURA", "Factura" },&#xD;
            { "AOC", "Copia de AOC valida" },&#xD;
            { "OPSPECS", "OpSpecs" },&#xD;
            { "MANUAL_OPERACIONES", "Manual de Operaciones" },&#xD;
            { "PERMISO_OPERACION", "Permiso de Operacion C.N.A.C" },&#xD;
            { "CERTIFICADO_RUIDO", "Certificados de Ruido" },&#xD;
            { "PODER_REPRESENTANTE", "Poder otorgado al representante legal" }&#xD;
        };&#xD;
&#xD;
        private static readonly IDictionary&lt;string, string[]&gt; DocumentoObligatorioTipos = new Dictionary&lt;string, string[]&gt;(StringComparer.OrdinalIgnoreCase)&#xD;
        {&#xD;
            { "FACTURA", new[] { "COMPROBANTE_PAGO", "FACTURA", "FACTURA_PAGO" } },&#xD;
            { "AOC", new[] { "COPIA_AOC_VALIDA" } },&#xD;
            { "OPSPECS", new[] { "OPSPECS_ESPECIFICACIONES_OPERACIONALES" } },&#xD;
            { "MANUAL_OPERACIONES", new[] { "MANUAL_OPERACIONES" } },&#xD;
            { "PERMISO_OPERACION", new[] { "PERMISO_OPERACION_CNAC" } },&#xD;
            { "CERTIFICADO_RUIDO", new[] { "CERTIFICADO_RUIDO_AERONAVES_EAE" } },&#xD;
            { "PODER_REPRESENTANTE", new[] { "COPIA_CERTIFICADA_PODER_REPRESENTANTE_ECUADOR" } }&#xD;
        };&#xD;
&#xD;
        private static readonly IDictionary&lt;string, string&gt; DocumentoObligatorioInputs = new Dictionary&lt;string, string&gt;(StringComparer.OrdinalIgnoreCase)&#xD;
        {&#xD;
            { "archivoFacturaPago", "FACTURA" },&#xD;
            { "archivoAOC", "AOC" },&#xD;
            { "archivoOpSpecs", "OPSPECS" },&#xD;
            { "archivoManualOperaciones", "MANUAL_OPERACIONES" },&#xD;
            { "archivoPermisoOperacion", "PERMISO_OPERACION" },&#xD;
            { "archivoCertificadoRuido", "CERTIFICADO_RUIDO" },&#xD;
            { "archivoPoderRepresentante", "PODER_REPRESENTANTE" }&#xD;
        };&#xD;
&#xD;
        private const int TamanoMaximoDocumentoMb = 10;&#xD;
        private const string DocumentoTipoCondicionesLimitaciones = "CONDICIONES_LIMITACIONES";&#xD;
        private const string DocumentoTipoReconocimiento = "RECONOCIMIENTO";&#xD;
        private const string CodigoConceptoInspeccionExt = "INSPECCION_EXT";&#xD;
        private const string TipoSolicitudInspeccionFirmada = "SOLICITUD_INSPECCIONES_FIRMADA";&#xD;
        private const string EtiquetaSolicitudInspeccionFirmada = "Solicitud de inspecciones firmada";&#xD;
        private const string RolesRevisionDocumentalOperativa = "Inspector,InspectorTecnico,Tecnico,EvaluadorTecnico,Coordinador,CoordinadorInspecciones,Coordinacion,Administrador";&#xD;
&#xD;
        private bool UsuarioActualEsRt()&#xD;
        {&#xD;
            var rolActual = RoleGroupingHelper.NormalizeSelectedRole(Session["Rol"] as string ?? string.Empty);&#xD;
            var rolesRaw = RoleGroupingHelper.ExtractRoles(Session["RolesRaw"] ?? Session["Roles"], Session["Rol"] as string);&#xD;
&#xD;
            return RoleGroupingHelper.IsSolicitante(rolActual)&#xD;
                &amp;&amp; RoleGroupingHelper.HasAnyRawRole(rolesRaw, "RepresentanteTecnico", "Representante Técnico", "RepresentanteLegal", "RT");&#xD;
        }&#xD;
&#xD;
        private bool TryObtenerBloqueoModuloSolicitudRt(out string mensaje)&#xD;
        {&#xD;
            mensaje = string.Empty;&#xD;
&#xD;
            int codigoUsuario;&#xD;
            if (!TryObtenerUsuarioActualId(out codigoUsuario) || codigoUsuario &lt;= 0)&#xD;
            {&#xD;
                return false;&#xD;
            }&#xD;
&#xD;
            return TryObtenerBloqueoModuloSolicitudRt(codigoUsuario, out mensaje);&#xD;
        }&#xD;
&#xD;
        private bool TryObtenerBloqueoModuloSolicitudRt(int codigoUsuario, out string mensaje)&#xD;
        {&#xD;
            mensaje = string.Empty;&#xD;
            if (codigoUsuario &lt;= 0 || EsAdmin() || !UsuarioActualEsRt())&#xD;
            {&#xD;
                return false;&#xD;
            }&#xD;
&#xD;
            if (BuscarSolicitudRtHabilitadaReutilizable(codigoUsuario, ObtenerCompaniaActivaCodigo(), null) != null)&#xD;
            {&#xD;
                return false;&#xD;
            }&#xD;
&#xD;
            if (_ordenRecaudacionDAO.TieneOrdenHabilitanteAOCR(codigoUsuario))&#xD;
            {&#xD;
                return false;&#xD;
            }&#xD;
&#xD;
            if (_ordenRecaudacionDAO.TieneOrdenActivaEnProceso(codigoUsuario)&#xD;
                || _ordenRecaudacionDAO.TieneOrdenPendienteComprobante(codigoUsuario)&#xD;
                || _ordenRecaudacionDAO.ExisteORGeneradaOPagada(codigoUsuario))&#xD;
            {&#xD;
                mensaje = "El módulo de Solicitud AOCR se habilitará cuando Financiero apruebe el pago correspondiente.";&#xD;
                return true;&#xD;
            }&#xD;
&#xD;
            mensaje = "Debe generar la Orden de Recaudación para continuar con el proceso AOCR.";&#xD;
            return true;&#xD;
        }&#xD;
&#xD;
        public ActionResult Index(int? tipoSolicitud = null, bool abrirModal = false)&#xD;
        {&#xD;
            string mensajeBloqueo;&#xD;
            if (TryObtenerBloqueoModuloSolicitudRt(out mensajeBloqueo))&#xD;
            {&#xD;
                TempData["Warning"] = mensajeBloqueo;&#xD;
                return RedirectToAction("Index", "OrdenRecaudacion");&#xD;
            }&#xD;
&#xD;
            ViewBag.TipoSolicitudInicial = NormalizarTipoSolicitud(tipoSolicitud);&#xD;
            ViewBag.AbrirModalInicial = abrirModal;&#xD;
            return View();&#xD;
        }&#xD;
&#xD;
        [HttpGet]&#xD;
        public ActionResult CargarDocumentos()&#xD;
        {&#xD;
            TempData["Info"] = "Seleccione una solicitud para gestionar o cargar documentos desde su detalle.";&#xD;
            return RedirectToAction("Index");&#xD;
        }&#xD;
&#xD;
        // Obtener solicitudes del usuario actual en formato JSON&#xD;
        [HttpGet]&#xD;
        public JsonResult ObtenerMisSolicitudes()&#xD;
        {&#xD;
            try&#xD;
            {&#xD;
                int codigoUsuario;&#xD;
                if (!TryObtenerUsuarioActualId(out codigoUsuario))&#xD;
                    return Json(new { success = true, data = new List&lt;object&gt;(), message = "Sesion expirada" }, JsonRequestBehavior.AllowGet);&#xD;
&#xD;
                string mensajeBloqueo;&#xD;
                if (TryObtenerBloqueoModuloSolicitudRt(codigoUsuario, out mensajeBloqueo))&#xD;
                {&#xD;
                    return Json(new { success = true, data = new List&lt;object&gt;(), message = mensajeBloqueo }, JsonRequestBehavior.AllowGet);&#xD;
                }&#xD;
&#xD;
                var esAdministrador = EsAdmin();&#xD;
                var solicitudes = _solicitudDAO.ObtenerPorUsuario(esAdministrador ? (int?)null : codigoUsuario);&#xD;
                var companiaActiva = ObtenerCompaniaActivaCodigo();&#xD;
                if (!esAdministrador &amp;&amp; !string.IsNullOrWhiteSpace(companiaActiva))&#xD;
                {&#xD;
                    solicitudes = FiltrarSolicitudesPorCompaniaActiva(solicitudes, companiaActiva);&#xD;
                }&#xD;
&#xD;
                var resultado = solicitudes.Select(s =&gt; new&#xD;
                {&#xD;
                    id = s.CodigoSolicitud,&#xD;
                    fecha = (s.FechaSolicitud ?? s.CreatedAt ?? DateTime.Now).ToString("dd/MM/yyyy"),&#xD;
                    tipo = ObtenerTipoSolicitud(s.TipoSolicitud),&#xD;
                    comp = s.NombreOperador ?? s.RazonSocial ?? "Sin Compañía",&#xD;
                    insp = ObtenerNombreInspector(s),&#xD;
                    st = ObtenerEstadoLegible(s.Estado),&#xD;
                    cat = ObtenerCategoria(s.Estado),&#xD;
                    viat = CalcularViaticos(s.CodigoSolicitud)&#xD;
                }).ToList();&#xD;
&#xD;
                return Json(new { success = true, data = resultado }, JsonRequestBehavior.AllowGet);&#xD;
            }&#xD;
            catch (Exception ex)&#xD;
            {&#xD;
                return Json(new { success = false, message = ex.Message }, JsonRequestBehavior.AllowGet);&#xD;
            }&#xD;
        }&#xD;
&#xD;
        [HttpGet]&#xD;
        public JsonResult ObtenerCompaniasDisponibles(int take = 5000)&#xD;
        {&#xD;
            try&#xD;
            {&#xD;
                if (take &lt;= 0) take = 200;&#xD;
                if (take &gt; 10000) take = 10000;&#xD;
&#xD;
                var data = CargarCatalogoCompanias(take);&#xD;
                return Json(new { success = true, data }, JsonRequestBehavior.AllowGet);&#xD;
            }&#xD;
            catch (Exception ex)&#xD;
            {&#xD;
                return Json(new { success = false, message = "No se pudo cargar el catálogo de compañías: " + ex.Message }, JsonRequestBehavior.AllowGet);&#xD;
            }&#xD;
        }&#xD;
&#xD;
        [HttpPost]&#xD;
        [ValidateAntiForgeryTokenFromHeader]&#xD;
        [AocrAuthorize(Modulo = "SolicitudAOCR", Accion = "GuardarProgresoRT", RequireCompanySelection = true, CodigoSolicitudParameter = "codigoSolicitud")]&#xD;
        public JsonResult GuardarFlota(GuardarFlotaRequest request)&#xD;
        {&#xD;
            try&#xD;
            {&#xD;
                if (request == null || request.CodigoSolicitud &lt;= 0)&#xD;
                {&#xD;
                    return JsonGuardado(false, "Solicitud inválida para guardar flota.", null);&#xD;
                }&#xD;
&#xD;
                var usuarioId = ObtenerUsuarioActualId();&#xD;
                if (usuarioId &lt;= 0)&#xD;
                {&#xD;
                    return JsonGuardado(false, "Sesión expirada.", null, Url.Action("Login", "Account"));&#xD;
                }&#xD;
&#xD;
                if (string.IsNullOrWhiteSpace(ObtenerCompaniaActivaCodigo()))&#xD;
                {&#xD;
                    CompaniaActivaRecoveryHelper.TryRestoreFromSolicitud(Session, request.CodigoSolicitud, usuarioId, EsAdmin());&#xD;
                }&#xD;
&#xD;
                var solicitud = _solicitudDAO.ObtenerPorId(request.CodigoSolicitud);&#xD;
                if (solicitud == null)&#xD;
                {&#xD;
                    return JsonGuardado(false, "La solicitud no existe.", null);&#xD;
                }&#xD;
&#xD;
                if (!EsAdmin() &amp;&amp; solicitud.CodigoUsuario != usuarioId)&#xD;
                {&#xD;
                    return JsonGuardado(false, "No tiene permisos para guardar la flota de esta solicitud.", null);&#xD;
                }&#xD;
&#xD;
                var companiaActiva = ObtenerCompaniaActivaCodigo();&#xD;
                if (string.IsNullOrWhiteSpace(companiaActiva))&#xD;
                {&#xD;
                    return JsonGuardado(&#xD;
                        false,&#xD;
                        "Debe seleccionar una compañía activa antes de continuar.",&#xD;
                        null,&#xD;
                        Url.Action("SeleccionarCompania", "Account", new { returnUrl = Request?.RawUrl }),&#xD;
                        requiresCompanySelection: true);&#xD;
                }&#xD;
&#xD;
                if (!EsAdmin() &amp;&amp; !SolicitudCoincideConCompaniaActiva(solicitud, companiaActiva))&#xD;
                {&#xD;
                    CompaniaActivaRecoveryHelper.TryRestoreFromSolicitud(Session, request.CodigoSolicitud, usuarioId, EsAdmin(), forzarReemplazo: true);&#xD;
                    companiaActiva = ObtenerCompaniaActivaCodigo();&#xD;
                    if (!SolicitudCoincideConCompaniaActiva(solicitud, companiaActiva))&#xD;
                    {&#xD;
                        return JsonGuardado(false, "La solicitud no corresponde a la compañía activa seleccionada.", null);&#xD;
                    }&#xD;
                }&#xD;
&#xD;
                if (!EsAdmin() &amp;&amp; !SolicitudEsEditableFormularioEmision(solicitud))&#xD;
                {&#xD;
                    return JsonRechazoEdicionFormularioEmision(solicitud);&#xD;
                }&#xD;
&#xD;
                var aeronaves = (request.Aeronaves ?? new List&lt;AeronaveSolicitud&gt;())&#xD;
                    .Where(a =&gt; a != null &amp;&amp; !string.IsNullOrWhiteSpace(a.Matricula))&#xD;
                    .ToList();&#xD;
&#xD;
                if (!aeronaves.Any())&#xD;
                {&#xD;
                    return JsonGuardado(false, "Debe ingresar al menos una aeronave válida.", null);&#xD;
                }&#xD;
&#xD;
                var usuarioCorreo = Session["Correo"]?.ToString() ?? "sistema";&#xD;
                var insertadas = _aeronaveSolDAO.ReemplazarPorSolicitud(request.CodigoSolicitud, aeronaves, usuarioCorreo);&#xD;
&#xD;
                // Verificación posterior al guardado: releer desde base con el mismo SolicitudId.&#xD;
                var persistidas = _aeronaveSolDAO.ObtenerPorSolicitud(request.CodigoSolicitud) ?? new List&lt;AeronaveSolicitud&gt;();&#xD;
&#xD;
                System.Diagnostics.Trace.TraceInformation(&#xD;
                    "[SOLICITUD_AOCR][GUARDAR_FLOTA] SolicitudId=" + request.CodigoSolicitud +&#xD;
                    "; UsuarioId=" + usuarioId +&#xD;
                    "; Compania=" + (companiaActiva ?? string.Empty) +&#xD;
                    "; Enviadas=" + aeronaves.Count +&#xD;
                    "; FilasAfectadas=" + insertadas +&#xD;
                    "; PersistidasEnBase=" + persistidas.Count +&#xD;
                    "; Resultado=" + (persistidas.Count &gt; 0 ? "OK" : "SIN_FILAS"));&#xD;
&#xD;
                if (insertadas &lt;= 0 || persistidas.Count &lt;= 0)&#xD;
                {&#xD;
                    return JsonGuardado(&#xD;
                        false,&#xD;
                        "No se pudo guardar la información de la flota. La solicitud activa no fue encontrada o no se registraron aeronaves.",&#xD;
                        null);&#xD;
                }&#xD;
&#xD;
                return JsonGuardado(&#xD;
                    true,&#xD;
                    "Flota guardada correctamente.",&#xD;
                    new&#xD;
                    {&#xD;
                        solicitudId = request.CodigoSolicitud,&#xD;
                        total = persistidas.Count,&#xD;
                        aeronaves = persistidas&#xD;
                    },&#xD;
                    id: request.CodigoSolicitud);&#xD;
            }&#xD;
            catch (Exception ex)&#xD;
            {&#xD;
                System.Diagnostics.Trace.TraceError(&#xD;
                    "[SOLICITUD_AOCR][GUARDAR_FLOTA] SolicitudId=" + (request != null ? request.CodigoSolicitud : 0) +&#xD;
                    "; Resultado=ERROR; Detalle=" + ex);&#xD;
                return JsonGuardado(false, "No se pudo guardar la flota por un error de base de datos. Revise el log técnico.", null);&#xD;
            }&#xD;
        }&#xD;
&#xD;
        private string ObtenerTipoSolicitud(int? tipoSolicitud)&#xD;
        {&#xD;
            if (!tipoSolicitud.HasValue) return "EMISIÓN";&#xD;
            &#xD;
            switch (tipoSolicitud.Value)&#xD;
            {&#xD;
                case 1: return "EMISIÓN";&#xD;
                case 2: return "RENOVACIÓN";&#xD;
                case 3: return "MODIFICACIÓN";&#xD;
                default: return "EMISIÓN";&#xD;
            }&#xD;
        }&#xD;
&#xD;
        private static int NormalizarTipoSolicitud(int? tipoSolicitud)&#xD;
        {&#xD;
            switch (tipoSolicitud ?? 1)&#xD;
            {&#xD;
                case 1:&#xD;
                case 2:&#xD;
                case 3:&#xD;
                    return tipoSolicitud ?? 1;&#xD;
                default:&#xD;
                    return 1;&#xD;
            }&#xD;
        }&#xD;
&#xD;
        private static bool EsSolicitudModificacion(SolicitudAOCR solicitud)&#xD;
        {&#xD;
            return solicitud != null &amp;&amp; solicitud.TipoSolicitud.GetValueOrDefault() == 3;&#xD;
        }&#xD;
&#xD;
        private static bool EstadoPermiteDescargaAceptacionDocumental(string estadoNormalizado)&#xD;
        {&#xD;
            return string.Equals(estadoNormalizado, EstadoSolicitud.FirmadoCoordinador, StringComparison.OrdinalIgnoreCase)&#xD;
                || string.Equals(estadoNormalizado, EstadoSolicitud.PendienteAsignacionRT, StringComparison.OrdinalIgnoreCase)&#xD;
                || string.Equals(estadoNormalizado, EstadoSolicitud.EnInspeccion, StringComparison.OrdinalIgnoreCase)&#xD;
                || string.Equals(estadoNormalizado, EstadoSolicitud.Finalizado, StringComparison.OrdinalIgnoreCase)&#xD;
                || string.Equals(estadoNormalizado, EstadoSolicitud.AOCR_EmitidoRecibido, StringComparison.OrdinalIgnoreCase);&#xD;
        }&#xD;
&#xD;
        private static bool EsTransicionFirmaAceptacionDocumentalCoordinacion(string estadoNuevo)&#xD;
        {&#xD;
            var normalizado = EstadoSolicitud.Normalizar(estadoNuevo ?? string.Empty);&#xD;
            return string.Equals(normalizado, EstadoSolicitud.FirmadoCoordinador, StringComparison.OrdinalIgnoreCase)&#xD;
                || string.Equals(normalizado, EstadoSolicitud.PendienteAsignacionRT, StringComparison.OrdinalIgnoreCase);&#xD;
        }&#xD;
&#xD;
        private static bool SolicitudModificacionTieneNuevoAeropuertoDeclarado(SolicitudAOCR solicitud)&#xD;
        {&#xD;
            return AocrModificationWorkflowService.TieneNuevoAeropuertoDeclarado(solicitud);&#xD;
        }&#xD;
&#xD;
        private static IEnumerable&lt;KeyValuePair&lt;string, string&gt;&gt; ObtenerDocumentosObligatoriosPorTipoSolicitud(int? tipoSolicitud)&#xD;
        {&#xD;
            var tipoNormalizado = NormalizarTipoSolicitud(tipoSolicitud);&#xD;
            return DocumentoObligatorioEtiquetas.Where(item =&gt;&#xD;
                tipoNormalizado != 3 || !string.Equals(item.Key, "CERTIFICADO_RUIDO", StringComparison.OrdinalIgnoreCase));&#xD;
        }&#xD;
&#xD;
        private string ObtenerNombreInspector(SolicitudAOCR solicitud)&#xD;
        {&#xD;
            if (solicitud == null)&#xD;
            {&#xD;
                return "Sin Asignar";&#xD;
            }&#xD;
&#xD;
            var nombreAs400 = ResolverNombreInspectorVisible(solicitud.CodigoTecnico, solicitud.TecnicoResponsableNombre);&#xD;
            var cedulaAs400 = (solicitud.TecnicoResponsableCedula ?? string.Empty).Trim();&#xD;
            if (!string.IsNullOrWhiteSpace(nombreAs400))&#xD;
            {&#xD;
                return string.IsNullOrWhiteSpace(cedulaAs400)&#xD;
                    ? nombreAs400&#xD;
                    : nombreAs400 + " - " + cedulaAs400;&#xD;
            }&#xD;
&#xD;
            if (!solicitud.CodigoTecnico.HasValue || solicitud.CodigoTecnico.Value == 0)&#xD;
            {&#xD;
                return "Sin Asignar";&#xD;
            }&#xD;
&#xD;
            return "Sin Asignar";&#xD;
        }&#xD;
&#xD;
        private string ResolverNombreInspectorVisible(int? inspectorId, string nombreActual)&#xD;
        {&#xD;
            var nombreLimpio = (nombreActual ?? string.Empty).Trim();&#xD;
            if (!string.IsNullOrWhiteSpace(nombreLimpio))&#xD;
            {&#xD;
                return nombreLimpio;&#xD;
            }&#xD;
&#xD;
            if (!inspectorId.HasValue || inspectorId.Value &lt;= 0)&#xD;
            {&#xD;
                return string.Empty;&#xD;
            }&#xD;
&#xD;
            try&#xD;
            {&#xD;
                var registroInterno = _usuarioInternoRtDAO.ObtenerInspectorActivoPorTecnicoIdOUsuarioId(inspectorId.Value);&#xD;
                var nombreInterno = registroInterno != null ? (registroInterno.NombreVisual ?? string.Empty).Trim() : string.Empty;&#xD;
                if (!string.IsNullOrWhiteSpace(nombreInterno))&#xD;
                {&#xD;
                    return nombreInterno;&#xD;
                }&#xD;
            }&#xD;
            catch (Exception ex)&#xD;
            {&#xD;
                System.Diagnostics.Debug.WriteLine("[SolicitudAOCR] Error resolviendo inspector desde usuario interno RT: " + ex.Message);&#xD;
            }&#xD;
&#xD;
            try&#xD;
            {&#xD;
                var nombrePrincipal = (UsuarioDAO.ObtenerNombreCompletoPrincipal(inspectorId.Value) ?? string.Empty).Trim();&#xD;
                if (!string.IsNullOrWhiteSpace(nombrePrincipal))&#xD;
                {&#xD;
                    return nombrePrincipal;&#xD;
                }&#xD;
&#xD;
                var usuario = UsuarioDAO.ObtenerPorId(inspectorId.Value);&#xD;
                var nombreUsuario = string.Join(" ", new[]&#xD;
                {&#xD;
                    usuario != null ? (usuario.NombreCompleto ?? string.Empty).Trim() : string.Empty,&#xD;
                    usuario != null ? (usuario.ApellidoUsuario ?? string.Empty).Trim() : string.Empty&#xD;
                }.Where(segmento =&gt; !string.IsNullOrWhiteSpace(segmento))).Trim();&#xD;
&#xD;
                return nombreUsuario;&#xD;
            }&#xD;
            catch (Exception ex)&#xD;
            {&#xD;
                System.Diagnostics.Debug.WriteLine("[SolicitudAOCR] Error resolviendo inspector desde usuario: " + ex.Message);&#xD;
                return string.Empty;&#xD;
            }&#xD;
        }&#xD;
&#xD;
        private void EnriquecerNombresInspectoresDetalle(SolicitudAOCR solicitud, IList&lt;Inspeccion&gt; inspeccionesSolicitud)&#xD;
        {&#xD;
            if (solicitud != null)&#xD;
            {&#xD;
                solicitud.TecnicoResponsableNombre = ResolverNombreInspectorVisible(solicitud.CodigoTecnico, solicitud.TecnicoResponsableNombre);&#xD;
            }&#xD;
&#xD;
            if (inspeccionesSolicitud == null)&#xD;
            {&#xD;
                return;&#xD;
            }&#xD;
&#xD;
            foreach (var inspeccion in inspeccionesSolicitud.Where(i =&gt; i != null))&#xD;
            {&#xD;
                inspeccion.InspectorPrincipalNombre = ResolverNombreInspectorVisible(inspeccion.CodigoInspector, inspeccion.InspectorPrincipalNombre);&#xD;
            }&#xD;
&#xD;
            if (solicitud != null &amp;&amp; string.IsNullOrWhiteSpace(solicitud.TecnicoResponsableNombre))&#xD;
            {&#xD;
                var inspeccionVinculada = ObtenerUltimaInspeccionVinculada(inspeccionesSolicitud);&#xD;
                if (inspeccionVinculada != null &amp;&amp; !string.IsNullOrWhiteSpace(inspeccionVinculada.InspectorPrincipalNombre))&#xD;
                {&#xD;
                    solicitud.TecnicoResponsableNombre = inspeccionVinculada.InspectorPrincipalNombre.Trim();&#xD;
                }&#xD;
            }&#xD;
        }&#xD;
&#xD;
        private decimal CalcularViaticos(int codigoSolicitud)&#xD;
        {&#xD;
            try&#xD;
            {&#xD;
                // Obtener inspecciones asociadas a la solicitud&#xD;
                var inspecciones = _solicitudAocrInfraBL.ListarInspeccionesPorSolicitud(codigoSolicitud);&#xD;
                if (inspecciones == null || inspecciones.Count == 0)&#xD;
                    return 0m;&#xD;
&#xD;
                decimal total = 0m;&#xD;
                foreach (var inspeccion in inspecciones)&#xD;
                {&#xD;
                    if (inspeccion.CodigoInspeccion &gt; 0)&#xD;
                    {&#xD;
                        var viaticos = ViaticoDAO.ObtenerPorInspeccion(inspeccion.CodigoInspeccion);&#xD;
                        total += viaticos?.Sum(v =&gt; v.Monto ?? 0) ?? 0m;&#xD;
                    }&#xD;
                }&#xD;
                return total;&#xD;
            }&#xD;
            catch&#xD;
            {&#xD;
                return 0m;&#xD;
            }&#xD;
        }&#xD;
&#xD;
        private string ObtenerEstadoLegible(string estado)&#xD;
        {&#xD;
            if (string.IsNullOrEmpty(estado)) return "Pendiente";&#xD;
&#xD;
            var norm = EstadoSolicitud.Normalizar(estado);&#xD;
&#xD;
            if (norm == EstadoSolicitud.Pendiente || norm == EstadoSolicitud.SolicitudCreada)&#xD;
                return "Pendiente";&#xD;
            if (norm == EstadoSolicitud.DocumentacionPendiente)&#xD;
                return "Documentación Pendiente";&#xD;
            if (norm == EstadoSolicitud.Observada)&#xD;
                return "Observada";&#xD;
            if (norm == EstadoSolicitud.Subsanada)&#xD;
                return "Subsanada";&#xD;
            if (norm == EstadoSolicitud.AceptacionDocumental || norm == EstadoSolicitud.DocumentacionCompleta)&#xD;
                return "Documentación Aceptada";&#xD;
            if (norm == EstadoSolicitud.PendienteAsignacionRT)&#xD;
                return "Pendiente asignación inspector";&#xD;
            if (norm == EstadoSolicitud.FirmadoCoordinador)&#xD;
                return "Aceptación firmada por coordinación";&#xD;
            if (norm == EstadoSolicitud.Finalizado)&#xD;
                return "Finalizado";&#xD;
            if (norm == EstadoSolicitud.EnInspeccion || norm == EstadoSolicitud.InspeccionProgramada)&#xD;
                return "En Inspección";&#xD;
            if (norm == EstadoSolicitud.InspeccionRealizada)&#xD;
                return "Inspección Realizada";&#xD;
            if (norm == EstadoSolicitud.AOCR_EnElaboracion)&#xD;
                return "AOCR en Elaboración";&#xD;
            if (norm == EstadoSolicitud.AOCR_EnRevision)&#xD;
                return "AOCR en Revisión";&#xD;
            if (norm == EstadoSolicitud.AOCR_Validado)&#xD;
                return "Validado por Jefatura";&#xD;
            if (norm == EstadoSolicitud.AOCR_Legalizado)&#xD;
                return "Legalizado";&#xD;
            if (norm == EstadoSolicitud.AOCR_EmitidoRecibido || norm == EstadoSolicitud.CertificadoEmitido)&#xD;
                return "AOCR Emitido";&#xD;
            if (norm == EstadoSolicitud.Rechazada)&#xD;
                return "Rechazada";&#xD;
            if (norm == EstadoSolicitud.Anulada)&#xD;
                return "Anulada";&#xD;
            if (norm == EstadoSolicitud.EnRevision)&#xD;
                return "En Revisión";&#xD;
&#xD;
            return estado;&#xD;
        }&#xD;
&#xD;
        private string ObtenerCategoria(string estado)&#xD;
        {&#xD;
            if (string.IsNullOrEmpty(estado)) return "tramite";&#xD;
&#xD;
            var norm = EstadoSolicitud.Normalizar(estado);&#xD;
&#xD;
            // Observadas / Rechazadas&#xD;
            if (norm == EstadoSolicitud.Observada || norm == EstadoSolicitud.Rechazada)&#xD;
                return "observado";&#xD;
&#xD;
            // Finalizadas / Aprobadas&#xD;
            if (norm == EstadoSolicitud.AOCR_EmitidoRecibido ||&#xD;
                norm == EstadoSolicitud.Finalizado ||&#xD;
                norm == EstadoSolicitud.CertificadoEmitido ||&#xD;
                norm == EstadoSolicitud.Aprobada ||&#xD;
                norm == EstadoSolicitud.Anulada)&#xD;
                return "aprobado";&#xD;
&#xD;
            // Todo lo demás es trámite en curso&#xD;
            return "tramite";&#xD;
        }&#xD;
&#xD;
        // =========================================================&#xD;
        // GET: Carga el formulario parcial con datos de BD&#xD;
        // =========================================================&#xD;
        [HttpGet]&#xD;
        [AocrAuthorize(Modulo = "SolicitudAOCR", Accion = "AbrirFormularioRT", RequireCompanySelection = true, CodigoSolicitudParameter = "oid")]&#xD;
        public ActionResult FormularioEmisionAOCR(int? oid, int? tipoSolicitud = null)&#xD;
        {&#xD;
            try&#xD;
            {&#xD;
                System.Diagnostics.Debug.WriteLine($"[FormularioEmisionAOCR] Iniciando con oid: {oid}");&#xD;
                &#xD;
                var vm = new SolicitudAOCRViewModel();&#xD;
&#xD;
                int usuarioId;&#xD;
                if (!TryObtenerUsuarioActualId(out usuarioId))&#xD;
                {&#xD;
                    System.Diagnostics.Debug.WriteLine("[FormularioEmisionAOCR] Usuario ID es 0 o inválido");&#xD;
                    return InstitutionalAccessViewHelper.AccesoDenegado(&#xD;
                        this,&#xD;
                        "Sesión expirada",&#xD;
                        "Por favor, inicie sesión nuevamente para continuar con el formulario de emisión AOCR.",&#xD;
                        mostrarSeleccionCompania: false);&#xD;
                }&#xD;
&#xD;
                var companiaActivaCodigo = ObtenerCompaniaActivaCodigo();&#xD;
                var companiaActivaNombre = ObtenerCompaniaActivaNombre();&#xD;
                var scope = RtCompaniaScope.FromSession(Session, usuarioId);&#xD;
                scope.PublicarEnViewBag(this);&#xD;
&#xD;
                if (oid.HasValue &amp;&amp; oid.Value &gt; 0 &amp;&amp; string.IsNullOrWhiteSpace(companiaActivaCodigo))&#xD;
                {&#xD;
                    CompaniaActivaRecoveryHelper.TryRestoreFromSolicitud(Session, oid.Value, usuarioId, EsAdmin());&#xD;
                    companiaActivaCodigo = ObtenerCompaniaActivaCodigo();&#xD;
                    companiaActivaNombre = ObtenerCompaniaActivaNombre();&#xD;
                }&#xD;
&#xD;
                // 1) Cargar usuario logueado&#xD;
                System.Diagnostics.Debug.WriteLine($"[FormularioEmisionAOCR] Intentando obtener usuario: {usuarioId}");&#xD;
                &#xD;
                try&#xD;
                {&#xD;
                    vm.Usuario = UsuarioDAO.ObtenerPorId(usuarioId);&#xD;
                    System.Diagnostics.Debug.WriteLine($"[FormularioEmisionAOCR] Usuario obtenido: {(vm.Usuario != null ? vm.Usuario.NombreCompleto : "NULL")}");&#xD;
                }&#xD;
                catch (Exception userEx)&#xD;
                {&#xD;
                    System.Diagnostics.Debug.WriteLine($"[FormularioEmisionAOCR] Error obteniendo usuario: {userEx.Message}");&#xD;
                    vm.Usuario = null;&#xD;
                }&#xD;
&#xD;
                if (vm.Usuario == null)&#xD;
                {&#xD;
                    var codigoSesion = (Session["CodigoUsuario"] ?? string.Empty).ToString().Trim();&#xD;
                    if (!string.IsNullOrWhiteSpace(codigoSesion))&#xD;
                    {&#xD;
                        try&#xD;
                        {&#xD;
                            var usuarioPorCodigo = UsuarioDAO.ObtenerPorNombreUsuario(codigoSesion);&#xD;
                            if (usuarioPorCodigo != null &amp;&amp; usuarioPorCodigo.Id &gt; 0)&#xD;
                            {&#xD;
                                vm.Usuario = usuarioPorCodigo;&#xD;
                                usuarioId = usuarioPorCodigo.Id;&#xD;
                                Session["IdUsuario"] = usuarioPorCodigo.Id;&#xD;
                            }&#xD;
                        }&#xD;
                        catch (Exception exCodigo)&#xD;
                        {&#xD;
                            System.Diagnostics.Debug.WriteLine("[FormularioEmisionAOCR] Error resolviendo usuario por CodigoUsuario: " + exCodigo.Message);&#xD;
                        }&#xD;
                    }&#xD;
                }&#xD;
                &#xD;
                if (vm.Usuario == null)&#xD;
                {&#xD;
                    System.Diagnostics.Debug.WriteLine($"[FormularioEmisionAOCR] Usuario no encontrado para ID: {usuarioId}");&#xD;
                    &#xD;
                    // Crear un usuario temporal para no bloquear el formulario&#xD;
                    vm.Usuario = new Usuario&#xD;
                    {&#xD;
                        CodigoUsuario = (Session["CodigoUsuario"] ?? usuarioId.ToString()).ToString(),&#xD;
                        NombreCompleto = (Session["NombreUsuario"] ?? "Usuario Temporal").ToString(),&#xD;
                        Email = Session["Correo"]?.ToString() ?? "temp@ejemplo.com",&#xD;
                        NombreUsuario = "temp_user"&#xD;
                    };&#xD;
                    &#xD;
                    System.Diagnostics.Debug.WriteLine($"[FormularioEmisionAOCR] Usando usuario temporal");&#xD;
                }&#xD;
&#xD;
                System.Diagnostics.Debug.WriteLine($"[FormularioEmisionAOCR] Usuario final: {vm.Usuario.NombreCompleto}");&#xD;
&#xD;
                if ((!oid.HasValue || oid.Value &lt;= 0) &amp;&amp; !EsAdmin())&#xD;
                {&#xD;
                    var solicitudVinculadaOrden = ObtenerSolicitudVinculadaOrdenUsuario(usuarioId, tipoSolicitud);&#xD;
                    if (solicitudVinculadaOrden != null&#xD;
                        &amp;&amp; !SolicitudEsEditableFormularioEmision(solicitudVinculadaOrden)&#xD;
                        &amp;&amp; SolicitudCoincideConCompaniaActiva(solicitudVinculadaOrden, companiaActivaCodigo))&#xD;
                    {&#xD;
                        var editableAlternativa = BuscarSolicitudRtHabilitadaReutilizable(usuarioId, companiaActivaCodigo, tipoSolicitud)&#xD;
                            ?? BuscarSolicitudActivaReutilizable(usuarioId, companiaActivaCodigo, tipoSolicitud);&#xD;
                        if (editableAlternativa != null)&#xD;
                        {&#xD;
                            oid = editableAlternativa.CodigoSolicitud;&#xD;
                            System.Diagnostics.Trace.TraceInformation(&#xD;
                                "[SOLICITUD_AOCR] FormularioEmisionAOCR abre solicitud editable alternativa=" + editableAlternativa.CodigoSolicitud +&#xD;
                                " en lugar de solicitud no editable vinculada=" + solicitudVinculadaOrden.CodigoSolicitud +&#xD;
                                "; usuario=" + usuarioId);&#xD;
                        }&#xD;
                        else&#xD;
                        {&#xD;
                            return RedirigirSeguimientoSolicitudNoEditable(&#xD;
                                solicitudVinculadaOrden,&#xD;
                                usuarioId,&#xD;
                                "FormularioEmisionAOCR.OrdenVinculada");&#xD;
                        }&#xD;
                    }&#xD;
&#xD;
                    if (!oid.HasValue || oid.Value &lt;= 0)&#xD;
                    {&#xD;
                        var oidDesdeOrden = ResolverOidSolicitudDesdeOrdenUsuario(usuarioId, tipoSolicitud);&#xD;
                        if (oidDesdeOrden.HasValue &amp;&amp; oidDesdeOrden.Value &gt; 0)&#xD;
                        {&#xD;
                            oid = oidDesdeOrden;&#xD;
                            System.Diagnostics.Trace.TraceInformation(&#xD;
                                "[SOLICITUD_AOCR] Reutilizando solicitud editable vinculada a orden: solicitud=" + oidDesdeOrden.Value +&#xD;
                                " para usuario=" + usuarioId +&#xD;
                                "; compania=" + (companiaActivaCodigo ?? string.Empty));&#xD;
                        }&#xD;
                        else&#xD;
                        {&#xD;
                            var solicitudActiva = BuscarSolicitudRtHabilitadaReutilizable(usuarioId, companiaActivaCodigo, tipoSolicitud)&#xD;
                                ?? BuscarSolicitudActivaReutilizable(usuarioId, companiaActivaCodigo, tipoSolicitud);&#xD;
                            if (solicitudActiva != null)&#xD;
                            {&#xD;
                                oid = solicitudActiva.CodigoSolicitud;&#xD;
                                System.Diagnostics.Trace.TraceInformation(&#xD;
                                    "[SOLICITUD_AOCR] Reutilizando solicitud activa existente " + solicitudActiva.CodigoSolicitud +&#xD;
                                    " para usuario=" + usuarioId +&#xD;
                                    "; compania=" + (companiaActivaCodigo ?? string.Empty));&#xD;
                            }&#xD;
                        }&#xD;
                    }&#xD;
                }&#xD;
&#xD;
                // 2) Si es edición&#xD;
                if (oid.HasValue &amp;&amp; oid.Value &gt; 0)&#xD;
                {&#xD;
                    vm.Solicitud = _solicitudBL.ObtenerDetalle(oid.Value);&#xD;
                    if (vm.Solicitud == null)&#xD;
                        return InstitutionalAccessViewHelper.MensajeInstitucional(&#xD;
                            this,&#xD;
                            "Solicitud no encontrada",&#xD;
                            "La solicitud indicada no existe o fue eliminada del sistema.",&#xD;
                            tituloEncabezado: "Recurso no disponible",&#xD;
                            estilo: "info",&#xD;
                            statusCode: 404);&#xD;
&#xD;
                    // Seguridad: si no es admin, solo su solicitud&#xD;
                    if (!EsAdmin() &amp;&amp; vm.Solicitud.CodigoUsuario != usuarioId)&#xD;
                        return InstitutionalAccessViewHelper.AccesoDenegado(&#xD;
                            this,&#xD;
                            "No tiene permisos para acceder a esta solicitud",&#xD;
                            "Solo el representante técnico titular o un administrador institucional puede abrir este trámite.");&#xD;
&#xD;
                    if (!EsAdmin() &amp;&amp; !SolicitudCoincideConCompaniaActiva(vm.Solicitud, companiaActivaCodigo))&#xD;
                    {&#xD;
                        CompaniaActivaRecoveryHelper.TryRestoreFromSolicitud(Session, oid.Value, usuarioId, EsAdmin(), forzarReemplazo: true);&#xD;
                        companiaActivaCodigo = ObtenerCompaniaActivaCodigo();&#xD;
                        companiaActivaNombre = ObtenerCompaniaActivaNombre();&#xD;
                    }&#xD;
&#xD;
                    if (!EsAdmin() &amp;&amp; !SolicitudCoincideConCompaniaActiva(vm.Solicitud, companiaActivaCodigo))&#xD;
                        return InstitutionalAccessViewHelper.AccesoDenegado(&#xD;
                            this,&#xD;
                            _companiaContextService.ObtenerMensajeAccesoDenegadoCompania(),&#xD;
                            "La solicitud pertenece a otra compañía distinta a la activa en su sesión. Seleccione la compañía correcta o verifique su asignación institucional.",&#xD;
                            panelHint: "Si administra varias compañías, use «Seleccionar compañía» y elija la que corresponde al trámite N.º " + oid.Value + ".");&#xD;
&#xD;
                    if (!EsAdmin() &amp;&amp; !SolicitudEsEditableFormularioEmision(vm.Solicitud))&#xD;
                    {&#xD;
                        return RedirigirSeguimientoSolicitudNoEditable(vm.Solicitud, usuarioId, "FormularioEmisionAOCR");&#xD;
                    }&#xD;
&#xD;
                    // Guard: bloquear edición si el pago aún está pendiente de aprobación por Financiero&#xD;
                    if (!EsAdmin() &amp;&amp; !User.IsInRole("Financiero") &amp;&amp; !User.IsInRole("CoordinadorFinanciero"))&#xD;
                    {&#xD;
                        string mensajeBloqueo;&#xD;
                        if (!_solicitudAocrService.PuedeRtEditarSolicitud(vm.Solicitud.CodigoSolicitud, usuarioId, out mensajeBloqueo))&#xD;
                        {&#xD;
                            return InstitutionalAccessViewHelper.MensajeInstitucional(&#xD;
                                this,&#xD;
                                "Solicitud bloqueada",&#xD;
                                mensajeBloqueo,&#xD;
                                tituloEncabezado: "Trámite en espera",&#xD;
                                estilo: "warning");&#xD;
                        }&#xD;
                    }&#xD;
&#xD;
                    // Aeronaves (aocr_tbaeronave_solicitud)&#xD;
                    vm.Aeronaves = _aeronaveSolDAO.ObtenerPorSolicitud(oid.Value) ?? new List&lt;AeronaveSolicitud&gt;();&#xD;
&#xD;
                    // Documentos&#xD;
                    vm.DocumentosExistentes = _documentoDAO.ObtenerPorSolicitud(oid.Value) ?? new List&lt;Documento&gt;();&#xD;
&#xD;
                    // Pago/comprobante (aocr_tbpago)&#xD;
                    var pago = _pagoDAO.ObtenerUltimoPorSolicitud(oid.Value);&#xD;
                    if (pago != null)&#xD;
                    {&#xD;
                        vm.Banco = pago.MetodoPago;&#xD;
                        vm.NumeroComprobante = pago.NumeroFactura;&#xD;
                    }&#xD;
&#xD;
                    vm.Solicitud.CorreoRepresentanteTecnico = !string.IsNullOrWhiteSpace(vm.Solicitud.CorreoRepresentanteTecnico)&#xD;
                        ? vm.Solicitud.CorreoRepresentanteTecnico&#xD;
                        : (vm.Usuario?.Email ?? string.Empty);&#xD;
&#xD;
                    vm.Solicitud.NombreComercial = !string.IsNullOrWhiteSpace(vm.Solicitud.NombreComercial)&#xD;
                        ? vm.Solicitud.NombreComercial&#xD;
                        : (vm.Solicitud.NombreOperador ?? string.Empty);&#xD;
&#xD;
                    NormalizarTextosSolicitudFormulario(vm.Solicitud);&#xD;
&#xD;
                    ConfigurarModoSubsanacionObservada(vm, oid.Value);&#xD;
                }&#xD;
                else&#xD;
                {&#xD;
                    if (!EsAdmin())&#xD;
                    {&#xD;
                        string mensajeBloqueoNueva;&#xD;
                        if (!_procesoActivoService.PuedeCrearNuevaSolicitud(&#xD;
                            usuarioId,&#xD;
                            companiaActivaCodigo,&#xD;
                            companiaActivaNombre,&#xD;
                            out mensajeBloqueoNueva))&#xD;
                        {&#xD;
                            var activa = scope.ProcesoActivo != null ? scope.ProcesoActivo.SolicitudActiva : null;&#xD;
                            var urlContinuar = activa != null&#xD;
                                ? Url.Action("Detalle", "SolicitudAOCR", new { id = activa.CodigoSolicitud })&#xD;
                                : null;&#xD;
                            return InstitutionalAccessViewHelper.MensajeInstitucional(&#xD;
                                this,&#xD;
                                "No puede iniciar una nueva solicitud",&#xD;
                                mensajeBloqueoNueva,&#xD;
                                tituloEncabezado: "Proceso activo en curso",&#xD;
                                panelHint: "Debe finalizar o continuar el trámite vigente antes de abrir uno nuevo para la misma compañía.",&#xD;
                                accionUrl: urlContinuar,&#xD;
                                accionTexto: activa != null ? "Continuar proceso actual" : null,&#xD;
                                estilo: "warning");&#xD;
                        }&#xD;
                    }&#xD;
&#xD;
                    var tipoSolicitudInicial = NormalizarTipoSolicitud(tipoSolicitud);&#xD;
&#xD;
                    // NUEVO: precargar desde usuario&#xD;
                    vm.Solicitud = new SolicitudAOCR&#xD;
                    {&#xD;
                        CodigoUsuario = usuarioId,&#xD;
                        TipoSolicitud = tipoSolicitudInicial,&#xD;
                        FechaSolicitud = DateTime.Now,&#xD;
                        Estado = EstadoSolicitud.Pendiente,&#xD;
                        Email = vm.Usuario != null ? vm.Usuario.Email : "",&#xD;
                        RepresentanteLegal = string.Empty,&#xD;
                        CorreoRepresentanteTecnico = vm.Usuario != null ? vm.Usuario.Email : "",&#xD;
                        Ruc = string.Empty,&#xD;
                        CedulaRepresentante = string.Empty,&#xD;
                        NombreComercial = !string.IsNullOrWhiteSpace(companiaActivaNombre)&#xD;
                            ? companiaActivaNombre&#xD;
                            : (!string.IsNullOrWhiteSpace(companiaActivaCodigo)&#xD;
                                ? companiaActivaCodigo&#xD;
                                : (vm.Usuario != null ? vm.Usuario.EmpresaCodigo : "")),&#xD;
                        NombreOperador = !string.IsNullOrWhiteSpace(companiaActivaNombre)&#xD;
                            ? companiaActivaNombre&#xD;
                            : (!string.IsNullOrWhiteSpace(companiaActivaCodigo)&#xD;
                                ? companiaActivaCodigo&#xD;
                                : (vm.Usuario != null ? vm.Usuario.EmpresaCodigo : "")),&#xD;
                        CompaniasSeleccionadas = companiaActivaCodigo&#xD;
                    };&#xD;
&#xD;
                    vm.Aeronaves = new List&lt;AeronaveSolicitud&gt;();&#xD;
                    vm.DocumentosExistentes = new List&lt;Documento&gt;();&#xD;
                }&#xD;
&#xD;
                var esEdicion = oid.HasValue &amp;&amp; oid.Value &gt; 0;&#xD;
                var usarDatosUsuarioActual = !esEdicion ||&#xD;
                    (vm.Solicitud != null &amp;&amp; vm.Solicitud.CodigoUsuario == usuarioId);&#xD;
&#xD;
                // Los datos persistidos en la solicitud SIEMPRE prevalecen sobre los datos&#xD;
                // del perfil del usuario; el perfil es solo un valor inicial (fallback).&#xD;
                var representanteGuardado = esEdicion &amp;&amp; vm.Solicitud != null&#xD;
                    ? FormatearNombreCompleto(vm.Solicitud.RepresentanteLegal, null)&#xD;
                    : string.Empty;&#xD;
                var identificacionGuardada = esEdicion &amp;&amp; vm.Solicitud != null&#xD;
                    ? NormalizarIdentificacion(!string.IsNullOrWhiteSpace(vm.Solicitud.CedulaRepresentante)&#xD;
                        ? vm.Solicitud.CedulaRepresentante&#xD;
                        : vm.Solicitud.Ruc)&#xD;
                    : string.Empty;&#xD;
&#xD;
                var nombreRepresentanteUsuario = usarDatosUsuarioActual&#xD;
                    ? ObtenerNombreRepresentanteTecnicoActual(usuarioId, vm.Usuario)&#xD;
                    : string.Empty;&#xD;
                var identificacionUsuario = ObtenerIdentificacionUsuarioActual(usuarioId, vm.Usuario);&#xD;
&#xD;
                var identificacionVista = !string.IsNullOrWhiteSpace(identificacionGuardada)&#xD;
                    ? identificacionGuardada&#xD;
                    : (!string.IsNullOrWhiteSpace(identificacionUsuario) ? identificacionUsuario : string.Empty);&#xD;
                var nombreRepresentanteVista = !string.IsNullOrWhiteSpace(representanteGuardado)&#xD;
                    ? representanteGuardado&#xD;
                    : nombreRepresentanteUsuario;&#xD;
&#xD;
                var companiaSeleccionadaCodigo = ResolverCompaniaSeleccionadaUnica(&#xD;
                    companiaActivaCodigo,&#xD;
                    vm.Solicitud != null ? vm.Solicitud.CompaniasSeleccionadas : null,&#xD;
                    vm.Usuario != null ? vm.Usuario.EmpresaCodigo : null);&#xD;
                var companiaSeleccionadaNombre = ResolverNombreCompaniaSeleccionada(&#xD;
                    companiaSeleccionadaCodigo,&#xD;
                    companiaActivaCodigo,&#xD;
                    companiaActivaNombre,&#xD;
                    vm.Solicitud != null ? vm.Solicitud.NombreOperador : null);&#xD;
&#xD;
                vm.NombreRepresentanteTecnico = nombreRepresentanteVista;&#xD;
                vm.IdentificacionUsuario = identificacionVista;&#xD;
                vm.CompaniaActivaCodigo = companiaSeleccionadaCodigo;&#xD;
                vm.CompaniaActivaNombre = companiaSeleccionadaNombre;&#xD;
&#xD;
                if (!string.IsNullOrWhiteSpace(vm.NombreRepresentanteTecnico))&#xD;
                {&#xD;
                    vm.Solicitud.RepresentanteLegal = vm.NombreRepresentanteTecnico;&#xD;
                }&#xD;
&#xD;
                if (!string.IsNullOrWhiteSpace(identificacionVista))&#xD;
                {&#xD;
                    vm.Solicitud.CedulaRepresentante = identificacionVista;&#xD;
                    vm.Solicitud.Ruc = identificacionVista;&#xD;
                }&#xD;
&#xD;
                vm.Solicitud.CompaniasSeleccionadas = companiaSeleccionadaCodigo;&#xD;
&#xD;
                vm.CompaniasDisponibles = ConstruirCompaniaActivaView(companiaSeleccionadaCodigo, companiaSeleccionadaNombre);&#xD;
&#xD;
                System.Diagnostics.Trace.TraceInformation(&#xD;
                    "[SOLICITUD_AOCR][CARGAR_FORMULARIO] SolicitudId=" + (vm.Solicitud != null ? vm.Solicitud.CodigoSolicitud : 0) +&#xD;
                    "; UsuarioId=" + usuarioId +&#xD;
                    "; Compania=" + (companiaSeleccionadaCodigo ?? string.Empty) +&#xD;
                    "; Estado=" + (vm.Solicitud != null ? (vm.Solicitud.Estado ?? string.Empty) : string.Empty) +&#xD;
                    "; RepresentanteEncontrado=" + (!string.IsNullOrWhiteSpace(representanteGuardado)) +&#xD;
                    "; Aeronaves=" + (vm.Aeronaves != null ? vm.Aeronaves.Count : 0) +&#xD;
                    "; TipoSolicitud=" + (vm.Solicitud != null &amp;&amp; vm.Solicitud.TipoSolicitud.HasValue ? vm.Solicitud.TipoSolicitud.Value : 0));&#xD;
&#xD;
                if (Request != null &amp;&amp; Request.IsAjaxRequest())&#xD;
                {&#xD;
                    return PartialView("_FormularioEmisionAOCR", vm);&#xD;
                }&#xD;
&#xD;
                return View("FormularioEmisionAOCR", vm);&#xD;
            }&#xD;
            catch (Exception ex)&#xD;
            {&#xD;
                var cid = Guid.NewGuid().ToString("N").Substring(0, 12).ToUpperInvariant();&#xD;
                var usuarioActual = User != null &amp;&amp; User.Identity != null &amp;&amp; User.Identity.IsAuthenticated&#xD;
                    ? User.Identity.Name&#xD;
                    : "ANONIMO";&#xD;
                var postgresEx = ex as PostgresException;&#xD;
                var mensajeUsuario = "No se pudo cargar la información de la solicitud. Revise la configuración del formulario o contacte al administrador.";&#xD;
&#xD;
                System.Diagnostics.Trace.TraceError(&#xD;
                    "[FormularioEmisionAOCR][CID:{0}] Usuario={1}; Oid={2}; TipoSolicitud={3}; SqlState={4}; Mensaje={5}; Detalle={6}",&#xD;
                    cid,&#xD;
                    usuarioActual,&#xD;
                    oid.HasValue ? oid.Value.ToString() : "N/A",&#xD;
                    tipoSolicitud.HasValue ? tipoSolicitud.Value.ToString() : "N/A",&#xD;
                    postgresEx != null ? postgresEx.SqlState : "N/A",&#xD;
                    postgresEx != null ? ObtenerMensajeErrorBaseDatos(postgresEx) : ex.Message,&#xD;
                    ex.ToString());&#xD;
&#xD;
                return Content($@"&#xD;
                    &lt;div class='alert alert-danger m-3'&gt;&#xD;
                        &lt;i class='fas fa-exclamation-triangle'&gt;&lt;/i&gt; &#xD;
                        &lt;strong&gt;Error al cargar el formulario:&lt;/strong&gt;&lt;br/&gt;&#xD;
                        {HttpUtility.HtmlEncode(mensajeUsuario)}&#xD;
                        &lt;br/&gt;&lt;small class='text-muted'&gt;CID: {HttpUtility.HtmlEncode(cid)}. Revise los registros del servidor para más detalles.&lt;/small&gt;&#xD;
                    &lt;/div&gt;");&#xD;
            }&#xD;
        }&#xD;
&#xD;
        // =========================================================&#xD;
        // POST: Guarda todo el formulario (Solicitud + Aeronaves + Docs + Pago)&#xD;
        // =========================================================&#xD;
        [HttpPost]&#xD;
        [ValidateAntiForgeryToken]&#xD;
        public ActionResult TestJson()&#xD;
        {&#xD;
#if !DEBUG&#xD;
            return HttpNotFound();&#xD;
#else&#xD;
            try&#xD;
            {&#xD;
                return Json(new { success = true, mensaje = "Endpoint JSON funcionando correctamente", timestamp = DateTime.Now });&#xD;
            }&#xD;
            catch (Exception ex)&#xD;
            {&#xD;
                return Json(new { success = false, mensaje = "Error en test: " + ex.Message });&#xD;
            }&#xD;
#endif&#xD;
        }&#xD;
&#xD;
        [HttpPost]&#xD;
        [ValidateAntiForgeryToken]&#xD;
        public ActionResult TestSession()&#xD;
        {&#xD;
#if !DEBUG&#xD;
            return HttpNotFound();&#xD;
#else&#xD;
            try&#xD;
            {&#xD;
                var sessionInfo = new {&#xD;
                    codigoUsuario = Session["CodigoUsuario"],&#xD;
                    idUsuario = Session["IdUsuario"], &#xD;
                    correo = Session["Correo"],&#xD;
                    sessionId = Session.SessionID,&#xD;
                    sessionTimeout = Session.Timeout&#xD;
                };&#xD;
                &#xD;
                return Json(new { &#xD;
                    success = true, &#xD;
                    mensaje = "Sesión verificada", &#xD;
                    data = sessionInfo &#xD;
                }, JsonRequestBehavior.AllowGet);&#xD;
            }&#xD;
            catch (Exception ex)&#xD;
            {&#xD;
                return Json(new { success = false, mensaje = "Error verificando sesión: " + ex.Message }, JsonRequestBehavior.AllowGet);&#xD;
            }&#xD;
#endif&#xD;
        }&#xD;
&#xD;
        [HttpPost]&#xD;
        [ValidateAntiForgeryToken]&#xD;
        public ActionResult TestFormularioCompleto(SolicitudAOCRViewModel vm)&#xD;
        {&#xD;
#if !DEBUG&#xD;
            return HttpNotFound();&#xD;
#else&#xD;
            try&#xD;
            {&#xD;
                System.Diagnostics.Debug.WriteLine($"[TestFormularioCompleto] Recibido ViewModel");&#xD;
                &#xD;
                if (vm == null)&#xD;
                {&#xD;
                    return Json(new { success = false, mensaje = "ViewModel es null" }, JsonRequestBehavior.AllowGet);&#xD;
                }&#xD;
                &#xD;
                if (vm.Solicitud == null)&#xD;
                {&#xD;
                    return Json(new { success = false, mensaje = "vm.Solicitud es null" }, JsonRequestBehavior.AllowGet);&#xD;
                }&#xD;
                &#xD;
                var info = new {&#xD;
                    solicitudOk = vm.Solicitud != null,&#xD;
                    nombreOperador = vm.Solicitud?.NombreOperador ?? "NULL",&#xD;
                    aeronaves = vm.Aeronaves?.Count ?? 0,&#xD;
                    banco = vm.Banco ?? "NULL",&#xD;
                    numeroComprobante = vm.NumeroComprobante ?? "NULL"&#xD;
                };&#xD;
                &#xD;
                return Json(new { &#xD;
                    success = true, &#xD;
                    mensaje = "Test ViewModel exitoso", &#xD;
                    data = info &#xD;
                }, JsonRequestBehavior.AllowGet);&#xD;
            }&#xD;
            catch (Exception ex)&#xD;
            {&#xD;
                System.Diagnostics.Debug.WriteLine($"[TestFormularioCompleto] Excepción: {ex.Message}");&#xD;
                return Json(new { success = false, mensaje = "Error en test: " + ex.Message }, JsonRequestBehavior.AllowGet);&#xD;
            }&#xD;
#endif&#xD;
        }&#xD;
&#xD;
        [HttpPost]&#xD;
        [ValidateAntiForgeryTokenFromHeader]&#xD;
        [AocrAuthorize(Modulo = "SolicitudAOCR", Accion = "EditarRT", RequireCompanySelection = true)]&#xD;
        public ActionResult FormularioCompleto(SolicitudAOCRViewModel vm)&#xD;
        {&#xD;
            try&#xD;
            {&#xD;
                // Log de entrada para debugging&#xD;
                System.Diagnostics.Debug.WriteLine($"[FormularioCompleto] Iniciando con vm: {vm}");&#xD;
&#xD;
                // Si viene vmJson (multipart/form-data), usarlo como fuente principal del payload.&#xD;
                // Nota: el ViewModel inicializa Solicitud por defecto, por lo que verificar solo null no es suficiente.&#xD;
                if (Request != null &amp;&amp; Request.Form != null)&#xD;
                {&#xD;
                    var vmJson = Request.Form["vmJson"];&#xD;
                    if (!string.IsNullOrWhiteSpace(vmJson))&#xD;
                    {&#xD;
                        try&#xD;
                        {&#xD;
                            var vmDesdeJson = JsonConvert.DeserializeObject&lt;SolicitudAOCRViewModel&gt;(vmJson);&#xD;
                            if (vmDesdeJson != null)&#xD;
                            {&#xD;
                                vm = vmDesdeJson;&#xD;
                            }&#xD;
                        }&#xD;
                        catch (Exception exJson)&#xD;
                        {&#xD;
                            System.Diagnostics.Debug.WriteLine($"[FormularioCompleto] Error parseando vmJson: {exJson.Message}");&#xD;
                        }&#xD;
                    }&#xD;
                }&#xD;
&#xD;
                int usuarioId;&#xD;
                if (!TryObtenerUsuarioActualId(out usuarioId))&#xD;
                {&#xD;
                    System.Diagnostics.Debug.WriteLine("[FormularioCompleto] Sesión expirada");&#xD;
                    return JsonConEstado(new { success = false, mensaje = "Sesión expirada." }, 401);&#xD;
                }&#xD;
&#xD;
                string usuarioCorreo = Session["Correo"]?.ToString() ?? "sistema";&#xD;
                var companiaActivaCodigo = ObtenerCompaniaActivaCodigo();&#xD;
                var companiaActivaNombre = ObtenerCompaniaActivaNombre();&#xD;
&#xD;
                System.Diagnostics.Debug.WriteLine($"[FormularioCompleto] Usuario: {usuarioId}");&#xD;
&#xD;
                if (vm == null)&#xD;
                {&#xD;
                    System.Diagnostics.Debug.WriteLine("[FormularioCompleto] ViewModel es null");&#xD;
                    return Json(new { success = false, mensaje = "ViewModel es null." }, JsonRequestBehavior.AllowGet);&#xD;
                }&#xD;
&#xD;
                if (vm.Solicitud == null)&#xD;
                {&#xD;
                    System.Diagnostics.Debug.WriteLine("[FormularioCompleto] vm.Solicitud es null");&#xD;
                    return Json(new { success = false, mensaje = "Datos de solicitud incompletos." }, JsonRequestBehavior.AllowGet);&#xD;
                }&#xD;
&#xD;
                Usuario usuarioActual = null;&#xD;
                try&#xD;
                {&#xD;
                    usuarioActual = UsuarioDAO.ObtenerPorId(usuarioId);&#xD;
                }&#xD;
                catch (Exception exUsuario)&#xD;
                {&#xD;
                    System.Diagnostics.Debug.WriteLine("[FormularioCompleto] Error obteniendo usuario actual: " + exUsuario.Message);&#xD;
                }&#xD;
&#xD;
                var nombreRepresentanteUsuario = ObtenerNombreRepresentanteTecnicoActual(usuarioId, usuarioActual);&#xD;
                var identificacionUsuario = ObtenerIdentificacionUsuarioActual(usuarioId, usuarioActual);&#xD;
&#xD;
                var companiaSeleccionadaCodigo = ResolverCompaniaSeleccionadaUnica(&#xD;
                    companiaActivaCodigo,&#xD;
                    vm.Solicitud.CompaniasSeleccionadas,&#xD;
                    usuarioActual != null ? usuarioActual.EmpresaCodigo : null);&#xD;
&#xD;
                if (string.IsNullOrWhiteSpace(companiaSeleccionadaCodigo))&#xD;
                {&#xD;
                    return Json(new&#xD;
                    {&#xD;
                        success = false,&#xD;
                        mensaje = "No existe una compañía activa seleccionada para este trámite."&#xD;
                    }, JsonRequestBehavior.AllowGet);&#xD;
                }&#xD;
&#xD;
                var companiaSeleccionadaNombre = ResolverNombreCompaniaSeleccionada(&#xD;
                    companiaSeleccionadaCodigo,&#xD;
                    companiaActivaCodigo,&#xD;
                    companiaActivaNombre,&#xD;
                    vm.Solicitud.NombreOperador);&#xD;
&#xD;
                // Normalización de campos para mantener compatibilidad con estructura actual.&#xD;
                vm.Solicitud.CorreoRepresentanteTecnico = string.IsNullOrWhiteSpace(vm.Solicitud.CorreoRepresentanteTecnico)&#xD;
                    ? vm.Solicitud.Email&#xD;
                    : vm.Solicitud.CorreoRepresentanteTecnico;&#xD;
                vm.Solicitud.CompaniasSeleccionadas = companiaSeleccionadaCodigo;&#xD;
                vm.Solicitud.TipoSolicitud = NormalizarTipoSolicitud(vm.Solicitud.TipoSolicitud);&#xD;
                vm.Solicitud.CodigoOaci = NormalizarCodigoOaci(!string.IsNullOrWhiteSpace(vm.Solicitud.CodigoOaci)&#xD;
                    ? vm.Solicitud.CodigoOaci&#xD;
                    : companiaSeleccionadaCodigo);&#xD;
                vm.Solicitud.RazonSocial = !string.IsNullOrWhiteSpace(vm.Solicitud.RazonSocial)&#xD;
                    ? vm.Solicitud.RazonSocial.Trim()&#xD;
                    : (!string.IsNullOrWhiteSpace(vm.Solicitud.NombreComercial)&#xD;
                        ? vm.Solicitud.NombreComercial.Trim()&#xD;
                        : (!string.IsNullOrWhiteSpace(vm.Solicitud.NombreOperador)&#xD;
                            ? vm.Solicitud.NombreOperador.Trim()&#xD;
                            : string.Empty));&#xD;
                vm.Solicitud.NombreComercial = string.IsNullOrWhiteSpace(vm.Solicitud.NombreComercial)&#xD;
                    ? (!string.IsNullOrWhiteSpace(companiaSeleccionadaNombre) ? companiaSeleccionadaNombre : companiaSeleccionadaCodigo)&#xD;
                    : vm.Solicitud.NombreComercial;&#xD;
                vm.Solicitud.ResumenOperacionesEae = string.IsNullOrWhiteSpace(vm.Solicitud.ResumenOperacionesEae)&#xD;
                    ? vm.Solicitud.DescripcionOperacion&#xD;
                    : vm.Solicitud.ResumenOperacionesEae;&#xD;
                System.Diagnostics.Debug.WriteLine(&#xD;
                    $"[FormularioCompleto] Campos compañía =&gt; RazonSocial:'{vm.Solicitud.RazonSocial}', NombreComercial:'{vm.Solicitud.NombreComercial}', NombreOperador:'{vm.Solicitud.NombreOperador}'");&#xD;
&#xD;
                if (string.IsNullOrWhiteSpace(vm.Solicitud.NombreOperador))&#xD;
                {&#xD;
                    vm.Solicitud.NombreOperador = !string.IsNullOrWhiteSpace(companiaSeleccionadaNombre)&#xD;
                        ? companiaSeleccionadaNombre&#xD;
                        : companiaSeleccionadaCodigo;&#xD;
                }&#xD;
&#xD;
                if (string.IsNullOrWhiteSpace(vm.Solicitud.NombreOperador))&#xD;
                {&#xD;
                    System.Diagnostics.Debug.WriteLine($"[FormularioCompleto] NombreOperador vacío: '{vm.Solicitud.NombreOperador}'");&#xD;
                    return Json(new { success = false, mensaje = "Nombre del operador es obligatorio." }, JsonRequestBehavior.AllowGet);&#xD;
                }&#xD;
&#xD;
                if (string.IsNullOrWhiteSpace(vm.Solicitud.RazonSocial))&#xD;
                    return Json(new { success = false, mensaje = "La razón social de la compañía es obligatoria." }, JsonRequestBehavior.AllowGet);&#xD;
&#xD;
                if (string.IsNullOrWhiteSpace(vm.Solicitud.NombreComercial))&#xD;
                    return Json(new { success = false, mensaje = "El nombre comercial de la compañía es obligatorio." }, JsonRequestBehavior.AllowGet);&#xD;
&#xD;
                if (!string.IsNullOrWhiteSpace(vm.Solicitud.CorreoRepresentanteTecnico) &amp;&amp;&#xD;
                    !Regex.IsMatch(vm.Solicitud.CorreoRepresentanteTecnico.Trim(), @"^[^@\s]+@[^@\s]+\.[^@\s]+$"))&#xD;
                {&#xD;
                    return Json(new { success = false, mensaje = "El correo del Representante Técnico no tiene un formato válido." }, JsonRequestBehavior.AllowGet);&#xD;
                }&#xD;
&#xD;
                if (string.IsNullOrWhiteSpace(vm.Solicitud.CodigoOaci))&#xD;
                {&#xD;
                    return Json(new { success = false, mensaje = "El código OACI es obligatorio." }, JsonRequestBehavior.AllowGet);&#xD;
                }&#xD;
&#xD;
                if (!EsTelefonoNumericoValido(vm.Solicitud.Telefono))&#xD;
                {&#xD;
                    return Json(new { success = false, mensaje = "El teléfono debe contener solo números y tener entre 6 y 15 dígitos." }, JsonRequestBehavior.AllowGet);&#xD;
                }&#xD;
&#xD;
[...]
    <TestEntry testId="85ab1dac-d7cf-9cf5-c392-49272ac40b1a" executionId="fecdbc69-398d-4ee3-b322-8f7126a64c12" testListId="8c84fa94-04c1-424b-9868-57a2d4851a1d" />
    <TestEntry testId="6dd5ea09-15a3-2fbb-381c-3876a2b54b68" executionId="a5024e87-9f8a-44cb-b695-15f1d430e19a" testListId="8c84fa94-04c1-424b-9868-57a2d4851a1d" />
    <TestEntry testId="adc16812-ca09-1332-8065-58d159fea0ad" executionId="dc2fb042-684d-4034-a939-856157a66785" testListId="8c84fa94-04c1-424b-9868-57a2d4851a1d" />
    <TestEntry testId="c38218b8-dd42-a55f-5ab6-e9757e1f02dc" executionId="6704370a-946b-4c2d-b78e-b15e1d613cf1" testListId="8c84fa94-04c1-424b-9868-57a2d4851a1d" />
    <TestEntry testId="0569d7e2-4c17-3311-940b-773e49dd4c8e" executionId="d32d7ca5-acb1-40c7-a481-93cc64bbfa3b" testListId="8c84fa94-04c1-424b-9868-57a2d4851a1d" />
    <TestEntry testId="160b4db9-2358-2dc2-f845-0c28e83988b3" executionId="861d3fbe-867a-4719-98b2-e523d7d8fb3c" testListId="8c84fa94-04c1-424b-9868-57a2d4851a1d" />
    <TestEntry testId="6610b768-d115-7a2d-859e-2a476dac1781" executionId="3fcc16a6-ed25-4e42-b202-8143b89d6e32" testListId="8c84fa94-04c1-424b-9868-57a2d4851a1d" />
    <TestEntry testId="63996215-e8c7-30cd-4934-179c2e4c4996" executionId="62f97c16-f7c8-423e-9311-5b4b55cef08b" testListId="8c84fa94-04c1-424b-9868-57a2d4851a1d" />
    <TestEntry testId="ebc9e797-a91b-6dcd-3870-3caadf82b019" executionId="3f54dbdf-1fbc-4286-b079-f4fa43beda3b" testListId="8c84fa94-04c1-424b-9868-57a2d4851a1d" />
    <TestEntry testId="f8242d42-9845-e87a-8b14-55da59478489" executionId="d7a40398-dd11-4bfd-ab16-c902fb41f66f" testListId="8c84fa94-04c1-424b-9868-57a2d4851a1d" />
    <TestEntry testId="afbafd32-7fc4-bbbb-d9b6-4ad1e901d49f" executionId="321270eb-be5f-440d-96ef-4d9a45554c05" testListId="8c84fa94-04c1-424b-9868-57a2d4851a1d" />
    <TestEntry testId="8ade99e1-9c67-55a8-03c4-111bbf42bf53" executionId="9591a531-fd02-4e3c-aeeb-04028a7b0324" testListId="8c84fa94-04c1-424b-9868-57a2d4851a1d" />
    <TestEntry testId="a5a8e053-7e65-81c9-e42d-6ec7942df7ea" executionId="55b9b308-8263-4a50-b40c-7a580e0475e1" testListId="8c84fa94-04c1-424b-9868-57a2d4851a1d" />
    <TestEntry testId="da94344e-fd89-4282-f44f-5921f106b84a" executionId="1ed7d9d9-c28b-4f69-88af-6092582e5127" testListId="8c84fa94-04c1-424b-9868-57a2d4851a1d" />
    <TestEntry testId="0bf1b627-5c78-1b50-3562-766ad27bce42" executionId="74a9c9c6-1e14-4c23-9e11-ad933d75c869" testListId="8c84fa94-04c1-424b-9868-57a2d4851a1d" />
    <TestEntry testId="011f4e7d-42a6-7237-eb5c-a4f4604928ef" executionId="98d3ab24-9217-49ea-977e-4534b11fb0cf" testListId="8c84fa94-04c1-424b-9868-57a2d4851a1d" />
    <TestEntry testId="d6c0b618-472e-692d-31d8-c19939ab634b" executionId="3b99d32b-cb1a-4fef-a686-ba7266967c50" testListId="8c84fa94-04c1-424b-9868-57a2d4851a1d" />
    <TestEntry testId="635f5c69-2052-56ac-66a5-5151569efbb8" executionId="be01a860-6cb1-4261-9fc7-93c41d86b933" testListId="8c84fa94-04c1-424b-9868-57a2d4851a1d" />
    <TestEntry testId="a406928d-0ba6-860f-1ef9-d0724ed0dbbd" executionId="21f50613-abb1-41d4-9b5d-b377e80e81ef" testListId="8c84fa94-04c1-424b-9868-57a2d4851a1d" />
    <TestEntry testId="cb7df039-3bc8-4f14-5f11-3ac7dde2356c" executionId="f92e5581-feb6-42f1-9d2c-e61a87f41126" testListId="8c84fa94-04c1-424b-9868-57a2d4851a1d" />
    <TestEntry testId="2f8555ff-f6ff-125d-91d6-461c98dd5dfc" executionId="4ef24e25-c1fe-4174-8415-1e7fa78a1c77" testListId="8c84fa94-04c1-424b-9868-57a2d4851a1d" />
    <TestEntry testId="3d79defa-a671-e33d-ed54-ae10cb870930" executionId="c9453eb0-6699-4274-afc6-78b4dcd7067e" testListId="8c84fa94-04c1-424b-9868-57a2d4851a1d" />
    <TestEntry testId="7306f0c5-f00c-42ca-1d4f-dfd8aa1a1d84" executionId="792799da-91d7-4a38-bc0f-5e226b155e7a" testListId="8c84fa94-04c1-424b-9868-57a2d4851a1d" />
    <TestEntry testId="d3481fb1-a6d5-f6f6-9745-a4c4ee9902b1" executionId="e11153d2-8d99-4d99-85ac-848f0e62ba4b" testListId="8c84fa94-04c1-424b-9868-57a2d4851a1d" />
    <TestEntry testId="fb712e4c-a09a-a4b4-e631-d7f7301c144b" executionId="c2f6704a-3278-49e2-af2c-28751b1d8fa1" testListId="8c84fa94-04c1-424b-9868-57a2d4851a1d" />
    <TestEntry testId="af28d60b-ecf3-ca75-ca17-b39c53eb39d1" executionId="b669b0e9-b6de-487e-9f78-8a0e85aa6dad" testListId="8c84fa94-04c1-424b-9868-57a2d4851a1d" />
    <TestEntry testId="db213c60-6b7e-4c72-9edf-fe315232de98" executionId="821b9f15-f98a-45e6-a838-f3e101c6c404" testListId="8c84fa94-04c1-424b-9868-57a2d4851a1d" />
    <TestEntry testId="181aab31-b3c8-b35d-da1e-50c233600bad" executionId="a9dbc113-e18e-4d37-b563-faaa5327f411" testListId="8c84fa94-04c1-424b-9868-57a2d4851a1d" />
    <TestEntry testId="6bb7e307-c536-1cf4-0a30-013a86372c56" executionId="a677f423-7f54-45c4-8559-54dfbbd4d8ce" testListId="8c84fa94-04c1-424b-9868-57a2d4851a1d" />
    <TestEntry testId="e897486a-d4ac-bee6-6a33-45b8206e68ab" executionId="ba80d04f-c2b0-4fdc-8bc3-de12c171157e" testListId="8c84fa94-04c1-424b-9868-57a2d4851a1d" />
    <TestEntry testId="bec301a9-3f89-743f-3e03-3a3c24a4683a" executionId="1211ff0e-3775-455f-91b9-ae0aa0923a2c" testListId="8c84fa94-04c1-424b-9868-57a2d4851a1d" />
    <TestEntry testId="bcc8563c-8690-c44b-072d-8931bc479479" executionId="6f98a6a2-c261-4ea6-9eb4-a57289a7efdc" testListId="8c84fa94-04c1-424b-9868-57a2d4851a1d" />
    <TestEntry testId="a7db5e90-ba70-eb9f-924f-0c598e8e2950" executionId="b3829638-ae01-424d-8977-54408c96388c" testListId="8c84fa94-04c1-424b-9868-57a2d4851a1d" />
    <TestEntry testId="9365aadb-57ca-b106-b576-a40117b99b53" executionId="5716bca9-64aa-42e6-af96-17901a52febb" testListId="8c84fa94-04c1-424b-9868-57a2d4851a1d" />
    <TestEntry testId="9e6870da-e22c-1c37-77d9-d922609d0876" executionId="669b24c1-ec19-40b7-9b41-ceb61290c565" testListId="8c84fa94-04c1-424b-9868-57a2d4851a1d" />
    <TestEntry testId="5d0859bc-e372-11df-2ea5-1c321c2c0870" executionId="de7326ab-b8ce-43c7-8b2b-2ada24330e24" testListId="8c84fa94-04c1-424b-9868-57a2d4851a1d" />
    <TestEntry testId="d925989e-ccfb-699e-945b-1068d4a9d076" executionId="98f9c010-afca-4730-a518-319a32f55a96" testListId="8c84fa94-04c1-424b-9868-57a2d4851a1d" />
    <TestEntry testId="c076bfee-9875-1277-f49c-6ae234bf6e06" executionId="56533576-320a-40de-8647-53b51e829b5a" testListId="8c84fa94-04c1-424b-9868-57a2d4851a1d" />
    <TestEntry testId="005a415a-73ac-b18c-dba5-0331cef7b8c9" executionId="9bb4319f-0d4d-4f0c-a45e-6f922eca0fcc" testListId="8c84fa94-04c1-424b-9868-57a2d4851a1d" />
    <TestEntry testId="3744df08-8b4b-dbae-8c11-953fee677b9d" executionId="f030ecec-9089-4570-81f5-51082babe472" testListId="8c84fa94-04c1-424b-9868-57a2d4851a1d" />
    <TestEntry testId="7ba9af93-e836-cee5-2d32-1f38b166c3bf" executionId="99745887-cc03-4a6e-908b-6ce6d432def4" testListId="8c84fa94-04c1-424b-9868-57a2d4851a1d" />
    <TestEntry testId="f4f8bf47-2a59-da25-0b68-ae7f4f9e4f53" executionId="d6d63964-2799-4935-8e6b-d44179aa1ad9" testListId="8c84fa94-04c1-424b-9868-57a2d4851a1d" />
    <TestEntry testId="8bd54b3b-52ea-b441-3df4-26f5f61ddae6" executionId="f5361214-4eb3-44cb-a849-dc036f69a375" testListId="8c84fa94-04c1-424b-9868-57a2d4851a1d" />
    <TestEntry testId="d441c96c-c1d8-7866-3ac6-95161ad310cd" executionId="455b20a2-c039-48a1-8e5a-4ce3cb32d7df" testListId="8c84fa94-04c1-424b-9868-57a2d4851a1d" />
    <TestEntry testId="7136a843-d262-f89f-e797-cf1e576c9739" executionId="e4f49183-ba55-4fd3-af42-4891085fc88a" testListId="8c84fa94-04c1-424b-9868-57a2d4851a1d" />
    <TestEntry testId="2d5050f2-f5fa-f81f-d582-b3bd98015863" executionId="9be0db39-bd34-4cfe-8181-72a29cca07bd" testListId="8c84fa94-04c1-424b-9868-57a2d4851a1d" />
    <TestEntry testId="6c70f828-f258-d710-2387-895979ed6457" executionId="47716dd6-376f-4b59-ae36-b116f3734cfc" testListId="8c84fa94-04c1-424b-9868-57a2d4851a1d" />
    <TestEntry testId="4fdb2e68-10e8-9dc8-9e50-b7b28fb44ef8" executionId="a6aae351-28c8-4775-a7cc-c876e06a1daa" testListId="8c84fa94-04c1-424b-9868-57a2d4851a1d" />
    <TestEntry testId="11d557d1-7edc-cfe1-4cae-1b1e55518806" executionId="cbda4540-c572-4685-849b-9f44b6326860" testListId="8c84fa94-04c1-424b-9868-57a2d4851a1d" />
    <TestEntry testId="0b9d30fe-6c97-a261-a6ab-eee9f37e6893" executionId="8cbe256b-ca1d-4508-94eb-d758768c3cb9" testListId="8c84fa94-04c1-424b-9868-57a2d4851a1d" />
    <TestEntry testId="cbf44de5-6f2c-bdb9-0420-a0c7ade8dc92" executionId="98ae7646-6df6-4b9d-b7fe-2b2bbfaf5651" testListId="8c84fa94-04c1-424b-9868-57a2d4851a1d" />
    <TestEntry testId="670bb6d9-a4f1-135c-c7dd-f0ccc69b993e" executionId="a09148b0-ae7b-4388-bd4f-e3ee252eaac0" testListId="8c84fa94-04c1-424b-9868-57a2d4851a1d" />
    <TestEntry testId="0f8d89cc-3c25-0b90-bf6b-463ae237c8d9" executionId="611763ed-258c-4fbc-98d0-7ea18bee8560" testListId="8c84fa94-04c1-424b-9868-57a2d4851a1d" />
    <TestEntry testId="1ac50a39-1c83-9157-d1bb-3b00d3520252" executionId="6d6847b8-a3f8-4208-b44e-61aa08751c17" testListId="8c84fa94-04c1-424b-9868-57a2d4851a1d" />
    <TestEntry testId="84fc64fa-bc10-9d15-f934-3e4856c7d3ea" executionId="75ade1bb-d8c1-4ec4-95c7-4f7d5666c559" testListId="8c84fa94-04c1-424b-9868-57a2d4851a1d" />
    <TestEntry testId="a0ce3447-b4d9-3cef-b3cd-2eaeb10c4a59" executionId="5f5a5351-5680-4eaa-8ce6-c2dcb050fea4" testListId="8c84fa94-04c1-424b-9868-57a2d4851a1d" />
    <TestEntry testId="587e804c-e882-4cc3-4252-8f49c557c9c6" executionId="ee22edd5-bef0-4b25-ad1d-5d9b917f0f34" testListId="8c84fa94-04c1-424b-9868-57a2d4851a1d" />
    <TestEntry testId="e9346ba9-2311-99ef-3893-97b13073bebd" executionId="6b392233-9932-4562-8946-c8a45004fbae" testListId="8c84fa94-04c1-424b-9868-57a2d4851a1d" />
    <TestEntry testId="e21046f1-55d0-dd66-39e2-59a6463ea634" executionId="fac6d0e5-78cd-402a-a791-846523b01c89" testListId="8c84fa94-04c1-424b-9868-57a2d4851a1d" />
    <TestEntry testId="0112ae7f-5237-af31-5019-6888b8386a0e" executionId="e8db0048-b93e-4d0e-b5b2-2354f4162660" testListId="8c84fa94-04c1-424b-9868-57a2d4851a1d" />
    <TestEntry testId="e5a43bfc-f34b-653c-c011-ccdffb4b60be" executionId="46fb4d0c-3bb4-4caa-8af1-a299638a76f6" testListId="8c84fa94-04c1-424b-9868-57a2d4851a1d" />
    <TestEntry testId="5a8bbc77-3f09-0b0d-229a-b9c6288689de" executionId="ac766153-602e-4067-bba7-d606b0b9bf13" testListId="8c84fa94-04c1-424b-9868-57a2d4851a1d" />
    <TestEntry testId="2686d838-491d-508e-8cbd-c7ea00afc91c" executionId="3866b45b-2aa4-4d98-8b7f-683f06af77d6" testListId="8c84fa94-04c1-424b-9868-57a2d4851a1d" />
    <TestEntry testId="a854b757-039c-411e-198e-38bb13e993f3" executionId="859b24d0-cba8-425e-968a-5480fad550c0" testListId="8c84fa94-04c1-424b-9868-57a2d4851a1d" />
    <TestEntry testId="e0199b15-fa31-f0be-64b9-0a763b398054" executionId="3a93cd09-52f7-47e3-9f68-45835d764bc7" testListId="8c84fa94-04c1-424b-9868-57a2d4851a1d" />
    <TestEntry testId="e7c2c311-456b-9100-d2b8-2c29a30333e5" executionId="e6453552-8e8a-442f-b1c1-d05ff3f2d3d2" testListId="8c84fa94-04c1-424b-9868-57a2d4851a1d" />
    <TestEntry testId="be548137-181f-f442-cada-eff15c1921e5" executionId="faf4759d-9ab8-4798-a89c-afa88e9fa37e" testListId="8c84fa94-04c1-424b-9868-57a2d4851a1d" />
    <TestEntry testId="7251ae37-4fae-b771-e07c-7ec420fc2986" executionId="162b2042-8160-4741-92d8-9b0ab2dd50dd" testListId="8c84fa94-04c1-424b-9868-57a2d4851a1d" />
    <TestEntry testId="b5c1ca36-54da-6416-b18a-45f43038b32c" executionId="b4cfb297-1242-4264-9ca8-8b4f4fe8cb5b" testListId="8c84fa94-04c1-424b-9868-57a2d4851a1d" />
    <TestEntry testId="2aa33a25-d1c6-ebf7-cade-0e5779faae0f" executionId="5b70de69-6198-4c0b-9865-77909f4585c6" testListId="8c84fa94-04c1-424b-9868-57a2d4851a1d" />
    <TestEntry testId="7a15ec3f-551f-205c-000c-e0c3860d58fa" executionId="2bd7d719-4771-4230-8e2d-bc600e517551" testListId="8c84fa94-04c1-424b-9868-57a2d4851a1d" />
    <TestEntry testId="5cb7ef23-e06f-416a-4f57-bf0f77faa0eb" executionId="b880f9fb-37c2-4de2-aeb1-bb1765b42152" testListId="8c84fa94-04c1-424b-9868-57a2d4851a1d" />
    <TestEntry testId="4811038c-b678-740c-0cfd-9912953b9b9f" executionId="a1fb5f14-675f-4941-bda4-426f220654fd" testListId="8c84fa94-04c1-424b-9868-57a2d4851a1d" />
    <TestEntry testId="3beff1be-0d44-c297-5c66-45e25c6880e6" executionId="4cb85c30-80de-4f49-b45e-20359ecca669" testListId="8c84fa94-04c1-424b-9868-57a2d4851a1d" />
    <TestEntry testId="d4119b48-80ae-83ca-af0e-a71a9388213e" executionId="0f89d354-77a7-4803-8063-9294ff0d23ab" testListId="8c84fa94-04c1-424b-9868-57a2d4851a1d" />
    <TestEntry testId="ac3f7675-4029-0865-00a0-3f2e8bcbbf75" executionId="2dd21349-0544-448f-90b6-f8fbeed9d2ac" testListId="8c84fa94-04c1-424b-9868-57a2d4851a1d" />
    <TestEntry testId="e5f7d8c9-f987-cea3-df95-8763e12b3ef2" executionId="b14b4651-c323-4055-b804-5b9638056ef1" testListId="8c84fa94-04c1-424b-9868-57a2d4851a1d" />
    <TestEntry testId="0ae678ea-3708-648b-6745-29621793d248" executionId="1c66b8a9-5a8f-4d58-972d-a416e5269d47" testListId="8c84fa94-04c1-424b-9868-57a2d4851a1d" />
    <TestEntry testId="0bcbf19e-7770-1551-9f13-2c5cb5228d14" executionId="d2ffaf08-7f3c-4511-b186-8efb6e8dacfc" testListId="8c84fa94-04c1-424b-9868-57a2d4851a1d" />
    <TestEntry testId="8b2f8c39-66aa-9a67-5b44-b3416762c893" executionId="25a5d4b5-f647-4367-941e-3a987216bf07" testListId="8c84fa94-04c1-424b-9868-57a2d4851a1d" />
    <TestEntry testId="ef350f34-e699-8f0d-3b46-6a236ba77c83" executionId="ef9f6b06-ed7d-4ca5-b7f9-99074ecee04f" testListId="8c84fa94-04c1-424b-9868-57a2d4851a1d" />
    <TestEntry testId="e0f50132-5812-7c83-1df1-d446b225280c" executionId="a866239f-e6f9-4eb8-acc5-df9eab2db914" testListId="8c84fa94-04c1-424b-9868-57a2d4851a1d" />
    <TestEntry testId="027107e3-0458-4fc8-c12d-98d83839f2b8" executionId="4a0372e4-8b37-44ae-aa36-fa870709ddfa" testListId="8c84fa94-04c1-424b-9868-57a2d4851a1d" />
    <TestEntry testId="2ba5c6ae-4a8f-bbaf-331f-7160cf206c2c" executionId="dfc29860-a5e4-494a-9362-0890ea4ddd8e" testListId="8c84fa94-04c1-424b-9868-57a2d4851a1d" />
    <TestEntry testId="ee4c5537-3341-ed78-56c9-66fd891efbf9" executionId="8e36894c-7f77-4c7a-b5d0-2aa03d289fc4" testListId="8c84fa94-04c1-424b-9868-57a2d4851a1d" />
    <TestEntry testId="b77c97ce-3c44-83e7-e4da-ff67ac4f2eee" executionId="7d675aaa-92ae-47d7-bca3-520be87b352f" testListId="8c84fa94-04c1-424b-9868-57a2d4851a1d" />
    <TestEntry testId="61fcb730-667d-43e9-6e65-2202a645cd97" executionId="343aa760-df58-421d-a0e0-279c7daa6336" testListId="8c84fa94-04c1-424b-9868-57a2d4851a1d" />
    <TestEntry testId="34ec84ec-acd9-0c3b-f504-bbd7e2de34e1" executionId="038abf62-b172-4497-a090-f3d841802699" testListId="8c84fa94-04c1-424b-9868-57a2d4851a1d" />
    <TestEntry testId="65669073-f6cb-b796-f369-61f20dec513b" executionId="c2d5f748-2e43-47a3-8a70-5ca43d3a120e" testListId="8c84fa94-04c1-424b-9868-57a2d4851a1d" />
    <TestEntry testId="47c86c66-a6b3-d887-434a-85f481be13c7" executionId="b1040349-a9b3-4f99-bbd8-23d132c93803" testListId="8c84fa94-04c1-424b-9868-57a2d4851a1d" />
    <TestEntry testId="da0916d8-7e77-907c-597c-cb6b3a6ecfd9" executionId="8951ccfb-fbed-4a4c-b250-ee92fbfda5da" testListId="8c84fa94-04c1-424b-9868-57a2d4851a1d" />
    <TestEntry testId="98e11d85-aaa7-ef6e-827d-847045b0992c" executionId="023c8391-3725-41b2-93ef-cdfaf6b7c125" testListId="8c84fa94-04c1-424b-9868-57a2d4851a1d" />
    <TestEntry testId="28840b4e-8276-ff27-092e-a5f4e881148e" executionId="62f8dac9-aae7-49e3-acc8-0e3f771825f5" testListId="8c84fa94-04c1-424b-9868-57a2d4851a1d" />
    <TestEntry testId="ffd992bd-b1ad-a0aa-9e23-eadded6dad21" executionId="26e2bf8f-3dde-4751-87a3-ecf902bb91c4" testListId="8c84fa94-04c1-424b-9868-57a2d4851a1d" />
    <TestEntry testId="8524fd19-a0a7-cd7c-e3ef-a83e05ec6059" executionId="dcbe2361-6f51-40c5-9541-893a86d04b49" testListId="8c84fa94-04c1-424b-9868-57a2d4851a1d" />
    <TestEntry testId="35fc8718-fd18-ca2c-4063-434c82ef342c" executionId="e07448a7-9f1a-43fc-bfc3-7b7611eba05c" testListId="8c84fa94-04c1-424b-9868-57a2d4851a1d" />
    <TestEntry testId="96f12811-b21d-62fa-320d-64e8143851e3" executionId="69420243-cad7-4640-9c1c-c17aa90478de" testListId="8c84fa94-04c1-424b-9868-57a2d4851a1d" />
    <TestEntry testId="7bd7af4a-153d-2e84-a472-40985dfa24a4" executionId="0d877e03-0f8a-4f83-bb10-f521fce13661" testListId="8c84fa94-04c1-424b-9868-57a2d4851a1d" />
    <TestEntry testId="e879048b-4b1a-d748-2927-388fab1c0671" executionId="ebb96615-2dee-4396-b1a9-f154a1ad0535" testListId="8c84fa94-04c1-424b-9868-57a2d4851a1d" />
    <TestEntry testId="6162ed3c-60f9-ca87-f0b1-14954518e2b2" executionId="70c991bb-d178-4fa8-bbf3-ee19568fa511" testListId="8c84fa94-04c1-424b-9868-57a2d4851a1d" />
    <TestEntry testId="9913ac18-835d-ef2a-fd5b-77b5f63bdfb7" executionId="cb26adfa-8e88-4dfe-b2b5-902eda4523f8" testListId="8c84fa94-04c1-424b-9868-57a2d4851a1d" />
    <TestEntry testId="f6ae3fd7-f021-7f52-056c-4f9d75a6ca15" executionId="8c59a6e2-727b-44ee-9f30-1c5391fbf6e2" testListId="8c84fa94-04c1-424b-9868-57a2d4851a1d" />
    <TestEntry testId="fd4587a8-9b3f-b06b-8694-678e8f368659" executionId="6566fef1-069c-4505-b3c1-90f54e326cfa" testListId="8c84fa94-04c1-424b-9868-57a2d4851a1d" />
    <TestEntry testId="95e10363-758b-b0ba-8ce9-3bf975d1ba94" executionId="9e42a430-c55b-48eb-b327-929c5e77e901" testListId="8c84fa94-04c1-424b-9868-57a2d4851a1d" />
    <TestEntry testId="8b8f40c0-0f9f-4a7f-709b-5f419eda5cf3" executionId="ea6b5c19-2f3b-4ab9-9270-2943adbcde7f" testListId="8c84fa94-04c1-424b-9868-57a2d4851a1d" />
    <TestEntry testId="01997a9f-3a23-e5e9-deb9-864e87379393" executionId="9ab9c853-4c53-4b4c-ba91-8bec69701ab4" testListId="8c84fa94-04c1-424b-9868-57a2d4851a1d" />
    <TestEntry testId="9737a8b6-68ff-463e-c19e-8c8259252f3b" executionId="eacc4399-684c-41e4-9ea6-b94d4e145afb" testListId="8c84fa94-04c1-424b-9868-57a2d4851a1d" />
    <TestEntry testId="f20c9cd6-ae7c-8975-b1de-b942a6946d8a" executionId="da58f98b-15aa-49c5-9215-9f2e8bbd5c6c" testListId="8c84fa94-04c1-424b-9868-57a2d4851a1d" />
    <TestEntry testId="6d0b85d9-49c7-d679-5b96-d17a0df938d1" executionId="46bb32c4-2b08-4f8a-9d82-767024d38fd2" testListId="8c84fa94-04c1-424b-9868-57a2d4851a1d" />
    <TestEntry testId="d82655b2-40df-3a77-4406-62f9c05f4586" executionId="94674ad9-ed7a-4e91-9b96-4bfefc05d4d6" testListId="8c84fa94-04c1-424b-9868-57a2d4851a1d" />
    <TestEntry testId="061be749-4608-9c9e-beec-eb09973ea57b" executionId="b1a58474-f1c8-495b-b094-dd79e80f8e08" testListId="8c84fa94-04c1-424b-9868-57a2d4851a1d" />
    <TestEntry testId="cf36397f-4a47-f911-2e24-b08aab8628b5" executionId="9544c4d3-af52-4a5a-bf0e-25a68a424d09" testListId="8c84fa94-04c1-424b-9868-57a2d4851a1d" />
    <TestEntry testId="3571b916-2103-d541-e0fd-a0f64ee224a6" executionId="c6cfaac0-0611-4f77-a9df-3b42204c31c6" testListId="8c84fa94-04c1-424b-9868-57a2d4851a1d" />
    <TestEntry testId="f2386ff0-61ff-2728-e4b8-aea5e8ee09ed" executionId="1ddc8628-a460-49cd-b9e7-e1364e5b5c84" testListId="8c84fa94-04c1-424b-9868-57a2d4851a1d" />
    <TestEntry testId="d7169295-e902-60bb-1f21-887648498e09" executionId="27f7d616-d82b-4ce4-96d9-a4a86d292d92" testListId="8c84fa94-04c1-424b-9868-57a2d4851a1d" />
    <TestEntry testId="477eeb22-238b-8d6f-f4fd-2a46aa87eefa" executionId="9c937fc0-ee67-4443-839b-6d7233ea4dde" testListId="8c84fa94-04c1-424b-9868-57a2d4851a1d" />
  </TestEntries>
  <TestLists>
    <TestList name="Resultados sin formato de lista" id="8c84fa94-04c1-424b-9868-57a2d4851a1d" />
    <TestList name="Todos los resultados cargados" id="19431567-8539-422a-85d7-44ee4e166bda" />
  </TestLists>
  <ResultSummary outcome="Failed">
    <Counters total="272" executed="271" passed="252" failed="19" error="0" timeout="0" aborted="0" inconclusive="0" passedButRunAborted="0" notRunnable="0" notExecuted="0" disconnected="0" warning="0" completed="0" inProgress="0" pending="0" />
    <Output>
      <StdOut>Se ha omitido la prueba 'FlujoCompleto_CrearOrdenHastaPago_Exitoso' en la serie de pruebas.&#xD;
</StdOut>
    </Output>
  </ResultSummary>
</TestRun>