<?xml version="1.0" encoding="utf-8"?>
<TestRun id="53f55407-5499-47ba-ba99-cd0f9974bd52" name="german.cajas@DESKTOP-S4GE44J 2026-04-22 21:56:16" runUser="DESKTOP-S4GE44J\CodexSandboxOffline" xmlns="http://microsoft.com/schemas/VisualStudio/TeamTest/2010">
  <Times creation="2026-04-22T21:56:16.9681849-05:00" queuing="2026-04-22T21:56:16.9681849-05:00" start="2026-04-22T21:56:16.4797607-05:00" finish="2026-04-22T21:56:17.3835190-05:00" />
  <TestSettings name="default" id="1cc14538-15fe-4e20-8a5d-7aa54852b41e">
    <Deployment runDeploymentRoot="german.cajas_DESKTOP-S4GE44J_2026-04-22_21_56_16" />
  </TestSettings>
  <Results>
    <UnitTestResult executionId="fb976efa-d9b9-46cb-8dce-61fc88f9d4df" testId="931616ce-b494-8596-41ef-25a325d1a42a" testName="GenerarPdf_OrdenNula_LanzaExcepcion" computerName="DESKTOP-S4GE44J" duration="00:00:00.0000775" startTime="2026-04-22T21:56:17.2739071-05:00" endTime="2026-04-22T21:56:17.2739071-05:00" testType="13cdc9d9-ddb5-4fa4-a97d-d965ccfc6d4b" outcome="Passed" testListId="8c84fa94-04c1-424b-9868-57a2d4851a1d" relativeResultsDirectory="fb976efa-d9b9-46cb-8dce-61fc88f9d4df" />
    <UnitTestResult executionId="88e25706-9d38-410a-b502-e8ab886c5fd6" testId="e5a43bfc-f34b-653c-c011-ccdffb4b60be" testName="Matriz_TransicionesInvalidas_DebeBloquear (AOCR En Elaboracion,AOCR Emitido/Recibido)" computerName="DESKTOP-S4GE44J" duration="00:00:00.0000049" startTime="2026-04-22T21:56:16.9701854-05:00" endTime="2026-04-22T21:56:16.9701854-05:00" testType="13cdc9d9-ddb5-4fa4-a97d-d965ccfc6d4b" outcome="Passed" testListId="8c84fa94-04c1-424b-9868-57a2d4851a1d" relativeResultsDirectory="88e25706-9d38-410a-b502-e8ab886c5fd6" />
    <UnitTestResult executionId="6aadf275-7400-45fb-965b-3ec98098e8e6" testId="1c9c850f-e9cc-6746-d57b-f8101af5b0ba" testName="Matriz_TransicionesValidas_DebePermitir (AOCR En Elaboracion,AOCR En Revision)" computerName="DESKTOP-S4GE44J" duration="00:00:00.0000046" startTime="2026-04-22T21:56:16.9681849-05:00" endTime="2026-04-22T21:56:16.9681849-05:00" testType="13cdc9d9-ddb5-4fa4-a97d-d965ccfc6d4b" outcome="Passed" testListId="8c84fa94-04c1-424b-9868-57a2d4851a1d" relativeResultsDirectory="6aadf275-7400-45fb-965b-3ec98098e8e6" />
    <UnitTestResult executionId="11a5d3ac-6248-4c5c-8659-016aad286ac8" testId="3571b916-2103-d541-e0fd-a0f64ee224a6" testName="EsTransicionPermitida_TransicionesValidas_DebeRetornarTrue (AOCR Legalizado,AOCR Emitido/Recibido)" computerName="DESKTOP-S4GE44J" duration="00:00:00.0000087" startTime="2026-04-22T21:56:17.2709372-05:00" endTime="2026-04-22T21:56:17.2709372-05:00" testType="13cdc9d9-ddb5-4fa4-a97d-d965ccfc6d4b" outcome="Passed" testListId="8c84fa94-04c1-424b-9868-57a2d4851a1d" relativeResultsDirectory="11a5d3ac-6248-4c5c-8659-016aad286ac8" />
    <UnitTestResult executionId="653cdb56-8c5d-4771-845d-3e81b6491309" testId="d925989e-ccfb-699e-945b-1068d4a9d076" testName="Matriz_TransicionesInvalidas_DebeBloquear (Documentacion Pendiente,AOCR En Revision)" computerName="DESKTOP-S4GE44J" duration="00:00:00.0000089" startTime="2026-04-22T21:56:16.9691851-05:00" endTime="2026-04-22T21:56:16.9691851-05:00" testType="13cdc9d9-ddb5-4fa4-a97d-d965ccfc6d4b" outcome="Passed" testListId="8c84fa94-04c1-424b-9868-57a2d4851a1d" relativeResultsDirectory="653cdb56-8c5d-4771-845d-3e81b6491309" />
    <UnitTestResult executionId="0de773ad-2f71-490c-a797-afcc2dc9dccb" testId="8621eede-c3e5-5e1d-65c1-f772369c5c9d" testName="NombreArchivo_CaracteresPeligrosos_Removidos" computerName="DESKTOP-S4GE44J" duration="00:00:00.0000901" startTime="2026-04-22T21:56:17.2749397-05:00" endTime="2026-04-22T21:56:17.2759074-05:00" testType="13cdc9d9-ddb5-4fa4-a97d-d965ccfc6d4b" outcome="Passed" testListId="8c84fa94-04c1-424b-9868-57a2d4851a1d" relativeResultsDirectory="0de773ad-2f71-490c-a797-afcc2dc9dccb" />
    <UnitTestResult executionId="57616758-02b0-49c7-a967-692e08a49664" testId="084b2f8b-72e1-b973-5a12-41e9ee505641" testName="EsTransicionPermitida_EstadosLegacyNormalizados_DebeRetornarTrue (APROBADO_POR_DIRECCION,LEGALIZADO)" computerName="DESKTOP-S4GE44J" duration="00:00:00.0000093" startTime="2026-04-22T21:56:17.2719102-05:00" endTime="2026-04-22T21:56:17.2729074-05:00" testType="13cdc9d9-ddb5-4fa4-a97d-d965ccfc6d4b" outcome="Passed" testListId="8c84fa94-04c1-424b-9868-57a2d4851a1d" relativeResultsDirectory="57616758-02b0-49c7-a967-692e08a49664" />
    <UnitTestResult executionId="c7c60f6b-4983-4a47-8ad1-b57f28af1831" testId="3cd830cc-999b-0acb-ff86-a1918f340789" testName="CrearOrden_DatosValidos_RetornaExito" computerName="DESKTOP-S4GE44J" duration="00:00:00.0020437" startTime="2026-04-22T21:56:16.9431844-05:00" endTime="2026-04-22T21:56:16.9451855-05:00" testType="13cdc9d9-ddb5-4fa4-a97d-d965ccfc6d4b" outcome="Passed" testListId="8c84fa94-04c1-424b-9868-57a2d4851a1d" relativeResultsDirectory="c7c60f6b-4983-4a47-8ad1-b57f28af1831" />
    <UnitTestResult executionId="00f76147-f0c4-4b14-9013-fca5d9be0235" testId="6610b768-d115-7a2d-859e-2a476dac1781" testName="EsTransicionPermitida_TransicionesInvalidas_DebeRetornarFalse (Pendiente Asignacion RT,AOCR Legalizado)" computerName="DESKTOP-S4GE44J" duration="00:00:00.0000063" startTime="2026-04-22T21:56:17.2719102-05:00" endTime="2026-04-22T21:56:17.2719102-05:00" testType="13cdc9d9-ddb5-4fa4-a97d-d965ccfc6d4b" outcome="Passed" testListId="8c84fa94-04c1-424b-9868-57a2d4851a1d" relativeResultsDirectory="00f76147-f0c4-4b14-9013-fca5d9be0235" />
    <UnitTestResult executionId="ef16c457-4967-4a3f-a80a-dd9fd3838e36" testId="635f5c69-2052-56ac-66a5-5151569efbb8" testName="Matriz_TransicionesInvalidas_DebeBloquear (Solicitud Creada,AOCR Legalizado)" computerName="DESKTOP-S4GE44J" duration="00:00:00.0002460" startTime="2026-04-22T21:56:16.9691851-05:00" endTime="2026-04-22T21:56:16.9691851-05:00" testType="13cdc9d9-ddb5-4fa4-a97d-d965ccfc6d4b" outcome="Passed" testListId="8c84fa94-04c1-424b-9868-57a2d4851a1d" relativeResultsDirectory="ef16c457-4967-4a3f-a80a-dd9fd3838e36" />
    <UnitTestResult executionId="e6db5a9f-a170-4a9d-a0f8-4f00dd93e4b7" testId="11d557d1-7edc-cfe1-4cae-1b1e55518806" testName="EsTransicionPermitida_TransicionesValidas_DebeRetornarTrue (Pendiente,Observada)" computerName="DESKTOP-S4GE44J" duration="00:00:00.2991305" startTime="2026-04-22T21:56:16.9701854-05:00" endTime="2026-04-22T21:56:17.2699371-05:00" testType="13cdc9d9-ddb5-4fa4-a97d-d965ccfc6d4b" outcome="Passed" testListId="8c84fa94-04c1-424b-9868-57a2d4851a1d" relativeResultsDirectory="e6db5a9f-a170-4a9d-a0f8-4f00dd93e4b7" />
    <UnitTestResult executionId="6f44bd3e-7859-4e5d-8056-36cf41e56ab9" testId="85ab1dac-d7cf-9cf5-c392-49272ac40b1a" testName="ObtenerOrden_IdInexistente_RetornaNull" computerName="DESKTOP-S4GE44J" duration="00:00:00.0004934" startTime="2026-04-22T21:56:16.9501532-05:00" endTime="2026-04-22T21:56:16.9511541-05:00" testType="13cdc9d9-ddb5-4fa4-a97d-d965ccfc6d4b" outcome="Passed" testListId="8c84fa94-04c1-424b-9868-57a2d4851a1d" relativeResultsDirectory="6f44bd3e-7859-4e5d-8056-36cf41e56ab9" />
    <UnitTestResult executionId="656c40e5-5bb6-4ff6-87eb-dabaf57e32bc" testId="f4db67e1-4556-8e73-1ed7-178372bc52c5" testName="EsTransicionPermitida_TransicionesValidas_DebeRetornarTrue (En Revision,Aceptacion Documental)" computerName="DESKTOP-S4GE44J" duration="00:00:00.0000093" startTime="2026-04-22T21:56:17.2699371-05:00" endTime="2026-04-22T21:56:17.2699371-05:00" testType="13cdc9d9-ddb5-4fa4-a97d-d965ccfc6d4b" outcome="Passed" testListId="8c84fa94-04c1-424b-9868-57a2d4851a1d" relativeResultsDirectory="656c40e5-5bb6-4ff6-87eb-dabaf57e32bc" />
    <UnitTestResult executionId="a776084e-1bdc-4cb8-8c7c-28333350e384" testId="d4753ea5-7a73-da42-2b09-1b2e24fe28d3" testName="Matriz_TransicionesValidas_DebePermitir (Documentacion Pendiente,Observada)" computerName="DESKTOP-S4GE44J" duration="00:00:00.0000071" startTime="2026-04-22T21:56:16.9671847-05:00" endTime="2026-04-22T21:56:16.9681849-05:00" testType="13cdc9d9-ddb5-4fa4-a97d-d965ccfc6d4b" outcome="Passed" testListId="8c84fa94-04c1-424b-9868-57a2d4851a1d" relativeResultsDirectory="a776084e-1bdc-4cb8-8c7c-28333350e384" />
    <UnitTestResult executionId="ad2a9219-fa2f-4e8e-af6d-d25c8a7f5eb2" testId="9e6da589-d1d4-2673-576f-395e7a104363" testName="EsTransicionPermitida_TransicionesValidas_DebeRetornarTrue (AOCR Validado,AOCR Legalizado)" computerName="DESKTOP-S4GE44J" duration="00:00:00.0000084" startTime="2026-04-22T21:56:17.2709372-05:00" endTime="2026-04-22T21:56:17.2709372-05:00" testType="13cdc9d9-ddb5-4fa4-a97d-d965ccfc6d4b" outcome="Passed" testListId="8c84fa94-04c1-424b-9868-57a2d4851a1d" relativeResultsDirectory="ad2a9219-fa2f-4e8e-af6d-d25c8a7f5eb2" />
    <UnitTestResult executionId="e0068bc5-5a64-431f-a16b-93d00e1a60f6" testId="8bd54b3b-52ea-b441-3df4-26f5f61ddae6" testName="Matriz_TransicionesInvalidas_DebeBloquear (En Inspeccion,AOCR Legalizado)" computerName="DESKTOP-S4GE44J" duration="00:00:00.0000050" startTime="2026-04-22T21:56:16.9701854-05:00" endTime="2026-04-22T21:56:16.9701854-05:00" testType="13cdc9d9-ddb5-4fa4-a97d-d965ccfc6d4b" outcome="Passed" testListId="8c84fa94-04c1-424b-9868-57a2d4851a1d" relativeResultsDirectory="e0068bc5-5a64-431f-a16b-93d00e1a60f6" />
    <UnitTestResult executionId="0a6b3412-550d-4f0e-9e24-e3eddc0eb35e" testId="6d0b85d9-49c7-d679-5b96-d17a0df938d1" testName="EsTransicionPermitida_EstadosLegacyNormalizados_DebeRetornarTrue (ENVIADO_A_JEFATURA,AOCR_Validado)" computerName="DESKTOP-S4GE44J" duration="00:00:00.0001048" startTime="2026-04-22T21:56:17.2719102-05:00" endTime="2026-04-22T21:56:17.2719102-05:00" testType="13cdc9d9-ddb5-4fa4-a97d-d965ccfc6d4b" outcome="Passed" testListId="8c84fa94-04c1-424b-9868-57a2d4851a1d" relativeResultsDirectory="0a6b3412-550d-4f0e-9e24-e3eddc0eb35e" />
    <UnitTestResult executionId="3795ff12-454c-43cf-a919-cd346b9672b6" testId="fd3121a5-0467-9c14-1917-e0e774685500" testName="EsTransicionPermitida_TransicionesValidas_DebeRetornarTrue (AOCR En Revision,AOCR Validado)" computerName="DESKTOP-S4GE44J" duration="00:00:00.0000109" startTime="2026-04-22T21:56:17.2709372-05:00" endTime="2026-04-22T21:56:17.2709372-05:00" testType="13cdc9d9-ddb5-4fa4-a97d-d965ccfc6d4b" outcome="Passed" testListId="8c84fa94-04c1-424b-9868-57a2d4851a1d" relativeResultsDirectory="3795ff12-454c-43cf-a919-cd346b9672b6" />
    <UnitTestResult executionId="d914596f-5f04-4880-b621-4bd218e45267" testId="8524fd19-a0a7-cd7c-e3ef-a83e05ec6059" testName="Matriz_TransicionesValidas_DebePermitir (En Inspeccion,AOCR En Elaboracion)" computerName="DESKTOP-S4GE44J" duration="00:00:00.0000096" startTime="2026-04-22T21:56:16.9681849-05:00" endTime="2026-04-22T21:56:16.9681849-05:00" testType="13cdc9d9-ddb5-4fa4-a97d-d965ccfc6d4b" outcome="Passed" testListId="8c84fa94-04c1-424b-9868-57a2d4851a1d" relativeResultsDirectory="d914596f-5f04-4880-b621-4bd218e45267" />
    <UnitTestResult executionId="79a14ea0-d3b2-4eab-9cfe-7d41152763d7" testId="011f4e7d-42a6-7237-eb5c-a4f4604928ef" testName="Matriz_TransicionesInvalidas_DebeBloquear (Observada,AOCR En Elaboracion)" computerName="DESKTOP-S4GE44J" duration="00:00:00.0000049" startTime="2026-04-22T21:56:16.9691851-05:00" endTime="2026-04-22T21:56:16.9691851-05:00" testType="13cdc9d9-ddb5-4fa4-a97d-d965ccfc6d4b" outcome="Passed" testListId="8c84fa94-04c1-424b-9868-57a2d4851a1d" relativeResultsDirectory="79a14ea0-d3b2-4eab-9cfe-7d41152763d7" />
    <UnitTestResult executionId="4197047b-4182-40ee-86ef-c6a81f888aee" testId="8b8f40c0-0f9f-4a7f-709b-5f419eda5cf3" testName="EsTransicionPermitida_TransicionesInvalidas_DebeRetornarFalse (Pendiente,AOCR Legalizado)" computerName="DESKTOP-S4GE44J" duration="00:00:00.0000931" startTime="2026-04-22T21:56:17.2709372-05:00" endTime="2026-04-22T21:56:17.2709372-05:00" testType="13cdc9d9-ddb5-4fa4-a97d-d965ccfc6d4b" outcome="Passed" testListId="8c84fa94-04c1-424b-9868-57a2d4851a1d" relativeResultsDirectory="4197047b-4182-40ee-86ef-c6a81f888aee" />
    <UnitTestResult executionId="6e4bc1e9-d05d-4bc5-b90d-32b2d0081a22" testId="e4cb36bd-f93d-c4a9-fda2-5aeada9eecd9" testName="ValidarFecha_Futura_Invalida" computerName="DESKTOP-S4GE44J" duration="00:00:00.0001487" startTime="2026-04-22T21:56:16.9561580-05:00" endTime="2026-04-22T21:56:16.9561580-05:00" testType="13cdc9d9-ddb5-4fa4-a97d-d965ccfc6d4b" outcome="Passed" testListId="8c84fa94-04c1-424b-9868-57a2d4851a1d" relativeResultsDirectory="6e4bc1e9-d05d-4bc5-b90d-32b2d0081a22" />
    <UnitTestResult executionId="c661a236-bb8c-4972-a98b-f0591f429edd" testId="6f81574e-136a-66d4-6a01-38ca2c6dd3bc" testName="Matriz_TransicionesValidas_DebePermitir (Pendiente Asignacion RT,En Inspeccion)" computerName="DESKTOP-S4GE44J" duration="00:00:00.0000045" startTime="2026-04-22T21:56:16.9681849-05:00" endTime="2026-04-22T21:56:16.9681849-05:00" testType="13cdc9d9-ddb5-4fa4-a97d-d965ccfc6d4b" outcome="Passed" testListId="8c84fa94-04c1-424b-9868-57a2d4851a1d" relativeResultsDirectory="c661a236-bb8c-4972-a98b-f0591f429edd" />
    <UnitTestResult executionId="c59140ac-04c0-4489-b982-397c5a56fdf0" testId="a0d8548d-c447-a5f1-8f7f-c0f1cc016639" testName="ValidarArchivo_ExtensionExe_Invalido" computerName="DESKTOP-S4GE44J" duration="00:00:00.0003091" startTime="2026-04-22T21:56:16.9521532-05:00" endTime="2026-04-22T21:56:16.9521532-05:00" testType="13cdc9d9-ddb5-4fa4-a97d-d965ccfc6d4b" outcome="Passed" testListId="8c84fa94-04c1-424b-9868-57a2d4851a1d" relativeResultsDirectory="c59140ac-04c0-4489-b982-397c5a56fdf0" />
    <UnitTestResult executionId="ffbd927a-d199-45b8-ae6b-98a33e8e3527" testId="87153650-0b4b-e7dd-edb3-d7d29f8f1e7e" testName="EncolarCorreo_SinDestinatario_Falla" computerName="DESKTOP-S4GE44J" duration="00:00:00.0000531" startTime="2026-04-22T21:56:16.9571551-05:00" endTime="2026-04-22T21:56:16.9571551-05:00" testType="13cdc9d9-ddb5-4fa4-a97d-d965ccfc6d4b" outcome="Passed" testListId="8c84fa94-04c1-424b-9868-57a2d4851a1d" relativeResultsDirectory="ffbd927a-d199-45b8-ae6b-98a33e8e3527" />
    <UnitTestResult executionId="1d35a38c-4772-4e5a-a6f3-9b9ede6de84d" testId="670bb6d9-a4f1-135c-c7dd-f0ccc69b993e" testName="ValidarArchivo_ExtensionPdf_Valido" computerName="DESKTOP-S4GE44J" duration="00:00:00.0003648" startTime="2026-04-22T21:56:16.9511541-05:00" endTime="2026-04-22T21:56:16.9521532-05:00" testType="13cdc9d9-ddb5-4fa4-a97d-d965ccfc6d4b" outcome="Passed" testListId="8c84fa94-04c1-424b-9868-57a2d4851a1d" relativeResultsDirectory="1d35a38c-4772-4e5a-a6f3-9b9ede6de84d" />
    <UnitTestResult executionId="a3c2be72-a426-4447-b582-b5998a618c2b" testId="d82655b2-40df-3a77-4406-62f9c05f4586" testName="SolicitudEstadoTransition_EstadoFinalIdempotente_DebePermitir" computerName="DESKTOP-S4GE44J" duration="00:00:00.0000913" startTime="2026-04-22T21:56:17.2739071-05:00" endTime="2026-04-22T21:56:17.2739071-05:00" testType="13cdc9d9-ddb5-4fa4-a97d-d965ccfc6d4b" outcome="Passed" testListId="8c84fa94-04c1-424b-9868-57a2d4851a1d" relativeResultsDirectory="a3c2be72-a426-4447-b582-b5998a618c2b" />
    <UnitTestResult executionId="b49960a8-ffa2-404a-ad16-c49b26aebf6c" testId="e47674b4-3125-881c-8b67-bcc4e26d823f" testName="EsTransicionPermitida_TransicionesInvalidas_DebeRetornarFalse (AOCR Validado,En Inspeccion)" computerName="DESKTOP-S4GE44J" duration="00:00:00.0000061" startTime="2026-04-22T21:56:17.2719102-05:00" endTime="2026-04-22T21:56:17.2719102-05:00" testType="13cdc9d9-ddb5-4fa4-a97d-d965ccfc6d4b" outcome="Passed" testListId="8c84fa94-04c1-424b-9868-57a2d4851a1d" relativeResultsDirectory="b49960a8-ffa2-404a-ad16-c49b26aebf6c" />
    <UnitTestResult executionId="8e6385aa-2c3e-48fb-978e-2e82f0d0cc69" testId="4239db07-f4af-9762-5d58-0070fb510b67" testName="OrdenRecaudacion_DefaultContribuyenteId_NoDebeSerNull" computerName="DESKTOP-S4GE44J" duration="00:00:00.0009259" startTime="2026-04-22T21:56:17.2729074-05:00" endTime="2026-04-22T21:56:17.2739071-05:00" testType="13cdc9d9-ddb5-4fa4-a97d-d965ccfc6d4b" outcome="Passed" testListId="8c84fa94-04c1-424b-9868-57a2d4851a1d" relativeResultsDirectory="8e6385aa-2c3e-48fb-978e-2e82f0d0cc69" />
    <UnitTestResult executionId="ce5eea4f-fd3a-498d-9865-d29a69870c01" testId="7a15ec3f-551f-205c-000c-e0c3860d58fa" testName="Matriz_TransicionesValidas_DebePermitir (Observada,Subsanada)" computerName="DESKTOP-S4GE44J" duration="00:00:00.0000046" startTime="2026-04-22T21:56:16.9681849-05:00" endTime="2026-04-22T21:56:16.9681849-05:00" testType="13cdc9d9-ddb5-4fa4-a97d-d965ccfc6d4b" outcome="Passed" testListId="8c84fa94-04c1-424b-9868-57a2d4851a1d" relativeResultsDirectory="ce5eea4f-fd3a-498d-9865-d29a69870c01" />
    <UnitTestResult executionId="8bb48c27-f017-4e43-bb87-03aa2e8f9bab" testId="061be749-4608-9c9e-beec-eb09973ea57b" testName="CrearOrden_SinContribuyente_EsCero" computerName="DESKTOP-S4GE44J" duration="00:00:00.0009174" startTime="2026-04-22T21:56:16.9451855-05:00" endTime="2026-04-22T21:56:16.9461853-05:00" testType="13cdc9d9-ddb5-4fa4-a97d-d965ccfc6d4b" outcome="Passed" testListId="8c84fa94-04c1-424b-9868-57a2d4851a1d" relativeResultsDirectory="8bb48c27-f017-4e43-bb87-03aa2e8f9bab" />
    <UnitTestResult executionId="1b9f6bf0-0988-4d7e-8c3c-43f46df90571" testId="98af0476-00fc-2b2e-5e94-efb32518d639" testName="Matriz_TransicionesInvalidas_DebeBloquear (AOCR Emitido/Recibido,AOCR En Revision)" computerName="DESKTOP-S4GE44J" duration="00:00:00.0000047" startTime="2026-04-22T21:56:16.9701854-05:00" endTime="2026-04-22T21:56:16.9701854-05:00" testType="13cdc9d9-ddb5-4fa4-a97d-d965ccfc6d4b" outcome="Passed" testListId="8c84fa94-04c1-424b-9868-57a2d4851a1d" relativeResultsDirectory="1b9f6bf0-0988-4d7e-8c3c-43f46df90571" />
    <UnitTestResult executionId="549f41b0-1dd2-4e0c-bda2-2463541b01dc" testId="a7db5e90-ba70-eb9f-924f-0c598e8e2950" testName="Matriz_TransicionesInvalidas_DebeBloquear (AOCR Validado,En Inspeccion)" computerName="DESKTOP-S4GE44J" duration="00:00:00.0000045" startTime="2026-04-22T21:56:16.9701854-05:00" endTime="2026-04-22T21:56:16.9701854-05:00" testType="13cdc9d9-ddb5-4fa4-a97d-d965ccfc6d4b" outcome="Passed" testListId="8c84fa94-04c1-424b-9868-57a2d4851a1d" relativeResultsDirectory="549f41b0-1dd2-4e0c-bda2-2463541b01dc" />
    <UnitTestResult executionId="3841f485-a630-49f7-a16c-2452d4af3255" testId="84f0f9fc-fd71-c2d4-a3c2-44dce01adef7" testName="EsTransicionPermitida_TransicionesValidas_DebeRetornarTrue (Aceptacion Documental,Pendiente Asignacion RT)" computerName="DESKTOP-S4GE44J" duration="00:00:00.0000060" startTime="2026-04-22T21:56:17.2699371-05:00" endTime="2026-04-22T21:56:17.2709372-05:00" testType="13cdc9d9-ddb5-4fa4-a97d-d965ccfc6d4b" outcome="Passed" testListId="8c84fa94-04c1-424b-9868-57a2d4851a1d" relativeResultsDirectory="3841f485-a630-49f7-a16c-2452d4af3255" />
    <UnitTestResult executionId="28db76ec-c3ba-496b-8e08-4a3f601a98c7" testId="bddd4904-c6a0-388b-5775-56ee2a0af1ec" testName="Matriz_TransicionesValidas_DebePermitir (Aceptacion Documental,Pendiente Asignacion RT)" computerName="DESKTOP-S4GE44J" duration="00:00:00.0000048" startTime="2026-04-22T21:56:16.9681849-05:00" endTime="2026-04-22T21:56:16.9681849-05:00" testType="13cdc9d9-ddb5-4fa4-a97d-d965ccfc6d4b" outcome="Passed" testListId="8c84fa94-04c1-424b-9868-57a2d4851a1d" relativeResultsDirectory="28db76ec-c3ba-496b-8e08-4a3f601a98c7" />
    <UnitTestResult executionId="513599e4-1147-48da-91e1-397a672ae759" testId="7efac4e5-0d4a-c79b-3fe6-9f8215db521e" testName="ValidarArchivo_PathTraversal_Sanitizado" computerName="DESKTOP-S4GE44J" duration="00:00:00.0001432" startTime="2026-04-22T21:56:17.2749397-05:00" endTime="2026-04-22T21:56:17.2749397-05:00" testType="13cdc9d9-ddb5-4fa4-a97d-d965ccfc6d4b" outcome="Passed" testListId="8c84fa94-04c1-424b-9868-57a2d4851a1d" relativeResultsDirectory="513599e4-1147-48da-91e1-397a672ae759" />
    <UnitTestResult executionId="f09c4bb4-eef2-48b9-a718-06f6c6d5a610" testId="6162ed3c-60f9-ca87-f0b1-14954518e2b2" testName="GenerarPdf_SinNumeroOrden_Falla" computerName="DESKTOP-S4GE44J" duration="00:00:00.0000552" startTime="2026-04-22T21:56:17.2749397-05:00" endTime="2026-04-22T21:56:17.2749397-05:00" testType="13cdc9d9-ddb5-4fa4-a97d-d965ccfc6d4b" outcome="Passed" testListId="8c84fa94-04c1-424b-9868-57a2d4851a1d" relativeResultsDirectory="f09c4bb4-eef2-48b9-a718-06f6c6d5a610" />
    <UnitTestResult executionId="6ebf5a35-63ae-4acc-87e2-ddac06bbfd86" testId="030b14fb-3b14-4960-f94b-83394855ae9d" testName="EsTransicionPermitida_TransicionesInvalidas_DebeRetornarFalse (Observada,AOCR Validado)" computerName="DESKTOP-S4GE44J" duration="00:00:00.0000065" startTime="2026-04-22T21:56:17.2709372-05:00" endTime="2026-04-22T21:56:17.2719102-05:00" testType="13cdc9d9-ddb5-4fa4-a97d-d965ccfc6d4b" outcome="Passed" testListId="8c84fa94-04c1-424b-9868-57a2d4851a1d" relativeResultsDirectory="6ebf5a35-63ae-4acc-87e2-ddac06bbfd86" />
    <UnitTestResult executionId="c241836d-7848-488f-9e3a-0978453b0801" testId="8b2f8c39-66aa-9a67-5b44-b3416762c893" testName="FlujoCompleto_CrearOrdenHastaPago_Exitoso" computerName="DESKTOP-S4GE44J" duration="00:00:00.0547096" startTime="2026-04-22T21:56:16.8271815-05:00" endTime="2026-04-22T21:56:16.9331532-05:00" testType="13cdc9d9-ddb5-4fa4-a97d-d965ccfc6d4b" outcome="NotExecuted" testListId="8c84fa94-04c1-424b-9868-57a2d4851a1d" relativeResultsDirectory="c241836d-7848-488f-9e3a-0978453b0801">
      <Output>
        <ErrorInfo>
          <Message>Error de Assert.Inconclusive. Test de integración - requiere BD</Message>
          <StackTrace>   en AOCR.Tests.Integration.FlujoCompletoTests.FlujoCompleto_CrearOrdenHastaPago_Exitoso() en C:\AOCR\AOCR\AOCR05-01-2026\AOCR1\AOCR\AOCR.Tests\Integration\FlujoCompletoTests.cs:línea 18&#xD;
</StackTrace>
        </ErrorInfo>
      </Output>
    </UnitTestResult>
    <UnitTestResult executionId="2273a20c-7ca0-491d-90a9-e3bffdd59701" testId="0f8d89cc-3c25-0b90-bf6b-463ae237c8d9" testName="EsTransicionPermitida_TransicionesInvalidas_DebeRetornarFalse (AOCR Emitido/Recibido,AOCR En Revision)" computerName="DESKTOP-S4GE44J" duration="00:00:00.0000067" startTime="2026-04-22T21:56:17.2719102-05:00" endTime="2026-04-22T21:56:17.2719102-05:00" testType="13cdc9d9-ddb5-4fa4-a97d-d965ccfc6d4b" outcome="Passed" testListId="8c84fa94-04c1-424b-9868-57a2d4851a1d" relativeResultsDirectory="2273a20c-7ca0-491d-90a9-e3bffdd59701" />
    <UnitTestResult executionId="761ff2c0-c727-471a-a39c-599c30e42bb0" testId="fb712e4c-a09a-a4b4-e631-d7f7301c144b" testName="ObtenerOrden_IdValido_RetornaOrden" computerName="DESKTOP-S4GE44J" duration="00:00:00.0018214" startTime="2026-04-22T21:56:16.9471561-05:00" endTime="2026-04-22T21:56:16.9481543-05:00" testType="13cdc9d9-ddb5-4fa4-a97d-d965ccfc6d4b" outcome="Passed" testListId="8c84fa94-04c1-424b-9868-57a2d4851a1d" relativeResultsDirectory="761ff2c0-c727-471a-a39c-599c30e42bb0" />
    <UnitTestResult executionId="dbd35b6b-cdf1-48a6-96af-41bb814e3f19" testId="55f3a4f2-6020-440a-ef9f-f35d7b91779a" testName="Matriz_TransicionesValidas_DebePermitir (Subsanada,Documentacion Pendiente)" computerName="DESKTOP-S4GE44J" duration="00:00:00.0000045" startTime="2026-04-22T21:56:16.9681849-05:00" endTime="2026-04-22T21:56:16.9681849-05:00" testType="13cdc9d9-ddb5-4fa4-a97d-d965ccfc6d4b" outcome="Passed" testListId="8c84fa94-04c1-424b-9868-57a2d4851a1d" relativeResultsDirectory="dbd35b6b-cdf1-48a6-96af-41bb814e3f19" />
    <UnitTestResult executionId="728f2cbc-1cc0-48e6-bded-afafad4c2496" testId="9a257d47-c25c-4046-6ece-592514569a27" testName="EsTransicionPermitida_TransicionesValidas_DebeRetornarTrue (Pendiente Asignacion RT,En Inspeccion)" computerName="DESKTOP-S4GE44J" duration="00:00:00.0000049" startTime="2026-04-22T21:56:17.2709372-05:00" endTime="2026-04-22T21:56:17.2709372-05:00" testType="13cdc9d9-ddb5-4fa4-a97d-d965ccfc6d4b" outcome="Passed" testListId="8c84fa94-04c1-424b-9868-57a2d4851a1d" relativeResultsDirectory="728f2cbc-1cc0-48e6-bded-afafad4c2496" />
    <UnitTestResult executionId="826b3ab5-8fd1-4260-a227-cbbf491072ce" testId="4d2a2ae8-d53e-60ea-b008-7f0dcdef2e7e" testName="Matriz_NormalizacionLegacy_DebeMapearYValidar" computerName="DESKTOP-S4GE44J" duration="00:00:00.0001311" startTime="2026-04-22T21:56:16.9701854-05:00" endTime="2026-04-22T21:56:16.9701854-05:00" testType="13cdc9d9-ddb5-4fa4-a97d-d965ccfc6d4b" outcome="Passed" testListId="8c84fa94-04c1-424b-9868-57a2d4851a1d" relativeResultsDirectory="826b3ab5-8fd1-4260-a227-cbbf491072ce" />
    <UnitTestResult executionId="1e87160a-0f6c-4f1f-b255-67694c740a83" testId="ac3f7675-4029-0865-00a0-3f2e8bcbbf75" testName="Matriz_TransicionesValidas_DebePermitir (AOCR Legalizado,AOCR Emitido/Recibido)" computerName="DESKTOP-S4GE44J" duration="00:00:00.0000047" startTime="2026-04-22T21:56:16.9691851-05:00" endTime="2026-04-22T21:56:16.9691851-05:00" testType="13cdc9d9-ddb5-4fa4-a97d-d965ccfc6d4b" outcome="Passed" testListId="8c84fa94-04c1-424b-9868-57a2d4851a1d" relativeResultsDirectory="1e87160a-0f6c-4f1f-b255-67694c740a83" />
    <UnitTestResult executionId="3302660c-e5f5-4eb6-8b71-7d748df07efe" testId="7ba9af93-e836-cee5-2d32-1f38b166c3bf" testName="EncolarCorreo_DatosValidos_RetornaId" computerName="DESKTOP-S4GE44J" duration="00:00:00.0001296" startTime="2026-04-22T21:56:16.9571551-05:00" endTime="2026-04-22T21:56:16.9571551-05:00" testType="13cdc9d9-ddb5-4fa4-a97d-d965ccfc6d4b" outcome="Passed" testListId="8c84fa94-04c1-424b-9868-57a2d4851a1d" relativeResultsDirectory="3302660c-e5f5-4eb6-8b71-7d748df07efe" />
    <UnitTestResult executionId="4afd32a7-f156-48ea-9f78-df490c70e660" testId="5d4bfedd-0225-eef3-2127-50d8f8dff382" testName="ValidarMonto_Negativo_Invalido" computerName="DESKTOP-S4GE44J" duration="00:00:00.0002099" startTime="2026-04-22T21:56:16.9521532-05:00" endTime="2026-04-22T21:56:16.9521532-05:00" testType="13cdc9d9-ddb5-4fa4-a97d-d965ccfc6d4b" outcome="Passed" testListId="8c84fa94-04c1-424b-9868-57a2d4851a1d" relativeResultsDirectory="4afd32a7-f156-48ea-9f78-df490c70e660" />
    <UnitTestResult executionId="3213d2d6-8187-4920-8e54-9b9a8489bba4" testId="3d058df1-d70c-be0b-f690-2dc4115ce34f" testName="Matriz_TransicionesInvalidas_DebeBloquear (Pendiente Asignacion RT,AOCR En Revision)" computerName="DESKTOP-S4GE44J" duration="00:00:00.0000051" startTime="2026-04-22T21:56:16.9691851-05:00" endTime="2026-04-22T21:56:16.9701854-05:00" testType="13cdc9d9-ddb5-4fa4-a97d-d965ccfc6d4b" outcome="Passed" testListId="8c84fa94-04c1-424b-9868-57a2d4851a1d" relativeResultsDirectory="3213d2d6-8187-4920-8e54-9b9a8489bba4" />
    <UnitTestResult executionId="8a33580b-4e7a-4026-bbad-eb3d1df92bcd" testId="e0199b15-fa31-f0be-64b9-0a763b398054" testName="Matriz_TransicionesValidas_DebePermitir (AOCR Validado,AOCR Legalizado)" computerName="DESKTOP-S4GE44J" duration="00:00:00.0000045" startTime="2026-04-22T21:56:16.9691851-05:00" endTime="2026-04-22T21:56:16.9691851-05:00" testType="13cdc9d9-ddb5-4fa4-a97d-d965ccfc6d4b" outcome="Passed" testListId="8c84fa94-04c1-424b-9868-57a2d4851a1d" relativeResultsDirectory="8a33580b-4e7a-4026-bbad-eb3d1df92bcd" />
    <UnitTestResult executionId="8f628d10-c192-4b6e-80ba-ac7a076ef641" testId="b2764189-3653-005f-53bb-8993f83d050d" testName="Matriz_TransicionesValidas_DebePermitir (Solicitud Creada,Documentacion Pendiente)" computerName="DESKTOP-S4GE44J" duration="00:00:00.0024662" startTime="2026-04-22T21:56:16.9571551-05:00" endTime="2026-04-22T21:56:16.9671847-05:00" testType="13cdc9d9-ddb5-4fa4-a97d-d965ccfc6d4b" outcome="Passed" testListId="8c84fa94-04c1-424b-9868-57a2d4851a1d" relativeResultsDirectory="8f628d10-c192-4b6e-80ba-ac7a076ef641" />
    <UnitTestResult executionId="95d6e0b4-804a-413f-a97b-1d9393b773b3" testId="e7c2c311-456b-9100-d2b8-2c29a30333e5" testName="EsTransicionPermitida_TransicionesInvalidas_DebeRetornarFalse (Rechazada,AOCR Emitido/Recibido)" computerName="DESKTOP-S4GE44J" duration="00:00:00.0000060" startTime="2026-04-22T21:56:17.2719102-05:00" endTime="2026-04-22T21:56:17.2719102-05:00" testType="13cdc9d9-ddb5-4fa4-a97d-d965ccfc6d4b" outcome="Passed" testListId="8c84fa94-04c1-424b-9868-57a2d4851a1d" relativeResultsDirectory="95d6e0b4-804a-413f-a97b-1d9393b773b3" />
    <UnitTestResult executionId="a031a6a5-d006-447b-883d-4efb9d252b87" testId="65669073-f6cb-b796-f369-61f20dec513b" testName="Matriz_TransicionesValidas_DebePermitir (AOCR En Revision,AOCR Validado)" computerName="DESKTOP-S4GE44J" duration="00:00:00.0000044" startTime="2026-04-22T21:56:16.9681849-05:00" endTime="2026-04-22T21:56:16.9691851-05:00" testType="13cdc9d9-ddb5-4fa4-a97d-d965ccfc6d4b" outcome="Passed" testListId="8c84fa94-04c1-424b-9868-57a2d4851a1d" relativeResultsDirectory="a031a6a5-d006-447b-883d-4efb9d252b87" />
    <UnitTestResult executionId="f547c924-cd50-4e6b-9f39-b4aa22247184" testId="5bb6a88d-92cf-ad24-4246-eb79316e0c63" testName="Matriz_TransicionesInvalidas_DebeBloquear (AOCR En Revision,AOCR Emitido/Recibido)" computerName="DESKTOP-S4GE44J" duration="00:00:00.0000047" startTime="2026-04-22T21:56:16.9701854-05:00" endTime="2026-04-22T21:56:16.9701854-05:00" testType="13cdc9d9-ddb5-4fa4-a97d-d965ccfc6d4b" outcome="Passed" testListId="8c84fa94-04c1-424b-9868-57a2d4851a1d" relativeResultsDirectory="f547c924-cd50-4e6b-9f39-b4aa22247184" />
    <UnitTestResult executionId="92dcf71c-5dc4-405e-bccd-44b1edceac2b" testId="bec301a9-3f89-743f-3e03-3a3c24a4683a" testName="ActualizarEstado_OrdenExistente_Exitoso" computerName="DESKTOP-S4GE44J" duration="00:00:00.0013218" startTime="2026-04-22T21:56:16.9481543-05:00" endTime="2026-04-22T21:56:16.9501532-05:00" testType="13cdc9d9-ddb5-4fa4-a97d-d965ccfc6d4b" outcome="Passed" testListId="8c84fa94-04c1-424b-9868-57a2d4851a1d" relativeResultsDirectory="92dcf71c-5dc4-405e-bccd-44b1edceac2b" />
    <UnitTestResult executionId="badcbd68-0d8c-47a0-b6c0-c8a380ae9956" testId="e05d4a0d-05df-4d45-46db-c44a4bab4935" testName="EsTransicionPermitida_TransicionesValidas_DebeRetornarTrue (Documentacion Completa,En Inspeccion)" computerName="DESKTOP-S4GE44J" duration="00:00:00.0000061" startTime="2026-04-22T21:56:17.2699371-05:00" endTime="2026-04-22T21:56:17.2699371-05:00" testType="13cdc9d9-ddb5-4fa4-a97d-d965ccfc6d4b" outcome="Passed" testListId="8c84fa94-04c1-424b-9868-57a2d4851a1d" relativeResultsDirectory="badcbd68-0d8c-47a0-b6c0-c8a380ae9956" />
    <UnitTestResult executionId="1e429bca-a98e-4805-865e-777c04da2a32" testId="18e234b8-2d7b-b4d0-344c-5811693677a2" testName="EsTransicionPermitida_EstadosLegacyNormalizados_DebeRetornarTrue (CERTIFICADO_EMITIDO,AOCR_EMITIDO_RECIBIDO)" computerName="DESKTOP-S4GE44J" duration="00:00:00.0000058" startTime="2026-04-22T21:56:17.2729074-05:00" endTime="2026-04-22T21:56:17.2729074-05:00" testType="13cdc9d9-ddb5-4fa4-a97d-d965ccfc6d4b" outcome="Passed" testListId="8c84fa94-04c1-424b-9868-57a2d4851a1d" relativeResultsDirectory="1e429bca-a98e-4805-865e-777c04da2a32" />
  </Results>
  <TestDefinitions>
    <UnitTest name="ActualizarEstado_OrdenExistente_Exitoso" storage="c:\aocr\aocr\aocr05-01-2026\aocr1\aocr\aocr.tests\bin\debug\aocr.tests.dll" id="bec301a9-3f89-743f-3e03-3a3c24a4683a">
      <Execution id="92dcf71c-5dc4-405e-bccd-44b1edceac2b" />
      <TestMethod codeBase="C:\AOCR\AOCR\AOCR05-01-2026\AOCR1\AOCR\AOCR.Tests\bin\Debug\AOCR.Tests.dll" adapterTypeName="executor://mstestadapter/v2" className="AOCR.Tests.Unit.OrdenRecaudacionOrchestratorTests" name="ActualizarEstado_OrdenExistente_Exitoso" />
    </UnitTest>
    <UnitTest name="EsTransicionPermitida_TransicionesValidas_DebeRetornarTrue (AOCR Validado,AOCR Legalizado)" storage="c:\aocr\aocr\aocr05-01-2026\aocr1\aocr\aocr.tests\bin\debug\aocr.tests.dll" id="9e6da589-d1d4-2673-576f-395e7a104363">
      <Execution id="ad2a9219-fa2f-4e8e-af6d-d25c8a7f5eb2" />
      <TestMethod codeBase="C:\AOCR\AOCR\AOCR05-01-2026\AOCR1\AOCR\AOCR.Tests\bin\Debug\AOCR.Tests.dll" adapterTypeName="executor://mstestadapter/v2" className="AOCR.Tests.Unit.SolicitudEstadoTransitionBLTests" name="EsTransicionPermitida_TransicionesValidas_DebeRetornarTrue" />
    </UnitTest>
    <UnitTest name="ValidarMonto_Negativo_Invalido" storage="c:\aocr\aocr\aocr05-01-2026\aocr1\aocr\aocr.tests\bin\debug\aocr.tests.dll" id="5d4bfedd-0225-eef3-2127-50d8f8dff382">
      <Execution id="4afd32a7-f156-48ea-9f78-df490c70e660" />
      <TestMethod codeBase="C:\AOCR\AOCR\AOCR05-01-2026\AOCR1\AOCR\AOCR.Tests\bin\Debug\AOCR.Tests.dll" adapterTypeName="executor://mstestadapter/v2" className="AOCR.Tests.Unit.ValidacionesTests" name="ValidarMonto_Negativo_Invalido" />
    </UnitTest>
    <UnitTest name="CrearOrden_DatosValidos_RetornaExito" storage="c:\aocr\aocr\aocr05-01-2026\aocr1\aocr\aocr.tests\bin\debug\aocr.tests.dll" id="3cd830cc-999b-0acb-ff86-a1918f340789">
      <Execution id="c7c60f6b-4983-4a47-8ad1-b57f28af1831" />
      <TestMethod codeBase="C:\AOCR\AOCR\AOCR05-01-2026\AOCR1\AOCR\AOCR.Tests\bin\Debug\AOCR.Tests.dll" adapterTypeName="executor://mstestadapter/v2" className="AOCR.Tests.Unit.OrdenRecaudacionOrchestratorTests" name="CrearOrden_DatosValidos_RetornaExito" />
    </UnitTest>
    <UnitTest name="Matriz_NormalizacionLegacy_DebeMapearYValidar" storage="c:\aocr\aocr\aocr05-01-2026\aocr1\aocr\aocr.tests\bin\debug\aocr.tests.dll" id="4d2a2ae8-d53e-60ea-b008-7f0dcdef2e7e">
      <Execution id="826b3ab5-8fd1-4260-a227-cbbf491072ce" />
      <TestMethod codeBase="C:\AOCR\AOCR\AOCR05-01-2026\AOCR1\AOCR\AOCR.Tests\bin\Debug\AOCR.Tests.dll" adapterTypeName="executor://mstestadapter/v2" className="AOCR.Tests.Unit.EstadoSolicitudTransitionMatrixTests" name="Matriz_NormalizacionLegacy_DebeMapearYValidar" />
    </UnitTest>
    <UnitTest name="ValidarArchivo_ExtensionPdf_Valido" storage="c:\aocr\aocr\aocr05-01-2026\aocr1\aocr\aocr.tests\bin\debug\aocr.tests.dll" id="670bb6d9-a4f1-135c-c7dd-f0ccc69b993e">
      <Execution id="1d35a38c-4772-4e5a-a6f3-9b9ede6de84d" />
      <TestMethod codeBase="C:\AOCR\AOCR\AOCR05-01-2026\AOCR1\AOCR\AOCR.Tests\bin\Debug\AOCR.Tests.dll" adapterTypeName="executor://mstestadapter/v2" className="AOCR.Tests.Unit.ValidacionesTests" name="ValidarArchivo_ExtensionPdf_Valido" />
    </UnitTest>
    <UnitTest name="EsTransicionPermitida_TransicionesInvalidas_DebeRetornarFalse (AOCR Validado,En Inspeccion)" storage="c:\aocr\aocr\aocr05-01-2026\aocr1\aocr\aocr.tests\bin\debug\aocr.tests.dll" id="e47674b4-3125-881c-8b67-bcc4e26d823f">
      <Execution id="b49960a8-ffa2-404a-ad16-c49b26aebf6c" />
      <TestMethod codeBase="C:\AOCR\AOCR\AOCR05-01-2026\AOCR1\AOCR\AOCR.Tests\bin\Debug\AOCR.Tests.dll" adapterTypeName="executor://mstestadapter/v2" className="AOCR.Tests.Unit.SolicitudEstadoTransitionBLTests" name="EsTransicionPermitida_TransicionesInvalidas_DebeRetornarFalse" />
    </UnitTest>
    <UnitTest name="FlujoCompleto_CrearOrdenHastaPago_Exitoso" storage="c:\aocr\aocr\aocr05-01-2026\aocr1\aocr\aocr.tests\bin\debug\aocr.tests.dll" id="8b2f8c39-66aa-9a67-5b44-b3416762c893">
      <TestCategory>
        <TestCategoryItem TestCategory="Integration" />
      </TestCategory>
      <Execution id="c241836d-7848-488f-9e3a-0978453b0801" />
      <TestMethod codeBase="C:\AOCR\AOCR\AOCR05-01-2026\AOCR1\AOCR\AOCR.Tests\bin\Debug\AOCR.Tests.dll" adapterTypeName="executor://mstestadapter/v2" className="AOCR.Tests.Integration.FlujoCompletoTests" name="FlujoCompleto_CrearOrdenHastaPago_Exitoso" />
    </UnitTest>
    <UnitTest name="Matriz_TransicionesValidas_DebePermitir (Pendiente Asignacion RT,En Inspeccion)" storage="c:\aocr\aocr\aocr05-01-2026\aocr1\aocr\aocr.tests\bin\debug\aocr.tests.dll" id="6f81574e-136a-66d4-6a01-38ca2c6dd3bc">
      <Execution id="c661a236-bb8c-4972-a98b-f0591f429edd" />
      <TestMethod codeBase="C:\AOCR\AOCR\AOCR05-01-2026\AOCR1\AOCR\AOCR.Tests\bin\Debug\AOCR.Tests.dll" adapterTypeName="executor://mstestadapter/v2" className="AOCR.Tests.Unit.EstadoSolicitudTransitionMatrixTests" name="Matriz_TransicionesValidas_DebePermitir" />
    </UnitTest>
    <UnitTest name="ObtenerOrden_IdValido_RetornaOrden" storage="c:\aocr\aocr\aocr05-01-2026\aocr1\aocr\aocr.tests\bin\debug\aocr.tests.dll" id="fb712e4c-a09a-a4b4-e631-d7f7301c144b">
      <Execution id="761ff2c0-c727-471a-a39c-599c30e42bb0" />
      <TestMethod codeBase="C:\AOCR\AOCR\AOCR05-01-2026\AOCR1\AOCR\AOCR.Tests\bin\Debug\AOCR.Tests.dll" adapterTypeName="executor://mstestadapter/v2" className="AOCR.Tests.Unit.OrdenRecaudacionOrchestratorTests" name="ObtenerOrden_IdValido_RetornaOrden" />
    </UnitTest>
    <UnitTest name="Matriz_TransicionesValidas_DebePermitir (Solicitud Creada,Documentacion Pendiente)" storage="c:\aocr\aocr\aocr05-01-2026\aocr1\aocr\aocr.tests\bin\debug\aocr.tests.dll" id="b2764189-3653-005f-53bb-8993f83d050d">
      <Execution id="8f628d10-c192-4b6e-80ba-ac7a076ef641" />
      <TestMethod codeBase="C:\AOCR\AOCR\AOCR05-01-2026\AOCR1\AOCR\AOCR.Tests\bin\Debug\AOCR.Tests.dll" adapterTypeName="executor://mstestadapter/v2" className="AOCR.Tests.Unit.EstadoSolicitudTransitionMatrixTests" name="Matriz_TransicionesValidas_DebePermitir" />
    </UnitTest>
    <UnitTest name="EsTransicionPermitida_EstadosLegacyNormalizados_DebeRetornarTrue (ENVIADO_A_JEFATURA,AOCR_Validado)" storage="c:\aocr\aocr\aocr05-01-2026\aocr1\aocr\aocr.tests\bin\debug\aocr.tests.dll" id="6d0b85d9-49c7-d679-5b96-d17a0df938d1">
      <Execution id="0a6b3412-550d-4f0e-9e24-e3eddc0eb35e" />
      <TestMethod codeBase="C:\AOCR\AOCR\AOCR05-01-2026\AOCR1\AOCR\AOCR.Tests\bin\Debug\AOCR.Tests.dll" adapterTypeName="executor://mstestadapter/v2" className="AOCR.Tests.Unit.SolicitudEstadoTransitionBLTests" name="EsTransicionPermitida_EstadosLegacyNormalizados_DebeRetornarTrue" />
    </UnitTest>
    <UnitTest name="Matriz_TransicionesInvalidas_DebeBloquear (AOCR En Revision,AOCR Emitido/Recibido)" storage="c:\aocr\aocr\aocr05-01-2026\aocr1\aocr\aocr.tests\bin\debug\aocr.tests.dll" id="5bb6a88d-92cf-ad24-4246-eb79316e0c63">
      <Execution id="f547c924-cd50-4e6b-9f39-b4aa22247184" />
      <TestMethod codeBase="C:\AOCR\AOCR\AOCR05-01-2026\AOCR1\AOCR\AOCR.Tests\bin\Debug\AOCR.Tests.dll" adapterTypeName="executor://mstestadapter/v2" className="AOCR.Tests.Unit.EstadoSolicitudTransitionMatrixTests" name="Matriz_TransicionesInvalidas_DebeBloquear" />
    </UnitTest>
    <UnitTest name="EncolarCorreo_SinDestinatario_Falla" storage="c:\aocr\aocr\aocr05-01-2026\aocr1\aocr\aocr.tests\bin\debug\aocr.tests.dll" id="87153650-0b4b-e7dd-edb3-d7d29f8f1e7e">
      <Execution id="ffbd927a-d199-45b8-ae6b-98a33e8e3527" />
      <TestMethod codeBase="C:\AOCR\AOCR\AOCR05-01-2026\AOCR1\AOCR\AOCR.Tests\bin\Debug\AOCR.Tests.dll" adapterTypeName="executor://mstestadapter/v2" className="AOCR.Tests.Unit.EmailQueueTests" name="EncolarCorreo_SinDestinatario_Falla" />
    </UnitTest>
    <UnitTest name="EsTransicionPermitida_TransicionesValidas_DebeRetornarTrue (Aceptacion Documental,Pendiente Asignacion RT)" storage="c:\aocr\aocr\aocr05-01-2026\aocr1\aocr\aocr.tests\bin\debug\aocr.tests.dll" id="84f0f9fc-fd71-c2d4-a3c2-44dce01adef7">
      <Execution id="3841f485-a630-49f7-a16c-2452d4af3255" />
      <TestMethod codeBase="C:\AOCR\AOCR\AOCR05-01-2026\AOCR1\AOCR\AOCR.Tests\bin\Debug\AOCR.Tests.dll" adapterTypeName="executor://mstestadapter/v2" className="AOCR.Tests.Unit.SolicitudEstadoTransitionBLTests" name="EsTransicionPermitida_TransicionesValidas_DebeRetornarTrue" />
    </UnitTest>
    <UnitTest name="ValidarFecha_Futura_Invalida" storage="c:\aocr\aocr\aocr05-01-2026\aocr1\aocr\aocr.tests\bin\debug\aocr.tests.dll" id="e4cb36bd-f93d-c4a9-fda2-5aeada9eecd9">
      <Execution id="6e4bc1e9-d05d-4bc5-b90d-32b2d0081a22" />
      <TestMethod codeBase="C:\AOCR\AOCR\AOCR05-01-2026\AOCR1\AOCR\AOCR.Tests\bin\Debug\AOCR.Tests.dll" adapterTypeName="executor://mstestadapter/v2" className="AOCR.Tests.Unit.ValidacionesTests" name="ValidarFecha_Futura_Invalida" />
    </UnitTest>
    <UnitTest name="Matriz_TransicionesValidas_DebePermitir (Aceptacion Documental,Pendiente Asignacion RT)" storage="c:\aocr\aocr\aocr05-01-2026\aocr1\aocr\aocr.tests\bin\debug\aocr.tests.dll" id="bddd4904-c6a0-388b-5775-56ee2a0af1ec">
      <Execution id="28db76ec-c3ba-496b-8e08-4a3f601a98c7" />
      <TestMethod codeBase="C:\AOCR\AOCR\AOCR05-01-2026\AOCR1\AOCR\AOCR.Tests\bin\Debug\AOCR.Tests.dll" adapterTypeName="executor://mstestadapter/v2" className="AOCR.Tests.Unit.EstadoSolicitudTransitionMatrixTests" name="Matriz_TransicionesValidas_DebePermitir" />
    </UnitTest>
    <UnitTest name="EncolarCorreo_DatosValidos_RetornaId" storage="c:\aocr\aocr\aocr05-01-2026\aocr1\aocr\aocr.tests\bin\debug\aocr.tests.dll" id="7ba9af93-e836-cee5-2d32-1f38b166c3bf">
      <Execution id="3302660c-e5f5-4eb6-8b71-7d748df07efe" />
      <TestMethod codeBase="C:\AOCR\AOCR\AOCR05-01-2026\AOCR1\AOCR\AOCR.Tests\bin\Debug\AOCR.Tests.dll" adapterTypeName="executor://mstestadapter/v2" className="AOCR.Tests.Unit.EmailQueueTests" name="EncolarCorreo_DatosValidos_RetornaId" />
    </UnitTest>
    <UnitTest name="Matriz_TransicionesInvalidas_DebeBloquear (Pendiente Asignacion RT,AOCR En Revision)" storage="c:\aocr\aocr\aocr05-01-2026\aocr1\aocr\aocr.tests\bin\debug\aocr.tests.dll" id="3d058df1-d70c-be0b-f690-2dc4115ce34f">
      <Execution id="3213d2d6-8187-4920-8e54-9b9a8489bba4" />
      <TestMethod codeBase="C:\AOCR\AOCR\AOCR05-01-2026\AOCR1\AOCR\AOCR.Tests\bin\Debug\AOCR.Tests.dll" adapterTypeName="executor://mstestadapter/v2" className="AOCR.Tests.Unit.EstadoSolicitudTransitionMatrixTests" name="Matriz_TransicionesInvalidas_DebeBloquear" />
    </UnitTest>
    <UnitTest name="GenerarPdf_OrdenNula_LanzaExcepcion" storage="c:\aocr\aocr\aocr05-01-2026\aocr1\aocr\aocr.tests\bin\debug\aocr.tests.dll" id="931616ce-b494-8596-41ef-25a325d1a42a">
      <Execution id="fb976efa-d9b9-46cb-8dce-61fc88f9d4df" />
      <TestMethod codeBase="C:\AOCR\AOCR\AOCR05-01-2026\AOCR1\AOCR\AOCR.Tests\bin\Debug\AOCR.Tests.dll" adapterTypeName="executor://mstestadapter/v2" className="AOCR.Tests.Unit.PdfGeneratorTests" name="GenerarPdf_OrdenNula_LanzaExcepcion" />
    </UnitTest>
    <UnitTest name="Matriz_TransicionesInvalidas_DebeBloquear (AOCR Emitido/Recibido,AOCR En Revision)" storage="c:\aocr\aocr\aocr05-01-2026\aocr1\aocr\aocr.tests\bin\debug\aocr.tests.dll" id="98af0476-00fc-2b2e-5e94-efb32518d639">
      <Execution id="1b9f6bf0-0988-4d7e-8c3c-43f46df90571" />
      <TestMethod codeBase="C:\AOCR\AOCR\AOCR05-01-2026\AOCR1\AOCR\AOCR.Tests\bin\Debug\AOCR.Tests.dll" adapterTypeName="executor://mstestadapter/v2" className="AOCR.Tests.Unit.EstadoSolicitudTransitionMatrixTests" name="Matriz_TransicionesInvalidas_DebeBloquear" />
    </UnitTest>
    <UnitTest name="NombreArchivo_CaracteresPeligrosos_Removidos" storage="c:\aocr\aocr\aocr05-01-2026\aocr1\aocr\aocr.tests\bin\debug\aocr.tests.dll" id="8621eede-c3e5-5e1d-65c1-f772369c5c9d">
      <Execution id="0de773ad-2f71-490c-a797-afcc2dc9dccb" />
      <TestMethod codeBase="C:\AOCR\AOCR\AOCR05-01-2026\AOCR1\AOCR\AOCR.Tests\bin\Debug\AOCR.Tests.dll" adapterTypeName="executor://mstestadapter/v2" className="AOCR.Tests.Unit.SecurityTests" name="NombreArchivo_CaracteresPeligrosos_Removidos" />
    </UnitTest>
    <UnitTest name="EsTransicionPermitida_EstadosLegacyNormalizados_DebeRetornarTrue (APROBADO_POR_DIRECCION,LEGALIZADO)" storage="c:\aocr\aocr\aocr05-01-2026\aocr1\aocr\aocr.tests\bin\debug\aocr.tests.dll" id="084b2f8b-72e1-b973-5a12-41e9ee505641">
      <Execution id="57616758-02b0-49c7-a967-692e08a49664" />
      <TestMethod codeBase="C:\AOCR\AOCR\AOCR05-01-2026\AOCR1\AOCR\AOCR.Tests\bin\Debug\AOCR.Tests.dll" adapterTypeName="executor://mstestadapter/v2" className="AOCR.Tests.Unit.SolicitudEstadoTransitionBLTests" name="EsTransicionPermitida_EstadosLegacyNormalizados_DebeRetornarTrue" />
    </UnitTest>
    <UnitTest name="EsTransicionPermitida_EstadosLegacyNormalizados_DebeRetornarTrue (CERTIFICADO_EMITIDO,AOCR_EMITIDO_RECIBIDO)" storage="c:\aocr\aocr\aocr05-01-2026\aocr1\aocr\aocr.tests\bin\debug\aocr.tests.dll" id="18e234b8-2d7b-b4d0-344c-5811693677a2">
      <Execution id="1e429bca-a98e-4805-865e-777c04da2a32" />
      <TestMethod codeBase="C:\AOCR\AOCR\AOCR05-01-2026\AOCR1\AOCR\AOCR.Tests\bin\Debug\AOCR.Tests.dll" adapterTypeName="executor://mstestadapter/v2" className="AOCR.Tests.Unit.SolicitudEstadoTransitionBLTests" name="EsTransicionPermitida_EstadosLegacyNormalizados_DebeRetornarTrue" />
    </UnitTest>
    <UnitTest name="SolicitudEstadoTransition_EstadoFinalIdempotente_DebePermitir" storage="c:\aocr\aocr\aocr05-01-2026\aocr1\aocr\aocr.tests\bin\debug\aocr.tests.dll" id="d82655b2-40df-3a77-4406-62f9c05f4586">
      <Execution id="a3c2be72-a426-4447-b582-b5998a618c2b" />
      <TestMethod codeBase="C:\AOCR\AOCR\AOCR05-01-2026\AOCR1\AOCR\AOCR.Tests\bin\Debug\AOCR.Tests.dll" adapterTypeName="executor://mstestadapter/v2" className="AOCR.Tests.Unit.NullSafetyRegressionTests" name="SolicitudEstadoTransition_EstadoFinalIdempotente_DebePermitir" />
    </UnitTest>
    <UnitTest name="EsTransicionPermitida_TransicionesValidas_DebeRetornarTrue (AOCR En Revision,AOCR Validado)" storage="c:\aocr\aocr\aocr05-01-2026\aocr1\aocr\aocr.tests\bin\debug\aocr.tests.dll" id="fd3121a5-0467-9c14-1917-e0e774685500">
      <Execution id="3795ff12-454c-43cf-a919-cd346b9672b6" />
      <TestMethod codeBase="C:\AOCR\AOCR\AOCR05-01-2026\AOCR1\AOCR\AOCR.Tests\bin\Debug\AOCR.Tests.dll" adapterTypeName="executor://mstestadapter/v2" className="AOCR.Tests.Unit.SolicitudEstadoTransitionBLTests" name="EsTransicionPermitida_TransicionesValidas_DebeRetornarTrue" />
    </UnitTest>
    <UnitTest name="EsTransicionPermitida_TransicionesInvalidas_DebeRetornarFalse (AOCR Emitido/Recibido,AOCR En Revision)" storage="c:\aocr\aocr\aocr05-01-2026\aocr1\aocr\aocr.tests\bin\debug\aocr.tests.dll" id="0f8d89cc-3c25-0b90-bf6b-463ae237c8d9">
      <Execution id="2273a20c-7ca0-491d-90a9-e3bffdd59701" />
      <TestMethod codeBase="C:\AOCR\AOCR\AOCR05-01-2026\AOCR1\AOCR\AOCR.Tests\bin\Debug\AOCR.Tests.dll" adapterTypeName="executor://mstestadapter/v2" className="AOCR.Tests.Unit.SolicitudEstadoTransitionBLTests" name="EsTransicionPermitida_TransicionesInvalidas_DebeRetornarFalse" />
    </UnitTest>
    <UnitTest name="Matriz_TransicionesInvalidas_DebeBloquear (Documentacion Pendiente,AOCR En Revision)" storage="c:\aocr\aocr\aocr05-01-2026\aocr1\aocr\aocr.tests\bin\debug\aocr.tests.dll" id="d925989e-ccfb-699e-945b-1068d4a9d076">
      <Execution id="653cdb56-8c5d-4771-845d-3e81b6491309" />
      <TestMethod codeBase="C:\AOCR\AOCR\AOCR05-01-2026\AOCR1\AOCR\AOCR.Tests\bin\Debug\AOCR.Tests.dll" adapterTypeName="executor://mstestadapter/v2" className="AOCR.Tests.Unit.EstadoSolicitudTransitionMatrixTests" name="Matriz_TransicionesInvalidas_DebeBloquear" />
    </UnitTest>
    <UnitTest name="Matriz_TransicionesValidas_DebePermitir (AOCR En Elaboracion,AOCR En Revision)" storage="c:\aocr\aocr\aocr05-01-2026\aocr1\aocr\aocr.tests\bin\debug\aocr.tests.dll" id="1c9c850f-e9cc-6746-d57b-f8101af5b0ba">
      <Execution id="6aadf275-7400-45fb-965b-3ec98098e8e6" />
      <TestMethod codeBase="C:\AOCR\AOCR\AOCR05-01-2026\AOCR1\AOCR\AOCR.Tests\bin\Debug\AOCR.Tests.dll" adapterTypeName="executor://mstestadapter/v2" className="AOCR.Tests.Unit.EstadoSolicitudTransitionMatrixTests" name="Matriz_TransicionesValidas_DebePermitir" />
    </UnitTest>
    <UnitTest name="Matriz_TransicionesValidas_DebePermitir (Documentacion Pendiente,Observada)" storage="c:\aocr\aocr\aocr05-01-2026\aocr1\aocr\aocr.tests\bin\debug\aocr.tests.dll" id="d4753ea5-7a73-da42-2b09-1b2e24fe28d3">
      <Execution id="a776084e-1bdc-4cb8-8c7c-28333350e384" />
      <TestMethod codeBase="C:\AOCR\AOCR\AOCR05-01-2026\AOCR1\AOCR\AOCR.Tests\bin\Debug\AOCR.Tests.dll" adapterTypeName="executor://mstestadapter/v2" className="AOCR.Tests.Unit.EstadoSolicitudTransitionMatrixTests" name="Matriz_TransicionesValidas_DebePermitir" />
    </UnitTest>
    <UnitTest name="Matriz_TransicionesInvalidas_DebeBloquear (AOCR Validado,En Inspeccion)" storage="c:\aocr\aocr\aocr05-01-2026\aocr1\aocr\aocr.tests\bin\debug\aocr.tests.dll" id="a7db5e90-ba70-eb9f-924f-0c598e8e2950">
      <Execution id="549f41b0-1dd2-4e0c-bda2-2463541b01dc" />
      <TestMethod codeBase="C:\AOCR\AOCR\AOCR05-01-2026\AOCR1\AOCR\AOCR.Tests\bin\Debug\AOCR.Tests.dll" adapterTypeName="executor://mstestadapter/v2" className="AOCR.Tests.Unit.EstadoSolicitudTransitionMatrixTests" name="Matriz_TransicionesInvalidas_DebeBloquear" />
    </UnitTest>
    <UnitTest name="Matriz_TransicionesValidas_DebePermitir (En Inspeccion,AOCR En Elaboracion)" storage="c:\aocr\aocr\aocr05-01-2026\aocr1\aocr\aocr.tests\bin\debug\aocr.tests.dll" id="8524fd19-a0a7-cd7c-e3ef-a83e05ec6059">
      <Execution id="d914596f-5f04-4880-b621-4bd218e45267" />
      <TestMethod codeBase="C:\AOCR\AOCR\AOCR05-01-2026\AOCR1\AOCR\AOCR.Tests\bin\Debug\AOCR.Tests.dll" adapterTypeName="executor://mstestadapter/v2" className="AOCR.Tests.Unit.EstadoSolicitudTransitionMatrixTests" name="Matriz_TransicionesValidas_DebePermitir" />
    </UnitTest>
    <UnitTest name="Matriz_TransicionesInvalidas_DebeBloquear (En Inspeccion,AOCR Legalizado)" storage="c:\aocr\aocr\aocr05-01-2026\aocr1\aocr\aocr.tests\bin\debug\aocr.tests.dll" id="8bd54b3b-52ea-b441-3df4-26f5f61ddae6">
      <Execution id="e0068bc5-5a64-431f-a16b-93d00e1a60f6" />
      <TestMethod codeBase="C:\AOCR\AOCR\AOCR05-01-2026\AOCR1\AOCR\AOCR.Tests\bin\Debug\AOCR.Tests.dll" adapterTypeName="executor://mstestadapter/v2" className="AOCR.Tests.Unit.EstadoSolicitudTransitionMatrixTests" name="Matriz_TransicionesInvalidas_DebeBloquear" />
    </UnitTest>
    <UnitTest name="ValidarArchivo_ExtensionExe_Invalido" storage="c:\aocr\aocr\aocr05-01-2026\aocr1\aocr\aocr.tests\bin\debug\aocr.tests.dll" id="a0d8548d-c447-a5f1-8f7f-c0f1cc016639">
      <Execution id="c59140ac-04c0-4489-b982-397c5a56fdf0" />
      <TestMethod codeBase="C:\AOCR\AOCR\AOCR05-01-2026\AOCR1\AOCR\AOCR.Tests\bin\Debug\AOCR.Tests.dll" adapterTypeName="executor://mstestadapter/v2" className="AOCR.Tests.Unit.ValidacionesTests" name="ValidarArchivo_ExtensionExe_Invalido" />
    </UnitTest>
    <UnitTest name="ValidarArchivo_PathTraversal_Sanitizado" storage="c:\aocr\aocr\aocr05-01-2026\aocr1\aocr\aocr.tests\bin\debug\aocr.tests.dll" id="7efac4e5-0d4a-c79b-3fe6-9f8215db521e">
      <Execution id="513599e4-1147-48da-91e1-397a672ae759" />
      <TestMethod codeBase="C:\AOCR\AOCR\AOCR05-01-2026\AOCR1\AOCR\AOCR.Tests\bin\Debug\AOCR.Tests.dll" adapterTypeName="executor://mstestadapter/v2" className="AOCR.Tests.Unit.SecurityTests" name="ValidarArchivo_PathTraversal_Sanitizado" />
    </UnitTest>
    <UnitTest name="Matriz_TransicionesValidas_DebePermitir (AOCR Validado,AOCR Legalizado)" storage="c:\aocr\aocr\aocr05-01-2026\aocr1\aocr\aocr.tests\bin\debug\aocr.tests.dll" id="e0199b15-fa31-f0be-64b9-0a763b398054">
      <Execution id="8a33580b-4e7a-4026-bbad-eb3d1df92bcd" />
      <TestMethod codeBase="C:\AOCR\AOCR\AOCR05-01-2026\AOCR1\AOCR\AOCR.Tests\bin\Debug\AOCR.Tests.dll" adapterTypeName="executor://mstestadapter/v2" className="AOCR.Tests.Unit.EstadoSolicitudTransitionMatrixTests" name="Matriz_TransicionesValidas_DebePermitir" />
    </UnitTest>
    <UnitTest name="EsTransicionPermitida_TransicionesInvalidas_DebeRetornarFalse (Pendiente Asignacion RT,AOCR Legalizado)" storage="c:\aocr\aocr\aocr05-01-2026\aocr1\aocr\aocr.tests\bin\debug\aocr.tests.dll" id="6610b768-d115-7a2d-859e-2a476dac1781">
      <Execution id="00f76147-f0c4-4b14-9013-fca5d9be0235" />
      <TestMethod codeBase="C:\AOCR\AOCR\AOCR05-01-2026\AOCR1\AOCR\AOCR.Tests\bin\Debug\AOCR.Tests.dll" adapterTypeName="executor://mstestadapter/v2" className="AOCR.Tests.Unit.SolicitudEstadoTransitionBLTests" name="EsTransicionPermitida_TransicionesInvalidas_DebeRetornarFalse" />
    </UnitTest>
    <UnitTest name="EsTransicionPermitida_TransicionesInvalidas_DebeRetornarFalse (Pendiente,AOCR Legalizado)" storage="c:\aocr\aocr\aocr05-01-2026\aocr1\aocr\aocr.tests\bin\debug\aocr.tests.dll" id="8b8f40c0-0f9f-4a7f-709b-5f419eda5cf3">
      <Execution id="4197047b-4182-40ee-86ef-c6a81f888aee" />
      <TestMethod codeBase="C:\AOCR\AOCR\AOCR05-01-2026\AOCR1\AOCR\AOCR.Tests\bin\Debug\AOCR.Tests.dll" adapterTypeName="executor://mstestadapter/v2" className="AOCR.Tests.Unit.SolicitudEstadoTransitionBLTests" name="EsTransicionPermitida_TransicionesInvalidas_DebeRetornarFalse" />
    </UnitTest>
    <UnitTest name="EsTransicionPermitida_TransicionesValidas_DebeRetornarTrue (Documentacion Completa,En Inspeccion)" storage="c:\aocr\aocr\aocr05-01-2026\aocr1\aocr\aocr.tests\bin\debug\aocr.tests.dll" id="e05d4a0d-05df-4d45-46db-c44a4bab4935">
      <Execution id="badcbd68-0d8c-47a0-b6c0-c8a380ae9956" />
      <TestMethod codeBase="C:\AOCR\AOCR\AOCR05-01-2026\AOCR1\AOCR\AOCR.Tests\bin\Debug\AOCR.Tests.dll" adapterTypeName="executor://mstestadapter/v2" className="AOCR.Tests.Unit.SolicitudEstadoTransitionBLTests" name="EsTransicionPermitida_TransicionesValidas_DebeRetornarTrue" />
    </UnitTest>
    <UnitTest name="Matriz_TransicionesInvalidas_DebeBloquear (Solicitud Creada,AOCR Legalizado)" storage="c:\aocr\aocr\aocr05-01-2026\aocr1\aocr\aocr.tests\bin\debug\aocr.tests.dll" id="635f5c69-2052-56ac-66a5-5151569efbb8">
      <Execution id="ef16c457-4967-4a3f-a80a-dd9fd3838e36" />
      <TestMethod codeBase="C:\AOCR\AOCR\AOCR05-01-2026\AOCR1\AOCR\AOCR.Tests\bin\Debug\AOCR.Tests.dll" adapterTypeName="executor://mstestadapter/v2" className="AOCR.Tests.Unit.EstadoSolicitudTransitionMatrixTests" name="Matriz_TransicionesInvalidas_DebeBloquear" />
    </UnitTest>
    <UnitTest name="EsTransicionPermitida_TransicionesValidas_DebeRetornarTrue (AOCR Legalizado,AOCR Emitido/Recibido)" storage="c:\aocr\aocr\aocr05-01-2026\aocr1\aocr\aocr.tests\bin\debug\aocr.tests.dll" id="3571b916-2103-d541-e0fd-a0f64ee224a6">
      <Execution id="11a5d3ac-6248-4c5c-8659-016aad286ac8" />
      <TestMethod codeBase="C:\AOCR\AOCR\AOCR05-01-2026\AOCR1\AOCR\AOCR.Tests\bin\Debug\AOCR.Tests.dll" adapterTypeName="executor://mstestadapter/v2" className="AOCR.Tests.Unit.SolicitudEstadoTransitionBLTests" name="EsTransicionPermitida_TransicionesValidas_DebeRetornarTrue" />
    </UnitTest>
    <UnitTest name="EsTransicionPermitida_TransicionesInvalidas_DebeRetornarFalse (Rechazada,AOCR Emitido/Recibido)" storage="c:\aocr\aocr\aocr05-01-2026\aocr1\aocr\aocr.tests\bin\debug\aocr.tests.dll" id="e7c2c311-456b-9100-d2b8-2c29a30333e5">
      <Execution id="95d6e0b4-804a-413f-a97b-1d9393b773b3" />
      <TestMethod codeBase="C:\AOCR\AOCR\AOCR05-01-2026\AOCR1\AOCR\AOCR.Tests\bin\Debug\AOCR.Tests.dll" adapterTypeName="executor://mstestadapter/v2" className="AOCR.Tests.Unit.SolicitudEstadoTransitionBLTests" name="EsTransicionPermitida_TransicionesInvalidas_DebeRetornarFalse" />
    </UnitTest>
    <UnitTest name="OrdenRecaudacion_DefaultContribuyenteId_NoDebeSerNull" storage="c:\aocr\aocr\aocr05-01-2026\aocr1\aocr\aocr.tests\bin\debug\aocr.tests.dll" id="4239db07-f4af-9762-5d58-0070fb510b67">
      <Execution id="8e6385aa-2c3e-48fb-978e-2e82f0d0cc69" />
      <TestMethod codeBase="C:\AOCR\AOCR\AOCR05-01-2026\AOCR1\AOCR\AOCR.Tests\bin\Debug\AOCR.Tests.dll" adapterTypeName="executor://mstestadapter/v2" className="AOCR.Tests.Unit.NullSafetyRegressionTests" name="OrdenRecaudacion_DefaultContribuyenteId_NoDebeSerNull" />
    </UnitTest>
    <UnitTest name="EsTransicionPermitida_TransicionesValidas_DebeRetornarTrue (En Revision,Aceptacion Documental)" storage="c:\aocr\aocr\aocr05-01-2026\aocr1\aocr\aocr.tests\bin\debug\aocr.tests.dll" id="f4db67e1-4556-8e73-1ed7-178372bc52c5">
      <Execution id="656c40e5-5bb6-4ff6-87eb-dabaf57e32bc" />
      <TestMethod codeBase="C:\AOCR\AOCR\AOCR05-01-2026\AOCR1\AOCR\AOCR.Tests\bin\Debug\AOCR.Tests.dll" adapterTypeName="executor://mstestadapter/v2" className="AOCR.Tests.Unit.SolicitudEstadoTransitionBLTests" name="EsTransicionPermitida_TransicionesValidas_DebeRetornarTrue" />
    </UnitTest>
    <UnitTest name="EsTransicionPermitida_TransicionesValidas_DebeRetornarTrue (Pendiente Asignacion RT,En Inspeccion)" storage="c:\aocr\aocr\aocr05-01-2026\aocr1\aocr\aocr.tests\bin\debug\aocr.tests.dll" id="9a257d47-c25c-4046-6ece-592514569a27">
      <Execution id="728f2cbc-1cc0-48e6-bded-afafad4c2496" />
      <TestMethod codeBase="C:\AOCR\AOCR\AOCR05-01-2026\AOCR1\AOCR\AOCR.Tests\bin\Debug\AOCR.Tests.dll" adapterTypeName="executor://mstestadapter/v2" className="AOCR.Tests.Unit.SolicitudEstadoTransitionBLTests" name="EsTransicionPermitida_TransicionesValidas_DebeRetornarTrue" />
    </UnitTest>
    <UnitTest name="GenerarPdf_SinNumeroOrden_Falla" storage="c:\aocr\aocr\aocr05-01-2026\aocr1\aocr\aocr.tests\bin\debug\aocr.tests.dll" id="6162ed3c-60f9-ca87-f0b1-14954518e2b2">
      <Execution id="f09c4bb4-eef2-48b9-a718-06f6c6d5a610" />
      <TestMethod codeBase="C:\AOCR\AOCR\AOCR05-01-2026\AOCR1\AOCR\AOCR.Tests\bin\Debug\AOCR.Tests.dll" adapterTypeName="executor://mstestadapter/v2" className="AOCR.Tests.Unit.PdfGeneratorTests" name="GenerarPdf_SinNumeroOrden_Falla" />
    </UnitTest>
    <UnitTest name="EsTransicionPermitida_TransicionesValidas_DebeRetornarTrue (Pendiente,Observada)" storage="c:\aocr\aocr\aocr05-01-2026\aocr1\aocr\aocr.tests\bin\debug\aocr.tests.dll" id="11d557d1-7edc-cfe1-4cae-1b1e55518806">
      <Execution id="e6db5a9f-a170-4a9d-a0f8-4f00dd93e4b7" />
      <TestMethod codeBase="C:\AOCR\AOCR\AOCR05-01-2026\AOCR1\AOCR\AOCR.Tests\bin\Debug\AOCR.Tests.dll" adapterTypeName="executor://mstestadapter/v2" className="AOCR.Tests.Unit.SolicitudEstadoTransitionBLTests" name="EsTransicionPermitida_TransicionesValidas_DebeRetornarTrue" />
    </UnitTest>
    <UnitTest name="EsTransicionPermitida_TransicionesInvalidas_DebeRetornarFalse (Observada,AOCR Validado)" storage="c:\aocr\aocr\aocr05-01-2026\aocr1\aocr\aocr.tests\bin\debug\aocr.tests.dll" id="030b14fb-3b14-4960-f94b-83394855ae9d">
      <Execution id="6ebf5a35-63ae-4acc-87e2-ddac06bbfd86" />
      <TestMethod codeBase="C:\AOCR\AOCR\AOCR05-01-2026\AOCR1\AOCR\AOCR.Tests\bin\Debug\AOCR.Tests.dll" adapterTypeName="executor://mstestadapter/v2" className="AOCR.Tests.Unit.SolicitudEstadoTransitionBLTests" name="EsTransicionPermitida_TransicionesInvalidas_DebeRetornarFalse" />
    </UnitTest>
    <UnitTest name="Matriz_TransicionesValidas_DebePermitir (Observada,Subsanada)" storage="c:\aocr\aocr\aocr05-01-2026\aocr1\aocr\aocr.tests\bin\debug\aocr.tests.dll" id="7a15ec3f-551f-205c-000c-e0c3860d58fa">
      <Execution id="ce5eea4f-fd3a-498d-9865-d29a69870c01" />
      <TestMethod codeBase="C:\AOCR\AOCR\AOCR05-01-2026\AOCR1\AOCR\AOCR.Tests\bin\Debug\AOCR.Tests.dll" adapterTypeName="executor://mstestadapter/v2" className="AOCR.Tests.Unit.EstadoSolicitudTransitionMatrixTests" name="Matriz_TransicionesValidas_DebePermitir" />
    </UnitTest>
    <UnitTest name="Matriz_TransicionesInvalidas_DebeBloquear (AOCR En Elaboracion,AOCR Emitido/Recibido)" storage="c:\aocr\aocr\aocr05-01-2026\aocr1\aocr\aocr.tests\bin\debug\aocr.tests.dll" id="e5a43bfc-f34b-653c-c011-ccdffb4b60be">
      <Execution id="88e25706-9d38-410a-b502-e8ab886c5fd6" />
      <TestMethod codeBase="C:\AOCR\AOCR\AOCR05-01-2026\AOCR1\AOCR\AOCR.Tests\bin\Debug\AOCR.Tests.dll" adapterTypeName="executor://mstestadapter/v2" className="AOCR.Tests.Unit.EstadoSolicitudTransitionMatrixTests" name="Matriz_TransicionesInvalidas_DebeBloquear" />
    </UnitTest>
    <UnitTest name="Matriz_TransicionesValidas_DebePermitir (AOCR Legalizado,AOCR Emitido/Recibido)" storage="c:\aocr\aocr\aocr05-01-2026\aocr1\aocr\aocr.tests\bin\debug\aocr.tests.dll" id="ac3f7675-4029-0865-00a0-3f2e8bcbbf75">
      <Execution id="1e87160a-0f6c-4f1f-b255-67694c740a83" />
      <TestMethod codeBase="C:\AOCR\AOCR\AOCR05-01-2026\AOCR1\AOCR\AOCR.Tests\bin\Debug\AOCR.Tests.dll" adapterTypeName="executor://mstestadapter/v2" className="AOCR.Tests.Unit.EstadoSolicitudTransitionMatrixTests" name="Matriz_TransicionesValidas_DebePermitir" />
    </UnitTest>
    <UnitTest name="Matriz_TransicionesValidas_DebePermitir (AOCR En Revision,AOCR Validado)" storage="c:\aocr\aocr\aocr05-01-2026\aocr1\aocr\aocr.tests\bin\debug\aocr.tests.dll" id="65669073-f6cb-b796-f369-61f20dec513b">
      <Execution id="a031a6a5-d006-447b-883d-4efb9d252b87" />
      <TestMethod codeBase="C:\AOCR\AOCR\AOCR05-01-2026\AOCR1\AOCR\AOCR.Tests\bin\Debug\AOCR.Tests.dll" adapterTypeName="executor://mstestadapter/v2" className="AOCR.Tests.Unit.EstadoSolicitudTransitionMatrixTests" name="Matriz_TransicionesValidas_DebePermitir" />
    </UnitTest>
    <UnitTest name="CrearOrden_SinContribuyente_EsCero" storage="c:\aocr\aocr\aocr05-01-2026\aocr1\aocr\aocr.tests\bin\debug\aocr.tests.dll" id="061be749-4608-9c9e-beec-eb09973ea57b">
      <Execution id="8bb48c27-f017-4e43-bb87-03aa2e8f9bab" />
      <TestMethod codeBase="C:\AOCR\AOCR\AOCR05-01-2026\AOCR1\AOCR\AOCR.Tests\bin\Debug\AOCR.Tests.dll" adapterTypeName="executor://mstestadapter/v2" className="AOCR.Tests.Unit.OrdenRecaudacionOrchestratorTests" name="CrearOrden_SinContribuyente_EsCero" />
    </UnitTest>
    <UnitTest name="Matriz_TransicionesInvalidas_DebeBloquear (Observada,AOCR En Elaboracion)" storage="c:\aocr\aocr\aocr05-01-2026\aocr1\aocr\aocr.tests\bin\debug\aocr.tests.dll" id="011f4e7d-42a6-7237-eb5c-a4f4604928ef">
      <Execution id="79a14ea0-d3b2-4eab-9cfe-7d41152763d7" />
      <TestMethod codeBase="C:\AOCR\AOCR\AOCR05-01-2026\AOCR1\AOCR\AOCR.Tests\bin\Debug\AOCR.Tests.dll" adapterTypeName="executor://mstestadapter/v2" className="AOCR.Tests.Unit.EstadoSolicitudTransitionMatrixTests" name="Matriz_TransicionesInvalidas_DebeBloquear" />
    </UnitTest>
    <UnitTest name="ObtenerOrden_IdInexistente_RetornaNull" storage="c:\aocr\aocr\aocr05-01-2026\aocr1\aocr\aocr.tests\bin\debug\aocr.tests.dll" id="85ab1dac-d7cf-9cf5-c392-49272ac40b1a">
      <Execution id="6f44bd3e-7859-4e5d-8056-36cf41e56ab9" />
      <TestMethod codeBase="C:\AOCR\AOCR\AOCR05-01-2026\AOCR1\AOCR\AOCR.Tests\bin\Debug\AOCR.Tests.dll" adapterTypeName="executor://mstestadapter/v2" className="AOCR.Tests.Unit.OrdenRecaudacionOrchestratorTests" name="ObtenerOrden_IdInexistente_RetornaNull" />
    </UnitTest>
    <UnitTest name="Matriz_TransicionesValidas_DebePermitir (Subsanada,Documentacion Pendiente)" storage="c:\aocr\aocr\aocr05-01-2026\aocr1\aocr\aocr.tests\bin\debug\aocr.tests.dll" id="55f3a4f2-6020-440a-ef9f-f35d7b91779a">
      <Execution id="dbd35b6b-cdf1-48a6-96af-41bb814e3f19" />
      <TestMethod codeBase="C:\AOCR\AOCR\AOCR05-01-2026\AOCR1\AOCR\AOCR.Tests\bin\Debug\AOCR.Tests.dll" adapterTypeName="executor://mstestadapter/v2" className="AOCR.Tests.Unit.EstadoSolicitudTransitionMatrixTests" name="Matriz_TransicionesValidas_DebePermitir" />
    </UnitTest>
  </TestDefinitions>
  <TestEntries>
    <TestEntry testId="931616ce-b494-8596-41ef-25a325d1a42a" executionId="fb976efa-d9b9-46cb-8dce-61fc88f9d4df" testListId="8c84fa94-04c1-424b-9868-57a2d4851a1d" />
    <TestEntry testId="e5a43bfc-f34b-653c-c011-ccdffb4b60be" executionId="88e25706-9d38-410a-b502-e8ab886c5fd6" testListId="8c84fa94-04c1-424b-9868-57a2d4851a1d" />
    <TestEntry testId="1c9c850f-e9cc-6746-d57b-f8101af5b0ba" executionId="6aadf275-7400-45fb-965b-3ec98098e8e6" testListId="8c84fa94-04c1-424b-9868-57a2d4851a1d" />
    <TestEntry testId="3571b916-2103-d541-e0fd-a0f64ee224a6" executionId="11a5d3ac-6248-4c5c-8659-016aad286ac8" testListId="8c84fa94-04c1-424b-9868-57a2d4851a1d" />
    <TestEntry testId="d925989e-ccfb-699e-945b-1068d4a9d076" executionId="653cdb56-8c5d-4771-845d-3e81b6491309" testListId="8c84fa94-04c1-424b-9868-57a2d4851a1d" />
    <TestEntry testId="8621eede-c3e5-5e1d-65c1-f772369c5c9d" executionId="0de773ad-2f71-490c-a797-afcc2dc9dccb" testListId="8c84fa94-04c1-424b-9868-57a2d4851a1d" />
    <TestEntry testId="084b2f8b-72e1-b973-5a12-41e9ee505641" executionId="57616758-02b0-49c7-a967-692e08a49664" testListId="8c84fa94-04c1-424b-9868-57a2d4851a1d" />
    <TestEntry testId="3cd830cc-999b-0acb-ff86-a1918f340789" executionId="c7c60f6b-4983-4a47-8ad1-b57f28af1831" testListId="8c84fa94-04c1-424b-9868-57a2d4851a1d" />
    <TestEntry testId="6610b768-d115-7a2d-859e-2a476dac1781" executionId="00f76147-f0c4-4b14-9013-fca5d9be0235" testListId="8c84fa94-04c1-424b-9868-57a2d4851a1d" />
    <TestEntry testId="635f5c69-2052-56ac-66a5-5151569efbb8" executionId="ef16c457-4967-4a3f-a80a-dd9fd3838e36" testListId="8c84fa94-04c1-424b-9868-57a2d4851a1d" />
    <TestEntry testId="11d557d1-7edc-cfe1-4cae-1b1e55518806" executionId="e6db5a9f-a170-4a9d-a0f8-4f00dd93e4b7" testListId="8c84fa94-04c1-424b-9868-57a2d4851a1d" />
    <TestEntry testId="85ab1dac-d7cf-9cf5-c392-49272ac40b1a" executionId="6f44bd3e-7859-4e5d-8056-36cf41e56ab9" testListId="8c84fa94-04c1-424b-9868-57a2d4851a1d" />
    <TestEntry testId="f4db67e1-4556-8e73-1ed7-178372bc52c5" executionId="656c40e5-5bb6-4ff6-87eb-dabaf57e32bc" testListId="8c84fa94-04c1-424b-9868-57a2d4851a1d" />
    <TestEntry testId="d4753ea5-7a73-da42-2b09-1b2e24fe28d3" executionId="a776084e-1bdc-4cb8-8c7c-28333350e384" testListId="8c84fa94-04c1-424b-9868-57a2d4851a1d" />
    <TestEntry testId="9e6da589-d1d4-2673-576f-395e7a104363" executionId="ad2a9219-fa2f-4e8e-af6d-d25c8a7f5eb2" testListId="8c84fa94-04c1-424b-9868-57a2d4851a1d" />
    <TestEntry testId="8bd54b3b-52ea-b441-3df4-26f5f61ddae6" executionId="e0068bc5-5a64-431f-a16b-93d00e1a60f6" testListId="8c84fa94-04c1-424b-9868-57a2d4851a1d" />
    <TestEntry testId="6d0b85d9-49c7-d679-5b96-d17a0df938d1" executionId="0a6b3412-550d-4f0e-9e24-e3eddc0eb35e" testListId="8c84fa94-04c1-424b-9868-57a2d4851a1d" />
    <TestEntry testId="fd3121a5-0467-9c14-1917-e0e774685500" executionId="3795ff12-454c-43cf-a919-cd346b9672b6" testListId="8c84fa94-04c1-424b-9868-57a2d4851a1d" />
    <TestEntry testId="8524fd19-a0a7-cd7c-e3ef-a83e05ec6059" executionId="d914596f-5f04-4880-b621-4bd218e45267" testListId="8c84fa94-04c1-424b-9868-57a2d4851a1d" />
    <TestEntry testId="011f4e7d-42a6-7237-eb5c-a4f4604928ef" executionId="79a14ea0-d3b2-4eab-9cfe-7d41152763d7" testListId="8c84fa94-04c1-424b-9868-57a2d4851a1d" />
    <TestEntry testId="8b8f40c0-0f9f-4a7f-709b-5f419eda5cf3" executionId="4197047b-4182-40ee-86ef-c6a81f888aee" testListId="8c84fa94-04c1-424b-9868-57a2d4851a1d" />
    <TestEntry testId="e4cb36bd-f93d-c4a9-fda2-5aeada9eecd9" executionId="6e4bc1e9-d05d-4bc5-b90d-32b2d0081a22" testListId="8c84fa94-04c1-424b-9868-57a2d4851a1d" />
    <TestEntry testId="6f81574e-136a-66d4-6a01-38ca2c6dd3bc" executionId="c661a236-bb8c-4972-a98b-f0591f429edd" testListId="8c84fa94-04c1-424b-9868-57a2d4851a1d" />
    <TestEntry testId="a0d8548d-c447-a5f1-8f7f-c0f1cc016639" executionId="c59140ac-04c0-4489-b982-397c5a56fdf0" testListId="8c84fa94-04c1-424b-9868-57a2d4851a1d" />
    <TestEntry testId="87153650-0b4b-e7dd-edb3-d7d29f8f1e7e" executionId="ffbd927a-d199-45b8-ae6b-98a33e8e3527" testListId="8c84fa94-04c1-424b-9868-57a2d4851a1d" />
    <TestEntry testId="670bb6d9-a4f1-135c-c7dd-f0ccc69b993e" executionId="1d35a38c-4772-4e5a-a6f3-9b9ede6de84d" testListId="8c84fa94-04c1-424b-9868-57a2d4851a1d" />
    <TestEntry testId="d82655b2-40df-3a77-4406-62f9c05f4586" executionId="a3c2be72-a426-4447-b582-b5998a618c2b" testListId="8c84fa94-04c1-424b-9868-57a2d4851a1d" />
    <TestEntry testId="e47674b4-3125-881c-8b67-bcc4e26d823f" executionId="b49960a8-ffa2-404a-ad16-c49b26aebf6c" testListId="8c84fa94-04c1-424b-9868-57a2d4851a1d" />
    <TestEntry testId="4239db07-f4af-9762-5d58-0070fb510b67" executionId="8e6385aa-2c3e-48fb-978e-2e82f0d0cc69" testListId="8c84fa94-04c1-424b-9868-57a2d4851a1d" />
    <TestEntry testId="7a15ec3f-551f-205c-000c-e0c3860d58fa" executionId="ce5eea4f-fd3a-498d-9865-d29a69870c01" testListId="8c84fa94-04c1-424b-9868-57a2d4851a1d" />
    <TestEntry testId="061be749-4608-9c9e-beec-eb09973ea57b" executionId="8bb48c27-f017-4e43-bb87-03aa2e8f9bab" testListId="8c84fa94-04c1-424b-9868-57a2d4851a1d" />
    <TestEntry testId="98af0476-00fc-2b2e-5e94-efb32518d639" executionId="1b9f6bf0-0988-4d7e-8c3c-43f46df90571" testListId="8c84fa94-04c1-424b-9868-57a2d4851a1d" />
    <TestEntry testId="a7db5e90-ba70-eb9f-924f-0c598e8e2950" executionId="549f41b0-1dd2-4e0c-bda2-2463541b01dc" testListId="8c84fa94-04c1-424b-9868-57a2d4851a1d" />
    <TestEntry testId="84f0f9fc-fd71-c2d4-a3c2-44dce01adef7" executionId="3841f485-a630-49f7-a16c-2452d4af3255" testListId="8c84fa94-04c1-424b-9868-57a2d4851a1d" />
    <TestEntry testId="bddd4904-c6a0-388b-5775-56ee2a0af1ec" executionId="28db76ec-c3ba-496b-8e08-4a3f601a98c7" testListId="8c84fa94-04c1-424b-9868-57a2d4851a1d" />
    <TestEntry testId="7efac4e5-0d4a-c79b-3fe6-9f8215db521e" executionId="513599e4-1147-48da-91e1-397a672ae759" testListId="8c84fa94-04c1-424b-9868-57a2d4851a1d" />
    <TestEntry testId="6162ed3c-60f9-ca87-f0b1-14954518e2b2" executionId="f09c4bb4-eef2-48b9-a718-06f6c6d5a610" testListId="8c84fa94-04c1-424b-9868-57a2d4851a1d" />
    <TestEntry testId="030b14fb-3b14-4960-f94b-83394855ae9d" executionId="6ebf5a35-63ae-4acc-87e2-ddac06bbfd86" testListId="8c84fa94-04c1-424b-9868-57a2d4851a1d" />
    <TestEntry testId="8b2f8c39-66aa-9a67-5b44-b3416762c893" executionId="c241836d-7848-488f-9e3a-0978453b0801" testListId="8c84fa94-04c1-424b-9868-57a2d4851a1d" />
    <TestEntry testId="0f8d89cc-3c25-0b90-bf6b-463ae237c8d9" executionId="2273a20c-7ca0-491d-90a9-e3bffdd59701" testListId="8c84fa94-04c1-424b-9868-57a2d4851a1d" />
    <TestEntry testId="fb712e4c-a09a-a4b4-e631-d7f7301c144b" executionId="761ff2c0-c727-471a-a39c-599c30e42bb0" testListId="8c84fa94-04c1-424b-9868-57a2d4851a1d" />
    <TestEntry testId="55f3a4f2-6020-440a-ef9f-f35d7b91779a" executionId="dbd35b6b-cdf1-48a6-96af-41bb814e3f19" testListId="8c84fa94-04c1-424b-9868-57a2d4851a1d" />
    <TestEntry testId="9a257d47-c25c-4046-6ece-592514569a27" executionId="728f2cbc-1cc0-48e6-bded-afafad4c2496" testListId="8c84fa94-04c1-424b-9868-57a2d4851a1d" />
    <TestEntry testId="4d2a2ae8-d53e-60ea-b008-7f0dcdef2e7e" executionId="826b3ab5-8fd1-4260-a227-cbbf491072ce" testListId="8c84fa94-04c1-424b-9868-57a2d4851a1d" />
    <TestEntry testId="ac3f7675-4029-0865-00a0-3f2e8bcbbf75" executionId="1e87160a-0f6c-4f1f-b255-67694c740a83" testListId="8c84fa94-04c1-424b-9868-57a2d4851a1d" />
    <TestEntry testId="7ba9af93-e836-cee5-2d32-1f38b166c3bf" executionId="3302660c-e5f5-4eb6-8b71-7d748df07efe" testListId="8c84fa94-04c1-424b-9868-57a2d4851a1d" />
    <TestEntry testId="5d4bfedd-0225-eef3-2127-50d8f8dff382" executionId="4afd32a7-f156-48ea-9f78-df490c70e660" testListId="8c84fa94-04c1-424b-9868-57a2d4851a1d" />
    <TestEntry testId="3d058df1-d70c-be0b-f690-2dc4115ce34f" executionId="3213d2d6-8187-4920-8e54-9b9a8489bba4" testListId="8c84fa94-04c1-424b-9868-57a2d4851a1d" />
    <TestEntry testId="e0199b15-fa31-f0be-64b9-0a763b398054" executionId="8a33580b-4e7a-4026-bbad-eb3d1df92bcd" testListId="8c84fa94-04c1-424b-9868-57a2d4851a1d" />
    <TestEntry testId="b2764189-3653-005f-53bb-8993f83d050d" executionId="8f628d10-c192-4b6e-80ba-ac7a076ef641" testListId="8c84fa94-04c1-424b-9868-57a2d4851a1d" />
    <TestEntry testId="e7c2c311-456b-9100-d2b8-2c29a30333e5" executionId="95d6e0b4-804a-413f-a97b-1d9393b773b3" testListId="8c84fa94-04c1-424b-9868-57a2d4851a1d" />
    <TestEntry testId="65669073-f6cb-b796-f369-61f20dec513b" executionId="a031a6a5-d006-447b-883d-4efb9d252b87" testListId="8c84fa94-04c1-424b-9868-57a2d4851a1d" />
    <TestEntry testId="5bb6a88d-92cf-ad24-4246-eb79316e0c63" executionId="f547c924-cd50-4e6b-9f39-b4aa22247184" testListId="8c84fa94-04c1-424b-9868-57a2d4851a1d" />
    <TestEntry testId="bec301a9-3f89-743f-3e03-3a3c24a4683a" executionId="92dcf71c-5dc4-405e-bccd-44b1edceac2b" testListId="8c84fa94-04c1-424b-9868-57a2d4851a1d" />
    <TestEntry testId="e05d4a0d-05df-4d45-46db-c44a4bab4935" executionId="badcbd68-0d8c-47a0-b6c0-c8a380ae9956" testListId="8c84fa94-04c1-424b-9868-57a2d4851a1d" />
    <TestEntry testId="18e234b8-2d7b-b4d0-344c-5811693677a2" executionId="1e429bca-a98e-4805-865e-777c04da2a32" testListId="8c84fa94-04c1-424b-9868-57a2d4851a1d" />
  </TestEntries>
  <TestLists>
    <TestList name="Resultados sin formato de lista" id="8c84fa94-04c1-424b-9868-57a2d4851a1d" />
    <TestList name="Todos los resultados cargados" id="19431567-8539-422a-85d7-44ee4e166bda" />
  </TestLists>
  <ResultSummary outcome="Completed">
    <Counters total="56" executed="55" passed="55" failed="0" error="0" timeout="0" aborted="0" inconclusive="0" passedButRunAborted="0" notRunnable="0" notExecuted="0" disconnected="0" warning="0" completed="0" inProgress="0" pending="0" />
    <Output>
      <StdOut>Se ha omitido la prueba 'FlujoCompleto_CrearOrdenHastaPago_Exitoso' en la serie de pruebas.&#xD;
</StdOut>
    </Output>
  </ResultSummary>
</TestRun>