<?xml version="1.0" encoding="utf-8"?>
<TestRun id="6fdc241a-b47d-4204-a116-c699b3de6b11" name="german.cajas@DESKTOP-S4GE44J 2026-04-23 09:05:17" runUser="DESKTOP-S4GE44J\CodexSandboxOffline" xmlns="http://microsoft.com/schemas/VisualStudio/TeamTest/2010">
  <Times creation="2026-04-23T09:05:17.9371160-05:00" queuing="2026-04-23T09:05:17.9371160-05:00" start="2026-04-23T09:05:17.3204084-05:00" finish="2026-04-23T09:05:18.4252959-05:00" />
  <TestSettings name="default" id="7aa69a79-5c4f-4d94-9f04-edfc6869ab29">
    <Deployment runDeploymentRoot="german.cajas_DESKTOP-S4GE44J_2026-04-23_09_05_17" />
  </TestSettings>
  <Results>
    <UnitTestResult executionId="79d1ca59-7b97-466f-9631-9842bf136148" testId="d4753ea5-7a73-da42-2b09-1b2e24fe28d3" testName="Matriz_TransicionesValidas_DebePermitir (Documentacion Pendiente,Observada)" computerName="DESKTOP-S4GE44J" duration="00:00:00.0000076" startTime="2026-04-23T09:05:17.9398096-05:00" endTime="2026-04-23T09:05:17.9398096-05:00" testType="13cdc9d9-ddb5-4fa4-a97d-d965ccfc6d4b" outcome="Passed" testListId="8c84fa94-04c1-424b-9868-57a2d4851a1d" relativeResultsDirectory="79d1ca59-7b97-466f-9631-9842bf136148" />
    <UnitTestResult executionId="8e3fcd10-6bb2-4e94-a360-419df6d9c49b" testId="e0199b15-fa31-f0be-64b9-0a763b398054" testName="Matriz_TransicionesValidas_DebePermitir (AOCR Validado,AOCR Legalizado)" computerName="DESKTOP-S4GE44J" duration="00:00:00.0000045" startTime="2026-04-23T09:05:17.9398096-05:00" endTime="2026-04-23T09:05:17.9398096-05:00" testType="13cdc9d9-ddb5-4fa4-a97d-d965ccfc6d4b" outcome="Passed" testListId="8c84fa94-04c1-424b-9868-57a2d4851a1d" relativeResultsDirectory="8e3fcd10-6bb2-4e94-a360-419df6d9c49b" />
    <UnitTestResult executionId="23e93f5a-6783-4cb7-90c4-69f001a8ce7c" testId="e5a43bfc-f34b-653c-c011-ccdffb4b60be" testName="Matriz_TransicionesInvalidas_DebeBloquear (AOCR En Elaboracion,AOCR Emitido/Recibido)" computerName="DESKTOP-S4GE44J" duration="00:00:00.0000049" startTime="2026-04-23T09:05:17.9398096-05:00" endTime="2026-04-23T09:05:17.9398096-05:00" testType="13cdc9d9-ddb5-4fa4-a97d-d965ccfc6d4b" outcome="Passed" testListId="8c84fa94-04c1-424b-9868-57a2d4851a1d" relativeResultsDirectory="23e93f5a-6783-4cb7-90c4-69f001a8ce7c" />
    <UnitTestResult executionId="cc09d7a6-afa6-4b6a-932e-29fee8f7dfaf" testId="bddd4904-c6a0-388b-5775-56ee2a0af1ec" testName="Matriz_TransicionesValidas_DebePermitir (Aceptacion Documental,Pendiente Asignacion RT)" computerName="DESKTOP-S4GE44J" duration="00:00:00.0000049" startTime="2026-04-23T09:05:17.9398096-05:00" endTime="2026-04-23T09:05:17.9398096-05:00" testType="13cdc9d9-ddb5-4fa4-a97d-d965ccfc6d4b" outcome="Passed" testListId="8c84fa94-04c1-424b-9868-57a2d4851a1d" relativeResultsDirectory="cc09d7a6-afa6-4b6a-932e-29fee8f7dfaf" />
    <UnitTestResult executionId="4c56a89e-de1f-4307-bfce-1a0e1644dbb0" testId="11d557d1-7edc-cfe1-4cae-1b1e55518806" testName="EsTransicionPermitida_TransicionesValidas_DebeRetornarTrue (Pendiente,Observada)" computerName="DESKTOP-S4GE44J" duration="00:00:00.3031428" startTime="2026-04-23T09:05:17.9398096-05:00" endTime="2026-04-23T09:05:18.2479064-05:00" testType="13cdc9d9-ddb5-4fa4-a97d-d965ccfc6d4b" outcome="Passed" testListId="8c84fa94-04c1-424b-9868-57a2d4851a1d" relativeResultsDirectory="4c56a89e-de1f-4307-bfce-1a0e1644dbb0" />
    <UnitTestResult executionId="8e45d85c-f33d-4100-8fe8-93575a3bea0b" testId="fd3121a5-0467-9c14-1917-e0e774685500" testName="EsTransicionPermitida_TransicionesValidas_DebeRetornarTrue (AOCR En Revision,AOCR Validado)" computerName="DESKTOP-S4GE44J" duration="00:00:00.0000051" startTime="2026-04-23T09:05:18.2479064-05:00" endTime="2026-04-23T09:05:18.2489060-05:00" testType="13cdc9d9-ddb5-4fa4-a97d-d965ccfc6d4b" outcome="Passed" testListId="8c84fa94-04c1-424b-9868-57a2d4851a1d" relativeResultsDirectory="8e45d85c-f33d-4100-8fe8-93575a3bea0b" />
    <UnitTestResult executionId="342e28a1-a0fd-4604-9253-bb63cb43565a" testId="f4db67e1-4556-8e73-1ed7-178372bc52c5" testName="EsTransicionPermitida_TransicionesValidas_DebeRetornarTrue (En Revision,Aceptacion Documental)" computerName="DESKTOP-S4GE44J" duration="00:00:00.0000101" startTime="2026-04-23T09:05:18.2479064-05:00" endTime="2026-04-23T09:05:18.2479064-05:00" testType="13cdc9d9-ddb5-4fa4-a97d-d965ccfc6d4b" outcome="Passed" testListId="8c84fa94-04c1-424b-9868-57a2d4851a1d" relativeResultsDirectory="342e28a1-a0fd-4604-9253-bb63cb43565a" />
    <UnitTestResult executionId="9934168e-c6ae-4d57-bf37-be2d1562212e" testId="87153650-0b4b-e7dd-edb3-d7d29f8f1e7e" testName="EncolarCorreo_SinDestinatario_Falla" computerName="DESKTOP-S4GE44J" duration="00:00:00.0000821" startTime="2026-04-23T09:05:17.9257918-05:00" endTime="2026-04-23T09:05:17.9257918-05:00" testType="13cdc9d9-ddb5-4fa4-a97d-d965ccfc6d4b" outcome="Passed" testListId="8c84fa94-04c1-424b-9868-57a2d4851a1d" relativeResultsDirectory="9934168e-c6ae-4d57-bf37-be2d1562212e" />
    <UnitTestResult executionId="166ee4d4-1ec5-45a2-acf5-03e1760afc88" testId="65669073-f6cb-b796-f369-61f20dec513b" testName="Matriz_TransicionesValidas_DebePermitir (AOCR En Revision,AOCR Validado)" computerName="DESKTOP-S4GE44J" duration="00:00:00.0000047" startTime="2026-04-23T09:05:17.9398096-05:00" endTime="2026-04-23T09:05:17.9398096-05:00" testType="13cdc9d9-ddb5-4fa4-a97d-d965ccfc6d4b" outcome="Passed" testListId="8c84fa94-04c1-424b-9868-57a2d4851a1d" relativeResultsDirectory="166ee4d4-1ec5-45a2-acf5-03e1760afc88" />
    <UnitTestResult executionId="71af1cdd-d7a9-46a5-896f-b6dd2b9a100a" testId="b2764189-3653-005f-53bb-8993f83d050d" testName="Matriz_TransicionesValidas_DebePermitir (Solicitud Creada,Documentacion Pendiente)" computerName="DESKTOP-S4GE44J" duration="00:00:00.0027103" startTime="2026-04-23T09:05:17.9257918-05:00" endTime="2026-04-23T09:05:17.9398096-05:00" testType="13cdc9d9-ddb5-4fa4-a97d-d965ccfc6d4b" outcome="Passed" testListId="8c84fa94-04c1-424b-9868-57a2d4851a1d" relativeResultsDirectory="71af1cdd-d7a9-46a5-896f-b6dd2b9a100a" />
    <UnitTestResult executionId="0fb7b413-62a0-4b2f-a7a5-b0789aaa2578" testId="d82655b2-40df-3a77-4406-62f9c05f4586" testName="SolicitudEstadoTransition_EstadoFinalIdempotente_DebePermitir" computerName="DESKTOP-S4GE44J" duration="00:00:00.0000747" startTime="2026-04-23T09:05:18.2509060-05:00" endTime="2026-04-23T09:05:18.2519060-05:00" testType="13cdc9d9-ddb5-4fa4-a97d-d965ccfc6d4b" outcome="Passed" testListId="8c84fa94-04c1-424b-9868-57a2d4851a1d" relativeResultsDirectory="0fb7b413-62a0-4b2f-a7a5-b0789aaa2578" />
    <UnitTestResult executionId="bce5ad25-75e9-4a20-be17-d20419dcd361" testId="6162ed3c-60f9-ca87-f0b1-14954518e2b2" testName="GenerarPdf_SinNumeroOrden_Falla" computerName="DESKTOP-S4GE44J" duration="00:00:00.0000569" startTime="2026-04-23T09:05:18.2519060-05:00" endTime="2026-04-23T09:05:18.2519060-05:00" testType="13cdc9d9-ddb5-4fa4-a97d-d965ccfc6d4b" outcome="Passed" testListId="8c84fa94-04c1-424b-9868-57a2d4851a1d" relativeResultsDirectory="bce5ad25-75e9-4a20-be17-d20419dcd361" />
    <UnitTestResult executionId="44678e7a-8746-472b-8776-68348e7145f3" testId="8b8f40c0-0f9f-4a7f-709b-5f419eda5cf3" testName="EsTransicionPermitida_TransicionesInvalidas_DebeRetornarFalse (Pendiente,AOCR Legalizado)" computerName="DESKTOP-S4GE44J" duration="00:00:00.0000918" startTime="2026-04-23T09:05:18.2489060-05:00" endTime="2026-04-23T09:05:18.2489060-05:00" testType="13cdc9d9-ddb5-4fa4-a97d-d965ccfc6d4b" outcome="Passed" testListId="8c84fa94-04c1-424b-9868-57a2d4851a1d" relativeResultsDirectory="44678e7a-8746-472b-8776-68348e7145f3" />
    <UnitTestResult executionId="27eeb5fc-8bcb-4bcc-95ef-813b0e188f2f" testId="4239db07-f4af-9762-5d58-0070fb510b67" testName="OrdenRecaudacion_DefaultContribuyenteId_NoDebeSerNull" computerName="DESKTOP-S4GE44J" duration="00:00:00.0007943" startTime="2026-04-23T09:05:18.2499069-05:00" endTime="2026-04-23T09:05:18.2509060-05:00" testType="13cdc9d9-ddb5-4fa4-a97d-d965ccfc6d4b" outcome="Passed" testListId="8c84fa94-04c1-424b-9868-57a2d4851a1d" relativeResultsDirectory="27eeb5fc-8bcb-4bcc-95ef-813b0e188f2f" />
    <UnitTestResult executionId="b46d6081-74b5-4d2e-89d8-6090de539818" testId="e4cb36bd-f93d-c4a9-fda2-5aeada9eecd9" testName="ValidarFecha_Futura_Invalida" computerName="DESKTOP-S4GE44J" duration="00:00:00.0006512" startTime="2026-04-23T09:05:17.9247915-05:00" endTime="2026-04-23T09:05:17.9257918-05:00" testType="13cdc9d9-ddb5-4fa4-a97d-d965ccfc6d4b" outcome="Passed" testListId="8c84fa94-04c1-424b-9868-57a2d4851a1d" relativeResultsDirectory="b46d6081-74b5-4d2e-89d8-6090de539818" />
    <UnitTestResult executionId="0a720680-3c13-499c-8fc5-2e4d49a9da5e" testId="d925989e-ccfb-699e-945b-1068d4a9d076" testName="Matriz_TransicionesInvalidas_DebeBloquear (Documentacion Pendiente,AOCR En Revision)" computerName="DESKTOP-S4GE44J" duration="00:00:00.0000063" startTime="2026-04-23T09:05:17.9398096-05:00" endTime="2026-04-23T09:05:17.9398096-05:00" testType="13cdc9d9-ddb5-4fa4-a97d-d965ccfc6d4b" outcome="Passed" testListId="8c84fa94-04c1-424b-9868-57a2d4851a1d" relativeResultsDirectory="0a720680-3c13-499c-8fc5-2e4d49a9da5e" />
    <UnitTestResult executionId="80f0182e-7b61-4cc4-9087-d332a8a1f9cf" testId="98af0476-00fc-2b2e-5e94-efb32518d639" testName="Matriz_TransicionesInvalidas_DebeBloquear (AOCR Emitido/Recibido,AOCR En Revision)" computerName="DESKTOP-S4GE44J" duration="00:00:00.0000047" startTime="2026-04-23T09:05:17.9398096-05:00" endTime="2026-04-23T09:05:17.9398096-05:00" testType="13cdc9d9-ddb5-4fa4-a97d-d965ccfc6d4b" outcome="Passed" testListId="8c84fa94-04c1-424b-9868-57a2d4851a1d" relativeResultsDirectory="80f0182e-7b61-4cc4-9087-d332a8a1f9cf" />
    <UnitTestResult executionId="23be457e-4b84-413e-92e2-e06a94046c8a" testId="e05d4a0d-05df-4d45-46db-c44a4bab4935" testName="EsTransicionPermitida_TransicionesValidas_DebeRetornarTrue (Documentacion Completa,En Inspeccion)" computerName="DESKTOP-S4GE44J" duration="00:00:00.0000062" startTime="2026-04-23T09:05:18.2479064-05:00" endTime="2026-04-23T09:05:18.2479064-05:00" testType="13cdc9d9-ddb5-4fa4-a97d-d965ccfc6d4b" outcome="Passed" testListId="8c84fa94-04c1-424b-9868-57a2d4851a1d" relativeResultsDirectory="23be457e-4b84-413e-92e2-e06a94046c8a" />
    <UnitTestResult executionId="31960333-4d22-4078-a1f4-feda53b449f4" testId="4d2a2ae8-d53e-60ea-b008-7f0dcdef2e7e" testName="Matriz_NormalizacionLegacy_DebeMapearYValidar" computerName="DESKTOP-S4GE44J" duration="00:00:00.0001276" startTime="2026-04-23T09:05:17.9398096-05:00" endTime="2026-04-23T09:05:17.9398096-05:00" testType="13cdc9d9-ddb5-4fa4-a97d-d965ccfc6d4b" outcome="Passed" testListId="8c84fa94-04c1-424b-9868-57a2d4851a1d" relativeResultsDirectory="31960333-4d22-4078-a1f4-feda53b449f4" />
    <UnitTestResult executionId="34195068-8df3-4ae0-b577-305a03f37932" testId="635f5c69-2052-56ac-66a5-5151569efbb8" testName="Matriz_TransicionesInvalidas_DebeBloquear (Solicitud Creada,AOCR Legalizado)" computerName="DESKTOP-S4GE44J" duration="00:00:00.0002542" startTime="2026-04-23T09:05:17.9398096-05:00" endTime="2026-04-23T09:05:17.9398096-05:00" testType="13cdc9d9-ddb5-4fa4-a97d-d965ccfc6d4b" outcome="Passed" testListId="8c84fa94-04c1-424b-9868-57a2d4851a1d" relativeResultsDirectory="34195068-8df3-4ae0-b577-305a03f37932" />
    <UnitTestResult executionId="0bc8dcdb-a9f6-427d-a0ba-36fa8b4e79f5" testId="1c9c850f-e9cc-6746-d57b-f8101af5b0ba" testName="Matriz_TransicionesValidas_DebePermitir (AOCR En Elaboracion,AOCR En Revision)" computerName="DESKTOP-S4GE44J" duration="00:00:00.0000047" startTime="2026-04-23T09:05:17.9398096-05:00" endTime="2026-04-23T09:05:17.9398096-05:00" testType="13cdc9d9-ddb5-4fa4-a97d-d965ccfc6d4b" outcome="Passed" testListId="8c84fa94-04c1-424b-9868-57a2d4851a1d" relativeResultsDirectory="0bc8dcdb-a9f6-427d-a0ba-36fa8b4e79f5" />
    <UnitTestResult executionId="3f60e862-d73e-48de-8011-81abf67d7cc9" testId="84f0f9fc-fd71-c2d4-a3c2-44dce01adef7" testName="EsTransicionPermitida_TransicionesValidas_DebeRetornarTrue (Aceptacion Documental,Pendiente Asignacion RT)" computerName="DESKTOP-S4GE44J" duration="00:00:00.0000057" startTime="2026-04-23T09:05:18.2479064-05:00" endTime="2026-04-23T09:05:18.2479064-05:00" testType="13cdc9d9-ddb5-4fa4-a97d-d965ccfc6d4b" outcome="Passed" testListId="8c84fa94-04c1-424b-9868-57a2d4851a1d" relativeResultsDirectory="3f60e862-d73e-48de-8011-81abf67d7cc9" />
    <UnitTestResult executionId="97bd52c4-0740-40b9-a981-14d0309a87a0" testId="18e234b8-2d7b-b4d0-344c-5811693677a2" testName="EsTransicionPermitida_EstadosLegacyNormalizados_DebeRetornarTrue (CERTIFICADO_EMITIDO,AOCR_EMITIDO_RECIBIDO)" computerName="DESKTOP-S4GE44J" duration="00:00:00.0000057" startTime="2026-04-23T09:05:18.2499069-05:00" endTime="2026-04-23T09:05:18.2499069-05:00" testType="13cdc9d9-ddb5-4fa4-a97d-d965ccfc6d4b" outcome="Passed" testListId="8c84fa94-04c1-424b-9868-57a2d4851a1d" relativeResultsDirectory="97bd52c4-0740-40b9-a981-14d0309a87a0" />
    <UnitTestResult executionId="61258a11-eead-4611-bfa8-5f7f4d5c621b" testId="7ba9af93-e836-cee5-2d32-1f38b166c3bf" testName="EncolarCorreo_DatosValidos_RetornaId" computerName="DESKTOP-S4GE44J" duration="00:00:00.0001242" startTime="2026-04-23T09:05:17.9257918-05:00" endTime="2026-04-23T09:05:17.9257918-05:00" testType="13cdc9d9-ddb5-4fa4-a97d-d965ccfc6d4b" outcome="Passed" testListId="8c84fa94-04c1-424b-9868-57a2d4851a1d" relativeResultsDirectory="61258a11-eead-4611-bfa8-5f7f4d5c621b" />
    <UnitTestResult executionId="f97e7439-deaa-43ec-be18-7d693aca56fd" testId="bec301a9-3f89-743f-3e03-3a3c24a4683a" testName="ActualizarEstado_OrdenExistente_Exitoso" computerName="DESKTOP-S4GE44J" duration="00:00:00.0011661" startTime="2026-04-23T09:05:17.9147998-05:00" endTime="2026-04-23T09:05:17.9157998-05:00" testType="13cdc9d9-ddb5-4fa4-a97d-d965ccfc6d4b" outcome="Passed" testListId="8c84fa94-04c1-424b-9868-57a2d4851a1d" relativeResultsDirectory="f97e7439-deaa-43ec-be18-7d693aca56fd" />
    <UnitTestResult executionId="cefd8bc7-bfb7-4c16-a2b9-2591bd72ade5" testId="670bb6d9-a4f1-135c-c7dd-f0ccc69b993e" testName="ValidarArchivo_ExtensionPdf_Valido" computerName="DESKTOP-S4GE44J" duration="00:00:00.0002984" startTime="2026-04-23T09:05:17.9167992-05:00" endTime="2026-04-23T09:05:17.9167992-05:00" testType="13cdc9d9-ddb5-4fa4-a97d-d965ccfc6d4b" outcome="Passed" testListId="8c84fa94-04c1-424b-9868-57a2d4851a1d" relativeResultsDirectory="cefd8bc7-bfb7-4c16-a2b9-2591bd72ade5" />
    <UnitTestResult executionId="900a8ebe-da17-4fb2-b63b-83321f3acea2" testId="e7c2c311-456b-9100-d2b8-2c29a30333e5" testName="EsTransicionPermitida_TransicionesInvalidas_DebeRetornarFalse (Rechazada,AOCR Emitido/Recibido)" computerName="DESKTOP-S4GE44J" duration="00:00:00.0000060" startTime="2026-04-23T09:05:18.2499069-05:00" endTime="2026-04-23T09:05:18.2499069-05:00" testType="13cdc9d9-ddb5-4fa4-a97d-d965ccfc6d4b" outcome="Passed" testListId="8c84fa94-04c1-424b-9868-57a2d4851a1d" relativeResultsDirectory="900a8ebe-da17-4fb2-b63b-83321f3acea2" />
    <UnitTestResult executionId="9f1965a8-a165-4df1-87c6-0dff94a23b14" testId="6f81574e-136a-66d4-6a01-38ca2c6dd3bc" testName="Matriz_TransicionesValidas_DebePermitir (Pendiente Asignacion RT,En Inspeccion)" computerName="DESKTOP-S4GE44J" duration="00:00:00.0000047" startTime="2026-04-23T09:05:17.9398096-05:00" endTime="2026-04-23T09:05:17.9398096-05:00" testType="13cdc9d9-ddb5-4fa4-a97d-d965ccfc6d4b" outcome="Passed" testListId="8c84fa94-04c1-424b-9868-57a2d4851a1d" relativeResultsDirectory="9f1965a8-a165-4df1-87c6-0dff94a23b14" />
    <UnitTestResult executionId="68889b32-6213-48e5-952a-a8b6bef5414d" testId="e47674b4-3125-881c-8b67-bcc4e26d823f" testName="EsTransicionPermitida_TransicionesInvalidas_DebeRetornarFalse (AOCR Validado,En Inspeccion)" computerName="DESKTOP-S4GE44J" duration="00:00:00.0000062" startTime="2026-04-23T09:05:18.2489060-05:00" endTime="2026-04-23T09:05:18.2499069-05:00" testType="13cdc9d9-ddb5-4fa4-a97d-d965ccfc6d4b" outcome="Passed" testListId="8c84fa94-04c1-424b-9868-57a2d4851a1d" relativeResultsDirectory="68889b32-6213-48e5-952a-a8b6bef5414d" />
    <UnitTestResult executionId="cbe0b8dc-4c6e-4169-8401-6d1919e791d0" testId="0f8d89cc-3c25-0b90-bf6b-463ae237c8d9" testName="EsTransicionPermitida_TransicionesInvalidas_DebeRetornarFalse (AOCR Emitido/Recibido,AOCR En Revision)" computerName="DESKTOP-S4GE44J" duration="00:00:00.0000067" startTime="2026-04-23T09:05:18.2499069-05:00" endTime="2026-04-23T09:05:18.2499069-05:00" testType="13cdc9d9-ddb5-4fa4-a97d-d965ccfc6d4b" outcome="Passed" testListId="8c84fa94-04c1-424b-9868-57a2d4851a1d" relativeResultsDirectory="cbe0b8dc-4c6e-4169-8401-6d1919e791d0" />
    <UnitTestResult executionId="5e69e31d-4ce4-45d8-957c-d1b0cb35e519" testId="931616ce-b494-8596-41ef-25a325d1a42a" testName="GenerarPdf_OrdenNula_LanzaExcepcion" computerName="DESKTOP-S4GE44J" duration="00:00:00.0000795" startTime="2026-04-23T09:05:18.2519060-05:00" endTime="2026-04-23T09:05:18.2519060-05:00" testType="13cdc9d9-ddb5-4fa4-a97d-d965ccfc6d4b" outcome="Passed" testListId="8c84fa94-04c1-424b-9868-57a2d4851a1d" relativeResultsDirectory="5e69e31d-4ce4-45d8-957c-d1b0cb35e519" />
    <UnitTestResult executionId="c1c80b7d-b669-4960-952d-117f50feba89" testId="084b2f8b-72e1-b973-5a12-41e9ee505641" testName="EsTransicionPermitida_EstadosLegacyNormalizados_DebeRetornarTrue (APROBADO_POR_DIRECCION,LEGALIZADO)" computerName="DESKTOP-S4GE44J" duration="00:00:00.0000057" startTime="2026-04-23T09:05:18.2499069-05:00" endTime="2026-04-23T09:05:18.2499069-05:00" testType="13cdc9d9-ddb5-4fa4-a97d-d965ccfc6d4b" outcome="Passed" testListId="8c84fa94-04c1-424b-9868-57a2d4851a1d" relativeResultsDirectory="c1c80b7d-b669-4960-952d-117f50feba89" />
    <UnitTestResult executionId="bac4f70b-539f-49f2-98a4-2d82f3fd124e" testId="a0d8548d-c447-a5f1-8f7f-c0f1cc016639" testName="ValidarArchivo_ExtensionExe_Invalido" computerName="DESKTOP-S4GE44J" duration="00:00:00.0006224" startTime="2026-04-23T09:05:17.9167992-05:00" endTime="2026-04-23T09:05:17.9178019-05:00" testType="13cdc9d9-ddb5-4fa4-a97d-d965ccfc6d4b" outcome="Passed" testListId="8c84fa94-04c1-424b-9868-57a2d4851a1d" relativeResultsDirectory="bac4f70b-539f-49f2-98a4-2d82f3fd124e" />
    <UnitTestResult executionId="cbb8410a-e9f2-4f4e-82f3-a9eec9208586" testId="7efac4e5-0d4a-c79b-3fe6-9f8215db521e" testName="ValidarArchivo_PathTraversal_Sanitizado" computerName="DESKTOP-S4GE44J" duration="00:00:00.0001219" startTime="2026-04-23T09:05:18.2519060-05:00" endTime="2026-04-23T09:05:18.2519060-05:00" testType="13cdc9d9-ddb5-4fa4-a97d-d965ccfc6d4b" outcome="Passed" testListId="8c84fa94-04c1-424b-9868-57a2d4851a1d" relativeResultsDirectory="cbb8410a-e9f2-4f4e-82f3-a9eec9208586" />
    <UnitTestResult executionId="2a6a7e4a-4a7c-461d-984a-ffed8d0fca34" testId="a7db5e90-ba70-eb9f-924f-0c598e8e2950" testName="Matriz_TransicionesInvalidas_DebeBloquear (AOCR Validado,En Inspeccion)" computerName="DESKTOP-S4GE44J" duration="00:00:00.0000045" startTime="2026-04-23T09:05:17.9398096-05:00" endTime="2026-04-23T09:05:17.9398096-05:00" testType="13cdc9d9-ddb5-4fa4-a97d-d965ccfc6d4b" outcome="Passed" testListId="8c84fa94-04c1-424b-9868-57a2d4851a1d" relativeResultsDirectory="2a6a7e4a-4a7c-461d-984a-ffed8d0fca34" />
    <UnitTestResult executionId="d9889146-8076-46f0-a2a8-b8bad4cbbc05" testId="5d4bfedd-0225-eef3-2127-50d8f8dff382" testName="ValidarMonto_Negativo_Invalido" computerName="DESKTOP-S4GE44J" duration="00:00:00.0006996" startTime="2026-04-23T09:05:17.9178019-05:00" endTime="2026-04-23T09:05:17.9187671-05:00" testType="13cdc9d9-ddb5-4fa4-a97d-d965ccfc6d4b" outcome="Passed" testListId="8c84fa94-04c1-424b-9868-57a2d4851a1d" relativeResultsDirectory="d9889146-8076-46f0-a2a8-b8bad4cbbc05" />
    <UnitTestResult executionId="7ddd5b72-8eae-43a6-9705-12f0b49a9d55" testId="8bd54b3b-52ea-b441-3df4-26f5f61ddae6" testName="Matriz_TransicionesInvalidas_DebeBloquear (En Inspeccion,AOCR Legalizado)" computerName="DESKTOP-S4GE44J" duration="00:00:00.0000048" startTime="2026-04-23T09:05:17.9398096-05:00" endTime="2026-04-23T09:05:17.9398096-05:00" testType="13cdc9d9-ddb5-4fa4-a97d-d965ccfc6d4b" outcome="Passed" testListId="8c84fa94-04c1-424b-9868-57a2d4851a1d" relativeResultsDirectory="7ddd5b72-8eae-43a6-9705-12f0b49a9d55" />
    <UnitTestResult executionId="f1f978b7-4dcf-4537-a9c5-7b8a3c9edba4" testId="6610b768-d115-7a2d-859e-2a476dac1781" testName="EsTransicionPermitida_TransicionesInvalidas_DebeRetornarFalse (Pendiente Asignacion RT,AOCR Legalizado)" computerName="DESKTOP-S4GE44J" duration="00:00:00.0000062" startTime="2026-04-23T09:05:18.2489060-05:00" endTime="2026-04-23T09:05:18.2489060-05:00" testType="13cdc9d9-ddb5-4fa4-a97d-d965ccfc6d4b" outcome="Passed" testListId="8c84fa94-04c1-424b-9868-57a2d4851a1d" relativeResultsDirectory="f1f978b7-4dcf-4537-a9c5-7b8a3c9edba4" />
    <UnitTestResult executionId="525ff863-602c-47a0-b24f-33b7574a6058" testId="5bb6a88d-92cf-ad24-4246-eb79316e0c63" testName="Matriz_TransicionesInvalidas_DebeBloquear (AOCR En Revision,AOCR Emitido/Recibido)" computerName="DESKTOP-S4GE44J" duration="00:00:00.0000048" startTime="2026-04-23T09:05:17.9398096-05:00" endTime="2026-04-23T09:05:17.9398096-05:00" testType="13cdc9d9-ddb5-4fa4-a97d-d965ccfc6d4b" outcome="Passed" testListId="8c84fa94-04c1-424b-9868-57a2d4851a1d" relativeResultsDirectory="525ff863-602c-47a0-b24f-33b7574a6058" />
    <UnitTestResult executionId="59ddfd11-053e-4b90-b505-7fae272fafdd" testId="85ab1dac-d7cf-9cf5-c392-49272ac40b1a" testName="ObtenerOrden_IdInexistente_RetornaNull" computerName="DESKTOP-S4GE44J" duration="00:00:00.0004620" startTime="2026-04-23T09:05:17.9157998-05:00" endTime="2026-04-23T09:05:17.9167992-05:00" testType="13cdc9d9-ddb5-4fa4-a97d-d965ccfc6d4b" outcome="Passed" testListId="8c84fa94-04c1-424b-9868-57a2d4851a1d" relativeResultsDirectory="59ddfd11-053e-4b90-b505-7fae272fafdd" />
    <UnitTestResult executionId="d021ffcb-0c37-40c6-96a3-68736a4f78dc" testId="9e6da589-d1d4-2673-576f-395e7a104363" testName="EsTransicionPermitida_TransicionesValidas_DebeRetornarTrue (AOCR Validado,AOCR Legalizado)" computerName="DESKTOP-S4GE44J" duration="00:00:00.0000051" startTime="2026-04-23T09:05:18.2489060-05:00" endTime="2026-04-23T09:05:18.2489060-05:00" testType="13cdc9d9-ddb5-4fa4-a97d-d965ccfc6d4b" outcome="Passed" testListId="8c84fa94-04c1-424b-9868-57a2d4851a1d" relativeResultsDirectory="d021ffcb-0c37-40c6-96a3-68736a4f78dc" />
    <UnitTestResult executionId="50595b87-9fc7-441a-95b3-916e8de20ac8" testId="ac3f7675-4029-0865-00a0-3f2e8bcbbf75" testName="Matriz_TransicionesValidas_DebePermitir (AOCR Legalizado,AOCR Emitido/Recibido)" computerName="DESKTOP-S4GE44J" duration="00:00:00.0000047" startTime="2026-04-23T09:05:17.9398096-05:00" endTime="2026-04-23T09:05:17.9398096-05:00" testType="13cdc9d9-ddb5-4fa4-a97d-d965ccfc6d4b" outcome="Passed" testListId="8c84fa94-04c1-424b-9868-57a2d4851a1d" relativeResultsDirectory="50595b87-9fc7-441a-95b3-916e8de20ac8" />
    <UnitTestResult executionId="29e2ed62-050b-4e77-83a6-6fc9289a2428" testId="fb712e4c-a09a-a4b4-e631-d7f7301c144b" testName="ObtenerOrden_IdValido_RetornaOrden" computerName="DESKTOP-S4GE44J" duration="00:00:00.0023961" startTime="2026-04-23T09:05:17.9121325-05:00" endTime="2026-04-23T09:05:17.9147998-05:00" testType="13cdc9d9-ddb5-4fa4-a97d-d965ccfc6d4b" outcome="Passed" testListId="8c84fa94-04c1-424b-9868-57a2d4851a1d" relativeResultsDirectory="29e2ed62-050b-4e77-83a6-6fc9289a2428" />
    <UnitTestResult executionId="2d5c028d-3835-48ad-89f5-276555e1f1db" testId="6d0b85d9-49c7-d679-5b96-d17a0df938d1" testName="EsTransicionPermitida_EstadosLegacyNormalizados_DebeRetornarTrue (ENVIADO_A_JEFATURA,AOCR_Validado)" computerName="DESKTOP-S4GE44J" duration="00:00:00.0000935" startTime="2026-04-23T09:05:18.2499069-05:00" endTime="2026-04-23T09:05:18.2499069-05:00" testType="13cdc9d9-ddb5-4fa4-a97d-d965ccfc6d4b" outcome="Passed" testListId="8c84fa94-04c1-424b-9868-57a2d4851a1d" relativeResultsDirectory="2d5c028d-3835-48ad-89f5-276555e1f1db" />
    <UnitTestResult executionId="0549dfdd-59a2-43fd-a417-192cdc346b4d" testId="3cd830cc-999b-0acb-ff86-a1918f340789" testName="CrearOrden_DatosValidos_RetornaExito" computerName="DESKTOP-S4GE44J" duration="00:00:00.0028309" startTime="2026-04-23T09:05:17.9067269-05:00" endTime="2026-04-23T09:05:17.9100293-05:00" testType="13cdc9d9-ddb5-4fa4-a97d-d965ccfc6d4b" outcome="Passed" testListId="8c84fa94-04c1-424b-9868-57a2d4851a1d" relativeResultsDirectory="0549dfdd-59a2-43fd-a417-192cdc346b4d" />
    <UnitTestResult executionId="24ec6311-e4dc-437d-8676-6ad42a2b3b68" testId="55f3a4f2-6020-440a-ef9f-f35d7b91779a" testName="Matriz_TransicionesValidas_DebePermitir (Subsanada,Documentacion Pendiente)" computerName="DESKTOP-S4GE44J" duration="00:00:00.0000046" startTime="2026-04-23T09:05:17.9398096-05:00" endTime="2026-04-23T09:05:17.9398096-05:00" testType="13cdc9d9-ddb5-4fa4-a97d-d965ccfc6d4b" outcome="Passed" testListId="8c84fa94-04c1-424b-9868-57a2d4851a1d" relativeResultsDirectory="24ec6311-e4dc-437d-8676-6ad42a2b3b68" />
    <UnitTestResult executionId="53dd50a8-f690-49da-92a2-53cac1671c34" testId="8524fd19-a0a7-cd7c-e3ef-a83e05ec6059" testName="Matriz_TransicionesValidas_DebePermitir (En Inspeccion,AOCR En Elaboracion)" computerName="DESKTOP-S4GE44J" duration="00:00:00.0000049" startTime="2026-04-23T09:05:17.9398096-05:00" endTime="2026-04-23T09:05:17.9398096-05:00" testType="13cdc9d9-ddb5-4fa4-a97d-d965ccfc6d4b" outcome="Passed" testListId="8c84fa94-04c1-424b-9868-57a2d4851a1d" relativeResultsDirectory="53dd50a8-f690-49da-92a2-53cac1671c34" />
    <UnitTestResult executionId="2dc2e159-8aa0-41fd-98e6-d31c76ca6f90" testId="8b2f8c39-66aa-9a67-5b44-b3416762c893" testName="FlujoCompleto_CrearOrdenHastaPago_Exitoso" computerName="DESKTOP-S4GE44J" duration="00:00:00.0901351" startTime="2026-04-23T09:05:17.7537180-05:00" endTime="2026-04-23T09:05:17.8903936-05:00" testType="13cdc9d9-ddb5-4fa4-a97d-d965ccfc6d4b" outcome="NotExecuted" testListId="8c84fa94-04c1-424b-9868-57a2d4851a1d" relativeResultsDirectory="2dc2e159-8aa0-41fd-98e6-d31c76ca6f90">
      <Output>
        <ErrorInfo>
          <Message>Error de Assert.Inconclusive. Test de integración - requiere BD</Message>
          <StackTrace>   en AOCR.Tests.Integration.FlujoCompletoTests.FlujoCompleto_CrearOrdenHastaPago_Exitoso() en C:\AOCR\AOCR\AOCR05-01-2026\AOCR1\AOCR\AOCR.Tests\Integration\FlujoCompletoTests.cs:línea 18&#xD;
</StackTrace>
        </ErrorInfo>
      </Output>
    </UnitTestResult>
    <UnitTestResult executionId="2f695945-ad90-4c2b-a59d-0ef71f481059" testId="061be749-4608-9c9e-beec-eb09973ea57b" testName="CrearOrden_SinContribuyente_EsCero" computerName="DESKTOP-S4GE44J" duration="00:00:00.0015757" startTime="2026-04-23T09:05:17.9100293-05:00" endTime="2026-04-23T09:05:17.9121325-05:00" testType="13cdc9d9-ddb5-4fa4-a97d-d965ccfc6d4b" outcome="Passed" testListId="8c84fa94-04c1-424b-9868-57a2d4851a1d" relativeResultsDirectory="2f695945-ad90-4c2b-a59d-0ef71f481059" />
    <UnitTestResult executionId="676d2108-1ff7-4ea5-a22a-43391dfc4702" testId="8621eede-c3e5-5e1d-65c1-f772369c5c9d" testName="NombreArchivo_CaracteresPeligrosos_Removidos" computerName="DESKTOP-S4GE44J" duration="00:00:00.0000862" startTime="2026-04-23T09:05:18.2519060-05:00" endTime="2026-04-23T09:05:18.2539105-05:00" testType="13cdc9d9-ddb5-4fa4-a97d-d965ccfc6d4b" outcome="Passed" testListId="8c84fa94-04c1-424b-9868-57a2d4851a1d" relativeResultsDirectory="676d2108-1ff7-4ea5-a22a-43391dfc4702" />
    <UnitTestResult executionId="5ae844a6-2dc6-4d8d-a148-67b662e4bb14" testId="9a257d47-c25c-4046-6ece-592514569a27" testName="EsTransicionPermitida_TransicionesValidas_DebeRetornarTrue (Pendiente Asignacion RT,En Inspeccion)" computerName="DESKTOP-S4GE44J" duration="00:00:00.0000050" startTime="2026-04-23T09:05:18.2479064-05:00" endTime="2026-04-23T09:05:18.2479064-05:00" testType="13cdc9d9-ddb5-4fa4-a97d-d965ccfc6d4b" outcome="Passed" testListId="8c84fa94-04c1-424b-9868-57a2d4851a1d" relativeResultsDirectory="5ae844a6-2dc6-4d8d-a148-67b662e4bb14" />
    <UnitTestResult executionId="52825c63-21da-4d63-a05e-7390f758e513" testId="3d058df1-d70c-be0b-f690-2dc4115ce34f" testName="Matriz_TransicionesInvalidas_DebeBloquear (Pendiente Asignacion RT,AOCR En Revision)" computerName="DESKTOP-S4GE44J" duration="00:00:00.0000048" startTime="2026-04-23T09:05:17.9398096-05:00" endTime="2026-04-23T09:05:17.9398096-05:00" testType="13cdc9d9-ddb5-4fa4-a97d-d965ccfc6d4b" outcome="Passed" testListId="8c84fa94-04c1-424b-9868-57a2d4851a1d" relativeResultsDirectory="52825c63-21da-4d63-a05e-7390f758e513" />
    <UnitTestResult executionId="1cbebcfb-cf82-4b70-bbaf-70a9d7a37fdc" testId="011f4e7d-42a6-7237-eb5c-a4f4604928ef" testName="Matriz_TransicionesInvalidas_DebeBloquear (Observada,AOCR En Elaboracion)" computerName="DESKTOP-S4GE44J" duration="00:00:00.0000048" startTime="2026-04-23T09:05:17.9398096-05:00" endTime="2026-04-23T09:05:17.9398096-05:00" testType="13cdc9d9-ddb5-4fa4-a97d-d965ccfc6d4b" outcome="Passed" testListId="8c84fa94-04c1-424b-9868-57a2d4851a1d" relativeResultsDirectory="1cbebcfb-cf82-4b70-bbaf-70a9d7a37fdc" />
    <UnitTestResult executionId="85c50435-f994-46aa-b7cb-032830bb2e90" testId="3571b916-2103-d541-e0fd-a0f64ee224a6" testName="EsTransicionPermitida_TransicionesValidas_DebeRetornarTrue (AOCR Legalizado,AOCR Emitido/Recibido)" computerName="DESKTOP-S4GE44J" duration="00:00:00.0000050" startTime="2026-04-23T09:05:18.2489060-05:00" endTime="2026-04-23T09:05:18.2489060-05:00" testType="13cdc9d9-ddb5-4fa4-a97d-d965ccfc6d4b" outcome="Passed" testListId="8c84fa94-04c1-424b-9868-57a2d4851a1d" relativeResultsDirectory="85c50435-f994-46aa-b7cb-032830bb2e90" />
    <UnitTestResult executionId="06e26988-d021-439a-a3de-8a586ea906b3" testId="030b14fb-3b14-4960-f94b-83394855ae9d" testName="EsTransicionPermitida_TransicionesInvalidas_DebeRetornarFalse (Observada,AOCR Validado)" computerName="DESKTOP-S4GE44J" duration="00:00:00.0000065" startTime="2026-04-23T09:05:18.2489060-05:00" endTime="2026-04-23T09:05:18.2489060-05:00" testType="13cdc9d9-ddb5-4fa4-a97d-d965ccfc6d4b" outcome="Passed" testListId="8c84fa94-04c1-424b-9868-57a2d4851a1d" relativeResultsDirectory="06e26988-d021-439a-a3de-8a586ea906b3" />
    <UnitTestResult executionId="055f5fd5-08c1-494c-938c-308cb6b84a0e" testId="7a15ec3f-551f-205c-000c-e0c3860d58fa" testName="Matriz_TransicionesValidas_DebePermitir (Observada,Subsanada)" computerName="DESKTOP-S4GE44J" duration="00:00:00.0000047" startTime="2026-04-23T09:05:17.9398096-05:00" endTime="2026-04-23T09:05:17.9398096-05:00" testType="13cdc9d9-ddb5-4fa4-a97d-d965ccfc6d4b" outcome="Passed" testListId="8c84fa94-04c1-424b-9868-57a2d4851a1d" relativeResultsDirectory="055f5fd5-08c1-494c-938c-308cb6b84a0e" />
  </Results>
  <TestDefinitions>
    <UnitTest name="ActualizarEstado_OrdenExistente_Exitoso" storage="c:\aocr\aocr\aocr05-01-2026\aocr1\aocr\aocr.tests\bin\debug\aocr.tests.dll" id="bec301a9-3f89-743f-3e03-3a3c24a4683a">
      <Execution id="f97e7439-deaa-43ec-be18-7d693aca56fd" />
      <TestMethod codeBase="C:\AOCR\AOCR\AOCR05-01-2026\AOCR1\AOCR\AOCR.Tests\bin\Debug\AOCR.Tests.dll" adapterTypeName="executor://mstestadapter/v2" className="AOCR.Tests.Unit.OrdenRecaudacionOrchestratorTests" name="ActualizarEstado_OrdenExistente_Exitoso" />
    </UnitTest>
    <UnitTest name="EsTransicionPermitida_TransicionesValidas_DebeRetornarTrue (AOCR Validado,AOCR Legalizado)" storage="c:\aocr\aocr\aocr05-01-2026\aocr1\aocr\aocr.tests\bin\debug\aocr.tests.dll" id="9e6da589-d1d4-2673-576f-395e7a104363">
      <Execution id="d021ffcb-0c37-40c6-96a3-68736a4f78dc" />
      <TestMethod codeBase="C:\AOCR\AOCR\AOCR05-01-2026\AOCR1\AOCR\AOCR.Tests\bin\Debug\AOCR.Tests.dll" adapterTypeName="executor://mstestadapter/v2" className="AOCR.Tests.Unit.SolicitudEstadoTransitionBLTests" name="EsTransicionPermitida_TransicionesValidas_DebeRetornarTrue" />
    </UnitTest>
    <UnitTest name="ValidarMonto_Negativo_Invalido" storage="c:\aocr\aocr\aocr05-01-2026\aocr1\aocr\aocr.tests\bin\debug\aocr.tests.dll" id="5d4bfedd-0225-eef3-2127-50d8f8dff382">
      <Execution id="d9889146-8076-46f0-a2a8-b8bad4cbbc05" />
      <TestMethod codeBase="C:\AOCR\AOCR\AOCR05-01-2026\AOCR1\AOCR\AOCR.Tests\bin\Debug\AOCR.Tests.dll" adapterTypeName="executor://mstestadapter/v2" className="AOCR.Tests.Unit.ValidacionesTests" name="ValidarMonto_Negativo_Invalido" />
    </UnitTest>
    <UnitTest name="CrearOrden_DatosValidos_RetornaExito" storage="c:\aocr\aocr\aocr05-01-2026\aocr1\aocr\aocr.tests\bin\debug\aocr.tests.dll" id="3cd830cc-999b-0acb-ff86-a1918f340789">
      <Execution id="0549dfdd-59a2-43fd-a417-192cdc346b4d" />
      <TestMethod codeBase="C:\AOCR\AOCR\AOCR05-01-2026\AOCR1\AOCR\AOCR.Tests\bin\Debug\AOCR.Tests.dll" adapterTypeName="executor://mstestadapter/v2" className="AOCR.Tests.Unit.OrdenRecaudacionOrchestratorTests" name="CrearOrden_DatosValidos_RetornaExito" />
    </UnitTest>
    <UnitTest name="Matriz_NormalizacionLegacy_DebeMapearYValidar" storage="c:\aocr\aocr\aocr05-01-2026\aocr1\aocr\aocr.tests\bin\debug\aocr.tests.dll" id="4d2a2ae8-d53e-60ea-b008-7f0dcdef2e7e">
      <Execution id="31960333-4d22-4078-a1f4-feda53b449f4" />
      <TestMethod codeBase="C:\AOCR\AOCR\AOCR05-01-2026\AOCR1\AOCR\AOCR.Tests\bin\Debug\AOCR.Tests.dll" adapterTypeName="executor://mstestadapter/v2" className="AOCR.Tests.Unit.EstadoSolicitudTransitionMatrixTests" name="Matriz_NormalizacionLegacy_DebeMapearYValidar" />
    </UnitTest>
    <UnitTest name="ValidarArchivo_ExtensionPdf_Valido" storage="c:\aocr\aocr\aocr05-01-2026\aocr1\aocr\aocr.tests\bin\debug\aocr.tests.dll" id="670bb6d9-a4f1-135c-c7dd-f0ccc69b993e">
      <Execution id="cefd8bc7-bfb7-4c16-a2b9-2591bd72ade5" />
      <TestMethod codeBase="C:\AOCR\AOCR\AOCR05-01-2026\AOCR1\AOCR\AOCR.Tests\bin\Debug\AOCR.Tests.dll" adapterTypeName="executor://mstestadapter/v2" className="AOCR.Tests.Unit.ValidacionesTests" name="ValidarArchivo_ExtensionPdf_Valido" />
    </UnitTest>
    <UnitTest name="EsTransicionPermitida_TransicionesInvalidas_DebeRetornarFalse (AOCR Validado,En Inspeccion)" storage="c:\aocr\aocr\aocr05-01-2026\aocr1\aocr\aocr.tests\bin\debug\aocr.tests.dll" id="e47674b4-3125-881c-8b67-bcc4e26d823f">
      <Execution id="68889b32-6213-48e5-952a-a8b6bef5414d" />
      <TestMethod codeBase="C:\AOCR\AOCR\AOCR05-01-2026\AOCR1\AOCR\AOCR.Tests\bin\Debug\AOCR.Tests.dll" adapterTypeName="executor://mstestadapter/v2" className="AOCR.Tests.Unit.SolicitudEstadoTransitionBLTests" name="EsTransicionPermitida_TransicionesInvalidas_DebeRetornarFalse" />
    </UnitTest>
    <UnitTest name="FlujoCompleto_CrearOrdenHastaPago_Exitoso" storage="c:\aocr\aocr\aocr05-01-2026\aocr1\aocr\aocr.tests\bin\debug\aocr.tests.dll" id="8b2f8c39-66aa-9a67-5b44-b3416762c893">
      <TestCategory>
        <TestCategoryItem TestCategory="Integration" />
      </TestCategory>
      <Execution id="2dc2e159-8aa0-41fd-98e6-d31c76ca6f90" />
      <TestMethod codeBase="C:\AOCR\AOCR\AOCR05-01-2026\AOCR1\AOCR\AOCR.Tests\bin\Debug\AOCR.Tests.dll" adapterTypeName="executor://mstestadapter/v2" className="AOCR.Tests.Integration.FlujoCompletoTests" name="FlujoCompleto_CrearOrdenHastaPago_Exitoso" />
    </UnitTest>
    <UnitTest name="Matriz_TransicionesValidas_DebePermitir (Pendiente Asignacion RT,En Inspeccion)" storage="c:\aocr\aocr\aocr05-01-2026\aocr1\aocr\aocr.tests\bin\debug\aocr.tests.dll" id="6f81574e-136a-66d4-6a01-38ca2c6dd3bc">
      <Execution id="9f1965a8-a165-4df1-87c6-0dff94a23b14" />
      <TestMethod codeBase="C:\AOCR\AOCR\AOCR05-01-2026\AOCR1\AOCR\AOCR.Tests\bin\Debug\AOCR.Tests.dll" adapterTypeName="executor://mstestadapter/v2" className="AOCR.Tests.Unit.EstadoSolicitudTransitionMatrixTests" name="Matriz_TransicionesValidas_DebePermitir" />
    </UnitTest>
    <UnitTest name="ObtenerOrden_IdValido_RetornaOrden" storage="c:\aocr\aocr\aocr05-01-2026\aocr1\aocr\aocr.tests\bin\debug\aocr.tests.dll" id="fb712e4c-a09a-a4b4-e631-d7f7301c144b">
      <Execution id="29e2ed62-050b-4e77-83a6-6fc9289a2428" />
      <TestMethod codeBase="C:\AOCR\AOCR\AOCR05-01-2026\AOCR1\AOCR\AOCR.Tests\bin\Debug\AOCR.Tests.dll" adapterTypeName="executor://mstestadapter/v2" className="AOCR.Tests.Unit.OrdenRecaudacionOrchestratorTests" name="ObtenerOrden_IdValido_RetornaOrden" />
    </UnitTest>
    <UnitTest name="Matriz_TransicionesValidas_DebePermitir (Solicitud Creada,Documentacion Pendiente)" storage="c:\aocr\aocr\aocr05-01-2026\aocr1\aocr\aocr.tests\bin\debug\aocr.tests.dll" id="b2764189-3653-005f-53bb-8993f83d050d">
      <Execution id="71af1cdd-d7a9-46a5-896f-b6dd2b9a100a" />
      <TestMethod codeBase="C:\AOCR\AOCR\AOCR05-01-2026\AOCR1\AOCR\AOCR.Tests\bin\Debug\AOCR.Tests.dll" adapterTypeName="executor://mstestadapter/v2" className="AOCR.Tests.Unit.EstadoSolicitudTransitionMatrixTests" name="Matriz_TransicionesValidas_DebePermitir" />
    </UnitTest>
    <UnitTest name="EsTransicionPermitida_EstadosLegacyNormalizados_DebeRetornarTrue (ENVIADO_A_JEFATURA,AOCR_Validado)" storage="c:\aocr\aocr\aocr05-01-2026\aocr1\aocr\aocr.tests\bin\debug\aocr.tests.dll" id="6d0b85d9-49c7-d679-5b96-d17a0df938d1">
      <Execution id="2d5c028d-3835-48ad-89f5-276555e1f1db" />
      <TestMethod codeBase="C:\AOCR\AOCR\AOCR05-01-2026\AOCR1\AOCR\AOCR.Tests\bin\Debug\AOCR.Tests.dll" adapterTypeName="executor://mstestadapter/v2" className="AOCR.Tests.Unit.SolicitudEstadoTransitionBLTests" name="EsTransicionPermitida_EstadosLegacyNormalizados_DebeRetornarTrue" />
    </UnitTest>
    <UnitTest name="Matriz_TransicionesInvalidas_DebeBloquear (AOCR En Revision,AOCR Emitido/Recibido)" storage="c:\aocr\aocr\aocr05-01-2026\aocr1\aocr\aocr.tests\bin\debug\aocr.tests.dll" id="5bb6a88d-92cf-ad24-4246-eb79316e0c63">
      <Execution id="525ff863-602c-47a0-b24f-33b7574a6058" />
      <TestMethod codeBase="C:\AOCR\AOCR\AOCR05-01-2026\AOCR1\AOCR\AOCR.Tests\bin\Debug\AOCR.Tests.dll" adapterTypeName="executor://mstestadapter/v2" className="AOCR.Tests.Unit.EstadoSolicitudTransitionMatrixTests" name="Matriz_TransicionesInvalidas_DebeBloquear" />
    </UnitTest>
    <UnitTest name="EncolarCorreo_SinDestinatario_Falla" storage="c:\aocr\aocr\aocr05-01-2026\aocr1\aocr\aocr.tests\bin\debug\aocr.tests.dll" id="87153650-0b4b-e7dd-edb3-d7d29f8f1e7e">
      <Execution id="9934168e-c6ae-4d57-bf37-be2d1562212e" />
      <TestMethod codeBase="C:\AOCR\AOCR\AOCR05-01-2026\AOCR1\AOCR\AOCR.Tests\bin\Debug\AOCR.Tests.dll" adapterTypeName="executor://mstestadapter/v2" className="AOCR.Tests.Unit.EmailQueueTests" name="EncolarCorreo_SinDestinatario_Falla" />
    </UnitTest>
    <UnitTest name="EsTransicionPermitida_TransicionesValidas_DebeRetornarTrue (Aceptacion Documental,Pendiente Asignacion RT)" storage="c:\aocr\aocr\aocr05-01-2026\aocr1\aocr\aocr.tests\bin\debug\aocr.tests.dll" id="84f0f9fc-fd71-c2d4-a3c2-44dce01adef7">
      <Execution id="3f60e862-d73e-48de-8011-81abf67d7cc9" />
      <TestMethod codeBase="C:\AOCR\AOCR\AOCR05-01-2026\AOCR1\AOCR\AOCR.Tests\bin\Debug\AOCR.Tests.dll" adapterTypeName="executor://mstestadapter/v2" className="AOCR.Tests.Unit.SolicitudEstadoTransitionBLTests" name="EsTransicionPermitida_TransicionesValidas_DebeRetornarTrue" />
    </UnitTest>
    <UnitTest name="ValidarFecha_Futura_Invalida" storage="c:\aocr\aocr\aocr05-01-2026\aocr1\aocr\aocr.tests\bin\debug\aocr.tests.dll" id="e4cb36bd-f93d-c4a9-fda2-5aeada9eecd9">
      <Execution id="b46d6081-74b5-4d2e-89d8-6090de539818" />
      <TestMethod codeBase="C:\AOCR\AOCR\AOCR05-01-2026\AOCR1\AOCR\AOCR.Tests\bin\Debug\AOCR.Tests.dll" adapterTypeName="executor://mstestadapter/v2" className="AOCR.Tests.Unit.ValidacionesTests" name="ValidarFecha_Futura_Invalida" />
    </UnitTest>
    <UnitTest name="Matriz_TransicionesValidas_DebePermitir (Aceptacion Documental,Pendiente Asignacion RT)" storage="c:\aocr\aocr\aocr05-01-2026\aocr1\aocr\aocr.tests\bin\debug\aocr.tests.dll" id="bddd4904-c6a0-388b-5775-56ee2a0af1ec">
      <Execution id="cc09d7a6-afa6-4b6a-932e-29fee8f7dfaf" />
      <TestMethod codeBase="C:\AOCR\AOCR\AOCR05-01-2026\AOCR1\AOCR\AOCR.Tests\bin\Debug\AOCR.Tests.dll" adapterTypeName="executor://mstestadapter/v2" className="AOCR.Tests.Unit.EstadoSolicitudTransitionMatrixTests" name="Matriz_TransicionesValidas_DebePermitir" />
    </UnitTest>
    <UnitTest name="EncolarCorreo_DatosValidos_RetornaId" storage="c:\aocr\aocr\aocr05-01-2026\aocr1\aocr\aocr.tests\bin\debug\aocr.tests.dll" id="7ba9af93-e836-cee5-2d32-1f38b166c3bf">
      <Execution id="61258a11-eead-4611-bfa8-5f7f4d5c621b" />
      <TestMethod codeBase="C:\AOCR\AOCR\AOCR05-01-2026\AOCR1\AOCR\AOCR.Tests\bin\Debug\AOCR.Tests.dll" adapterTypeName="executor://mstestadapter/v2" className="AOCR.Tests.Unit.EmailQueueTests" name="EncolarCorreo_DatosValidos_RetornaId" />
    </UnitTest>
    <UnitTest name="Matriz_TransicionesInvalidas_DebeBloquear (Pendiente Asignacion RT,AOCR En Revision)" storage="c:\aocr\aocr\aocr05-01-2026\aocr1\aocr\aocr.tests\bin\debug\aocr.tests.dll" id="3d058df1-d70c-be0b-f690-2dc4115ce34f">
      <Execution id="52825c63-21da-4d63-a05e-7390f758e513" />
      <TestMethod codeBase="C:\AOCR\AOCR\AOCR05-01-2026\AOCR1\AOCR\AOCR.Tests\bin\Debug\AOCR.Tests.dll" adapterTypeName="executor://mstestadapter/v2" className="AOCR.Tests.Unit.EstadoSolicitudTransitionMatrixTests" name="Matriz_TransicionesInvalidas_DebeBloquear" />
    </UnitTest>
    <UnitTest name="GenerarPdf_OrdenNula_LanzaExcepcion" storage="c:\aocr\aocr\aocr05-01-2026\aocr1\aocr\aocr.tests\bin\debug\aocr.tests.dll" id="931616ce-b494-8596-41ef-25a325d1a42a">
      <Execution id="5e69e31d-4ce4-45d8-957c-d1b0cb35e519" />
      <TestMethod codeBase="C:\AOCR\AOCR\AOCR05-01-2026\AOCR1\AOCR\AOCR.Tests\bin\Debug\AOCR.Tests.dll" adapterTypeName="executor://mstestadapter/v2" className="AOCR.Tests.Unit.PdfGeneratorTests" name="GenerarPdf_OrdenNula_LanzaExcepcion" />
    </UnitTest>
    <UnitTest name="Matriz_TransicionesInvalidas_DebeBloquear (AOCR Emitido/Recibido,AOCR En Revision)" storage="c:\aocr\aocr\aocr05-01-2026\aocr1\aocr\aocr.tests\bin\debug\aocr.tests.dll" id="98af0476-00fc-2b2e-5e94-efb32518d639">
      <Execution id="80f0182e-7b61-4cc4-9087-d332a8a1f9cf" />
      <TestMethod codeBase="C:\AOCR\AOCR\AOCR05-01-2026\AOCR1\AOCR\AOCR.Tests\bin\Debug\AOCR.Tests.dll" adapterTypeName="executor://mstestadapter/v2" className="AOCR.Tests.Unit.EstadoSolicitudTransitionMatrixTests" name="Matriz_TransicionesInvalidas_DebeBloquear" />
    </UnitTest>
    <UnitTest name="NombreArchivo_CaracteresPeligrosos_Removidos" storage="c:\aocr\aocr\aocr05-01-2026\aocr1\aocr\aocr.tests\bin\debug\aocr.tests.dll" id="8621eede-c3e5-5e1d-65c1-f772369c5c9d">
      <Execution id="676d2108-1ff7-4ea5-a22a-43391dfc4702" />
      <TestMethod codeBase="C:\AOCR\AOCR\AOCR05-01-2026\AOCR1\AOCR\AOCR.Tests\bin\Debug\AOCR.Tests.dll" adapterTypeName="executor://mstestadapter/v2" className="AOCR.Tests.Unit.SecurityTests" name="NombreArchivo_CaracteresPeligrosos_Removidos" />
    </UnitTest>
    <UnitTest name="EsTransicionPermitida_EstadosLegacyNormalizados_DebeRetornarTrue (APROBADO_POR_DIRECCION,LEGALIZADO)" storage="c:\aocr\aocr\aocr05-01-2026\aocr1\aocr\aocr.tests\bin\debug\aocr.tests.dll" id="084b2f8b-72e1-b973-5a12-41e9ee505641">
      <Execution id="c1c80b7d-b669-4960-952d-117f50feba89" />
      <TestMethod codeBase="C:\AOCR\AOCR\AOCR05-01-2026\AOCR1\AOCR\AOCR.Tests\bin\Debug\AOCR.Tests.dll" adapterTypeName="executor://mstestadapter/v2" className="AOCR.Tests.Unit.SolicitudEstadoTransitionBLTests" name="EsTransicionPermitida_EstadosLegacyNormalizados_DebeRetornarTrue" />
    </UnitTest>
    <UnitTest name="EsTransicionPermitida_EstadosLegacyNormalizados_DebeRetornarTrue (CERTIFICADO_EMITIDO,AOCR_EMITIDO_RECIBIDO)" storage="c:\aocr\aocr\aocr05-01-2026\aocr1\aocr\aocr.tests\bin\debug\aocr.tests.dll" id="18e234b8-2d7b-b4d0-344c-5811693677a2">
      <Execution id="97bd52c4-0740-40b9-a981-14d0309a87a0" />
      <TestMethod codeBase="C:\AOCR\AOCR\AOCR05-01-2026\AOCR1\AOCR\AOCR.Tests\bin\Debug\AOCR.Tests.dll" adapterTypeName="executor://mstestadapter/v2" className="AOCR.Tests.Unit.SolicitudEstadoTransitionBLTests" name="EsTransicionPermitida_EstadosLegacyNormalizados_DebeRetornarTrue" />
    </UnitTest>
    <UnitTest name="SolicitudEstadoTransition_EstadoFinalIdempotente_DebePermitir" storage="c:\aocr\aocr\aocr05-01-2026\aocr1\aocr\aocr.tests\bin\debug\aocr.tests.dll" id="d82655b2-40df-3a77-4406-62f9c05f4586">
      <Execution id="0fb7b413-62a0-4b2f-a7a5-b0789aaa2578" />
      <TestMethod codeBase="C:\AOCR\AOCR\AOCR05-01-2026\AOCR1\AOCR\AOCR.Tests\bin\Debug\AOCR.Tests.dll" adapterTypeName="executor://mstestadapter/v2" className="AOCR.Tests.Unit.NullSafetyRegressionTests" name="SolicitudEstadoTransition_EstadoFinalIdempotente_DebePermitir" />
    </UnitTest>
    <UnitTest name="EsTransicionPermitida_TransicionesValidas_DebeRetornarTrue (AOCR En Revision,AOCR Validado)" storage="c:\aocr\aocr\aocr05-01-2026\aocr1\aocr\aocr.tests\bin\debug\aocr.tests.dll" id="fd3121a5-0467-9c14-1917-e0e774685500">
      <Execution id="8e45d85c-f33d-4100-8fe8-93575a3bea0b" />
      <TestMethod codeBase="C:\AOCR\AOCR\AOCR05-01-2026\AOCR1\AOCR\AOCR.Tests\bin\Debug\AOCR.Tests.dll" adapterTypeName="executor://mstestadapter/v2" className="AOCR.Tests.Unit.SolicitudEstadoTransitionBLTests" name="EsTransicionPermitida_TransicionesValidas_DebeRetornarTrue" />
    </UnitTest>
    <UnitTest name="EsTransicionPermitida_TransicionesInvalidas_DebeRetornarFalse (AOCR Emitido/Recibido,AOCR En Revision)" storage="c:\aocr\aocr\aocr05-01-2026\aocr1\aocr\aocr.tests\bin\debug\aocr.tests.dll" id="0f8d89cc-3c25-0b90-bf6b-463ae237c8d9">
      <Execution id="cbe0b8dc-4c6e-4169-8401-6d1919e791d0" />
      <TestMethod codeBase="C:\AOCR\AOCR\AOCR05-01-2026\AOCR1\AOCR\AOCR.Tests\bin\Debug\AOCR.Tests.dll" adapterTypeName="executor://mstestadapter/v2" className="AOCR.Tests.Unit.SolicitudEstadoTransitionBLTests" name="EsTransicionPermitida_TransicionesInvalidas_DebeRetornarFalse" />
    </UnitTest>
    <UnitTest name="Matriz_TransicionesInvalidas_DebeBloquear (Documentacion Pendiente,AOCR En Revision)" storage="c:\aocr\aocr\aocr05-01-2026\aocr1\aocr\aocr.tests\bin\debug\aocr.tests.dll" id="d925989e-ccfb-699e-945b-1068d4a9d076">
      <Execution id="0a720680-3c13-499c-8fc5-2e4d49a9da5e" />
      <TestMethod codeBase="C:\AOCR\AOCR\AOCR05-01-2026\AOCR1\AOCR\AOCR.Tests\bin\Debug\AOCR.Tests.dll" adapterTypeName="executor://mstestadapter/v2" className="AOCR.Tests.Unit.EstadoSolicitudTransitionMatrixTests" name="Matriz_TransicionesInvalidas_DebeBloquear" />
    </UnitTest>
    <UnitTest name="Matriz_TransicionesValidas_DebePermitir (AOCR En Elaboracion,AOCR En Revision)" storage="c:\aocr\aocr\aocr05-01-2026\aocr1\aocr\aocr.tests\bin\debug\aocr.tests.dll" id="1c9c850f-e9cc-6746-d57b-f8101af5b0ba">
      <Execution id="0bc8dcdb-a9f6-427d-a0ba-36fa8b4e79f5" />
      <TestMethod codeBase="C:\AOCR\AOCR\AOCR05-01-2026\AOCR1\AOCR\AOCR.Tests\bin\Debug\AOCR.Tests.dll" adapterTypeName="executor://mstestadapter/v2" className="AOCR.Tests.Unit.EstadoSolicitudTransitionMatrixTests" name="Matriz_TransicionesValidas_DebePermitir" />
    </UnitTest>
    <UnitTest name="Matriz_TransicionesValidas_DebePermitir (Documentacion Pendiente,Observada)" storage="c:\aocr\aocr\aocr05-01-2026\aocr1\aocr\aocr.tests\bin\debug\aocr.tests.dll" id="d4753ea5-7a73-da42-2b09-1b2e24fe28d3">
      <Execution id="79d1ca59-7b97-466f-9631-9842bf136148" />
      <TestMethod codeBase="C:\AOCR\AOCR\AOCR05-01-2026\AOCR1\AOCR\AOCR.Tests\bin\Debug\AOCR.Tests.dll" adapterTypeName="executor://mstestadapter/v2" className="AOCR.Tests.Unit.EstadoSolicitudTransitionMatrixTests" name="Matriz_TransicionesValidas_DebePermitir" />
    </UnitTest>
    <UnitTest name="Matriz_TransicionesInvalidas_DebeBloquear (AOCR Validado,En Inspeccion)" storage="c:\aocr\aocr\aocr05-01-2026\aocr1\aocr\aocr.tests\bin\debug\aocr.tests.dll" id="a7db5e90-ba70-eb9f-924f-0c598e8e2950">
      <Execution id="2a6a7e4a-4a7c-461d-984a-ffed8d0fca34" />
      <TestMethod codeBase="C:\AOCR\AOCR\AOCR05-01-2026\AOCR1\AOCR\AOCR.Tests\bin\Debug\AOCR.Tests.dll" adapterTypeName="executor://mstestadapter/v2" className="AOCR.Tests.Unit.EstadoSolicitudTransitionMatrixTests" name="Matriz_TransicionesInvalidas_DebeBloquear" />
    </UnitTest>
    <UnitTest name="Matriz_TransicionesValidas_DebePermitir (En Inspeccion,AOCR En Elaboracion)" storage="c:\aocr\aocr\aocr05-01-2026\aocr1\aocr\aocr.tests\bin\debug\aocr.tests.dll" id="8524fd19-a0a7-cd7c-e3ef-a83e05ec6059">
      <Execution id="53dd50a8-f690-49da-92a2-53cac1671c34" />
      <TestMethod codeBase="C:\AOCR\AOCR\AOCR05-01-2026\AOCR1\AOCR\AOCR.Tests\bin\Debug\AOCR.Tests.dll" adapterTypeName="executor://mstestadapter/v2" className="AOCR.Tests.Unit.EstadoSolicitudTransitionMatrixTests" name="Matriz_TransicionesValidas_DebePermitir" />
    </UnitTest>
    <UnitTest name="Matriz_TransicionesInvalidas_DebeBloquear (En Inspeccion,AOCR Legalizado)" storage="c:\aocr\aocr\aocr05-01-2026\aocr1\aocr\aocr.tests\bin\debug\aocr.tests.dll" id="8bd54b3b-52ea-b441-3df4-26f5f61ddae6">
      <Execution id="7ddd5b72-8eae-43a6-9705-12f0b49a9d55" />
      <TestMethod codeBase="C:\AOCR\AOCR\AOCR05-01-2026\AOCR1\AOCR\AOCR.Tests\bin\Debug\AOCR.Tests.dll" adapterTypeName="executor://mstestadapter/v2" className="AOCR.Tests.Unit.EstadoSolicitudTransitionMatrixTests" name="Matriz_TransicionesInvalidas_DebeBloquear" />
    </UnitTest>
    <UnitTest name="ValidarArchivo_ExtensionExe_Invalido" storage="c:\aocr\aocr\aocr05-01-2026\aocr1\aocr\aocr.tests\bin\debug\aocr.tests.dll" id="a0d8548d-c447-a5f1-8f7f-c0f1cc016639">
      <Execution id="bac4f70b-539f-49f2-98a4-2d82f3fd124e" />
      <TestMethod codeBase="C:\AOCR\AOCR\AOCR05-01-2026\AOCR1\AOCR\AOCR.Tests\bin\Debug\AOCR.Tests.dll" adapterTypeName="executor://mstestadapter/v2" className="AOCR.Tests.Unit.ValidacionesTests" name="ValidarArchivo_ExtensionExe_Invalido" />
    </UnitTest>
    <UnitTest name="ValidarArchivo_PathTraversal_Sanitizado" storage="c:\aocr\aocr\aocr05-01-2026\aocr1\aocr\aocr.tests\bin\debug\aocr.tests.dll" id="7efac4e5-0d4a-c79b-3fe6-9f8215db521e">
      <Execution id="cbb8410a-e9f2-4f4e-82f3-a9eec9208586" />
      <TestMethod codeBase="C:\AOCR\AOCR\AOCR05-01-2026\AOCR1\AOCR\AOCR.Tests\bin\Debug\AOCR.Tests.dll" adapterTypeName="executor://mstestadapter/v2" className="AOCR.Tests.Unit.SecurityTests" name="ValidarArchivo_PathTraversal_Sanitizado" />
    </UnitTest>
    <UnitTest name="Matriz_TransicionesValidas_DebePermitir (AOCR Validado,AOCR Legalizado)" storage="c:\aocr\aocr\aocr05-01-2026\aocr1\aocr\aocr.tests\bin\debug\aocr.tests.dll" id="e0199b15-fa31-f0be-64b9-0a763b398054">
      <Execution id="8e3fcd10-6bb2-4e94-a360-419df6d9c49b" />
      <TestMethod codeBase="C:\AOCR\AOCR\AOCR05-01-2026\AOCR1\AOCR\AOCR.Tests\bin\Debug\AOCR.Tests.dll" adapterTypeName="executor://mstestadapter/v2" className="AOCR.Tests.Unit.EstadoSolicitudTransitionMatrixTests" name="Matriz_TransicionesValidas_DebePermitir" />
    </UnitTest>
    <UnitTest name="EsTransicionPermitida_TransicionesInvalidas_DebeRetornarFalse (Pendiente Asignacion RT,AOCR Legalizado)" storage="c:\aocr\aocr\aocr05-01-2026\aocr1\aocr\aocr.tests\bin\debug\aocr.tests.dll" id="6610b768-d115-7a2d-859e-2a476dac1781">
      <Execution id="f1f978b7-4dcf-4537-a9c5-7b8a3c9edba4" />
      <TestMethod codeBase="C:\AOCR\AOCR\AOCR05-01-2026\AOCR1\AOCR\AOCR.Tests\bin\Debug\AOCR.Tests.dll" adapterTypeName="executor://mstestadapter/v2" className="AOCR.Tests.Unit.SolicitudEstadoTransitionBLTests" name="EsTransicionPermitida_TransicionesInvalidas_DebeRetornarFalse" />
    </UnitTest>
    <UnitTest name="EsTransicionPermitida_TransicionesInvalidas_DebeRetornarFalse (Pendiente,AOCR Legalizado)" storage="c:\aocr\aocr\aocr05-01-2026\aocr1\aocr\aocr.tests\bin\debug\aocr.tests.dll" id="8b8f40c0-0f9f-4a7f-709b-5f419eda5cf3">
      <Execution id="44678e7a-8746-472b-8776-68348e7145f3" />
      <TestMethod codeBase="C:\AOCR\AOCR\AOCR05-01-2026\AOCR1\AOCR\AOCR.Tests\bin\Debug\AOCR.Tests.dll" adapterTypeName="executor://mstestadapter/v2" className="AOCR.Tests.Unit.SolicitudEstadoTransitionBLTests" name="EsTransicionPermitida_TransicionesInvalidas_DebeRetornarFalse" />
    </UnitTest>
    <UnitTest name="EsTransicionPermitida_TransicionesValidas_DebeRetornarTrue (Documentacion Completa,En Inspeccion)" storage="c:\aocr\aocr\aocr05-01-2026\aocr1\aocr\aocr.tests\bin\debug\aocr.tests.dll" id="e05d4a0d-05df-4d45-46db-c44a4bab4935">
      <Execution id="23be457e-4b84-413e-92e2-e06a94046c8a" />
      <TestMethod codeBase="C:\AOCR\AOCR\AOCR05-01-2026\AOCR1\AOCR\AOCR.Tests\bin\Debug\AOCR.Tests.dll" adapterTypeName="executor://mstestadapter/v2" className="AOCR.Tests.Unit.SolicitudEstadoTransitionBLTests" name="EsTransicionPermitida_TransicionesValidas_DebeRetornarTrue" />
    </UnitTest>
    <UnitTest name="Matriz_TransicionesInvalidas_DebeBloquear (Solicitud Creada,AOCR Legalizado)" storage="c:\aocr\aocr\aocr05-01-2026\aocr1\aocr\aocr.tests\bin\debug\aocr.tests.dll" id="635f5c69-2052-56ac-66a5-5151569efbb8">
      <Execution id="34195068-8df3-4ae0-b577-305a03f37932" />
      <TestMethod codeBase="C:\AOCR\AOCR\AOCR05-01-2026\AOCR1\AOCR\AOCR.Tests\bin\Debug\AOCR.Tests.dll" adapterTypeName="executor://mstestadapter/v2" className="AOCR.Tests.Unit.EstadoSolicitudTransitionMatrixTests" name="Matriz_TransicionesInvalidas_DebeBloquear" />
    </UnitTest>
    <UnitTest name="EsTransicionPermitida_TransicionesValidas_DebeRetornarTrue (AOCR Legalizado,AOCR Emitido/Recibido)" storage="c:\aocr\aocr\aocr05-01-2026\aocr1\aocr\aocr.tests\bin\debug\aocr.tests.dll" id="3571b916-2103-d541-e0fd-a0f64ee224a6">
      <Execution id="85c50435-f994-46aa-b7cb-032830bb2e90" />
      <TestMethod codeBase="C:\AOCR\AOCR\AOCR05-01-2026\AOCR1\AOCR\AOCR.Tests\bin\Debug\AOCR.Tests.dll" adapterTypeName="executor://mstestadapter/v2" className="AOCR.Tests.Unit.SolicitudEstadoTransitionBLTests" name="EsTransicionPermitida_TransicionesValidas_DebeRetornarTrue" />
    </UnitTest>
    <UnitTest name="EsTransicionPermitida_TransicionesInvalidas_DebeRetornarFalse (Rechazada,AOCR Emitido/Recibido)" storage="c:\aocr\aocr\aocr05-01-2026\aocr1\aocr\aocr.tests\bin\debug\aocr.tests.dll" id="e7c2c311-456b-9100-d2b8-2c29a30333e5">
      <Execution id="900a8ebe-da17-4fb2-b63b-83321f3acea2" />
      <TestMethod codeBase="C:\AOCR\AOCR\AOCR05-01-2026\AOCR1\AOCR\AOCR.Tests\bin\Debug\AOCR.Tests.dll" adapterTypeName="executor://mstestadapter/v2" className="AOCR.Tests.Unit.SolicitudEstadoTransitionBLTests" name="EsTransicionPermitida_TransicionesInvalidas_DebeRetornarFalse" />
    </UnitTest>
    <UnitTest name="OrdenRecaudacion_DefaultContribuyenteId_NoDebeSerNull" storage="c:\aocr\aocr\aocr05-01-2026\aocr1\aocr\aocr.tests\bin\debug\aocr.tests.dll" id="4239db07-f4af-9762-5d58-0070fb510b67">
      <Execution id="27eeb5fc-8bcb-4bcc-95ef-813b0e188f2f" />
      <TestMethod codeBase="C:\AOCR\AOCR\AOCR05-01-2026\AOCR1\AOCR\AOCR.Tests\bin\Debug\AOCR.Tests.dll" adapterTypeName="executor://mstestadapter/v2" className="AOCR.Tests.Unit.NullSafetyRegressionTests" name="OrdenRecaudacion_DefaultContribuyenteId_NoDebeSerNull" />
    </UnitTest>
    <UnitTest name="EsTransicionPermitida_TransicionesValidas_DebeRetornarTrue (En Revision,Aceptacion Documental)" storage="c:\aocr\aocr\aocr05-01-2026\aocr1\aocr\aocr.tests\bin\debug\aocr.tests.dll" id="f4db67e1-4556-8e73-1ed7-178372bc52c5">
      <Execution id="342e28a1-a0fd-4604-9253-bb63cb43565a" />
      <TestMethod codeBase="C:\AOCR\AOCR\AOCR05-01-2026\AOCR1\AOCR\AOCR.Tests\bin\Debug\AOCR.Tests.dll" adapterTypeName="executor://mstestadapter/v2" className="AOCR.Tests.Unit.SolicitudEstadoTransitionBLTests" name="EsTransicionPermitida_TransicionesValidas_DebeRetornarTrue" />
    </UnitTest>
    <UnitTest name="EsTransicionPermitida_TransicionesValidas_DebeRetornarTrue (Pendiente Asignacion RT,En Inspeccion)" storage="c:\aocr\aocr\aocr05-01-2026\aocr1\aocr\aocr.tests\bin\debug\aocr.tests.dll" id="9a257d47-c25c-4046-6ece-592514569a27">
      <Execution id="5ae844a6-2dc6-4d8d-a148-67b662e4bb14" />
      <TestMethod codeBase="C:\AOCR\AOCR\AOCR05-01-2026\AOCR1\AOCR\AOCR.Tests\bin\Debug\AOCR.Tests.dll" adapterTypeName="executor://mstestadapter/v2" className="AOCR.Tests.Unit.SolicitudEstadoTransitionBLTests" name="EsTransicionPermitida_TransicionesValidas_DebeRetornarTrue" />
    </UnitTest>
    <UnitTest name="GenerarPdf_SinNumeroOrden_Falla" storage="c:\aocr\aocr\aocr05-01-2026\aocr1\aocr\aocr.tests\bin\debug\aocr.tests.dll" id="6162ed3c-60f9-ca87-f0b1-14954518e2b2">
      <Execution id="bce5ad25-75e9-4a20-be17-d20419dcd361" />
      <TestMethod codeBase="C:\AOCR\AOCR\AOCR05-01-2026\AOCR1\AOCR\AOCR.Tests\bin\Debug\AOCR.Tests.dll" adapterTypeName="executor://mstestadapter/v2" className="AOCR.Tests.Unit.PdfGeneratorTests" name="GenerarPdf_SinNumeroOrden_Falla" />
    </UnitTest>
    <UnitTest name="EsTransicionPermitida_TransicionesValidas_DebeRetornarTrue (Pendiente,Observada)" storage="c:\aocr\aocr\aocr05-01-2026\aocr1\aocr\aocr.tests\bin\debug\aocr.tests.dll" id="11d557d1-7edc-cfe1-4cae-1b1e55518806">
      <Execution id="4c56a89e-de1f-4307-bfce-1a0e1644dbb0" />
      <TestMethod codeBase="C:\AOCR\AOCR\AOCR05-01-2026\AOCR1\AOCR\AOCR.Tests\bin\Debug\AOCR.Tests.dll" adapterTypeName="executor://mstestadapter/v2" className="AOCR.Tests.Unit.SolicitudEstadoTransitionBLTests" name="EsTransicionPermitida_TransicionesValidas_DebeRetornarTrue" />
    </UnitTest>
    <UnitTest name="EsTransicionPermitida_TransicionesInvalidas_DebeRetornarFalse (Observada,AOCR Validado)" storage="c:\aocr\aocr\aocr05-01-2026\aocr1\aocr\aocr.tests\bin\debug\aocr.tests.dll" id="030b14fb-3b14-4960-f94b-83394855ae9d">
      <Execution id="06e26988-d021-439a-a3de-8a586ea906b3" />
      <TestMethod codeBase="C:\AOCR\AOCR\AOCR05-01-2026\AOCR1\AOCR\AOCR.Tests\bin\Debug\AOCR.Tests.dll" adapterTypeName="executor://mstestadapter/v2" className="AOCR.Tests.Unit.SolicitudEstadoTransitionBLTests" name="EsTransicionPermitida_TransicionesInvalidas_DebeRetornarFalse" />
    </UnitTest>
    <UnitTest name="Matriz_TransicionesValidas_DebePermitir (Observada,Subsanada)" storage="c:\aocr\aocr\aocr05-01-2026\aocr1\aocr\aocr.tests\bin\debug\aocr.tests.dll" id="7a15ec3f-551f-205c-000c-e0c3860d58fa">
      <Execution id="055f5fd5-08c1-494c-938c-308cb6b84a0e" />
      <TestMethod codeBase="C:\AOCR\AOCR\AOCR05-01-2026\AOCR1\AOCR\AOCR.Tests\bin\Debug\AOCR.Tests.dll" adapterTypeName="executor://mstestadapter/v2" className="AOCR.Tests.Unit.EstadoSolicitudTransitionMatrixTests" name="Matriz_TransicionesValidas_DebePermitir" />
    </UnitTest>
    <UnitTest name="Matriz_TransicionesInvalidas_DebeBloquear (AOCR En Elaboracion,AOCR Emitido/Recibido)" storage="c:\aocr\aocr\aocr05-01-2026\aocr1\aocr\aocr.tests\bin\debug\aocr.tests.dll" id="e5a43bfc-f34b-653c-c011-ccdffb4b60be">
      <Execution id="23e93f5a-6783-4cb7-90c4-69f001a8ce7c" />
      <TestMethod codeBase="C:\AOCR\AOCR\AOCR05-01-2026\AOCR1\AOCR\AOCR.Tests\bin\Debug\AOCR.Tests.dll" adapterTypeName="executor://mstestadapter/v2" className="AOCR.Tests.Unit.EstadoSolicitudTransitionMatrixTests" name="Matriz_TransicionesInvalidas_DebeBloquear" />
    </UnitTest>
    <UnitTest name="Matriz_TransicionesValidas_DebePermitir (AOCR Legalizado,AOCR Emitido/Recibido)" storage="c:\aocr\aocr\aocr05-01-2026\aocr1\aocr\aocr.tests\bin\debug\aocr.tests.dll" id="ac3f7675-4029-0865-00a0-3f2e8bcbbf75">
      <Execution id="50595b87-9fc7-441a-95b3-916e8de20ac8" />
      <TestMethod codeBase="C:\AOCR\AOCR\AOCR05-01-2026\AOCR1\AOCR\AOCR.Tests\bin\Debug\AOCR.Tests.dll" adapterTypeName="executor://mstestadapter/v2" className="AOCR.Tests.Unit.EstadoSolicitudTransitionMatrixTests" name="Matriz_TransicionesValidas_DebePermitir" />
    </UnitTest>
    <UnitTest name="Matriz_TransicionesValidas_DebePermitir (AOCR En Revision,AOCR Validado)" storage="c:\aocr\aocr\aocr05-01-2026\aocr1\aocr\aocr.tests\bin\debug\aocr.tests.dll" id="65669073-f6cb-b796-f369-61f20dec513b">
      <Execution id="166ee4d4-1ec5-45a2-acf5-03e1760afc88" />
      <TestMethod codeBase="C:\AOCR\AOCR\AOCR05-01-2026\AOCR1\AOCR\AOCR.Tests\bin\Debug\AOCR.Tests.dll" adapterTypeName="executor://mstestadapter/v2" className="AOCR.Tests.Unit.EstadoSolicitudTransitionMatrixTests" name="Matriz_TransicionesValidas_DebePermitir" />
    </UnitTest>
    <UnitTest name="CrearOrden_SinContribuyente_EsCero" storage="c:\aocr\aocr\aocr05-01-2026\aocr1\aocr\aocr.tests\bin\debug\aocr.tests.dll" id="061be749-4608-9c9e-beec-eb09973ea57b">
      <Execution id="2f695945-ad90-4c2b-a59d-0ef71f481059" />
      <TestMethod codeBase="C:\AOCR\AOCR\AOCR05-01-2026\AOCR1\AOCR\AOCR.Tests\bin\Debug\AOCR.Tests.dll" adapterTypeName="executor://mstestadapter/v2" className="AOCR.Tests.Unit.OrdenRecaudacionOrchestratorTests" name="CrearOrden_SinContribuyente_EsCero" />
    </UnitTest>
    <UnitTest name="Matriz_TransicionesInvalidas_DebeBloquear (Observada,AOCR En Elaboracion)" storage="c:\aocr\aocr\aocr05-01-2026\aocr1\aocr\aocr.tests\bin\debug\aocr.tests.dll" id="011f4e7d-42a6-7237-eb5c-a4f4604928ef">
      <Execution id="1cbebcfb-cf82-4b70-bbaf-70a9d7a37fdc" />
      <TestMethod codeBase="C:\AOCR\AOCR\AOCR05-01-2026\AOCR1\AOCR\AOCR.Tests\bin\Debug\AOCR.Tests.dll" adapterTypeName="executor://mstestadapter/v2" className="AOCR.Tests.Unit.EstadoSolicitudTransitionMatrixTests" name="Matriz_TransicionesInvalidas_DebeBloquear" />
    </UnitTest>
    <UnitTest name="ObtenerOrden_IdInexistente_RetornaNull" storage="c:\aocr\aocr\aocr05-01-2026\aocr1\aocr\aocr.tests\bin\debug\aocr.tests.dll" id="85ab1dac-d7cf-9cf5-c392-49272ac40b1a">
      <Execution id="59ddfd11-053e-4b90-b505-7fae272fafdd" />
      <TestMethod codeBase="C:\AOCR\AOCR\AOCR05-01-2026\AOCR1\AOCR\AOCR.Tests\bin\Debug\AOCR.Tests.dll" adapterTypeName="executor://mstestadapter/v2" className="AOCR.Tests.Unit.OrdenRecaudacionOrchestratorTests" name="ObtenerOrden_IdInexistente_RetornaNull" />
    </UnitTest>
    <UnitTest name="Matriz_TransicionesValidas_DebePermitir (Subsanada,Documentacion Pendiente)" storage="c:\aocr\aocr\aocr05-01-2026\aocr1\aocr\aocr.tests\bin\debug\aocr.tests.dll" id="55f3a4f2-6020-440a-ef9f-f35d7b91779a">
      <Execution id="24ec6311-e4dc-437d-8676-6ad42a2b3b68" />
      <TestMethod codeBase="C:\AOCR\AOCR\AOCR05-01-2026\AOCR1\AOCR\AOCR.Tests\bin\Debug\AOCR.Tests.dll" adapterTypeName="executor://mstestadapter/v2" className="AOCR.Tests.Unit.EstadoSolicitudTransitionMatrixTests" name="Matriz_TransicionesValidas_DebePermitir" />
    </UnitTest>
  </TestDefinitions>
  <TestEntries>
    <TestEntry testId="d4753ea5-7a73-da42-2b09-1b2e24fe28d3" executionId="79d1ca59-7b97-466f-9631-9842bf136148" testListId="8c84fa94-04c1-424b-9868-57a2d4851a1d" />
    <TestEntry testId="e0199b15-fa31-f0be-64b9-0a763b398054" executionId="8e3fcd10-6bb2-4e94-a360-419df6d9c49b" testListId="8c84fa94-04c1-424b-9868-57a2d4851a1d" />
    <TestEntry testId="e5a43bfc-f34b-653c-c011-ccdffb4b60be" executionId="23e93f5a-6783-4cb7-90c4-69f001a8ce7c" testListId="8c84fa94-04c1-424b-9868-57a2d4851a1d" />
    <TestEntry testId="bddd4904-c6a0-388b-5775-56ee2a0af1ec" executionId="cc09d7a6-afa6-4b6a-932e-29fee8f7dfaf" testListId="8c84fa94-04c1-424b-9868-57a2d4851a1d" />
    <TestEntry testId="11d557d1-7edc-cfe1-4cae-1b1e55518806" executionId="4c56a89e-de1f-4307-bfce-1a0e1644dbb0" testListId="8c84fa94-04c1-424b-9868-57a2d4851a1d" />
    <TestEntry testId="fd3121a5-0467-9c14-1917-e0e774685500" executionId="8e45d85c-f33d-4100-8fe8-93575a3bea0b" testListId="8c84fa94-04c1-424b-9868-57a2d4851a1d" />
    <TestEntry testId="f4db67e1-4556-8e73-1ed7-178372bc52c5" executionId="342e28a1-a0fd-4604-9253-bb63cb43565a" testListId="8c84fa94-04c1-424b-9868-57a2d4851a1d" />
    <TestEntry testId="87153650-0b4b-e7dd-edb3-d7d29f8f1e7e" executionId="9934168e-c6ae-4d57-bf37-be2d1562212e" testListId="8c84fa94-04c1-424b-9868-57a2d4851a1d" />
    <TestEntry testId="65669073-f6cb-b796-f369-61f20dec513b" executionId="166ee4d4-1ec5-45a2-acf5-03e1760afc88" testListId="8c84fa94-04c1-424b-9868-57a2d4851a1d" />
    <TestEntry testId="b2764189-3653-005f-53bb-8993f83d050d" executionId="71af1cdd-d7a9-46a5-896f-b6dd2b9a100a" testListId="8c84fa94-04c1-424b-9868-57a2d4851a1d" />
    <TestEntry testId="d82655b2-40df-3a77-4406-62f9c05f4586" executionId="0fb7b413-62a0-4b2f-a7a5-b0789aaa2578" testListId="8c84fa94-04c1-424b-9868-57a2d4851a1d" />
    <TestEntry testId="6162ed3c-60f9-ca87-f0b1-14954518e2b2" executionId="bce5ad25-75e9-4a20-be17-d20419dcd361" testListId="8c84fa94-04c1-424b-9868-57a2d4851a1d" />
    <TestEntry testId="8b8f40c0-0f9f-4a7f-709b-5f419eda5cf3" executionId="44678e7a-8746-472b-8776-68348e7145f3" testListId="8c84fa94-04c1-424b-9868-57a2d4851a1d" />
    <TestEntry testId="4239db07-f4af-9762-5d58-0070fb510b67" executionId="27eeb5fc-8bcb-4bcc-95ef-813b0e188f2f" testListId="8c84fa94-04c1-424b-9868-57a2d4851a1d" />
    <TestEntry testId="e4cb36bd-f93d-c4a9-fda2-5aeada9eecd9" executionId="b46d6081-74b5-4d2e-89d8-6090de539818" testListId="8c84fa94-04c1-424b-9868-57a2d4851a1d" />
    <TestEntry testId="d925989e-ccfb-699e-945b-1068d4a9d076" executionId="0a720680-3c13-499c-8fc5-2e4d49a9da5e" testListId="8c84fa94-04c1-424b-9868-57a2d4851a1d" />
    <TestEntry testId="98af0476-00fc-2b2e-5e94-efb32518d639" executionId="80f0182e-7b61-4cc4-9087-d332a8a1f9cf" testListId="8c84fa94-04c1-424b-9868-57a2d4851a1d" />
    <TestEntry testId="e05d4a0d-05df-4d45-46db-c44a4bab4935" executionId="23be457e-4b84-413e-92e2-e06a94046c8a" testListId="8c84fa94-04c1-424b-9868-57a2d4851a1d" />
    <TestEntry testId="4d2a2ae8-d53e-60ea-b008-7f0dcdef2e7e" executionId="31960333-4d22-4078-a1f4-feda53b449f4" testListId="8c84fa94-04c1-424b-9868-57a2d4851a1d" />
    <TestEntry testId="635f5c69-2052-56ac-66a5-5151569efbb8" executionId="34195068-8df3-4ae0-b577-305a03f37932" testListId="8c84fa94-04c1-424b-9868-57a2d4851a1d" />
    <TestEntry testId="1c9c850f-e9cc-6746-d57b-f8101af5b0ba" executionId="0bc8dcdb-a9f6-427d-a0ba-36fa8b4e79f5" testListId="8c84fa94-04c1-424b-9868-57a2d4851a1d" />
    <TestEntry testId="84f0f9fc-fd71-c2d4-a3c2-44dce01adef7" executionId="3f60e862-d73e-48de-8011-81abf67d7cc9" testListId="8c84fa94-04c1-424b-9868-57a2d4851a1d" />
    <TestEntry testId="18e234b8-2d7b-b4d0-344c-5811693677a2" executionId="97bd52c4-0740-40b9-a981-14d0309a87a0" testListId="8c84fa94-04c1-424b-9868-57a2d4851a1d" />
    <TestEntry testId="7ba9af93-e836-cee5-2d32-1f38b166c3bf" executionId="61258a11-eead-4611-bfa8-5f7f4d5c621b" testListId="8c84fa94-04c1-424b-9868-57a2d4851a1d" />
    <TestEntry testId="bec301a9-3f89-743f-3e03-3a3c24a4683a" executionId="f97e7439-deaa-43ec-be18-7d693aca56fd" testListId="8c84fa94-04c1-424b-9868-57a2d4851a1d" />
    <TestEntry testId="670bb6d9-a4f1-135c-c7dd-f0ccc69b993e" executionId="cefd8bc7-bfb7-4c16-a2b9-2591bd72ade5" testListId="8c84fa94-04c1-424b-9868-57a2d4851a1d" />
    <TestEntry testId="e7c2c311-456b-9100-d2b8-2c29a30333e5" executionId="900a8ebe-da17-4fb2-b63b-83321f3acea2" testListId="8c84fa94-04c1-424b-9868-57a2d4851a1d" />
    <TestEntry testId="6f81574e-136a-66d4-6a01-38ca2c6dd3bc" executionId="9f1965a8-a165-4df1-87c6-0dff94a23b14" testListId="8c84fa94-04c1-424b-9868-57a2d4851a1d" />
    <TestEntry testId="e47674b4-3125-881c-8b67-bcc4e26d823f" executionId="68889b32-6213-48e5-952a-a8b6bef5414d" testListId="8c84fa94-04c1-424b-9868-57a2d4851a1d" />
    <TestEntry testId="0f8d89cc-3c25-0b90-bf6b-463ae237c8d9" executionId="cbe0b8dc-4c6e-4169-8401-6d1919e791d0" testListId="8c84fa94-04c1-424b-9868-57a2d4851a1d" />
    <TestEntry testId="931616ce-b494-8596-41ef-25a325d1a42a" executionId="5e69e31d-4ce4-45d8-957c-d1b0cb35e519" testListId="8c84fa94-04c1-424b-9868-57a2d4851a1d" />
    <TestEntry testId="084b2f8b-72e1-b973-5a12-41e9ee505641" executionId="c1c80b7d-b669-4960-952d-117f50feba89" testListId="8c84fa94-04c1-424b-9868-57a2d4851a1d" />
    <TestEntry testId="a0d8548d-c447-a5f1-8f7f-c0f1cc016639" executionId="bac4f70b-539f-49f2-98a4-2d82f3fd124e" testListId="8c84fa94-04c1-424b-9868-57a2d4851a1d" />
    <TestEntry testId="7efac4e5-0d4a-c79b-3fe6-9f8215db521e" executionId="cbb8410a-e9f2-4f4e-82f3-a9eec9208586" testListId="8c84fa94-04c1-424b-9868-57a2d4851a1d" />
    <TestEntry testId="a7db5e90-ba70-eb9f-924f-0c598e8e2950" executionId="2a6a7e4a-4a7c-461d-984a-ffed8d0fca34" testListId="8c84fa94-04c1-424b-9868-57a2d4851a1d" />
    <TestEntry testId="5d4bfedd-0225-eef3-2127-50d8f8dff382" executionId="d9889146-8076-46f0-a2a8-b8bad4cbbc05" testListId="8c84fa94-04c1-424b-9868-57a2d4851a1d" />
    <TestEntry testId="8bd54b3b-52ea-b441-3df4-26f5f61ddae6" executionId="7ddd5b72-8eae-43a6-9705-12f0b49a9d55" testListId="8c84fa94-04c1-424b-9868-57a2d4851a1d" />
    <TestEntry testId="6610b768-d115-7a2d-859e-2a476dac1781" executionId="f1f978b7-4dcf-4537-a9c5-7b8a3c9edba4" testListId="8c84fa94-04c1-424b-9868-57a2d4851a1d" />
    <TestEntry testId="5bb6a88d-92cf-ad24-4246-eb79316e0c63" executionId="525ff863-602c-47a0-b24f-33b7574a6058" testListId="8c84fa94-04c1-424b-9868-57a2d4851a1d" />
    <TestEntry testId="85ab1dac-d7cf-9cf5-c392-49272ac40b1a" executionId="59ddfd11-053e-4b90-b505-7fae272fafdd" testListId="8c84fa94-04c1-424b-9868-57a2d4851a1d" />
    <TestEntry testId="9e6da589-d1d4-2673-576f-395e7a104363" executionId="d021ffcb-0c37-40c6-96a3-68736a4f78dc" testListId="8c84fa94-04c1-424b-9868-57a2d4851a1d" />
    <TestEntry testId="ac3f7675-4029-0865-00a0-3f2e8bcbbf75" executionId="50595b87-9fc7-441a-95b3-916e8de20ac8" testListId="8c84fa94-04c1-424b-9868-57a2d4851a1d" />
    <TestEntry testId="fb712e4c-a09a-a4b4-e631-d7f7301c144b" executionId="29e2ed62-050b-4e77-83a6-6fc9289a2428" testListId="8c84fa94-04c1-424b-9868-57a2d4851a1d" />
    <TestEntry testId="6d0b85d9-49c7-d679-5b96-d17a0df938d1" executionId="2d5c028d-3835-48ad-89f5-276555e1f1db" testListId="8c84fa94-04c1-424b-9868-57a2d4851a1d" />
    <TestEntry testId="3cd830cc-999b-0acb-ff86-a1918f340789" executionId="0549dfdd-59a2-43fd-a417-192cdc346b4d" testListId="8c84fa94-04c1-424b-9868-57a2d4851a1d" />
    <TestEntry testId="55f3a4f2-6020-440a-ef9f-f35d7b91779a" executionId="24ec6311-e4dc-437d-8676-6ad42a2b3b68" testListId="8c84fa94-04c1-424b-9868-57a2d4851a1d" />
    <TestEntry testId="8524fd19-a0a7-cd7c-e3ef-a83e05ec6059" executionId="53dd50a8-f690-49da-92a2-53cac1671c34" testListId="8c84fa94-04c1-424b-9868-57a2d4851a1d" />
    <TestEntry testId="8b2f8c39-66aa-9a67-5b44-b3416762c893" executionId="2dc2e159-8aa0-41fd-98e6-d31c76ca6f90" testListId="8c84fa94-04c1-424b-9868-57a2d4851a1d" />
    <TestEntry testId="061be749-4608-9c9e-beec-eb09973ea57b" executionId="2f695945-ad90-4c2b-a59d-0ef71f481059" testListId="8c84fa94-04c1-424b-9868-57a2d4851a1d" />
    <TestEntry testId="8621eede-c3e5-5e1d-65c1-f772369c5c9d" executionId="676d2108-1ff7-4ea5-a22a-43391dfc4702" testListId="8c84fa94-04c1-424b-9868-57a2d4851a1d" />
    <TestEntry testId="9a257d47-c25c-4046-6ece-592514569a27" executionId="5ae844a6-2dc6-4d8d-a148-67b662e4bb14" testListId="8c84fa94-04c1-424b-9868-57a2d4851a1d" />
    <TestEntry testId="3d058df1-d70c-be0b-f690-2dc4115ce34f" executionId="52825c63-21da-4d63-a05e-7390f758e513" testListId="8c84fa94-04c1-424b-9868-57a2d4851a1d" />
    <TestEntry testId="011f4e7d-42a6-7237-eb5c-a4f4604928ef" executionId="1cbebcfb-cf82-4b70-bbaf-70a9d7a37fdc" testListId="8c84fa94-04c1-424b-9868-57a2d4851a1d" />
    <TestEntry testId="3571b916-2103-d541-e0fd-a0f64ee224a6" executionId="85c50435-f994-46aa-b7cb-032830bb2e90" testListId="8c84fa94-04c1-424b-9868-57a2d4851a1d" />
    <TestEntry testId="030b14fb-3b14-4960-f94b-83394855ae9d" executionId="06e26988-d021-439a-a3de-8a586ea906b3" testListId="8c84fa94-04c1-424b-9868-57a2d4851a1d" />
    <TestEntry testId="7a15ec3f-551f-205c-000c-e0c3860d58fa" executionId="055f5fd5-08c1-494c-938c-308cb6b84a0e" testListId="8c84fa94-04c1-424b-9868-57a2d4851a1d" />
  </TestEntries>
  <TestLists>
    <TestList name="Resultados sin formato de lista" id="8c84fa94-04c1-424b-9868-57a2d4851a1d" />
    <TestList name="Todos los resultados cargados" id="19431567-8539-422a-85d7-44ee4e166bda" />
  </TestLists>
  <ResultSummary outcome="Completed">
    <Counters total="56" executed="55" passed="55" failed="0" error="0" timeout="0" aborted="0" inconclusive="0" passedButRunAborted="0" notRunnable="0" notExecuted="0" disconnected="0" warning="0" completed="0" inProgress="0" pending="0" />
    <Output>
      <StdOut>Se ha omitido la prueba 'FlujoCompleto_CrearOrdenHastaPago_Exitoso' en la serie de pruebas.&#xD;
</StdOut>
    </Output>
  </ResultSummary>
</TestRun>